2025-02-13 18:36:46,625 - INFO - 训练开始
2025-02-13 18:36:46,625 - INFO - 训练参数: {'onss': True, 'Grad_CAM_pp': False, 'batch_size': 64, 'num_workers': 10, 'learning_rate': 0.01, 'num_epochs': 150, 'num_classes': 4, 'weight_decay': 0.0001, 'momentum': 0.9, 'log_dir': './runs', 'checkpoint': 'checkpoints/stage2', 'save_best_model': False, 'save_latest_model': False}
2025-02-13 18:37:25,175 - INFO - Epoch 1: Train Loss = 0.0998, Val Loss = 0.0457, 
MIoU = 0.5338, FWIoU = 0.5885, Acc = 0.7423, 
TE IoU = 0.6346, NEC IoU = 0.2942, LYM IoU = 0.6598, TAS IoU = 0.5466
2025-02-13 18:37:25,442 - INFO - Epoch 1: 最优模型已保存
2025-02-13 18:37:25,698 - INFO - 最新模型已保存
2025-02-13 18:38:04,720 - INFO - Epoch 2: Train Loss = 0.0478, Val Loss = 0.0302, 
MIoU = 0.5394, FWIoU = 0.6092, Acc = 0.7593, 
TE IoU = 0.6397, NEC IoU = 0.2824, LYM IoU = 0.6480, TAS IoU = 0.5876
2025-02-13 18:38:05,060 - INFO - Epoch 2: 最优模型已保存
2025-02-13 18:38:05,441 - INFO - 最新模型已保存
2025-02-13 18:38:45,215 - INFO - Epoch 3: Train Loss = 0.0384, Val Loss = 0.0276, 
MIoU = 0.5095, FWIoU = 0.6156, Acc = 0.7631, 
TE IoU = 0.6247, NEC IoU = 0.1531, LYM IoU = 0.6384, TAS IoU = 0.6220
2025-02-13 18:38:45,575 - INFO - 最新模型已保存
2025-02-13 18:39:25,083 - INFO - Epoch 4: Train Loss = 0.0347, Val Loss = 0.0277, 
MIoU = 0.5740, FWIoU = 0.6210, Acc = 0.7664, 
TE IoU = 0.6218, NEC IoU = 0.3853, LYM IoU = 0.6644, TAS IoU = 0.6245
2025-02-13 18:39:25,382 - INFO - Epoch 4: 最优模型已保存
2025-02-13 18:39:25,665 - INFO - 最新模型已保存
2025-02-13 18:40:04,338 - INFO - Epoch 5: Train Loss = 0.0332, Val Loss = 0.0260, 
MIoU = 0.5754, FWIoU = 0.6198, Acc = 0.7655, 
TE IoU = 0.6331, NEC IoU = 0.3718, LYM IoU = 0.6877, TAS IoU = 0.6088
2025-02-13 18:40:04,642 - INFO - Epoch 5: 最优模型已保存
2025-02-13 18:40:04,934 - INFO - 最新模型已保存
2025-02-13 18:40:43,207 - INFO - Epoch 6: Train Loss = 0.0316, Val Loss = 0.0265, 
MIoU = 0.5460, FWIoU = 0.6122, Acc = 0.7596, 
TE IoU = 0.6109, NEC IoU = 0.3679, LYM IoU = 0.5786, TAS IoU = 0.6266
2025-02-13 18:40:43,508 - INFO - 最新模型已保存
2025-02-13 18:41:20,737 - INFO - Epoch 7: Train Loss = 0.0297, Val Loss = 0.0250, 
MIoU = 0.5857, FWIoU = 0.6189, Acc = 0.7648, 
TE IoU = 0.6113, NEC IoU = 0.4653, LYM IoU = 0.6356, TAS IoU = 0.6304
2025-02-13 18:41:21,033 - INFO - Epoch 7: 最优模型已保存
2025-02-13 18:41:21,322 - INFO - 最新模型已保存
2025-02-13 18:41:59,644 - INFO - Epoch 8: Train Loss = 0.0304, Val Loss = 0.0250, 
MIoU = 0.5862, FWIoU = 0.6182, Acc = 0.7655, 
TE IoU = 0.6455, NEC IoU = 0.4321, LYM IoU = 0.6749, TAS IoU = 0.5922
2025-02-13 18:41:59,939 - INFO - Epoch 8: 最优模型已保存
2025-02-13 18:42:00,227 - INFO - 最新模型已保存
2025-02-13 18:42:39,070 - INFO - Epoch 9: Train Loss = 0.0297, Val Loss = 0.0247, 
MIoU = 0.5767, FWIoU = 0.6211, Acc = 0.7665, 
TE IoU = 0.6167, NEC IoU = 0.3848, LYM IoU = 0.6770, TAS IoU = 0.6284
2025-02-13 18:42:39,370 - INFO - 最新模型已保存
2025-02-13 18:43:18,766 - INFO - Epoch 10: Train Loss = 0.0292, Val Loss = 0.0272, 
MIoU = 0.5730, FWIoU = 0.6117, Acc = 0.7585, 
TE IoU = 0.6014, NEC IoU = 0.3887, LYM IoU = 0.6790, TAS IoU = 0.6229
2025-02-13 18:43:19,095 - INFO - 最新模型已保存
2025-02-13 18:43:57,356 - INFO - Epoch 11: Train Loss = 0.0289, Val Loss = 0.0257, 
MIoU = 0.5932, FWIoU = 0.6320, Acc = 0.7743, 
TE IoU = 0.6239, NEC IoU = 0.4170, LYM IoU = 0.6900, TAS IoU = 0.6419
2025-02-13 18:43:57,688 - INFO - Epoch 11: 最优模型已保存
2025-02-13 18:43:58,001 - INFO - 最新模型已保存
2025-02-13 18:44:37,705 - INFO - Epoch 12: Train Loss = 0.0290, Val Loss = 0.0245, 
MIoU = 0.5981, FWIoU = 0.6357, Acc = 0.7779, 
TE IoU = 0.6244, NEC IoU = 0.4322, LYM IoU = 0.6869, TAS IoU = 0.6490
2025-02-13 18:44:38,002 - INFO - Epoch 12: 最优模型已保存
2025-02-13 18:44:38,288 - INFO - 最新模型已保存
2025-02-13 18:45:17,424 - INFO - Epoch 13: Train Loss = 0.0291, Val Loss = 0.0246, 
MIoU = 0.6220, FWIoU = 0.6402, Acc = 0.7821, 
TE IoU = 0.6146, NEC IoU = 0.5188, LYM IoU = 0.6901, TAS IoU = 0.6646
2025-02-13 18:45:17,737 - INFO - Epoch 13: 最优模型已保存
2025-02-13 18:45:18,028 - INFO - 最新模型已保存
2025-02-13 18:45:57,068 - INFO - Epoch 14: Train Loss = 0.0311, Val Loss = 0.0352, 
MIoU = 0.5481, FWIoU = 0.5989, Acc = 0.7486, 
TE IoU = 0.5705, NEC IoU = 0.3603, LYM IoU = 0.6287, TAS IoU = 0.6328
2025-02-13 18:45:57,426 - INFO - 最新模型已保存
2025-02-13 18:46:36,637 - INFO - Epoch 15: Train Loss = 0.0311, Val Loss = 0.0266, 
MIoU = 0.5782, FWIoU = 0.6548, Acc = 0.7896, 
TE IoU = 0.6791, NEC IoU = 0.3625, LYM IoU = 0.6257, TAS IoU = 0.6454
2025-02-13 18:46:36,963 - INFO - 最新模型已保存
2025-02-13 18:47:15,479 - INFO - Epoch 16: Train Loss = 0.0322, Val Loss = 0.0246, 
MIoU = 0.6309, FWIoU = 0.6549, Acc = 0.7922, 
TE IoU = 0.6385, NEC IoU = 0.5251, LYM IoU = 0.6876, TAS IoU = 0.6724
2025-02-13 18:47:15,781 - INFO - Epoch 16: 最优模型已保存
2025-02-13 18:47:16,078 - INFO - 最新模型已保存
2025-02-13 18:47:53,713 - INFO - Epoch 17: Train Loss = 0.0324, Val Loss = 0.0269, 
MIoU = 0.5830, FWIoU = 0.6409, Acc = 0.7818, 
TE IoU = 0.6373, NEC IoU = 0.3757, LYM IoU = 0.6671, TAS IoU = 0.6518
2025-02-13 18:47:54,048 - INFO - 最新模型已保存
2025-02-13 18:48:31,792 - INFO - Epoch 18: Train Loss = 0.0315, Val Loss = 0.0208, 
MIoU = 0.6192, FWIoU = 0.6763, Acc = 0.8063, 
TE IoU = 0.6926, NEC IoU = 0.4374, LYM IoU = 0.6772, TAS IoU = 0.6695
2025-02-13 18:48:32,096 - INFO - 最新模型已保存
2025-02-13 18:49:09,886 - INFO - Epoch 19: Train Loss = 0.0323, Val Loss = 0.0228, 
MIoU = 0.6230, FWIoU = 0.6718, Acc = 0.8038, 
TE IoU = 0.6698, NEC IoU = 0.4714, LYM IoU = 0.6692, TAS IoU = 0.6818
2025-02-13 18:49:10,240 - INFO - 最新模型已保存
2025-02-13 18:49:49,051 - INFO - Epoch 20: Train Loss = 0.0315, Val Loss = 0.0261, 
MIoU = 0.6232, FWIoU = 0.6678, Acc = 0.8005, 
TE IoU = 0.6610, NEC IoU = 0.4576, LYM IoU = 0.6943, TAS IoU = 0.6798
2025-02-13 18:49:49,352 - INFO - 最新模型已保存
2025-02-13 18:50:26,862 - INFO - Epoch 21: Train Loss = 0.0315, Val Loss = 0.0203, 
MIoU = 0.6368, FWIoU = 0.6871, Acc = 0.8141, 
TE IoU = 0.6901, NEC IoU = 0.4720, LYM IoU = 0.6931, TAS IoU = 0.6919
2025-02-13 18:50:27,157 - INFO - Epoch 21: 最优模型已保存
2025-02-13 18:50:27,532 - INFO - 最新模型已保存
2025-02-13 18:51:04,893 - INFO - Epoch 22: Train Loss = 0.0309, Val Loss = 0.0196, 
MIoU = 0.6272, FWIoU = 0.6884, Acc = 0.8158, 
TE IoU = 0.6949, NEC IoU = 0.4304, LYM IoU = 0.6920, TAS IoU = 0.6916
2025-02-13 18:51:05,196 - INFO - 最新模型已保存
2025-02-13 18:51:42,003 - INFO - Epoch 23: Train Loss = 0.0309, Val Loss = 0.0248, 
MIoU = 0.6282, FWIoU = 0.6613, Acc = 0.7971, 
TE IoU = 0.6401, NEC IoU = 0.4951, LYM IoU = 0.6924, TAS IoU = 0.6851
2025-02-13 18:51:42,329 - INFO - 最新模型已保存
2025-02-13 18:52:20,651 - INFO - Epoch 24: Train Loss = 0.0310, Val Loss = 0.0251, 
MIoU = 0.6637, FWIoU = 0.6729, Acc = 0.8048, 
TE IoU = 0.6611, NEC IoU = 0.6153, LYM IoU = 0.6942, TAS IoU = 0.6843
2025-02-13 18:52:20,959 - INFO - Epoch 24: 最优模型已保存
2025-02-13 18:52:21,268 - INFO - 最新模型已保存
2025-02-13 18:52:59,092 - INFO - Epoch 25: Train Loss = 0.0303, Val Loss = 0.0204, 
MIoU = 0.6261, FWIoU = 0.6767, Acc = 0.8075, 
TE IoU = 0.6740, NEC IoU = 0.4653, LYM IoU = 0.6778, TAS IoU = 0.6873
2025-02-13 18:52:59,444 - INFO - 最新模型已保存
2025-02-13 18:53:36,744 - INFO - Epoch 26: Train Loss = 0.0303, Val Loss = 0.0211, 
MIoU = 0.6474, FWIoU = 0.6896, Acc = 0.8163, 
TE IoU = 0.6896, NEC IoU = 0.5222, LYM IoU = 0.6808, TAS IoU = 0.6969
2025-02-13 18:53:37,042 - INFO - 最新模型已保存
2025-02-13 18:54:13,844 - INFO - Epoch 27: Train Loss = 0.0303, Val Loss = 0.0196, 
MIoU = 0.6559, FWIoU = 0.6898, Acc = 0.8166, 
TE IoU = 0.6878, NEC IoU = 0.5399, LYM IoU = 0.6996, TAS IoU = 0.6964
2025-02-13 18:54:14,161 - INFO - 最新模型已保存
2025-02-13 18:54:51,296 - INFO - Epoch 28: Train Loss = 0.0301, Val Loss = 0.0162, 
MIoU = 0.6389, FWIoU = 0.6900, Acc = 0.8168, 
TE IoU = 0.6928, NEC IoU = 0.4693, LYM IoU = 0.6983, TAS IoU = 0.6950
2025-02-13 18:54:51,609 - INFO - 最新模型已保存
2025-02-13 18:55:29,681 - INFO - Epoch 29: Train Loss = 0.0292, Val Loss = 0.0220, 
MIoU = 0.6234, FWIoU = 0.6669, Acc = 0.8019, 
TE IoU = 0.6451, NEC IoU = 0.4547, LYM IoU = 0.7008, TAS IoU = 0.6928
2025-02-13 18:55:29,980 - INFO - 最新模型已保存
2025-02-13 18:56:06,703 - INFO - Epoch 30: Train Loss = 0.0301, Val Loss = 0.0191, 
MIoU = 0.6686, FWIoU = 0.6909, Acc = 0.8173, 
TE IoU = 0.6885, NEC IoU = 0.5666, LYM IoU = 0.7250, TAS IoU = 0.6944
2025-02-13 18:56:07,005 - INFO - Epoch 30: 最优模型已保存
2025-02-13 18:56:07,295 - INFO - 最新模型已保存
2025-02-13 18:56:44,817 - INFO - Epoch 31: Train Loss = 0.0293, Val Loss = 0.0165, 
MIoU = 0.6276, FWIoU = 0.6883, Acc = 0.8164, 
TE IoU = 0.7084, NEC IoU = 0.3972, LYM IoU = 0.7295, TAS IoU = 0.6753
2025-02-13 18:56:45,120 - INFO - 最新模型已保存
2025-02-13 18:57:23,344 - INFO - Epoch 32: Train Loss = 0.0300, Val Loss = 0.0191, 
MIoU = 0.6433, FWIoU = 0.6960, Acc = 0.8210, 
TE IoU = 0.6958, NEC IoU = 0.4735, LYM IoU = 0.6994, TAS IoU = 0.7044
2025-02-13 18:57:23,644 - INFO - 最新模型已保存
2025-02-13 18:58:01,521 - INFO - Epoch 33: Train Loss = 0.0295, Val Loss = 0.0201, 
MIoU = 0.6571, FWIoU = 0.6822, Acc = 0.8119, 
TE IoU = 0.6678, NEC IoU = 0.5661, LYM IoU = 0.6951, TAS IoU = 0.6994
2025-02-13 18:58:01,831 - INFO - 最新模型已保存
2025-02-13 18:58:39,362 - INFO - Epoch 34: Train Loss = 0.0287, Val Loss = 0.0273, 
MIoU = 0.6207, FWIoU = 0.6673, Acc = 0.7999, 
TE IoU = 0.6738, NEC IoU = 0.4366, LYM IoU = 0.7069, TAS IoU = 0.6655
2025-02-13 18:58:39,692 - INFO - 最新模型已保存
2025-02-13 18:59:17,754 - INFO - Epoch 35: Train Loss = 0.0285, Val Loss = 0.0178, 
MIoU = 0.6580, FWIoU = 0.6840, Acc = 0.8126, 
TE IoU = 0.6788, NEC IoU = 0.5571, LYM IoU = 0.7043, TAS IoU = 0.6919
2025-02-13 18:59:18,059 - INFO - 最新模型已保存
2025-02-13 18:59:57,417 - INFO - Epoch 36: Train Loss = 0.0286, Val Loss = 0.0206, 
MIoU = 0.6414, FWIoU = 0.6766, Acc = 0.8076, 
TE IoU = 0.6622, NEC IoU = 0.5136, LYM IoU = 0.6945, TAS IoU = 0.6951
2025-02-13 18:59:57,718 - INFO - 最新模型已保存
2025-02-13 19:00:34,942 - INFO - Epoch 37: Train Loss = 0.0283, Val Loss = 0.0261, 
MIoU = 0.6060, FWIoU = 0.6532, Acc = 0.7905, 
TE IoU = 0.6609, NEC IoU = 0.4160, LYM IoU = 0.6968, TAS IoU = 0.6501
2025-02-13 19:00:35,253 - INFO - 最新模型已保存
2025-02-13 19:01:12,741 - INFO - Epoch 38: Train Loss = 0.0278, Val Loss = 0.0211, 
MIoU = 0.6291, FWIoU = 0.6777, Acc = 0.8067, 
TE IoU = 0.6899, NEC IoU = 0.4430, LYM IoU = 0.7124, TAS IoU = 0.6709
2025-02-13 19:01:13,045 - INFO - 最新模型已保存
2025-02-13 19:01:50,047 - INFO - Epoch 39: Train Loss = 0.0277, Val Loss = 0.0181, 
MIoU = 0.6644, FWIoU = 0.6991, Acc = 0.8231, 
TE IoU = 0.7005, NEC IoU = 0.5367, LYM IoU = 0.7184, TAS IoU = 0.7019
2025-02-13 19:01:50,370 - INFO - 最新模型已保存
2025-02-13 19:02:28,767 - INFO - Epoch 40: Train Loss = 0.0275, Val Loss = 0.0181, 
MIoU = 0.6418, FWIoU = 0.6853, Acc = 0.8136, 
TE IoU = 0.6756, NEC IoU = 0.4744, LYM IoU = 0.7179, TAS IoU = 0.6994
2025-02-13 19:02:29,068 - INFO - 最新模型已保存
2025-02-13 19:03:06,272 - INFO - Epoch 41: Train Loss = 0.0277, Val Loss = 0.0190, 
MIoU = 0.6498, FWIoU = 0.6811, Acc = 0.8109, 
TE IoU = 0.6677, NEC IoU = 0.5175, LYM IoU = 0.7173, TAS IoU = 0.6966
2025-02-13 19:03:06,599 - INFO - 最新模型已保存
2025-02-13 19:03:43,511 - INFO - Epoch 42: Train Loss = 0.0280, Val Loss = 0.0195, 
MIoU = 0.6688, FWIoU = 0.6974, Acc = 0.8218, 
TE IoU = 0.7009, NEC IoU = 0.5526, LYM IoU = 0.7253, TAS IoU = 0.6965
2025-02-13 19:03:43,813 - INFO - Epoch 42: 最优模型已保存
2025-02-13 19:03:44,101 - INFO - 最新模型已保存
2025-02-13 19:04:21,510 - INFO - Epoch 43: Train Loss = 0.0277, Val Loss = 0.0171, 
MIoU = 0.6552, FWIoU = 0.6929, Acc = 0.8190, 
TE IoU = 0.6870, NEC IoU = 0.5101, LYM IoU = 0.7212, TAS IoU = 0.7027
2025-02-13 19:04:21,810 - INFO - 最新模型已保存
2025-02-13 19:05:00,573 - INFO - Epoch 44: Train Loss = 0.0272, Val Loss = 0.0231, 
MIoU = 0.6368, FWIoU = 0.6750, Acc = 0.8056, 
TE IoU = 0.6853, NEC IoU = 0.4845, LYM IoU = 0.7091, TAS IoU = 0.6684
2025-02-13 19:05:00,880 - INFO - 最新模型已保存
2025-02-13 19:05:38,506 - INFO - Epoch 45: Train Loss = 0.0266, Val Loss = 0.0161, 
MIoU = 0.6669, FWIoU = 0.6979, Acc = 0.8224, 
TE IoU = 0.6907, NEC IoU = 0.5452, LYM IoU = 0.7236, TAS IoU = 0.7080
2025-02-13 19:05:38,834 - INFO - 最新模型已保存
2025-02-13 19:06:16,052 - INFO - Epoch 46: Train Loss = 0.0270, Val Loss = 0.0326, 
MIoU = 0.5367, FWIoU = 0.6073, Acc = 0.7567, 
TE IoU = 0.6166, NEC IoU = 0.2357, LYM IoU = 0.6912, TAS IoU = 0.6032
2025-02-13 19:06:16,395 - INFO - 最新模型已保存
2025-02-13 19:06:54,459 - INFO - Epoch 47: Train Loss = 0.0268, Val Loss = 0.0198, 
MIoU = 0.6709, FWIoU = 0.6898, Acc = 0.8166, 
TE IoU = 0.6819, NEC IoU = 0.5842, LYM IoU = 0.7190, TAS IoU = 0.6984
2025-02-13 19:06:54,760 - INFO - Epoch 47: 最优模型已保存
2025-02-13 19:06:55,054 - INFO - 最新模型已保存
2025-02-13 19:07:33,941 - INFO - Epoch 48: Train Loss = 0.0268, Val Loss = 0.0205, 
MIoU = 0.6313, FWIoU = 0.6763, Acc = 0.8079, 
TE IoU = 0.6959, NEC IoU = 0.4332, LYM IoU = 0.7361, TAS IoU = 0.6600
2025-02-13 19:07:34,258 - INFO - 最新模型已保存
2025-02-13 19:08:13,018 - INFO - Epoch 49: Train Loss = 0.0267, Val Loss = 0.0174, 
MIoU = 0.6836, FWIoU = 0.6992, Acc = 0.8230, 
TE IoU = 0.7029, NEC IoU = 0.6195, LYM IoU = 0.7154, TAS IoU = 0.6968
2025-02-13 19:08:13,314 - INFO - Epoch 49: 最优模型已保存
2025-02-13 19:08:13,605 - INFO - 最新模型已保存
2025-02-13 19:08:50,390 - INFO - Epoch 50: Train Loss = 0.0261, Val Loss = 0.0209, 
MIoU = 0.6517, FWIoU = 0.6815, Acc = 0.8105, 
TE IoU = 0.6700, NEC IoU = 0.5152, LYM IoU = 0.7273, TAS IoU = 0.6942
2025-02-13 19:08:50,690 - INFO - 最新模型已保存
2025-02-13 19:09:27,728 - INFO - Epoch 51: Train Loss = 0.0265, Val Loss = 0.0219, 
MIoU = 0.6278, FWIoU = 0.6668, Acc = 0.8010, 
TE IoU = 0.6525, NEC IoU = 0.4727, LYM IoU = 0.7018, TAS IoU = 0.6844
2025-02-13 19:09:28,029 - INFO - 最新模型已保存
2025-02-13 19:10:06,256 - INFO - Epoch 52: Train Loss = 0.0256, Val Loss = 0.0175, 
MIoU = 0.6738, FWIoU = 0.7005, Acc = 0.8240, 
TE IoU = 0.6997, NEC IoU = 0.5742, LYM IoU = 0.7170, TAS IoU = 0.7043
2025-02-13 19:10:06,547 - INFO - 最新模型已保存
2025-02-13 19:10:43,408 - INFO - Epoch 53: Train Loss = 0.0257, Val Loss = 0.0185, 
MIoU = 0.6846, FWIoU = 0.6958, Acc = 0.8207, 
TE IoU = 0.6913, NEC IoU = 0.6293, LYM IoU = 0.7172, TAS IoU = 0.7006
2025-02-13 19:10:43,734 - INFO - Epoch 53: 最优模型已保存
2025-02-13 19:10:44,028 - INFO - 最新模型已保存
2025-02-13 19:11:20,668 - INFO - Epoch 54: Train Loss = 0.0257, Val Loss = 0.0182, 
MIoU = 0.6568, FWIoU = 0.6874, Acc = 0.8148, 
TE IoU = 0.6797, NEC IoU = 0.5417, LYM IoU = 0.7073, TAS IoU = 0.6984
2025-02-13 19:11:20,984 - INFO - 最新模型已保存
2025-02-13 19:11:57,200 - INFO - Epoch 55: Train Loss = 0.0257, Val Loss = 0.0214, 
MIoU = 0.6692, FWIoU = 0.6883, Acc = 0.8157, 
TE IoU = 0.6781, NEC IoU = 0.5866, LYM IoU = 0.7125, TAS IoU = 0.6996
2025-02-13 19:11:57,498 - INFO - 最新模型已保存
2025-02-13 19:12:34,125 - INFO - Epoch 56: Train Loss = 0.0259, Val Loss = 0.0199, 
MIoU = 0.6564, FWIoU = 0.6916, Acc = 0.8172, 
TE IoU = 0.6918, NEC IoU = 0.5124, LYM IoU = 0.7271, TAS IoU = 0.6944
2025-02-13 19:12:34,426 - INFO - 最新模型已保存
2025-02-13 19:13:12,281 - INFO - Epoch 57: Train Loss = 0.0251, Val Loss = 0.0219, 
MIoU = 0.6489, FWIoU = 0.6817, Acc = 0.8111, 
TE IoU = 0.6748, NEC IoU = 0.5180, LYM IoU = 0.7115, TAS IoU = 0.6915
2025-02-13 19:13:12,583 - INFO - 最新模型已保存
2025-02-13 19:13:49,011 - INFO - Epoch 58: Train Loss = 0.0252, Val Loss = 0.0180, 
MIoU = 0.6492, FWIoU = 0.6728, Acc = 0.8060, 
TE IoU = 0.6490, NEC IoU = 0.5398, LYM IoU = 0.7109, TAS IoU = 0.6972
2025-02-13 19:13:49,309 - INFO - 最新模型已保存
2025-02-13 19:14:25,945 - INFO - Epoch 59: Train Loss = 0.0256, Val Loss = 0.0208, 
MIoU = 0.6710, FWIoU = 0.6876, Acc = 0.8149, 
TE IoU = 0.6859, NEC IoU = 0.5937, LYM IoU = 0.7142, TAS IoU = 0.6901
2025-02-13 19:14:26,252 - INFO - 最新模型已保存
2025-02-13 19:15:05,617 - INFO - Epoch 60: Train Loss = 0.0254, Val Loss = 0.0183, 
MIoU = 0.6613, FWIoU = 0.6862, Acc = 0.8141, 
TE IoU = 0.6803, NEC IoU = 0.5743, LYM IoU = 0.6953, TAS IoU = 0.6952
2025-02-13 19:15:05,919 - INFO - 最新模型已保存
2025-02-13 19:15:43,655 - INFO - Epoch 61: Train Loss = 0.0255, Val Loss = 0.0164, 
MIoU = 0.6644, FWIoU = 0.6948, Acc = 0.8200, 
TE IoU = 0.6964, NEC IoU = 0.5497, LYM IoU = 0.7148, TAS IoU = 0.6966
2025-02-13 19:15:43,960 - INFO - 最新模型已保存
2025-02-13 19:16:22,178 - INFO - Epoch 62: Train Loss = 0.0257, Val Loss = 0.0180, 
MIoU = 0.6570, FWIoU = 0.6900, Acc = 0.8167, 
TE IoU = 0.6823, NEC IoU = 0.5479, LYM IoU = 0.6951, TAS IoU = 0.7026
2025-02-13 19:16:22,486 - INFO - 最新模型已保存
2025-02-13 19:17:00,467 - INFO - Epoch 63: Train Loss = 0.0259, Val Loss = 0.0223, 
MIoU = 0.6659, FWIoU = 0.6783, Acc = 0.8085, 
TE IoU = 0.6713, NEC IoU = 0.5896, LYM IoU = 0.7184, TAS IoU = 0.6842
2025-02-13 19:17:00,769 - INFO - 最新模型已保存
2025-02-13 19:17:38,547 - INFO - Epoch 64: Train Loss = 0.0255, Val Loss = 0.0160, 
MIoU = 0.6393, FWIoU = 0.6571, Acc = 0.7950, 
TE IoU = 0.6289, NEC IoU = 0.5613, LYM IoU = 0.6813, TAS IoU = 0.6859
2025-02-13 19:17:38,852 - INFO - 最新模型已保存
2025-02-13 19:18:16,129 - INFO - Epoch 65: Train Loss = 0.0249, Val Loss = 0.0184, 
MIoU = 0.6592, FWIoU = 0.6920, Acc = 0.8179, 
TE IoU = 0.6962, NEC IoU = 0.5315, LYM IoU = 0.7181, TAS IoU = 0.6912
2025-02-13 19:18:16,434 - INFO - 最新模型已保存
2025-02-13 19:18:53,501 - INFO - Epoch 66: Train Loss = 0.0251, Val Loss = 0.0172, 
MIoU = 0.6674, FWIoU = 0.6910, Acc = 0.8178, 
TE IoU = 0.6791, NEC IoU = 0.5524, LYM IoU = 0.7349, TAS IoU = 0.7032
2025-02-13 19:18:53,806 - INFO - 最新模型已保存
2025-02-13 19:19:31,287 - INFO - Epoch 67: Train Loss = 0.0251, Val Loss = 0.0185, 
MIoU = 0.6519, FWIoU = 0.6945, Acc = 0.8201, 
TE IoU = 0.7014, NEC IoU = 0.4836, LYM IoU = 0.7306, TAS IoU = 0.6918
2025-02-13 19:19:31,584 - INFO - 最新模型已保存
2025-02-13 19:20:08,246 - INFO - Epoch 68: Train Loss = 0.0251, Val Loss = 0.0178, 
MIoU = 0.6699, FWIoU = 0.6890, Acc = 0.8165, 
TE IoU = 0.6716, NEC IoU = 0.5671, LYM IoU = 0.7355, TAS IoU = 0.7055
2025-02-13 19:20:08,571 - INFO - 最新模型已保存
2025-02-13 19:20:45,718 - INFO - Epoch 69: Train Loss = 0.0252, Val Loss = 0.0173, 
MIoU = 0.6731, FWIoU = 0.6746, Acc = 0.8070, 
TE IoU = 0.6496, NEC IoU = 0.6370, LYM IoU = 0.7090, TAS IoU = 0.6967
2025-02-13 19:20:46,026 - INFO - 最新模型已保存
2025-02-13 19:21:23,687 - INFO - Epoch 70: Train Loss = 0.0252, Val Loss = 0.0197, 
MIoU = 0.6803, FWIoU = 0.6914, Acc = 0.8179, 
TE IoU = 0.6799, NEC IoU = 0.6130, LYM IoU = 0.7265, TAS IoU = 0.7019
2025-02-13 19:21:24,003 - INFO - 最新模型已保存
2025-02-13 19:22:00,854 - INFO - Epoch 71: Train Loss = 0.0250, Val Loss = 0.0187, 
MIoU = 0.6393, FWIoU = 0.6822, Acc = 0.8117, 
TE IoU = 0.6720, NEC IoU = 0.4633, LYM IoU = 0.7260, TAS IoU = 0.6958
2025-02-13 19:22:01,196 - INFO - 最新模型已保存
2025-02-13 19:22:39,152 - INFO - Epoch 72: Train Loss = 0.0252, Val Loss = 0.0178, 
MIoU = 0.6585, FWIoU = 0.6915, Acc = 0.8180, 
TE IoU = 0.6842, NEC IoU = 0.5261, LYM IoU = 0.7220, TAS IoU = 0.7016
2025-02-13 19:22:39,468 - INFO - 最新模型已保存
2025-02-13 19:23:17,082 - INFO - Epoch 73: Train Loss = 0.0252, Val Loss = 0.0187, 
MIoU = 0.6586, FWIoU = 0.6689, Acc = 0.8030, 
TE IoU = 0.6442, NEC IoU = 0.5898, LYM IoU = 0.7084, TAS IoU = 0.6919
2025-02-13 19:23:17,392 - INFO - 最新模型已保存
2025-02-13 19:23:54,706 - INFO - Epoch 74: Train Loss = 0.0255, Val Loss = 0.0175, 
MIoU = 0.6562, FWIoU = 0.6882, Acc = 0.8162, 
TE IoU = 0.6720, NEC IoU = 0.5199, LYM IoU = 0.7267, TAS IoU = 0.7063
2025-02-13 19:23:55,090 - INFO - 最新模型已保存
2025-02-13 19:24:32,090 - INFO - Epoch 75: Train Loss = 0.0254, Val Loss = 0.0181, 
MIoU = 0.6632, FWIoU = 0.6857, Acc = 0.8138, 
TE IoU = 0.6737, NEC IoU = 0.5680, LYM IoU = 0.7121, TAS IoU = 0.6990
2025-02-13 19:24:32,413 - INFO - 最新模型已保存
2025-02-13 19:25:09,871 - INFO - Epoch 76: Train Loss = 0.0251, Val Loss = 0.0250, 
MIoU = 0.6611, FWIoU = 0.6814, Acc = 0.8108, 
TE IoU = 0.6753, NEC IoU = 0.5703, LYM IoU = 0.7102, TAS IoU = 0.6886
2025-02-13 19:25:10,188 - INFO - 最新模型已保存
2025-02-13 19:25:47,794 - INFO - Epoch 77: Train Loss = 0.0252, Val Loss = 0.0182, 
MIoU = 0.6353, FWIoU = 0.6915, Acc = 0.8183, 
TE IoU = 0.6882, NEC IoU = 0.4637, LYM IoU = 0.6852, TAS IoU = 0.7043
2025-02-13 19:25:48,088 - INFO - 最新模型已保存
2025-02-13 19:26:24,381 - INFO - Epoch 78: Train Loss = 0.0252, Val Loss = 0.0189, 
MIoU = 0.6520, FWIoU = 0.6915, Acc = 0.8184, 
TE IoU = 0.6789, NEC IoU = 0.4780, LYM IoU = 0.7447, TAS IoU = 0.7063
2025-02-13 19:26:24,683 - INFO - 最新模型已保存
2025-02-13 19:27:01,500 - INFO - Epoch 79: Train Loss = 0.0254, Val Loss = 0.0170, 
MIoU = 0.6645, FWIoU = 0.6873, Acc = 0.8155, 
TE IoU = 0.6728, NEC IoU = 0.5682, LYM IoU = 0.7136, TAS IoU = 0.7033
2025-02-13 19:27:01,804 - INFO - 最新模型已保存
2025-02-13 19:27:40,343 - INFO - Epoch 80: Train Loss = 0.0260, Val Loss = 0.0187, 
MIoU = 0.6646, FWIoU = 0.6833, Acc = 0.8130, 
TE IoU = 0.6620, NEC IoU = 0.5502, LYM IoU = 0.7434, TAS IoU = 0.7027
2025-02-13 19:27:40,644 - INFO - 最新模型已保存
2025-02-13 19:28:17,697 - INFO - Epoch 81: Train Loss = 0.0256, Val Loss = 0.0231, 
MIoU = 0.6826, FWIoU = 0.6917, Acc = 0.8177, 
TE IoU = 0.6876, NEC IoU = 0.6213, LYM IoU = 0.7267, TAS IoU = 0.6946
2025-02-13 19:28:17,994 - INFO - 最新模型已保存
2025-02-13 19:28:55,136 - INFO - Epoch 82: Train Loss = 0.0257, Val Loss = 0.0208, 
MIoU = 0.6675, FWIoU = 0.6842, Acc = 0.8132, 
TE IoU = 0.6675, NEC IoU = 0.5841, LYM IoU = 0.7177, TAS IoU = 0.7007
2025-02-13 19:28:55,462 - INFO - 最新模型已保存
2025-02-13 19:29:32,506 - INFO - Epoch 83: Train Loss = 0.0259, Val Loss = 0.0232, 
MIoU = 0.6810, FWIoU = 0.6897, Acc = 0.8166, 
TE IoU = 0.6781, NEC IoU = 0.6064, LYM IoU = 0.7408, TAS IoU = 0.6985
2025-02-13 19:29:32,844 - INFO - 最新模型已保存
2025-02-13 19:30:10,527 - INFO - Epoch 84: Train Loss = 0.0261, Val Loss = 0.0199, 
MIoU = 0.6633, FWIoU = 0.6902, Acc = 0.8173, 
TE IoU = 0.6793, NEC IoU = 0.5282, LYM IoU = 0.7445, TAS IoU = 0.7012
2025-02-13 19:30:10,844 - INFO - 最新模型已保存
2025-02-13 19:30:47,761 - INFO - Epoch 85: Train Loss = 0.0257, Val Loss = 0.0188, 
MIoU = 0.6412, FWIoU = 0.6812, Acc = 0.8113, 
TE IoU = 0.6650, NEC IoU = 0.4734, LYM IoU = 0.7262, TAS IoU = 0.7002
2025-02-13 19:30:48,060 - INFO - 最新模型已保存
2025-02-13 19:31:25,050 - INFO - Epoch 86: Train Loss = 0.0260, Val Loss = 0.0198, 
MIoU = 0.6777, FWIoU = 0.6858, Acc = 0.8140, 
TE IoU = 0.6738, NEC IoU = 0.6145, LYM IoU = 0.7269, TAS IoU = 0.6958
2025-02-13 19:31:25,346 - INFO - 最新模型已保存
2025-02-13 19:32:02,865 - INFO - Epoch 87: Train Loss = 0.0259, Val Loss = 0.0197, 
MIoU = 0.6818, FWIoU = 0.6986, Acc = 0.8228, 
TE IoU = 0.6943, NEC IoU = 0.5996, LYM IoU = 0.7302, TAS IoU = 0.7032
2025-02-13 19:32:03,169 - INFO - 最新模型已保存
2025-02-13 19:32:41,411 - INFO - Epoch 88: Train Loss = 0.0251, Val Loss = 0.0210, 
MIoU = 0.6813, FWIoU = 0.6854, Acc = 0.8136, 
TE IoU = 0.6740, NEC IoU = 0.6228, LYM IoU = 0.7347, TAS IoU = 0.6936
2025-02-13 19:32:41,731 - INFO - 最新模型已保存
2025-02-13 19:33:19,856 - INFO - Epoch 89: Train Loss = 0.0257, Val Loss = 0.0176, 
MIoU = 0.6829, FWIoU = 0.7042, Acc = 0.8267, 
TE IoU = 0.6977, NEC IoU = 0.5785, LYM IoU = 0.7445, TAS IoU = 0.7110
2025-02-13 19:33:20,165 - INFO - 最新模型已保存
2025-02-13 19:33:59,176 - INFO - Epoch 90: Train Loss = 0.0253, Val Loss = 0.0179, 
MIoU = 0.6733, FWIoU = 0.6892, Acc = 0.8169, 
TE IoU = 0.6699, NEC IoU = 0.5754, LYM IoU = 0.7412, TAS IoU = 0.7069
2025-02-13 19:33:59,495 - INFO - 最新模型已保存
2025-02-13 19:34:36,441 - INFO - Epoch 91: Train Loss = 0.0261, Val Loss = 0.0207, 
MIoU = 0.6773, FWIoU = 0.6995, Acc = 0.8233, 
TE IoU = 0.6996, NEC IoU = 0.5791, LYM IoU = 0.7298, TAS IoU = 0.7006
2025-02-13 19:34:36,744 - INFO - 最新模型已保存
2025-02-13 19:35:14,940 - INFO - Epoch 92: Train Loss = 0.0260, Val Loss = 0.0199, 
MIoU = 0.6995, FWIoU = 0.6892, Acc = 0.8168, 
TE IoU = 0.6671, NEC IoU = 0.6760, LYM IoU = 0.7504, TAS IoU = 0.7046
2025-02-13 19:35:15,248 - INFO - Epoch 92: 最优模型已保存
2025-02-13 19:35:15,545 - INFO - 最新模型已保存
2025-02-13 19:35:51,991 - INFO - Epoch 93: Train Loss = 0.0262, Val Loss = 0.0184, 
MIoU = 0.6942, FWIoU = 0.7046, Acc = 0.8267, 
TE IoU = 0.7052, NEC IoU = 0.6401, LYM IoU = 0.7276, TAS IoU = 0.7041
2025-02-13 19:35:52,291 - INFO - 最新模型已保存
2025-02-13 19:36:28,811 - INFO - Epoch 94: Train Loss = 0.0261, Val Loss = 0.0198, 
MIoU = 0.6798, FWIoU = 0.6895, Acc = 0.8165, 
TE IoU = 0.6755, NEC IoU = 0.6050, LYM IoU = 0.7375, TAS IoU = 0.7011
2025-02-13 19:36:29,109 - INFO - 最新模型已保存
2025-02-13 19:37:06,844 - INFO - Epoch 95: Train Loss = 0.0262, Val Loss = 0.0195, 
MIoU = 0.6857, FWIoU = 0.6989, Acc = 0.8229, 
TE IoU = 0.6896, NEC IoU = 0.6052, LYM IoU = 0.7410, TAS IoU = 0.7070
2025-02-13 19:37:07,144 - INFO - 最新模型已保存
2025-02-13 19:37:46,019 - INFO - Epoch 96: Train Loss = 0.0259, Val Loss = 0.0203, 
MIoU = 0.6765, FWIoU = 0.6836, Acc = 0.8126, 
TE IoU = 0.6646, NEC IoU = 0.5981, LYM IoU = 0.7443, TAS IoU = 0.6990
2025-02-13 19:37:46,339 - INFO - 最新模型已保存
2025-02-13 19:38:25,000 - INFO - Epoch 97: Train Loss = 0.0254, Val Loss = 0.0185, 
MIoU = 0.6708, FWIoU = 0.6965, Acc = 0.8216, 
TE IoU = 0.6875, NEC IoU = 0.5467, LYM IoU = 0.7430, TAS IoU = 0.7061
2025-02-13 19:38:25,310 - INFO - 最新模型已保存
2025-02-13 19:39:04,119 - INFO - Epoch 98: Train Loss = 0.0257, Val Loss = 0.0213, 
MIoU = 0.6888, FWIoU = 0.6950, Acc = 0.8203, 
TE IoU = 0.6853, NEC IoU = 0.6291, LYM IoU = 0.7388, TAS IoU = 0.7022
2025-02-13 19:39:04,478 - INFO - 最新模型已保存
2025-02-13 19:39:42,243 - INFO - Epoch 99: Train Loss = 0.0257, Val Loss = 0.0178, 
MIoU = 0.6791, FWIoU = 0.7049, Acc = 0.8271, 
TE IoU = 0.7037, NEC IoU = 0.5611, LYM IoU = 0.7442, TAS IoU = 0.7074
2025-02-13 19:39:42,543 - INFO - 最新模型已保存
2025-02-13 19:40:19,549 - INFO - Epoch 100: Train Loss = 0.0253, Val Loss = 0.0219, 
MIoU = 0.6806, FWIoU = 0.6897, Acc = 0.8166, 
TE IoU = 0.6799, NEC IoU = 0.6154, LYM IoU = 0.7292, TAS IoU = 0.6978
2025-02-13 19:40:19,844 - INFO - 最新模型已保存
2025-02-13 19:40:57,505 - INFO - Epoch 101: Train Loss = 0.0262, Val Loss = 0.0203, 
MIoU = 0.6672, FWIoU = 0.6933, Acc = 0.8193, 
TE IoU = 0.6825, NEC IoU = 0.5388, LYM IoU = 0.7433, TAS IoU = 0.7044
2025-02-13 19:40:57,815 - INFO - 最新模型已保存
2025-02-13 19:41:36,199 - INFO - Epoch 102: Train Loss = 0.0259, Val Loss = 0.0214, 
MIoU = 0.6794, FWIoU = 0.6792, Acc = 0.8100, 
TE IoU = 0.6543, NEC IoU = 0.6277, LYM IoU = 0.7362, TAS IoU = 0.6994
2025-02-13 19:41:36,523 - INFO - 最新模型已保存
2025-02-13 19:42:13,801 - INFO - Epoch 103: Train Loss = 0.0256, Val Loss = 0.0183, 
MIoU = 0.6835, FWIoU = 0.7007, Acc = 0.8242, 
TE IoU = 0.6953, NEC IoU = 0.5969, LYM IoU = 0.7357, TAS IoU = 0.7061
2025-02-13 19:42:14,254 - INFO - 最新模型已保存
2025-02-13 19:42:52,328 - INFO - Epoch 104: Train Loss = 0.0259, Val Loss = 0.0210, 
MIoU = 0.6712, FWIoU = 0.6852, Acc = 0.8139, 
TE IoU = 0.6674, NEC IoU = 0.5883, LYM IoU = 0.7270, TAS IoU = 0.7019
2025-02-13 19:42:52,627 - INFO - 最新模型已保存
2025-02-13 19:43:30,988 - INFO - Epoch 105: Train Loss = 0.0260, Val Loss = 0.0192, 
MIoU = 0.6724, FWIoU = 0.6929, Acc = 0.8189, 
TE IoU = 0.6834, NEC IoU = 0.5591, LYM IoU = 0.7456, TAS IoU = 0.7016
2025-02-13 19:43:31,297 - INFO - 最新模型已保存
2025-02-13 19:44:08,275 - INFO - Epoch 106: Train Loss = 0.0260, Val Loss = 0.0194, 
MIoU = 0.6739, FWIoU = 0.6972, Acc = 0.8219, 
TE IoU = 0.6905, NEC IoU = 0.5669, LYM IoU = 0.7334, TAS IoU = 0.7048
2025-02-13 19:44:08,629 - INFO - 最新模型已保存
2025-02-13 19:44:47,525 - INFO - Epoch 107: Train Loss = 0.0255, Val Loss = 0.0197, 
MIoU = 0.6781, FWIoU = 0.6846, Acc = 0.8134, 
TE IoU = 0.6662, NEC IoU = 0.6061, LYM IoU = 0.7406, TAS IoU = 0.6994
2025-02-13 19:44:47,837 - INFO - 最新模型已保存
2025-02-13 19:45:26,081 - INFO - Epoch 108: Train Loss = 0.0256, Val Loss = 0.0187, 
MIoU = 0.6758, FWIoU = 0.6904, Acc = 0.8171, 
TE IoU = 0.6813, NEC IoU = 0.5850, LYM IoU = 0.7386, TAS IoU = 0.6981
2025-02-13 19:45:26,395 - INFO - 最新模型已保存
2025-02-13 19:46:03,485 - INFO - Epoch 109: Train Loss = 0.0260, Val Loss = 0.0221, 
MIoU = 0.6464, FWIoU = 0.6762, Acc = 0.8081, 
TE IoU = 0.6547, NEC IoU = 0.4929, LYM IoU = 0.7408, TAS IoU = 0.6973
2025-02-13 19:46:03,811 - INFO - 最新模型已保存
2025-02-13 19:46:43,000 - INFO - Epoch 110: Train Loss = 0.0266, Val Loss = 0.0198, 
MIoU = 0.6797, FWIoU = 0.7026, Acc = 0.8255, 
TE IoU = 0.6995, NEC IoU = 0.5991, LYM IoU = 0.7115, TAS IoU = 0.7087
2025-02-13 19:46:43,293 - INFO - 最新模型已保存
2025-02-13 19:47:21,293 - INFO - Epoch 111: Train Loss = 0.0257, Val Loss = 0.0236, 
MIoU = 0.6414, FWIoU = 0.6872, Acc = 0.8151, 
TE IoU = 0.6942, NEC IoU = 0.5817, LYM IoU = 0.5955, TAS IoU = 0.6944
2025-02-13 19:47:21,596 - INFO - 最新模型已保存
2025-02-13 19:47:59,095 - INFO - Epoch 112: Train Loss = 0.0259, Val Loss = 0.0209, 
MIoU = 0.6759, FWIoU = 0.6876, Acc = 0.8154, 
TE IoU = 0.6732, NEC IoU = 0.5923, LYM IoU = 0.7381, TAS IoU = 0.6999
2025-02-13 19:47:59,395 - INFO - 最新模型已保存
2025-02-13 19:48:36,499 - INFO - Epoch 113: Train Loss = 0.0257, Val Loss = 0.0197, 
MIoU = 0.6854, FWIoU = 0.7012, Acc = 0.8244, 
TE IoU = 0.6982, NEC IoU = 0.6078, LYM IoU = 0.7310, TAS IoU = 0.7044
2025-02-13 19:48:36,792 - INFO - 最新模型已保存
2025-02-13 19:49:14,374 - INFO - Epoch 114: Train Loss = 0.0260, Val Loss = 0.0198, 
MIoU = 0.6977, FWIoU = 0.6964, Acc = 0.8212, 
TE IoU = 0.6849, NEC IoU = 0.6543, LYM IoU = 0.7479, TAS IoU = 0.7037
2025-02-13 19:49:14,672 - INFO - 最新模型已保存
2025-02-13 19:49:53,183 - INFO - Epoch 115: Train Loss = 0.0257, Val Loss = 0.0197, 
MIoU = 0.6872, FWIoU = 0.6861, Acc = 0.8145, 
TE IoU = 0.6669, NEC IoU = 0.6353, LYM IoU = 0.7465, TAS IoU = 0.7003
2025-02-13 19:49:53,540 - INFO - 最新模型已保存
2025-02-13 19:50:32,631 - INFO - Epoch 116: Train Loss = 0.0259, Val Loss = 0.0201, 
MIoU = 0.6813, FWIoU = 0.6930, Acc = 0.8191, 
TE IoU = 0.6802, NEC IoU = 0.6054, LYM IoU = 0.7351, TAS IoU = 0.7044
2025-02-13 19:50:32,926 - INFO - 最新模型已保存
2025-02-13 19:51:10,403 - INFO - Epoch 117: Train Loss = 0.0259, Val Loss = 0.0194, 
MIoU = 0.6663, FWIoU = 0.6784, Acc = 0.8094, 
TE IoU = 0.6572, NEC IoU = 0.5770, LYM IoU = 0.7341, TAS IoU = 0.6971
2025-02-13 19:51:10,714 - INFO - 最新模型已保存
2025-02-13 19:51:49,433 - INFO - Epoch 118: Train Loss = 0.0258, Val Loss = 0.0208, 
MIoU = 0.6784, FWIoU = 0.6902, Acc = 0.8171, 
TE IoU = 0.6780, NEC IoU = 0.6099, LYM IoU = 0.7244, TAS IoU = 0.7015
2025-02-13 19:51:49,750 - INFO - 最新模型已保存
2025-02-13 19:52:28,265 - INFO - Epoch 119: Train Loss = 0.0258, Val Loss = 0.0219, 
MIoU = 0.6661, FWIoU = 0.6784, Acc = 0.8092, 
TE IoU = 0.6607, NEC IoU = 0.5932, LYM IoU = 0.7153, TAS IoU = 0.6951
2025-02-13 19:52:28,566 - INFO - 最新模型已保存
2025-02-13 19:53:06,400 - INFO - Epoch 120: Train Loss = 0.0255, Val Loss = 0.0218, 
MIoU = 0.6958, FWIoU = 0.6977, Acc = 0.8220, 
TE IoU = 0.6885, NEC IoU = 0.6529, LYM IoU = 0.7377, TAS IoU = 0.7040
2025-02-13 19:53:06,697 - INFO - 最新模型已保存
2025-02-13 19:53:44,268 - INFO - Epoch 121: Train Loss = 0.0253, Val Loss = 0.0215, 
MIoU = 0.6849, FWIoU = 0.6895, Acc = 0.8167, 
TE IoU = 0.6734, NEC IoU = 0.6232, LYM IoU = 0.7410, TAS IoU = 0.7021
2025-02-13 19:53:44,567 - INFO - 最新模型已保存
2025-02-13 19:54:22,041 - INFO - Epoch 122: Train Loss = 0.0258, Val Loss = 0.0211, 
MIoU = 0.6842, FWIoU = 0.6879, Acc = 0.8156, 
TE IoU = 0.6735, NEC IoU = 0.6343, LYM IoU = 0.7296, TAS IoU = 0.6995
2025-02-13 19:54:22,376 - INFO - 最新模型已保存
2025-02-13 19:55:00,717 - INFO - Epoch 123: Train Loss = 0.0260, Val Loss = 0.0212, 
MIoU = 0.6905, FWIoU = 0.6908, Acc = 0.8177, 
TE IoU = 0.6728, NEC IoU = 0.6451, LYM IoU = 0.7391, TAS IoU = 0.7049
2025-02-13 19:55:01,011 - INFO - 最新模型已保存
2025-02-13 19:55:39,296 - INFO - Epoch 124: Train Loss = 0.0257, Val Loss = 0.0187, 
MIoU = 0.6594, FWIoU = 0.6986, Acc = 0.8229, 
TE IoU = 0.6952, NEC IoU = 0.5003, LYM IoU = 0.7366, TAS IoU = 0.7054
2025-02-13 19:55:39,593 - INFO - 最新模型已保存
2025-02-13 19:56:17,752 - INFO - Epoch 125: Train Loss = 0.0258, Val Loss = 0.0206, 
MIoU = 0.6815, FWIoU = 0.6941, Acc = 0.8197, 
TE IoU = 0.6831, NEC IoU = 0.6014, LYM IoU = 0.7379, TAS IoU = 0.7036
2025-02-13 19:56:18,050 - INFO - 最新模型已保存
2025-02-13 19:56:55,683 - INFO - Epoch 126: Train Loss = 0.0260, Val Loss = 0.0221, 
MIoU = 0.6827, FWIoU = 0.6898, Acc = 0.8168, 
TE IoU = 0.6762, NEC IoU = 0.6207, LYM IoU = 0.7327, TAS IoU = 0.7010
2025-02-13 19:56:55,963 - INFO - 最新模型已保存
2025-02-13 19:57:33,837 - INFO - Epoch 127: Train Loss = 0.0258, Val Loss = 0.0206, 
MIoU = 0.6967, FWIoU = 0.6964, Acc = 0.8214, 
TE IoU = 0.6820, NEC IoU = 0.6552, LYM IoU = 0.7424, TAS IoU = 0.7071
2025-02-13 19:57:34,133 - INFO - 最新模型已保存
2025-02-13 19:58:11,936 - INFO - Epoch 128: Train Loss = 0.0258, Val Loss = 0.0233, 
MIoU = 0.6777, FWIoU = 0.6872, Acc = 0.8150, 
TE IoU = 0.6730, NEC IoU = 0.5979, LYM IoU = 0.7411, TAS IoU = 0.6987
2025-02-13 19:58:12,230 - INFO - 最新模型已保存
2025-02-13 19:58:50,442 - INFO - Epoch 129: Train Loss = 0.0258, Val Loss = 0.0215, 
MIoU = 0.6823, FWIoU = 0.6927, Acc = 0.8188, 
TE IoU = 0.6804, NEC IoU = 0.6080, LYM IoU = 0.7379, TAS IoU = 0.7030
2025-02-13 19:58:50,741 - INFO - 最新模型已保存
2025-02-13 19:59:28,569 - INFO - Epoch 130: Train Loss = 0.0256, Val Loss = 0.0200, 
MIoU = 0.6771, FWIoU = 0.6893, Acc = 0.8166, 
TE IoU = 0.6751, NEC IoU = 0.5941, LYM IoU = 0.7376, TAS IoU = 0.7015
2025-02-13 19:59:28,863 - INFO - 最新模型已保存
2025-02-13 20:00:07,456 - INFO - Epoch 131: Train Loss = 0.0258, Val Loss = 0.0227, 
MIoU = 0.6743, FWIoU = 0.6801, Acc = 0.8106, 
TE IoU = 0.6580, NEC IoU = 0.6064, LYM IoU = 0.7342, TAS IoU = 0.6987
2025-02-13 20:00:07,752 - INFO - 最新模型已保存
2025-02-13 20:00:45,705 - INFO - Epoch 132: Train Loss = 0.0259, Val Loss = 0.0208, 
MIoU = 0.6865, FWIoU = 0.6858, Acc = 0.8143, 
TE IoU = 0.6657, NEC IoU = 0.6403, LYM IoU = 0.7387, TAS IoU = 0.7014
2025-02-13 20:00:46,005 - INFO - 最新模型已保存
2025-02-13 20:01:23,665 - INFO - Epoch 133: Train Loss = 0.0258, Val Loss = 0.0205, 
MIoU = 0.6670, FWIoU = 0.6813, Acc = 0.8115, 
TE IoU = 0.6601, NEC IoU = 0.5744, LYM IoU = 0.7332, TAS IoU = 0.7004
2025-02-13 20:01:23,962 - INFO - 最新模型已保存
2025-02-13 20:02:01,190 - INFO - Epoch 134: Train Loss = 0.0259, Val Loss = 0.0201, 
MIoU = 0.7024, FWIoU = 0.6994, Acc = 0.8234, 
TE IoU = 0.6867, NEC IoU = 0.6743, LYM IoU = 0.7402, TAS IoU = 0.7083
2025-02-13 20:02:01,487 - INFO - Epoch 134: 最优模型已保存
2025-02-13 20:02:01,770 - INFO - 最新模型已保存
2025-02-13 20:02:39,752 - INFO - Epoch 135: Train Loss = 0.0255, Val Loss = 0.0206, 
MIoU = 0.6961, FWIoU = 0.6948, Acc = 0.8202, 
TE IoU = 0.6818, NEC IoU = 0.6576, LYM IoU = 0.7411, TAS IoU = 0.7039
2025-02-13 20:02:40,046 - INFO - 最新模型已保存
2025-02-13 20:03:18,795 - INFO - Epoch 136: Train Loss = 0.0262, Val Loss = 0.0214, 
MIoU = 0.6864, FWIoU = 0.6941, Acc = 0.8199, 
TE IoU = 0.6794, NEC IoU = 0.6169, LYM IoU = 0.7435, TAS IoU = 0.7060
2025-02-13 20:03:19,095 - INFO - 最新模型已保存
2025-02-13 20:03:56,358 - INFO - Epoch 137: Train Loss = 0.0258, Val Loss = 0.0200, 
MIoU = 0.6798, FWIoU = 0.6865, Acc = 0.8148, 
TE IoU = 0.6684, NEC IoU = 0.6116, LYM IoU = 0.7376, TAS IoU = 0.7016
2025-02-13 20:03:56,672 - INFO - 最新模型已保存
2025-02-13 20:04:35,012 - INFO - Epoch 138: Train Loss = 0.0257, Val Loss = 0.0208, 
MIoU = 0.6781, FWIoU = 0.6901, Acc = 0.8172, 
TE IoU = 0.6747, NEC IoU = 0.5985, LYM IoU = 0.7354, TAS IoU = 0.7037
2025-02-13 20:04:35,306 - INFO - 最新模型已保存
2025-02-13 20:05:14,574 - INFO - Epoch 139: Train Loss = 0.0252, Val Loss = 0.0210, 
MIoU = 0.6886, FWIoU = 0.6941, Acc = 0.8199, 
TE IoU = 0.6807, NEC IoU = 0.6293, LYM IoU = 0.7394, TAS IoU = 0.7049
2025-02-13 20:05:14,883 - INFO - 最新模型已保存
2025-02-13 20:05:52,283 - INFO - Epoch 140: Train Loss = 0.0260, Val Loss = 0.0204, 
MIoU = 0.6849, FWIoU = 0.6974, Acc = 0.8220, 
TE IoU = 0.6864, NEC IoU = 0.6110, LYM IoU = 0.7347, TAS IoU = 0.7073
2025-02-13 20:05:52,584 - INFO - 最新模型已保存
2025-02-13 20:06:30,525 - INFO - Epoch 141: Train Loss = 0.0260, Val Loss = 0.0202, 
MIoU = 0.6864, FWIoU = 0.6941, Acc = 0.8198, 
TE IoU = 0.6812, NEC IoU = 0.6218, LYM IoU = 0.7378, TAS IoU = 0.7047
2025-02-13 20:06:30,824 - INFO - 最新模型已保存
2025-02-13 20:07:08,943 - INFO - Epoch 142: Train Loss = 0.0255, Val Loss = 0.0209, 
MIoU = 0.6820, FWIoU = 0.6851, Acc = 0.8137, 
TE IoU = 0.6688, NEC IoU = 0.6325, LYM IoU = 0.7285, TAS IoU = 0.6983
2025-02-13 20:07:09,246 - INFO - 最新模型已保存
2025-02-13 20:07:47,335 - INFO - Epoch 143: Train Loss = 0.0259, Val Loss = 0.0197, 
MIoU = 0.6943, FWIoU = 0.6980, Acc = 0.8224, 
TE IoU = 0.6864, NEC IoU = 0.6442, LYM IoU = 0.7400, TAS IoU = 0.7067
2025-02-13 20:07:47,666 - INFO - 最新模型已保存
2025-02-13 20:08:25,522 - INFO - Epoch 144: Train Loss = 0.0256, Val Loss = 0.0214, 
MIoU = 0.6860, FWIoU = 0.6928, Acc = 0.8189, 
TE IoU = 0.6810, NEC IoU = 0.6258, LYM IoU = 0.7347, TAS IoU = 0.7023
2025-02-13 20:08:25,818 - INFO - 最新模型已保存
2025-02-13 20:09:03,330 - INFO - Epoch 145: Train Loss = 0.0257, Val Loss = 0.0200, 
MIoU = 0.6897, FWIoU = 0.6964, Acc = 0.8214, 
TE IoU = 0.6835, NEC IoU = 0.6310, LYM IoU = 0.7372, TAS IoU = 0.7071
2025-02-13 20:09:03,632 - INFO - 最新模型已保存
2025-02-13 20:09:42,348 - INFO - Epoch 146: Train Loss = 0.0256, Val Loss = 0.0198, 
MIoU = 0.6989, FWIoU = 0.7011, Acc = 0.8244, 
TE IoU = 0.6912, NEC IoU = 0.6542, LYM IoU = 0.7422, TAS IoU = 0.7080
2025-02-13 20:09:42,653 - INFO - 最新模型已保存
2025-02-13 20:10:20,387 - INFO - Epoch 147: Train Loss = 0.0257, Val Loss = 0.0208, 
MIoU = 0.6898, FWIoU = 0.6947, Acc = 0.8202, 
TE IoU = 0.6836, NEC IoU = 0.6321, LYM IoU = 0.7407, TAS IoU = 0.7030
2025-02-13 20:10:20,685 - INFO - 最新模型已保存
2025-02-13 20:10:58,401 - INFO - Epoch 148: Train Loss = 0.0255, Val Loss = 0.0207, 
MIoU = 0.6944, FWIoU = 0.6958, Acc = 0.8209, 
TE IoU = 0.6838, NEC IoU = 0.6503, LYM IoU = 0.7388, TAS IoU = 0.7046
2025-02-13 20:10:58,697 - INFO - 最新模型已保存
2025-02-13 20:11:36,502 - INFO - Epoch 149: Train Loss = 0.0260, Val Loss = 0.0206, 
MIoU = 0.6906, FWIoU = 0.6932, Acc = 0.8193, 
TE IoU = 0.6782, NEC IoU = 0.6425, LYM IoU = 0.7365, TAS IoU = 0.7052
2025-02-13 20:11:36,809 - INFO - 最新模型已保存
2025-02-13 20:12:14,672 - INFO - Epoch 150: Train Loss = 0.0257, Val Loss = 0.0203, 
MIoU = 0.6880, FWIoU = 0.6923, Acc = 0.8187, 
TE IoU = 0.6771, NEC IoU = 0.6321, LYM IoU = 0.7384, TAS IoU = 0.7044
2025-02-13 20:12:14,971 - INFO - 最新模型已保存
2025-02-13 20:12:18,600 - INFO - 最优模型测试结果: MIoU = 0.7146, FWIoU = 0.7146, Acc = 0.8331, TE IoU = 0.7358, NEC IoU = 0.7096, LYM IoU = 0.7253, TAS IoU = 0.6878
2025-02-13 20:12:22,436 - INFO - 最新模型测试结果: MIoU = 0.7047, FWIoU = 0.7080, Acc = 0.8287, TE IoU = 0.7314, NEC IoU = 0.6896, LYM IoU = 0.7155, TAS IoU = 0.6825
