2025-04-09 22:59:15,380 - INFO - 训练开始
2025-04-09 22:59:15,381 - INFO - 训练参数:
{   'Grad_CAM_pp': False,
    'batch_size': 20,
    'checkpoint': 'checkpoints/stage2',
    'dataroot': 'datasets/BCSS-WSSS',
    'dataset': 'bcss',
    'encoder': 'resnet101',
    'learning_rate': 0.005,
    'log_dir': './runs',
    'model': 'unet',
    'momentum': 0.9,
    'num_classes': 4,
    'num_epochs': 10,
    'num_workers': 10,
    'onss': False,
    'weight_decay': 0.0005}
2025-04-09 23:01:40,241 - INFO - Epoch 1: Train Loss = 0.5023, Val Loss = 0.4587, 
MIoU = 0.6724, FWIoU = 0.7170, Acc = 0.8350, 
TE IoU = 0.7828, NEC IoU = 0.7162, LYM IoU = 0.5639, TAS IoU = 0.6269
2025-04-09 23:01:40,535 - INFO - 最优模型已保存
2025-04-09 23:01:40,814 - INFO - 最新模型已保存
2025-04-09 23:04:06,002 - INFO - Epoch 2: Train Loss = 0.3671, Val Loss = 0.4735, 
MIoU = 0.6688, FWIoU = 0.7114, Acc = 0.8314, 
TE IoU = 0.7757, NEC IoU = 0.7060, LYM IoU = 0.5812, TAS IoU = 0.6121
2025-04-09 23:04:06,377 - INFO - 最新模型已保存
2025-04-09 23:06:29,249 - INFO - Epoch 3: Train Loss = 0.3327, Val Loss = 0.4523, 
MIoU = 0.6810, FWIoU = 0.7230, Acc = 0.8393, 
TE IoU = 0.7779, NEC IoU = 0.7216, LYM IoU = 0.6140, TAS IoU = 0.6102
2025-04-09 23:06:29,600 - INFO - 最优模型已保存
2025-04-09 23:06:29,951 - INFO - 最新模型已保存
2025-04-09 23:08:54,809 - INFO - Epoch 4: Train Loss = 0.2987, Val Loss = 0.4809, 
MIoU = 0.6707, FWIoU = 0.7191, Acc = 0.8355, 
TE IoU = 0.7784, NEC IoU = 0.7171, LYM IoU = 0.6145, TAS IoU = 0.5731
2025-04-09 23:08:55,170 - INFO - 最新模型已保存
2025-04-09 23:11:20,538 - INFO - Epoch 5: Train Loss = 0.2830, Val Loss = 0.5084, 
MIoU = 0.6701, FWIoU = 0.7147, Acc = 0.8338, 
TE IoU = 0.7790, NEC IoU = 0.7127, LYM IoU = 0.5748, TAS IoU = 0.6139
2025-04-09 23:11:20,891 - INFO - 最新模型已保存
2025-04-09 23:13:45,050 - INFO - Epoch 6: Train Loss = 0.2697, Val Loss = 0.4672, 
MIoU = 0.6773, FWIoU = 0.7256, Acc = 0.8400, 
TE IoU = 0.7952, NEC IoU = 0.7193, LYM IoU = 0.5955, TAS IoU = 0.5990
2025-04-09 23:13:45,420 - INFO - 最新模型已保存
2025-04-09 23:16:09,126 - INFO - Epoch 7: Train Loss = 0.2544, Val Loss = 0.5187, 
MIoU = 0.6622, FWIoU = 0.7152, Acc = 0.8338, 
TE IoU = 0.7831, NEC IoU = 0.7133, LYM IoU = 0.5855, TAS IoU = 0.5669
2025-04-09 23:16:09,502 - INFO - 最新模型已保存
2025-04-09 23:18:32,577 - INFO - Epoch 8: Train Loss = 0.2440, Val Loss = 0.4990, 
MIoU = 0.6741, FWIoU = 0.7187, Acc = 0.8359, 
TE IoU = 0.7805, NEC IoU = 0.7171, LYM IoU = 0.5884, TAS IoU = 0.6105
2025-04-09 23:18:32,945 - INFO - 最新模型已保存
2025-04-09 23:20:57,838 - INFO - Epoch 9: Train Loss = 0.2330, Val Loss = 0.5111, 
MIoU = 0.6727, FWIoU = 0.7195, Acc = 0.8369, 
TE IoU = 0.7818, NEC IoU = 0.7172, LYM IoU = 0.5975, TAS IoU = 0.5941
2025-04-09 23:20:58,198 - INFO - 最新模型已保存
2025-04-09 23:23:17,837 - INFO - Epoch 10: Train Loss = 0.2237, Val Loss = 0.4955, 
MIoU = 0.6742, FWIoU = 0.7199, Acc = 0.8365, 
TE IoU = 0.7837, NEC IoU = 0.7155, LYM IoU = 0.5978, TAS IoU = 0.5999
2025-04-09 23:23:18,203 - INFO - 最新模型已保存
2025-04-09 23:23:30,414 - INFO - 最优模型测试结果: MIoU = 0.6946, FWIoU = 0.7427, Acc = 0.8516, TE IoU = 0.7951, NEC IoU = 0.7280, LYM IoU = 0.6272, TAS IoU = 0.6280
2025-04-09 23:23:42,334 - INFO - 最新模型测试结果: MIoU = 0.7037, FWIoU = 0.7455, Acc = 0.8533, TE IoU = 0.7958, NEC IoU = 0.7350, LYM IoU = 0.5992, TAS IoU = 0.6846
