2025-03-05 20:25:58,309 - INFO - 训练开始
2025-03-05 20:25:58,309 - INFO - 训练参数: {'onss': False, 'Grad_CAM_pp': False, 'batch_size': 20, 'num_workers': 10, 'learning_rate': 0.005, 'num_epochs': 15, 'num_classes': 4, 'weight_decay': 0.0005, 'momentum': 0.9, 'log_dir': './runs', 'checkpoint': 'checkpoints/stage2'}
2025-03-05 20:27:35,944 - INFO - Epoch 1: Train Loss = 0.5418, Val Loss = 0.4852, 
MIoU = 0.6033, FWIoU = 0.6419, Acc = 0.7816, 
TE IoU = 0.6274, NEC IoU = 0.4658, LYM IoU = 0.6588, TAS IoU = 0.6611
2025-03-05 20:27:36,404 - INFO - 最优模型已保存
2025-03-05 20:27:36,718 - INFO - 最新模型已保存
2025-03-05 20:29:15,009 - INFO - Epoch 2: Train Loss = 0.4481, Val Loss = 0.3912, 
MIoU = 0.6846, FWIoU = 0.7142, Acc = 0.8328, 
TE IoU = 0.7232, NEC IoU = 0.6596, LYM IoU = 0.6400, TAS IoU = 0.7156
2025-03-05 20:29:15,363 - INFO - 最优模型已保存
2025-03-05 20:29:15,714 - INFO - 最新模型已保存
2025-03-05 20:30:27,608 - INFO - Epoch 3: Train Loss = 0.4117, Val Loss = 0.4062, 
MIoU = 0.6983, FWIoU = 0.6990, Acc = 0.8235, 
TE IoU = 0.6828, NEC IoU = 0.7012, LYM IoU = 0.6940, TAS IoU = 0.7154
2025-03-05 20:30:27,938 - INFO - 最优模型已保存
2025-03-05 20:30:28,275 - INFO - 最新模型已保存
2025-03-05 20:31:43,297 - INFO - Epoch 4: Train Loss = 0.3897, Val Loss = 0.3703, 
MIoU = 0.7181, FWIoU = 0.7311, Acc = 0.8446, 
TE IoU = 0.7416, NEC IoU = 0.7146, LYM IoU = 0.6901, TAS IoU = 0.7260
2025-03-05 20:31:43,685 - INFO - 最优模型已保存
2025-03-05 20:31:44,038 - INFO - 最新模型已保存
2025-03-05 20:33:20,725 - INFO - Epoch 5: Train Loss = 0.3796, Val Loss = 0.4655, 
MIoU = 0.6834, FWIoU = 0.6799, Acc = 0.8118, 
TE IoU = 0.6449, NEC IoU = 0.6914, LYM IoU = 0.6839, TAS IoU = 0.7134
2025-03-05 20:33:21,107 - INFO - 最新模型已保存
2025-03-05 20:34:56,844 - INFO - Epoch 6: Train Loss = 0.3723, Val Loss = 0.3589, 
MIoU = 0.7268, FWIoU = 0.7387, Acc = 0.8496, 
TE IoU = 0.7387, NEC IoU = 0.7083, LYM IoU = 0.7182, TAS IoU = 0.7420
2025-03-05 20:34:57,204 - INFO - 最优模型已保存
2025-03-05 20:34:57,571 - INFO - 最新模型已保存
2025-03-05 20:36:32,380 - INFO - Epoch 7: Train Loss = 0.3625, Val Loss = 0.3875, 
MIoU = 0.7282, FWIoU = 0.7220, Acc = 0.8393, 
TE IoU = 0.7043, NEC IoU = 0.7359, LYM IoU = 0.7353, TAS IoU = 0.7375
2025-03-05 20:36:32,742 - INFO - 最优模型已保存
2025-03-05 20:36:33,102 - INFO - 最新模型已保存
2025-03-05 20:38:09,950 - INFO - Epoch 8: Train Loss = 0.3600, Val Loss = 0.3545, 
MIoU = 0.7398, FWIoU = 0.7397, Acc = 0.8503, 
TE IoU = 0.7334, NEC IoU = 0.7736, LYM IoU = 0.7038, TAS IoU = 0.7485
2025-03-05 20:38:10,360 - INFO - 最优模型已保存
2025-03-05 20:38:10,718 - INFO - 最新模型已保存
2025-03-05 20:39:47,565 - INFO - Epoch 9: Train Loss = 0.3513, Val Loss = 0.3620, 
MIoU = 0.7375, FWIoU = 0.7396, Acc = 0.8502, 
TE IoU = 0.7370, NEC IoU = 0.7619, LYM IoU = 0.7063, TAS IoU = 0.7450
2025-03-05 20:39:47,925 - INFO - 最新模型已保存
2025-03-05 20:41:25,330 - INFO - Epoch 10: Train Loss = 0.3491, Val Loss = 0.3610, 
MIoU = 0.7415, FWIoU = 0.7390, Acc = 0.8500, 
TE IoU = 0.7309, NEC IoU = 0.7723, LYM IoU = 0.7145, TAS IoU = 0.7484
2025-03-05 20:41:25,694 - INFO - 最优模型已保存
2025-03-05 20:41:26,036 - INFO - 最新模型已保存
2025-03-05 20:43:03,103 - INFO - Epoch 11: Train Loss = 0.3430, Val Loss = 0.3725, 
MIoU = 0.7432, FWIoU = 0.7317, Acc = 0.8455, 
TE IoU = 0.7165, NEC IoU = 0.7866, LYM IoU = 0.7242, TAS IoU = 0.7453
2025-03-05 20:43:03,463 - INFO - 最优模型已保存
2025-03-05 20:43:03,795 - INFO - 最新模型已保存
2025-03-05 20:44:26,176 - INFO - Epoch 12: Train Loss = 0.3422, Val Loss = 0.3768, 
MIoU = 0.7382, FWIoU = 0.7294, Acc = 0.8440, 
TE IoU = 0.7151, NEC IoU = 0.7616, LYM IoU = 0.7343, TAS IoU = 0.7417
2025-03-05 20:44:26,516 - INFO - 最新模型已保存
2025-03-05 20:45:33,644 - INFO - Epoch 13: Train Loss = 0.3370, Val Loss = 0.3794, 
MIoU = 0.7363, FWIoU = 0.7301, Acc = 0.8443, 
TE IoU = 0.7177, NEC IoU = 0.7717, LYM IoU = 0.7134, TAS IoU = 0.7426
2025-03-05 20:45:33,975 - INFO - 最新模型已保存
2025-03-05 20:46:40,338 - INFO - Epoch 14: Train Loss = 0.3342, Val Loss = 0.3718, 
MIoU = 0.7426, FWIoU = 0.7353, Acc = 0.8477, 
TE IoU = 0.7260, NEC IoU = 0.7727, LYM IoU = 0.7277, TAS IoU = 0.7438
2025-03-05 20:46:40,652 - INFO - 最新模型已保存
2025-03-05 20:47:54,393 - INFO - Epoch 15: Train Loss = 0.3317, Val Loss = 0.3744, 
MIoU = 0.7433, FWIoU = 0.7342, Acc = 0.8470, 
TE IoU = 0.7231, NEC IoU = 0.7768, LYM IoU = 0.7293, TAS IoU = 0.7440
2025-03-05 20:47:54,828 - INFO - 最优模型已保存
2025-03-05 20:47:55,192 - INFO - 最新模型已保存
2025-03-05 20:47:59,367 - INFO - 最优模型测试结果: MIoU = 0.7597, FWIoU = 0.7500, Acc = 0.8563, TE IoU = 0.7739, NEC IoU = 0.8174, LYM IoU = 0.7313, TAS IoU = 0.7161
2025-03-05 20:48:03,560 - INFO - 最新模型测试结果: MIoU = 0.7597, FWIoU = 0.7500, Acc = 0.8563, TE IoU = 0.7739, NEC IoU = 0.8174, LYM IoU = 0.7313, TAS IoU = 0.7161

Epoch = 15
Multi-Layer