2025-02-18 22:30:31,245 - INFO - 训练开始
2025-02-18 22:30:31,245 - INFO - 训练参数: {'onss': False, 'Grad_CAM_pp': False, 'batch_size': 16, 'num_workers': 10, 'learning_rate': 0.003, 'num_epochs': 50, 'num_classes': 5, 'weight_decay': 0.0001, 'momentum': 0.9, 'log_dir': './runs', 'checkpoint': 'checkpoints/stage2', 'lr_scheduler': 'cosine', 'eta_min': 0.0001}
2025-02-18 22:31:43,907 - INFO - Epoch 1: Train Loss = 1.0489, Val Loss = 0.7458, 
MIoU = 0.5058, FWIoU = 0.5688, Acc = 0.7484, 
TE IoU = 0.6023, NEC IoU = 0.2956, LYM IoU = 0.5802, TAS IoU = 0.5453
2025-02-18 22:31:44,188 - INFO - 最优模型已保存
2025-02-18 22:31:44,448 - INFO - 最新模型已保存
2025-02-18 22:32:53,129 - INFO - Epoch 2: Train Loss = 0.9410, Val Loss = 0.7508, 
MIoU = 0.4866, FWIoU = 0.4748, Acc = 0.6984, 
TE IoU = 0.3691, NEC IoU = 0.3516, LYM IoU = 0.6630, TAS IoU = 0.5626
2025-02-18 22:32:53,435 - INFO - 最新模型已保存
2025-02-18 22:34:02,329 - INFO - Epoch 3: Train Loss = 0.8938, Val Loss = 0.6541, 
MIoU = 0.5491, FWIoU = 0.5879, Acc = 0.7746, 
TE IoU = 0.6403, NEC IoU = 0.4061, LYM IoU = 0.6090, TAS IoU = 0.5412
2025-02-18 22:34:02,640 - INFO - 最优模型已保存
2025-02-18 22:34:02,987 - INFO - 最新模型已保存
2025-02-18 22:35:10,824 - INFO - Epoch 4: Train Loss = 0.8660, Val Loss = 0.6314, 
MIoU = 0.5811, FWIoU = 0.6235, Acc = 0.7965, 
TE IoU = 0.6444, NEC IoU = 0.4610, LYM IoU = 0.6081, TAS IoU = 0.6110
2025-02-18 22:35:11,138 - INFO - 最优模型已保存
2025-02-18 22:35:11,444 - INFO - 最新模型已保存
2025-02-18 22:36:19,773 - INFO - Epoch 5: Train Loss = 0.8501, Val Loss = 0.7712, 
MIoU = 0.5070, FWIoU = 0.5787, Acc = 0.7562, 
TE IoU = 0.5598, NEC IoU = 0.3527, LYM IoU = 0.5011, TAS IoU = 0.6146
2025-02-18 22:36:20,074 - INFO - 最新模型已保存
2025-02-18 22:37:28,520 - INFO - Epoch 6: Train Loss = 0.8358, Val Loss = 0.6609, 
MIoU = 0.5525, FWIoU = 0.6275, Acc = 0.7968, 
TE IoU = 0.6357, NEC IoU = 0.3152, LYM IoU = 0.6273, TAS IoU = 0.6316
2025-02-18 22:37:28,996 - INFO - 最新模型已保存
2025-02-18 22:38:36,842 - INFO - Epoch 7: Train Loss = 0.8337, Val Loss = 0.6005, 
MIoU = 0.6082, FWIoU = 0.6446, Acc = 0.8042, 
TE IoU = 0.6264, NEC IoU = 0.4621, LYM IoU = 0.6786, TAS IoU = 0.6658
2025-02-18 22:38:37,143 - INFO - 最优模型已保存
2025-02-18 22:38:37,427 - INFO - 最新模型已保存
2025-02-18 22:39:46,473 - INFO - Epoch 8: Train Loss = 0.8169, Val Loss = 0.5943, 
MIoU = 0.6282, FWIoU = 0.6627, Acc = 0.8138, 
TE IoU = 0.6583, NEC IoU = 0.5055, LYM IoU = 0.6775, TAS IoU = 0.6715
2025-02-18 22:39:46,753 - INFO - 最优模型已保存
2025-02-18 22:39:47,037 - INFO - 最新模型已保存
2025-02-18 22:40:57,493 - INFO - Epoch 9: Train Loss = 0.8102, Val Loss = 0.6033, 
MIoU = 0.6331, FWIoU = 0.6611, Acc = 0.8169, 
TE IoU = 0.6965, NEC IoU = 0.5138, LYM IoU = 0.6933, TAS IoU = 0.6285
2025-02-18 22:40:57,817 - INFO - 最优模型已保存
2025-02-18 22:40:58,104 - INFO - 最新模型已保存
2025-02-18 22:42:08,936 - INFO - Epoch 10: Train Loss = 0.7975, Val Loss = 0.5023, 
MIoU = 0.6414, FWIoU = 0.6948, Acc = 0.8408, 
TE IoU = 0.7047, NEC IoU = 0.4696, LYM IoU = 0.6978, TAS IoU = 0.6935
2025-02-18 22:42:09,246 - INFO - 最优模型已保存
2025-02-18 22:42:09,537 - INFO - 最新模型已保存
2025-02-18 22:43:19,618 - INFO - Epoch 11: Train Loss = 0.7886, Val Loss = 0.5577, 
MIoU = 0.6475, FWIoU = 0.6720, Acc = 0.8220, 
TE IoU = 0.6613, NEC IoU = 0.5665, LYM IoU = 0.6761, TAS IoU = 0.6861
2025-02-18 22:43:19,921 - INFO - 最优模型已保存
2025-02-18 22:43:20,210 - INFO - 最新模型已保存
2025-02-18 22:44:31,189 - INFO - Epoch 12: Train Loss = 0.7861, Val Loss = 0.5754, 
MIoU = 0.6443, FWIoU = 0.6734, Acc = 0.8204, 
TE IoU = 0.6765, NEC IoU = 0.5770, LYM IoU = 0.6466, TAS IoU = 0.6770
2025-02-18 22:44:31,485 - INFO - 最新模型已保存
2025-02-18 22:45:42,487 - INFO - Epoch 13: Train Loss = 0.7814, Val Loss = 0.5355, 
MIoU = 0.6548, FWIoU = 0.6792, Acc = 0.8282, 
TE IoU = 0.6694, NEC IoU = 0.6105, LYM IoU = 0.6439, TAS IoU = 0.6954
2025-02-18 22:45:42,792 - INFO - 最优模型已保存
2025-02-18 22:45:43,077 - INFO - 最新模型已保存
2025-02-18 22:46:53,091 - INFO - Epoch 14: Train Loss = 0.7731, Val Loss = 0.5845, 
MIoU = 0.6693, FWIoU = 0.6644, Acc = 0.8121, 
TE IoU = 0.6302, NEC IoU = 0.6433, LYM IoU = 0.7102, TAS IoU = 0.6938
2025-02-18 22:46:53,420 - INFO - 最优模型已保存
2025-02-18 22:46:53,707 - INFO - 最新模型已保存
2025-02-18 22:48:03,959 - INFO - Epoch 15: Train Loss = 0.7696, Val Loss = 0.5503, 
MIoU = 0.6713, FWIoU = 0.6870, Acc = 0.8290, 
TE IoU = 0.6862, NEC IoU = 0.6290, LYM IoU = 0.6792, TAS IoU = 0.6908
2025-02-18 22:48:04,265 - INFO - 最优模型已保存
2025-02-18 22:48:04,552 - INFO - 最新模型已保存
2025-02-18 22:49:15,212 - INFO - Epoch 16: Train Loss = 0.7675, Val Loss = 0.5444, 
MIoU = 0.6677, FWIoU = 0.6805, Acc = 0.8272, 
TE IoU = 0.6679, NEC IoU = 0.5974, LYM IoU = 0.7128, TAS IoU = 0.6925
2025-02-18 22:49:15,525 - INFO - 最新模型已保存
2025-02-18 22:50:24,655 - INFO - Epoch 17: Train Loss = 0.7611, Val Loss = 0.5331, 
MIoU = 0.6729, FWIoU = 0.6918, Acc = 0.8330, 
TE IoU = 0.6863, NEC IoU = 0.5879, LYM IoU = 0.7193, TAS IoU = 0.6982
2025-02-18 22:50:24,964 - INFO - 最优模型已保存
2025-02-18 22:50:25,257 - INFO - 最新模型已保存
2025-02-18 22:51:33,198 - INFO - Epoch 18: Train Loss = 0.7569, Val Loss = 0.5255, 
MIoU = 0.6721, FWIoU = 0.6963, Acc = 0.8362, 
TE IoU = 0.6975, NEC IoU = 0.5931, LYM IoU = 0.6988, TAS IoU = 0.6989
2025-02-18 22:51:33,501 - INFO - 最新模型已保存
2025-02-18 22:52:41,679 - INFO - Epoch 19: Train Loss = 0.7552, Val Loss = 0.5633, 
MIoU = 0.6552, FWIoU = 0.6779, Acc = 0.8233, 
TE IoU = 0.6800, NEC IoU = 0.5912, LYM IoU = 0.6695, TAS IoU = 0.6801
2025-02-18 22:52:42,004 - INFO - 最新模型已保存
2025-02-18 22:53:51,067 - INFO - Epoch 20: Train Loss = 0.7510, Val Loss = 0.5744, 
MIoU = 0.6353, FWIoU = 0.6749, Acc = 0.8216, 
TE IoU = 0.6710, NEC IoU = 0.5184, LYM IoU = 0.6660, TAS IoU = 0.6858
2025-02-18 22:53:51,367 - INFO - 最新模型已保存
2025-02-18 22:55:00,217 - INFO - Epoch 21: Train Loss = 0.7508, Val Loss = 0.5288, 
MIoU = 0.6630, FWIoU = 0.6820, Acc = 0.8268, 
TE IoU = 0.6579, NEC IoU = 0.5701, LYM IoU = 0.7178, TAS IoU = 0.7061
2025-02-18 22:55:00,526 - INFO - 最新模型已保存
2025-02-18 22:56:09,035 - INFO - Epoch 22: Train Loss = 0.7443, Val Loss = 0.5437, 
MIoU = 0.6787, FWIoU = 0.6876, Acc = 0.8251, 
TE IoU = 0.6769, NEC IoU = 0.6119, LYM IoU = 0.7294, TAS IoU = 0.6966
2025-02-18 22:56:09,341 - INFO - 最优模型已保存
2025-02-18 22:56:09,642 - INFO - 最新模型已保存
2025-02-18 22:57:18,983 - INFO - Epoch 23: Train Loss = 0.7437, Val Loss = 0.5293, 
MIoU = 0.6865, FWIoU = 0.6937, Acc = 0.8314, 
TE IoU = 0.6888, NEC IoU = 0.6302, LYM IoU = 0.7301, TAS IoU = 0.6969
2025-02-18 22:57:19,295 - INFO - 最优模型已保存
2025-02-18 22:57:19,583 - INFO - 最新模型已保存
2025-02-18 22:58:30,618 - INFO - Epoch 24: Train Loss = 0.7412, Val Loss = 0.5489, 
MIoU = 0.6004, FWIoU = 0.6820, Acc = 0.8253, 
TE IoU = 0.6789, NEC IoU = 0.3134, LYM IoU = 0.7138, TAS IoU = 0.6958
2025-02-18 22:58:30,945 - INFO - 最新模型已保存
2025-02-18 22:59:41,509 - INFO - Epoch 25: Train Loss = 0.7361, Val Loss = 0.5424, 
MIoU = 0.6900, FWIoU = 0.6839, Acc = 0.8269, 
TE IoU = 0.6612, NEC IoU = 0.6685, LYM IoU = 0.7281, TAS IoU = 0.7020
2025-02-18 22:59:41,819 - INFO - 最优模型已保存
2025-02-18 22:59:42,110 - INFO - 最新模型已保存
2025-02-18 23:00:48,146 - INFO - Epoch 26: Train Loss = 0.7350, Val Loss = 0.5468, 
MIoU = 0.6661, FWIoU = 0.6734, Acc = 0.8183, 
TE IoU = 0.6473, NEC IoU = 0.6029, LYM IoU = 0.7171, TAS IoU = 0.6969
2025-02-18 23:00:48,451 - INFO - 最新模型已保存
2025-02-18 23:01:54,585 - INFO - Epoch 27: Train Loss = 0.7320, Val Loss = 0.5828, 
MIoU = 0.6594, FWIoU = 0.6758, Acc = 0.8193, 
TE IoU = 0.6682, NEC IoU = 0.5567, LYM IoU = 0.7309, TAS IoU = 0.6817
2025-02-18 23:01:54,886 - INFO - 最新模型已保存
2025-02-18 23:03:00,538 - INFO - Epoch 28: Train Loss = 0.7296, Val Loss = 0.5108, 
MIoU = 0.6983, FWIoU = 0.6924, Acc = 0.8327, 
TE IoU = 0.6787, NEC IoU = 0.6917, LYM IoU = 0.7200, TAS IoU = 0.7029
2025-02-18 23:03:00,834 - INFO - 最优模型已保存
2025-02-18 23:03:01,127 - INFO - 最新模型已保存
2025-02-18 23:04:06,410 - INFO - Epoch 29: Train Loss = 0.7291, Val Loss = 0.5286, 
MIoU = 0.6729, FWIoU = 0.6828, Acc = 0.8274, 
TE IoU = 0.6672, NEC IoU = 0.5992, LYM IoU = 0.7292, TAS IoU = 0.6962
2025-02-18 23:04:06,718 - INFO - 最新模型已保存
2025-02-18 23:05:12,089 - INFO - Epoch 30: Train Loss = 0.7257, Val Loss = 0.5493, 
MIoU = 0.6876, FWIoU = 0.6817, Acc = 0.8226, 
TE IoU = 0.6657, NEC IoU = 0.6549, LYM IoU = 0.7376, TAS IoU = 0.6922
2025-02-18 23:05:12,405 - INFO - 最新模型已保存
2025-02-18 23:06:20,192 - INFO - Epoch 31: Train Loss = 0.7232, Val Loss = 0.5083, 
MIoU = 0.7021, FWIoU = 0.6941, Acc = 0.8327, 
TE IoU = 0.6963, NEC IoU = 0.6960, LYM IoU = 0.7279, TAS IoU = 0.6881
2025-02-18 23:06:20,495 - INFO - 最优模型已保存
2025-02-18 23:06:20,790 - INFO - 最新模型已保存
2025-02-18 23:07:26,001 - INFO - Epoch 32: Train Loss = 0.7225, Val Loss = 0.5398, 
MIoU = 0.6816, FWIoU = 0.6848, Acc = 0.8264, 
TE IoU = 0.6672, NEC IoU = 0.6371, LYM IoU = 0.7223, TAS IoU = 0.6998
2025-02-18 23:07:26,323 - INFO - 最新模型已保存
2025-02-18 23:08:30,798 - INFO - Epoch 33: Train Loss = 0.7223, Val Loss = 0.5250, 
MIoU = 0.6811, FWIoU = 0.6882, Acc = 0.8288, 
TE IoU = 0.6742, NEC IoU = 0.6146, LYM IoU = 0.7362, TAS IoU = 0.6995
2025-02-18 23:08:31,109 - INFO - 最新模型已保存
2025-02-18 23:09:24,983 - INFO - Epoch 34: Train Loss = 0.7184, Val Loss = 0.5249, 
MIoU = 0.6963, FWIoU = 0.6965, Acc = 0.8332, 
TE IoU = 0.6880, NEC IoU = 0.6542, LYM IoU = 0.7415, TAS IoU = 0.7015
2025-02-18 23:09:25,302 - INFO - 最新模型已保存
2025-02-18 23:10:22,136 - INFO - Epoch 35: Train Loss = 0.7181, Val Loss = 0.5367, 
MIoU = 0.6911, FWIoU = 0.6909, Acc = 0.8293, 
TE IoU = 0.6829, NEC IoU = 0.6559, LYM IoU = 0.7297, TAS IoU = 0.6958
2025-02-18 23:10:22,447 - INFO - 最新模型已保存
2025-02-18 23:11:16,301 - INFO - Epoch 36: Train Loss = 0.7152, Val Loss = 0.5197, 
MIoU = 0.7033, FWIoU = 0.6990, Acc = 0.8361, 
TE IoU = 0.6927, NEC IoU = 0.6810, LYM IoU = 0.7377, TAS IoU = 0.7017
2025-02-18 23:11:16,610 - INFO - 最优模型已保存
2025-02-18 23:11:16,900 - INFO - 最新模型已保存
2025-02-18 23:12:10,016 - INFO - Epoch 37: Train Loss = 0.7158, Val Loss = 0.5144, 
MIoU = 0.7012, FWIoU = 0.6994, Acc = 0.8372, 
TE IoU = 0.6935, NEC IoU = 0.6609, LYM IoU = 0.7493, TAS IoU = 0.7011
2025-02-18 23:12:10,343 - INFO - 最新模型已保存
2025-02-18 23:13:06,315 - INFO - Epoch 38: Train Loss = 0.7141, Val Loss = 0.5193, 
MIoU = 0.6857, FWIoU = 0.6906, Acc = 0.8303, 
TE IoU = 0.6744, NEC IoU = 0.6353, LYM IoU = 0.7287, TAS IoU = 0.7044
2025-02-18 23:13:06,629 - INFO - 最新模型已保存
2025-02-18 23:14:00,608 - INFO - Epoch 39: Train Loss = 0.7107, Val Loss = 0.5291, 
MIoU = 0.6901, FWIoU = 0.6854, Acc = 0.8281, 
TE IoU = 0.6631, NEC IoU = 0.6583, LYM IoU = 0.7362, TAS IoU = 0.7028
2025-02-18 23:14:00,915 - INFO - 最新模型已保存
2025-02-18 23:15:06,644 - INFO - Epoch 40: Train Loss = 0.7091, Val Loss = 0.5083, 
MIoU = 0.7008, FWIoU = 0.6975, Acc = 0.8351, 
TE IoU = 0.6905, NEC IoU = 0.6782, LYM IoU = 0.7335, TAS IoU = 0.7011
2025-02-18 23:15:06,963 - INFO - 最新模型已保存
2025-02-18 23:16:14,062 - INFO - Epoch 41: Train Loss = 0.7090, Val Loss = 0.5336, 
MIoU = 0.6950, FWIoU = 0.6799, Acc = 0.8244, 
TE IoU = 0.6493, NEC IoU = 0.6871, LYM IoU = 0.7408, TAS IoU = 0.7029
2025-02-18 23:16:14,496 - INFO - 最新模型已保存
2025-02-18 23:17:20,242 - INFO - Epoch 42: Train Loss = 0.7085, Val Loss = 0.5358, 
MIoU = 0.6905, FWIoU = 0.6874, Acc = 0.8278, 
TE IoU = 0.6679, NEC IoU = 0.6469, LYM IoU = 0.7454, TAS IoU = 0.7016
2025-02-18 23:17:20,560 - INFO - 最新模型已保存
2025-02-18 23:18:27,846 - INFO - Epoch 43: Train Loss = 0.7095, Val Loss = 0.5313, 
MIoU = 0.7067, FWIoU = 0.6899, Acc = 0.8284, 
TE IoU = 0.6720, NEC IoU = 0.7143, LYM IoU = 0.7393, TAS IoU = 0.7012
2025-02-18 23:18:28,288 - INFO - 最优模型已保存
2025-02-18 23:18:28,768 - INFO - 最新模型已保存
2025-02-18 23:19:35,048 - INFO - Epoch 44: Train Loss = 0.7081, Val Loss = 0.5208, 
MIoU = 0.6832, FWIoU = 0.6898, Acc = 0.8303, 
TE IoU = 0.6762, NEC IoU = 0.6192, LYM IoU = 0.7365, TAS IoU = 0.7006
2025-02-18 23:19:35,359 - INFO - 最新模型已保存
2025-02-18 23:20:41,274 - INFO - Epoch 45: Train Loss = 0.7087, Val Loss = 0.5339, 
MIoU = 0.6891, FWIoU = 0.6880, Acc = 0.8284, 
TE IoU = 0.6717, NEC IoU = 0.6492, LYM IoU = 0.7352, TAS IoU = 0.7003
2025-02-18 23:20:41,611 - INFO - 最新模型已保存
2025-02-18 23:21:48,327 - INFO - Epoch 46: Train Loss = 0.7053, Val Loss = 0.5139, 
MIoU = 0.6993, FWIoU = 0.6955, Acc = 0.8335, 
TE IoU = 0.6822, NEC IoU = 0.6697, LYM IoU = 0.7408, TAS IoU = 0.7046
2025-02-18 23:21:48,639 - INFO - 最新模型已保存
2025-02-18 23:22:55,768 - INFO - Epoch 47: Train Loss = 0.7056, Val Loss = 0.5256, 
MIoU = 0.6767, FWIoU = 0.6852, Acc = 0.8279, 
TE IoU = 0.6702, NEC IoU = 0.6148, LYM IoU = 0.7236, TAS IoU = 0.6984
2025-02-18 23:22:56,089 - INFO - 最新模型已保存
2025-02-18 23:24:01,899 - INFO - Epoch 48: Train Loss = 0.7047, Val Loss = 0.5334, 
MIoU = 0.6817, FWIoU = 0.6904, Acc = 0.8288, 
TE IoU = 0.6789, NEC IoU = 0.6100, LYM IoU = 0.7381, TAS IoU = 0.6996
2025-02-18 23:24:02,220 - INFO - 最新模型已保存
2025-02-18 23:25:08,212 - INFO - Epoch 49: Train Loss = 0.7038, Val Loss = 0.5374, 
MIoU = 0.6797, FWIoU = 0.6841, Acc = 0.8258, 
TE IoU = 0.6647, NEC IoU = 0.6179, LYM IoU = 0.7360, TAS IoU = 0.7001
2025-02-18 23:25:08,527 - INFO - 最新模型已保存
2025-02-18 23:26:14,767 - INFO - Epoch 50: Train Loss = 0.7029, Val Loss = 0.5279, 
MIoU = 0.6784, FWIoU = 0.6843, Acc = 0.8267, 
TE IoU = 0.6629, NEC IoU = 0.6116, LYM IoU = 0.7366, TAS IoU = 0.7023
2025-02-18 23:26:15,078 - INFO - 最新模型已保存
2025-02-18 23:26:18,552 - INFO - 最优模型测试结果: MIoU = 0.7021, FWIoU = 0.7019, Acc = 0.8350, TE IoU = 0.7310, NEC IoU = 0.7064, LYM IoU = 0.7038, TAS IoU = 0.6672
2025-02-18 23:26:22,109 - INFO - 最新模型测试结果: MIoU = 0.6996, FWIoU = 0.7049, Acc = 0.8382, TE IoU = 0.7309, NEC IoU = 0.6686, LYM IoU = 0.7221, TAS IoU = 0.6766
