2025-04-16 22:32:18,689 - INFO - 训练开始
2025-04-16 22:32:18,689 - INFO - 训练参数:
{   'Grad_CAM_pp': False,
    'batch_size': 20,
    'checkpoint': 'checkpoints/stage2',
    'dataroot': 'datasets/LUAD-HistoSeg',
    'dataset': 'luad',
    'encoder': 'timm-resnest101e',
    'learning_rate': 0.005,
    'log_dir': './runs',
    'model': 'pspnet',
    'momentum': 0.9,
    'num_classes': 4,
    'num_epochs': 10,
    'num_workers': 10,
    'onss': False,
    'weight_decay': 0.0005}
2025-04-16 22:33:22,819 - INFO - Epoch 1: Train Loss = 0.2453, Val Loss = 0.4103, 
MIoU = 0.7140, FWIoU = 0.7427, Acc = 0.8525, 
TE IoU = 0.7397, NEC IoU = 0.6183, LYM IoU = 0.7479, TAS IoU = 0.7499
2025-04-16 22:33:23,073 - INFO - 最优模型已保存
2025-04-16 22:33:23,291 - INFO - 最新模型已保存
2025-04-16 22:34:30,617 - INFO - Epoch 2: Train Loss = 0.1820, Val Loss = 0.4103, 
MIoU = 0.7176, FWIoU = 0.7422, Acc = 0.8520, 
TE IoU = 0.7419, NEC IoU = 0.6552, LYM IoU = 0.7255, TAS IoU = 0.7477
2025-04-16 22:34:30,968 - INFO - 最优模型已保存
2025-04-16 22:34:31,267 - INFO - 最新模型已保存
2025-04-16 22:35:35,254 - INFO - Epoch 3: Train Loss = 0.1659, Val Loss = 0.4091, 
MIoU = 0.7284, FWIoU = 0.7424, Acc = 0.8524, 
TE IoU = 0.7359, NEC IoU = 0.6911, LYM IoU = 0.7351, TAS IoU = 0.7516
2025-04-16 22:35:35,598 - INFO - 最优模型已保存
2025-04-16 22:35:35,914 - INFO - 最新模型已保存
2025-04-16 22:36:39,051 - INFO - Epoch 4: Train Loss = 0.1590, Val Loss = 0.3948, 
MIoU = 0.7342, FWIoU = 0.7492, Acc = 0.8565, 
TE IoU = 0.7473, NEC IoU = 0.7068, LYM IoU = 0.7279, TAS IoU = 0.7549
2025-04-16 22:36:39,394 - INFO - 最优模型已保存
2025-04-16 22:36:39,720 - INFO - 最新模型已保存
2025-04-16 22:37:44,069 - INFO - Epoch 5: Train Loss = 0.1499, Val Loss = 0.4158, 
MIoU = 0.7175, FWIoU = 0.7337, Acc = 0.8467, 
TE IoU = 0.7234, NEC IoU = 0.6647, LYM IoU = 0.7357, TAS IoU = 0.7463
2025-04-16 22:37:44,427 - INFO - 最新模型已保存
2025-04-16 22:38:49,161 - INFO - Epoch 6: Train Loss = 0.1459, Val Loss = 0.4017, 
MIoU = 0.7389, FWIoU = 0.7479, Acc = 0.8560, 
TE IoU = 0.7405, NEC IoU = 0.7095, LYM IoU = 0.7490, TAS IoU = 0.7566
2025-04-16 22:38:49,494 - INFO - 最优模型已保存
2025-04-16 22:38:49,829 - INFO - 最新模型已保存
2025-04-16 22:39:54,729 - INFO - Epoch 7: Train Loss = 0.1396, Val Loss = 0.4129, 
MIoU = 0.7360, FWIoU = 0.7467, Acc = 0.8552, 
TE IoU = 0.7402, NEC IoU = 0.7015, LYM IoU = 0.7477, TAS IoU = 0.7548
2025-04-16 22:39:55,069 - INFO - 最新模型已保存
2025-04-16 22:40:58,443 - INFO - Epoch 8: Train Loss = 0.1376, Val Loss = 0.4565, 
MIoU = 0.7312, FWIoU = 0.7350, Acc = 0.8479, 
TE IoU = 0.7190, NEC IoU = 0.7129, LYM IoU = 0.7420, TAS IoU = 0.7509
2025-04-16 22:40:58,785 - INFO - 最新模型已保存
2025-04-16 22:42:03,625 - INFO - Epoch 9: Train Loss = 0.1335, Val Loss = 0.4273, 
MIoU = 0.7427, FWIoU = 0.7455, Acc = 0.8546, 
TE IoU = 0.7337, NEC IoU = 0.7210, LYM IoU = 0.7595, TAS IoU = 0.7566
2025-04-16 22:42:03,945 - INFO - 最优模型已保存
2025-04-16 22:42:04,269 - INFO - 最新模型已保存
2025-04-16 22:43:11,644 - INFO - Epoch 10: Train Loss = 0.1314, Val Loss = 0.4126, 
MIoU = 0.7444, FWIoU = 0.7506, Acc = 0.8577, 
TE IoU = 0.7428, NEC IoU = 0.7204, LYM IoU = 0.7554, TAS IoU = 0.7588
2025-04-16 22:43:12,037 - INFO - 最优模型已保存
2025-04-16 22:43:12,367 - INFO - 最新模型已保存
2025-04-16 22:43:15,020 - INFO - 最优模型测试结果: MIoU = 0.7690, FWIoU = 0.7609, Acc = 0.8634, TE IoU = 0.7839, NEC IoU = 0.8178, LYM IoU = 0.7453, TAS IoU = 0.7289
2025-04-16 22:43:17,623 - INFO - 最新模型测试结果: MIoU = 0.7690, FWIoU = 0.7609, Acc = 0.8634, TE IoU = 0.7839, NEC IoU = 0.8178, LYM IoU = 0.7453, TAS IoU = 0.7289

ONSS + 多层 
loss = 0.6 * bn7 + 0.2 * b5_2 + 0.2 * b4_5