2025-03-05 19:37:32,799 - INFO - 训练开始
2025-03-05 19:37:32,799 - INFO - 训练参数: {'onss': False, 'Grad_CAM_pp': False, 'batch_size': 20, 'num_workers': 10, 'learning_rate': 0.005, 'num_epochs': 10, 'num_classes': 4, 'weight_decay': 0.0005, 'momentum': 0.9, 'log_dir': './runs', 'checkpoint': 'checkpoints/stage2'}
2025-03-05 19:38:39,263 - INFO - Epoch 1: Train Loss = 0.5451, Val Loss = 0.4850, 
MIoU = 0.5876, FWIoU = 0.6506, Acc = 0.7884, 
TE IoU = 0.6424, NEC IoU = 0.4991, LYM IoU = 0.5312, TAS IoU = 0.6777
2025-03-05 19:38:39,519 - INFO - 最优模型已保存
2025-03-05 19:38:39,822 - INFO - 最新模型已保存
2025-03-05 19:39:46,089 - INFO - Epoch 2: Train Loss = 0.4417, Val Loss = 0.3996, 
MIoU = 0.6874, FWIoU = 0.7139, Acc = 0.8330, 
TE IoU = 0.7124, NEC IoU = 0.6032, LYM IoU = 0.7143, TAS IoU = 0.7195
2025-03-05 19:39:46,446 - INFO - 最优模型已保存
2025-03-05 19:39:46,781 - INFO - 最新模型已保存
2025-03-05 19:40:55,237 - INFO - Epoch 3: Train Loss = 0.4088, Val Loss = 0.3949, 
MIoU = 0.6953, FWIoU = 0.7175, Acc = 0.8357, 
TE IoU = 0.7173, NEC IoU = 0.6535, LYM IoU = 0.6867, TAS IoU = 0.7237
2025-03-05 19:40:55,585 - INFO - 最优模型已保存
2025-03-05 19:40:55,923 - INFO - 最新模型已保存
2025-03-05 19:42:02,141 - INFO - Epoch 4: Train Loss = 0.3877, Val Loss = 0.3962, 
MIoU = 0.6857, FWIoU = 0.7168, Acc = 0.8352, 
TE IoU = 0.7204, NEC IoU = 0.5946, LYM IoU = 0.7087, TAS IoU = 0.7190
2025-03-05 19:42:02,465 - INFO - 最新模型已保存
2025-03-05 19:43:08,747 - INFO - Epoch 5: Train Loss = 0.3778, Val Loss = 0.4086, 
MIoU = 0.6896, FWIoU = 0.7051, Acc = 0.8272, 
TE IoU = 0.6902, NEC IoU = 0.6906, LYM IoU = 0.6514, TAS IoU = 0.7261
2025-03-05 19:43:09,089 - INFO - 最新模型已保存
2025-03-05 19:44:14,945 - INFO - Epoch 6: Train Loss = 0.3688, Val Loss = 0.3729, 
MIoU = 0.7157, FWIoU = 0.7280, Acc = 0.8428, 
TE IoU = 0.7190, NEC IoU = 0.6932, LYM IoU = 0.7105, TAS IoU = 0.7400
2025-03-05 19:44:15,286 - INFO - 最优模型已保存
2025-03-05 19:44:15,627 - INFO - 最新模型已保存
2025-03-05 19:45:22,644 - INFO - Epoch 7: Train Loss = 0.3613, Val Loss = 0.3729, 
MIoU = 0.7191, FWIoU = 0.7269, Acc = 0.8418, 
TE IoU = 0.7230, NEC IoU = 0.7179, LYM IoU = 0.7016, TAS IoU = 0.7339
2025-03-05 19:45:22,997 - INFO - 最优模型已保存
2025-03-05 19:45:23,352 - INFO - 最新模型已保存
2025-03-05 19:46:29,891 - INFO - Epoch 8: Train Loss = 0.3560, Val Loss = 0.3719, 
MIoU = 0.7215, FWIoU = 0.7289, Acc = 0.8432, 
TE IoU = 0.7213, NEC IoU = 0.7293, LYM IoU = 0.6956, TAS IoU = 0.7400
2025-03-05 19:46:30,241 - INFO - 最优模型已保存
2025-03-05 19:46:30,647 - INFO - 最新模型已保存
2025-03-05 19:47:36,737 - INFO - Epoch 9: Train Loss = 0.3524, Val Loss = 0.3778, 
MIoU = 0.7158, FWIoU = 0.7238, Acc = 0.8400, 
TE IoU = 0.7137, NEC IoU = 0.6998, LYM IoU = 0.7139, TAS IoU = 0.7357
2025-03-05 19:47:37,089 - INFO - 最新模型已保存
2025-03-05 19:48:43,881 - INFO - Epoch 10: Train Loss = 0.3485, Val Loss = 0.3717, 
MIoU = 0.7274, FWIoU = 0.7284, Acc = 0.8431, 
TE IoU = 0.7185, NEC IoU = 0.7287, LYM IoU = 0.7238, TAS IoU = 0.7386
2025-03-05 19:48:44,275 - INFO - 最优模型已保存
2025-03-05 19:48:44,629 - INFO - 最新模型已保存
2025-03-05 19:48:47,941 - INFO - 最优模型测试结果: MIoU = 0.7511, FWIoU = 0.7441, Acc = 0.8525, TE IoU = 0.7715, NEC IoU = 0.8025, LYM IoU = 0.7205, TAS IoU = 0.7098
2025-03-05 19:48:51,416 - INFO - 最新模型测试结果: MIoU = 0.7511, FWIoU = 0.7441, Acc = 0.8525, TE IoU = 0.7715, NEC IoU = 0.8025, LYM IoU = 0.7205, TAS IoU = 0.7098

Epoch = 10
Multi-Layer 