2025-02-18 23:27:30,539 - INFO - 训练开始
2025-02-18 23:27:30,539 - INFO - 训练参数: {'onss': True, 'Grad_CAM_pp': False, 'batch_size': 16, 'num_workers': 10, 'learning_rate': 0.005, 'num_epochs': 50, 'num_classes': 5, 'weight_decay': 0.0001, 'momentum': 0.9, 'log_dir': './runs', 'checkpoint': 'checkpoints/stage2', 'lr_scheduler': 'cosine', 'eta_min': 0.0001}
2025-02-18 23:28:40,140 - INFO - Epoch 1: Train Loss = 0.7540, Val Loss = 0.2630, 
MIoU = 0.5289, FWIoU = 0.5298, Acc = 0.7332, 
TE IoU = 0.4569, NEC IoU = 0.4596, LYM IoU = 0.6032, TAS IoU = 0.5960
2025-02-18 23:28:40,421 - INFO - 最优模型已保存
2025-02-18 23:28:40,680 - INFO - 最新模型已保存
2025-02-18 23:29:48,194 - INFO - Epoch 2: Train Loss = 0.6715, Val Loss = 0.2767, 
MIoU = 0.4701, FWIoU = 0.5564, Acc = 0.7379, 
TE IoU = 0.5533, NEC IoU = 0.1731, LYM IoU = 0.5824, TAS IoU = 0.5714
2025-02-18 23:29:48,571 - INFO - 最新模型已保存
2025-02-18 23:30:56,827 - INFO - Epoch 3: Train Loss = 0.6412, Val Loss = 0.2296, 
MIoU = 0.5582, FWIoU = 0.6296, Acc = 0.8017, 
TE IoU = 0.6483, NEC IoU = 0.2923, LYM IoU = 0.6730, TAS IoU = 0.6194
2025-02-18 23:30:57,141 - INFO - 最优模型已保存
2025-02-18 23:30:57,492 - INFO - 最新模型已保存
2025-02-18 23:32:05,530 - INFO - Epoch 4: Train Loss = 0.6250, Val Loss = 0.2952, 
MIoU = 0.5717, FWIoU = 0.6197, Acc = 0.7885, 
TE IoU = 0.6337, NEC IoU = 0.3714, LYM IoU = 0.6720, TAS IoU = 0.6097
2025-02-18 23:32:05,842 - INFO - 最优模型已保存
2025-02-18 23:32:06,138 - INFO - 最新模型已保存
2025-02-18 23:33:14,106 - INFO - Epoch 5: Train Loss = 0.6144, Val Loss = 0.2507, 
MIoU = 0.5887, FWIoU = 0.6056, Acc = 0.7824, 
TE IoU = 0.5834, NEC IoU = 0.4714, LYM IoU = 0.6753, TAS IoU = 0.6249
2025-02-18 23:33:14,425 - INFO - 最优模型已保存
2025-02-18 23:33:14,727 - INFO - 最新模型已保存
2025-02-18 23:34:21,746 - INFO - Epoch 6: Train Loss = 0.6065, Val Loss = 0.2700, 
MIoU = 0.5263, FWIoU = 0.6117, Acc = 0.7853, 
TE IoU = 0.6105, NEC IoU = 0.3302, LYM IoU = 0.5319, TAS IoU = 0.6325
2025-02-18 23:34:22,043 - INFO - 最新模型已保存
2025-02-18 23:35:28,577 - INFO - Epoch 7: Train Loss = 0.5967, Val Loss = 0.2069, 
MIoU = 0.5766, FWIoU = 0.6399, Acc = 0.8050, 
TE IoU = 0.6409, NEC IoU = 0.4148, LYM IoU = 0.5985, TAS IoU = 0.6521
2025-02-18 23:35:28,890 - INFO - 最新模型已保存
2025-02-18 23:36:35,918 - INFO - Epoch 8: Train Loss = 0.5870, Val Loss = 0.2167, 
MIoU = 0.5965, FWIoU = 0.6441, Acc = 0.8030, 
TE IoU = 0.6461, NEC IoU = 0.4346, LYM IoU = 0.6565, TAS IoU = 0.6488
2025-02-18 23:36:36,234 - INFO - 最优模型已保存
2025-02-18 23:36:36,528 - INFO - 最新模型已保存
2025-02-18 23:37:43,409 - INFO - Epoch 9: Train Loss = 0.5783, Val Loss = 0.2469, 
MIoU = 0.5735, FWIoU = 0.6397, Acc = 0.7986, 
TE IoU = 0.6573, NEC IoU = 0.4295, LYM IoU = 0.5688, TAS IoU = 0.6384
2025-02-18 23:37:43,721 - INFO - 最新模型已保存
2025-02-18 23:38:51,295 - INFO - Epoch 10: Train Loss = 0.5699, Val Loss = 0.2114, 
MIoU = 0.5963, FWIoU = 0.6586, Acc = 0.8106, 
TE IoU = 0.6718, NEC IoU = 0.4422, LYM IoU = 0.6122, TAS IoU = 0.6592
2025-02-18 23:38:51,630 - INFO - 最新模型已保存
2025-02-18 23:40:00,037 - INFO - Epoch 11: Train Loss = 0.5685, Val Loss = 0.1776, 
MIoU = 0.6233, FWIoU = 0.6853, Acc = 0.8325, 
TE IoU = 0.6881, NEC IoU = 0.4559, LYM IoU = 0.6546, TAS IoU = 0.6947
2025-02-18 23:40:00,366 - INFO - 最优模型已保存
2025-02-18 23:40:00,682 - INFO - 最新模型已保存
2025-02-18 23:41:08,145 - INFO - Epoch 12: Train Loss = 0.5632, Val Loss = 0.2711, 
MIoU = 0.4751, FWIoU = 0.5201, Acc = 0.7256, 
TE IoU = 0.5980, NEC IoU = 0.1832, LYM IoU = 0.6801, TAS IoU = 0.4390
2025-02-18 23:41:08,462 - INFO - 最新模型已保存
2025-02-18 23:42:12,680 - INFO - Epoch 13: Train Loss = 0.5650, Val Loss = 0.2123, 
MIoU = 0.6273, FWIoU = 0.6506, Acc = 0.8098, 
TE IoU = 0.6436, NEC IoU = 0.5428, LYM IoU = 0.6625, TAS IoU = 0.6603
2025-02-18 23:42:12,985 - INFO - 最优模型已保存
2025-02-18 23:42:13,276 - INFO - 最新模型已保存
2025-02-18 23:43:18,829 - INFO - Epoch 14: Train Loss = 0.5542, Val Loss = 0.1791, 
MIoU = 0.6653, FWIoU = 0.6906, Acc = 0.8316, 
TE IoU = 0.6922, NEC IoU = 0.5755, LYM IoU = 0.7012, TAS IoU = 0.6923
2025-02-18 23:43:19,148 - INFO - 最优模型已保存
2025-02-18 23:43:19,453 - INFO - 最新模型已保存
2025-02-18 23:44:27,835 - INFO - Epoch 15: Train Loss = 0.5474, Val Loss = 0.2153, 
MIoU = 0.6518, FWIoU = 0.6785, Acc = 0.8228, 
TE IoU = 0.6874, NEC IoU = 0.5760, LYM IoU = 0.6691, TAS IoU = 0.6748
2025-02-18 23:44:28,150 - INFO - 最新模型已保存
2025-02-18 23:45:36,216 - INFO - Epoch 16: Train Loss = 0.5435, Val Loss = 0.1931, 
MIoU = 0.6570, FWIoU = 0.6851, Acc = 0.8279, 
TE IoU = 0.6963, NEC IoU = 0.5718, LYM IoU = 0.6810, TAS IoU = 0.6789
2025-02-18 23:45:36,526 - INFO - 最新模型已保存
2025-02-18 23:46:44,357 - INFO - Epoch 17: Train Loss = 0.5400, Val Loss = 0.1732, 
MIoU = 0.6637, FWIoU = 0.6990, Acc = 0.8364, 
TE IoU = 0.7067, NEC IoU = 0.5655, LYM IoU = 0.6843, TAS IoU = 0.6981
2025-02-18 23:46:44,667 - INFO - 最新模型已保存
2025-02-18 23:47:52,266 - INFO - Epoch 18: Train Loss = 0.5350, Val Loss = 0.1752, 
MIoU = 0.6705, FWIoU = 0.6934, Acc = 0.8355, 
TE IoU = 0.6878, NEC IoU = 0.5827, LYM IoU = 0.7103, TAS IoU = 0.7014
2025-02-18 23:47:52,636 - INFO - 最优模型已保存
2025-02-18 23:47:53,002 - INFO - 最新模型已保存
2025-02-18 23:49:02,729 - INFO - Epoch 19: Train Loss = 0.5351, Val Loss = 0.1902, 
MIoU = 0.6518, FWIoU = 0.6750, Acc = 0.8269, 
TE IoU = 0.6962, NEC IoU = 0.5648, LYM IoU = 0.6894, TAS IoU = 0.6569
2025-02-18 23:49:03,066 - INFO - 最新模型已保存
2025-02-18 23:50:11,048 - INFO - Epoch 20: Train Loss = 0.5317, Val Loss = 0.2009, 
MIoU = 0.6669, FWIoU = 0.6842, Acc = 0.8250, 
TE IoU = 0.6724, NEC IoU = 0.5896, LYM IoU = 0.7089, TAS IoU = 0.6967
2025-02-18 23:50:11,356 - INFO - 最新模型已保存
2025-02-18 23:51:19,418 - INFO - Epoch 21: Train Loss = 0.5260, Val Loss = 0.1760, 
MIoU = 0.6447, FWIoU = 0.6759, Acc = 0.8259, 
TE IoU = 0.7025, NEC IoU = 0.5301, LYM IoU = 0.6926, TAS IoU = 0.6536
2025-02-18 23:51:19,728 - INFO - 最新模型已保存
2025-02-18 23:52:27,498 - INFO - Epoch 22: Train Loss = 0.5287, Val Loss = 0.1822, 
MIoU = 0.6288, FWIoU = 0.6757, Acc = 0.8209, 
TE IoU = 0.7059, NEC IoU = 0.4590, LYM IoU = 0.6982, TAS IoU = 0.6520
2025-02-18 23:52:27,803 - INFO - 最新模型已保存
2025-02-18 23:53:34,793 - INFO - Epoch 23: Train Loss = 0.5269, Val Loss = 0.1940, 
MIoU = 0.6548, FWIoU = 0.6785, Acc = 0.8238, 
TE IoU = 0.6908, NEC IoU = 0.5840, LYM IoU = 0.6734, TAS IoU = 0.6708
2025-02-18 23:53:35,108 - INFO - 最新模型已保存
2025-02-18 23:54:42,586 - INFO - Epoch 24: Train Loss = 0.5209, Val Loss = 0.1894, 
MIoU = 0.6773, FWIoU = 0.6911, Acc = 0.8363, 
TE IoU = 0.6843, NEC IoU = 0.6106, LYM IoU = 0.7161, TAS IoU = 0.6981
2025-02-18 23:54:42,897 - INFO - 最优模型已保存
2025-02-18 23:54:43,195 - INFO - 最新模型已保存
2025-02-18 23:55:51,162 - INFO - Epoch 25: Train Loss = 0.5200, Val Loss = 0.1936, 
MIoU = 0.6686, FWIoU = 0.6851, Acc = 0.8258, 
TE IoU = 0.6696, NEC IoU = 0.6038, LYM IoU = 0.6993, TAS IoU = 0.7019
2025-02-18 23:55:51,495 - INFO - 最新模型已保存
2025-02-18 23:56:59,180 - INFO - Epoch 26: Train Loss = 0.5174, Val Loss = 0.2047, 
MIoU = 0.6651, FWIoU = 0.6706, Acc = 0.8199, 
TE IoU = 0.6519, NEC IoU = 0.6532, LYM IoU = 0.6650, TAS IoU = 0.6902
2025-02-18 23:56:59,491 - INFO - 最新模型已保存
2025-02-18 23:58:07,023 - INFO - Epoch 27: Train Loss = 0.5151, Val Loss = 0.1852, 
MIoU = 0.6777, FWIoU = 0.6831, Acc = 0.8230, 
TE IoU = 0.6698, NEC IoU = 0.6842, LYM IoU = 0.6577, TAS IoU = 0.6990
2025-02-18 23:58:07,339 - INFO - 最优模型已保存
2025-02-18 23:58:07,640 - INFO - 最新模型已保存
2025-02-18 23:59:16,023 - INFO - Epoch 28: Train Loss = 0.5129, Val Loss = 0.2174, 
MIoU = 0.6845, FWIoU = 0.6764, Acc = 0.8151, 
TE IoU = 0.6753, NEC IoU = 0.6651, LYM IoU = 0.7251, TAS IoU = 0.6726
2025-02-18 23:59:16,684 - INFO - 最优模型已保存
2025-02-18 23:59:17,322 - INFO - 最新模型已保存
2025-02-19 00:00:25,655 - INFO - Epoch 29: Train Loss = 0.5109, Val Loss = 0.1945, 
MIoU = 0.6725, FWIoU = 0.6780, Acc = 0.8202, 
TE IoU = 0.6635, NEC IoU = 0.6435, LYM IoU = 0.6906, TAS IoU = 0.6922
2025-02-19 00:00:25,969 - INFO - 最新模型已保存
2025-02-19 00:01:33,822 - INFO - Epoch 30: Train Loss = 0.5075, Val Loss = 0.1822, 
MIoU = 0.6699, FWIoU = 0.6862, Acc = 0.8260, 
TE IoU = 0.6795, NEC IoU = 0.6315, LYM IoU = 0.6723, TAS IoU = 0.6963
2025-02-19 00:01:34,228 - INFO - 最新模型已保存
2025-02-19 00:06:44,630 - INFO - Epoch 31: Train Loss = 0.5051, Val Loss = 0.1958, 
MIoU = 0.6573, FWIoU = 0.6787, Acc = 0.8251, 
TE IoU = 0.6619, NEC IoU = 0.5725, LYM IoU = 0.6976, TAS IoU = 0.6971
2025-02-19 00:06:45,150 - INFO - 最新模型已保存
2025-02-19 00:07:52,758 - INFO - Epoch 32: Train Loss = 0.5036, Val Loss = 0.1773, 
MIoU = 0.6755, FWIoU = 0.6820, Acc = 0.8273, 
TE IoU = 0.6675, NEC IoU = 0.6604, LYM IoU = 0.6764, TAS IoU = 0.6978
2025-02-19 00:07:53,288 - INFO - 最新模型已保存
2025-02-19 00:09:01,988 - INFO - Epoch 33: Train Loss = 0.5018, Val Loss = 0.1891, 
MIoU = 0.7026, FWIoU = 0.6954, Acc = 0.8333, 
TE IoU = 0.6893, NEC IoU = 0.6943, LYM IoU = 0.7290, TAS IoU = 0.6978
2025-02-19 00:09:02,295 - INFO - 最优模型已保存
2025-02-19 00:09:02,589 - INFO - 最新模型已保存
2025-02-19 00:10:11,020 - INFO - Epoch 34: Train Loss = 0.4995, Val Loss = 0.2030, 
MIoU = 0.6619, FWIoU = 0.6726, Acc = 0.8231, 
TE IoU = 0.6672, NEC IoU = 0.6177, LYM IoU = 0.6841, TAS IoU = 0.6787
2025-02-19 00:10:11,687 - INFO - 最新模型已保存
2025-02-19 00:11:18,764 - INFO - Epoch 35: Train Loss = 0.4993, Val Loss = 0.1925, 
MIoU = 0.6707, FWIoU = 0.6694, Acc = 0.8160, 
TE IoU = 0.6444, NEC IoU = 0.6494, LYM IoU = 0.6975, TAS IoU = 0.6916
2025-02-19 00:11:19,390 - INFO - 最新模型已保存
2025-02-19 00:12:28,407 - INFO - Epoch 36: Train Loss = 0.4969, Val Loss = 0.1979, 
MIoU = 0.6751, FWIoU = 0.6851, Acc = 0.8257, 
TE IoU = 0.6755, NEC IoU = 0.6242, LYM IoU = 0.7063, TAS IoU = 0.6946
2025-02-19 00:12:28,716 - INFO - 最新模型已保存
2025-02-19 00:13:36,418 - INFO - Epoch 37: Train Loss = 0.4970, Val Loss = 0.1791, 
MIoU = 0.6757, FWIoU = 0.6824, Acc = 0.8294, 
TE IoU = 0.6662, NEC IoU = 0.6470, LYM IoU = 0.6911, TAS IoU = 0.6987
2025-02-19 00:13:36,723 - INFO - 最新模型已保存
2025-02-19 00:14:30,325 - INFO - Epoch 38: Train Loss = 0.4945, Val Loss = 0.1879, 
MIoU = 0.6669, FWIoU = 0.6741, Acc = 0.8224, 
TE IoU = 0.6529, NEC IoU = 0.6310, LYM IoU = 0.6887, TAS IoU = 0.6949
2025-02-19 00:14:30,630 - INFO - 最新模型已保存
2025-02-19 00:15:26,947 - INFO - Epoch 39: Train Loss = 0.4933, Val Loss = 0.1833, 
MIoU = 0.6903, FWIoU = 0.6905, Acc = 0.8310, 
TE IoU = 0.6799, NEC IoU = 0.6780, LYM IoU = 0.7032, TAS IoU = 0.7000
2025-02-19 00:15:27,266 - INFO - 最新模型已保存
2025-02-19 00:16:23,924 - INFO - Epoch 40: Train Loss = 0.4920, Val Loss = 0.1812, 
MIoU = 0.6791, FWIoU = 0.6813, Acc = 0.8233, 
TE IoU = 0.6701, NEC IoU = 0.6550, LYM IoU = 0.7002, TAS IoU = 0.6911
2025-02-19 00:16:24,234 - INFO - 最新模型已保存
2025-02-19 00:17:17,411 - INFO - Epoch 41: Train Loss = 0.4910, Val Loss = 0.1766, 
MIoU = 0.6777, FWIoU = 0.6808, Acc = 0.8280, 
TE IoU = 0.6614, NEC IoU = 0.6622, LYM IoU = 0.6874, TAS IoU = 0.6998
2025-02-19 00:17:17,721 - INFO - 最新模型已保存
2025-02-19 00:18:10,086 - INFO - Epoch 42: Train Loss = 0.4922, Val Loss = 0.1784, 
MIoU = 0.6751, FWIoU = 0.6835, Acc = 0.8272, 
TE IoU = 0.6790, NEC IoU = 0.6480, LYM IoU = 0.6841, TAS IoU = 0.6892
2025-02-19 00:18:10,395 - INFO - 最新模型已保存
2025-02-19 00:18:58,622 - INFO - Epoch 43: Train Loss = 0.4913, Val Loss = 0.1736, 
MIoU = 0.6801, FWIoU = 0.6865, Acc = 0.8270, 
TE IoU = 0.6808, NEC IoU = 0.6559, LYM IoU = 0.6912, TAS IoU = 0.6927
2025-02-19 00:18:58,955 - INFO - 最新模型已保存
2025-02-19 00:19:53,486 - INFO - Epoch 44: Train Loss = 0.4906, Val Loss = 0.1737, 
MIoU = 0.6767, FWIoU = 0.6769, Acc = 0.8241, 
TE IoU = 0.6555, NEC IoU = 0.6566, LYM IoU = 0.6982, TAS IoU = 0.6963
2025-02-19 00:19:53,799 - INFO - 最新模型已保存
2025-02-19 00:20:41,608 - INFO - Epoch 45: Train Loss = 0.4877, Val Loss = 0.1838, 
MIoU = 0.6709, FWIoU = 0.6785, Acc = 0.8228, 
TE IoU = 0.6653, NEC IoU = 0.6435, LYM IoU = 0.6823, TAS IoU = 0.6925
2025-02-19 00:20:41,913 - INFO - 最新模型已保存
2025-02-19 00:21:35,323 - INFO - Epoch 46: Train Loss = 0.4889, Val Loss = 0.1828, 
MIoU = 0.6716, FWIoU = 0.6755, Acc = 0.8236, 
TE IoU = 0.6539, NEC IoU = 0.6484, LYM IoU = 0.6878, TAS IoU = 0.6965
2025-02-19 00:21:35,632 - INFO - 最新模型已保存
2025-02-19 00:22:32,847 - INFO - Epoch 47: Train Loss = 0.4869, Val Loss = 0.1840, 
MIoU = 0.6765, FWIoU = 0.6806, Acc = 0.8254, 
TE IoU = 0.6641, NEC IoU = 0.6531, LYM IoU = 0.6924, TAS IoU = 0.6964
2025-02-19 00:22:33,155 - INFO - 最新模型已保存
2025-02-19 00:23:26,615 - INFO - Epoch 48: Train Loss = 0.4859, Val Loss = 0.1882, 
MIoU = 0.6797, FWIoU = 0.6853, Acc = 0.8283, 
TE IoU = 0.6720, NEC IoU = 0.6524, LYM IoU = 0.6959, TAS IoU = 0.6985
2025-02-19 00:23:26,919 - INFO - 最新模型已保存
2025-02-19 00:24:18,804 - INFO - Epoch 49: Train Loss = 0.4865, Val Loss = 0.1841, 
MIoU = 0.6837, FWIoU = 0.6885, Acc = 0.8300, 
TE IoU = 0.6789, NEC IoU = 0.6501, LYM IoU = 0.7084, TAS IoU = 0.6973
2025-02-19 00:24:19,113 - INFO - 最新模型已保存
2025-02-19 00:25:12,454 - INFO - Epoch 50: Train Loss = 0.4878, Val Loss = 0.1806, 
MIoU = 0.6854, FWIoU = 0.6856, Acc = 0.8274, 
TE IoU = 0.6738, NEC IoU = 0.6817, LYM IoU = 0.6893, TAS IoU = 0.6969
2025-02-19 00:25:12,756 - INFO - 最新模型已保存
2025-02-19 00:25:15,913 - INFO - 最优模型测试结果: MIoU = 0.7090, FWIoU = 0.7093, Acc = 0.8404, TE IoU = 0.7386, NEC IoU = 0.7018, LYM IoU = 0.7229, TAS IoU = 0.6727
2025-02-19 00:25:18,860 - INFO - 最新模型测试结果: MIoU = 0.6980, FWIoU = 0.6967, Acc = 0.8317, TE IoU = 0.7235, NEC IoU = 0.7026, LYM IoU = 0.7031, TAS IoU = 0.6627
