2025-04-05 23:13:06,875 - INFO - 训练开始
2025-04-05 23:13:06,876 - INFO - 训练参数: {'onss': False, 'Grad_CAM_pp': False, 'batch_size': 20, 'num_workers': 10, 'learning_rate': 0.005, 'num_epochs': 10, 'num_classes': 4, 'weight_decay': 0.0005, 'momentum': 0.9, 'log_dir': './runs', 'checkpoint': 'checkpoints/stage2', 'dataroot': 'datasets/LUAD-HistoSeg', 'dataset': 'luad', 'model': 'unet', 'encoder': 'timm-resnest101e'}
2025-04-05 23:15:20,134 - INFO - Epoch 1: Train Loss = 0.4298, Val Loss = 0.4446, 
MIoU = 0.6489, FWIoU = 0.7116, Acc = 0.8322, 
TE IoU = 0.7131, NEC IoU = 0.5512, LYM IoU = 0.6029, TAS IoU = 0.7284
2025-04-05 23:15:20,456 - INFO - 最优模型已保存
2025-04-05 23:15:20,750 - INFO - 最新模型已保存
2025-04-05 23:17:31,913 - INFO - Epoch 2: Train Loss = 0.2410, Val Loss = 0.3719, 
MIoU = 0.7383, FWIoU = 0.7525, Acc = 0.8587, 
TE IoU = 0.7562, NEC IoU = 0.7058, LYM IoU = 0.7388, TAS IoU = 0.7523
2025-04-05 23:17:32,326 - INFO - 最优模型已保存
2025-04-05 23:17:32,763 - INFO - 最新模型已保存
2025-04-05 23:19:49,121 - INFO - Epoch 3: Train Loss = 0.2085, Val Loss = 0.3862, 
MIoU = 0.7432, FWIoU = 0.7453, Acc = 0.8541, 
TE IoU = 0.7438, NEC IoU = 0.7468, LYM IoU = 0.7343, TAS IoU = 0.7480
2025-04-05 23:19:49,564 - INFO - 最优模型已保存
2025-04-05 23:19:49,979 - INFO - 最新模型已保存
2025-04-05 23:22:04,276 - INFO - Epoch 4: Train Loss = 0.1933, Val Loss = 0.3994, 
MIoU = 0.7403, FWIoU = 0.7446, Acc = 0.8537, 
TE IoU = 0.7398, NEC IoU = 0.7474, LYM IoU = 0.7225, TAS IoU = 0.7516
2025-04-05 23:22:04,712 - INFO - 最新模型已保存
2025-04-05 23:24:18,168 - INFO - Epoch 5: Train Loss = 0.1774, Val Loss = 0.4102, 
MIoU = 0.7487, FWIoU = 0.7395, Acc = 0.8506, 
TE IoU = 0.7278, NEC IoU = 0.7544, LYM IoU = 0.7648, TAS IoU = 0.7476
2025-04-05 23:24:18,586 - INFO - 最优模型已保存
2025-04-05 23:24:19,019 - INFO - 最新模型已保存
2025-04-05 23:26:34,135 - INFO - Epoch 6: Train Loss = 0.1678, Val Loss = 0.4051, 
MIoU = 0.7496, FWIoU = 0.7416, Acc = 0.8518, 
TE IoU = 0.7330, NEC IoU = 0.7488, LYM IoU = 0.7700, TAS IoU = 0.7467
2025-04-05 23:26:34,558 - INFO - 最优模型已保存
2025-04-05 23:26:34,999 - INFO - 最新模型已保存
2025-04-05 23:28:48,322 - INFO - Epoch 7: Train Loss = 0.1610, Val Loss = 0.4184, 
MIoU = 0.7470, FWIoU = 0.7375, Acc = 0.8492, 
TE IoU = 0.7279, NEC IoU = 0.7705, LYM IoU = 0.7449, TAS IoU = 0.7448
2025-04-05 23:28:48,746 - INFO - 最新模型已保存
2025-04-05 23:31:01,695 - INFO - Epoch 8: Train Loss = 0.1515, Val Loss = 0.4257, 
MIoU = 0.7517, FWIoU = 0.7407, Acc = 0.8513, 
TE IoU = 0.7316, NEC IoU = 0.7758, LYM IoU = 0.7524, TAS IoU = 0.7471
2025-04-05 23:31:02,120 - INFO - 最优模型已保存
2025-04-05 23:31:02,527 - INFO - 最新模型已保存
2025-04-05 23:33:16,317 - INFO - Epoch 9: Train Loss = 0.1438, Val Loss = 0.4349, 
MIoU = 0.7490, FWIoU = 0.7369, Acc = 0.8488, 
TE IoU = 0.7263, NEC IoU = 0.7728, LYM IoU = 0.7529, TAS IoU = 0.7441
2025-04-05 23:33:16,706 - INFO - 最新模型已保存
2025-04-05 23:35:30,538 - INFO - Epoch 10: Train Loss = 0.1401, Val Loss = 0.4378, 
MIoU = 0.7473, FWIoU = 0.7364, Acc = 0.8485, 
TE IoU = 0.7263, NEC IoU = 0.7718, LYM IoU = 0.7475, TAS IoU = 0.7438
2025-04-05 23:35:31,069 - INFO - 最新模型已保存
2025-04-05 23:35:34,936 - INFO - 最优模型测试结果: MIoU = 0.7653, FWIoU = 0.7572, Acc = 0.8609, TE IoU = 0.7778, NEC IoU = 0.8115, LYM IoU = 0.7445, TAS IoU = 0.7274
2025-04-05 23:35:38,437 - INFO - 最新模型测试结果: MIoU = 0.7687, FWIoU = 0.7574, Acc = 0.8609, TE IoU = 0.7767, NEC IoU = 0.8266, LYM IoU = 0.7459, TAS IoU = 0.7257
