2025-02-17 18:35:45,440 - INFO - 训练开始
2025-02-17 18:35:45,441 - INFO - 训练参数: {'onss': False, 'Grad_CAM_pp': False, 'batch_size': 16, 'num_workers': 10, 'learning_rate': 0.005, 'num_epochs': 50, 'num_classes': 4, 'weight_decay': 0.0001, 'momentum': 0.9, 'log_dir': './runs', 'checkpoint': 'checkpoints/stage2', 'lr_scheduler': 'poly', 'eta_min': 0.0002}
2025-02-17 18:36:39,013 - INFO - Epoch 1: Train Loss = 0.9129, Val Loss = 1.3008, 
MIoU = 0.4641, FWIoU = 0.5097, Acc = 0.6838, 
TE IoU = 0.5804, NEC IoU = 0.3079, LYM IoU = 0.5213, TAS IoU = 0.4468
2025-02-17 18:36:39,274 - INFO - 最优模型已保存
2025-02-17 18:36:39,526 - INFO - 最新模型已保存
2025-02-17 18:37:32,444 - INFO - Epoch 2: Train Loss = 0.7301, Val Loss = 0.5665, 
MIoU = 0.5555, FWIoU = 0.6010, Acc = 0.7492, 
TE IoU = 0.6051, NEC IoU = 0.3494, LYM IoU = 0.6680, TAS IoU = 0.5993
2025-02-17 18:37:32,753 - INFO - 最优模型已保存
2025-02-17 18:37:33,054 - INFO - 最新模型已保存
2025-02-17 18:38:25,558 - INFO - Epoch 3: Train Loss = 0.6704, Val Loss = 0.6444, 
MIoU = 0.4265, FWIoU = 0.5158, Acc = 0.6972, 
TE IoU = 0.6099, NEC IoU = 0.0036, LYM IoU = 0.6659, TAS IoU = 0.4266
2025-02-17 18:38:25,864 - INFO - 最新模型已保存
2025-02-17 18:39:17,728 - INFO - Epoch 4: Train Loss = 0.6264, Val Loss = 0.5115, 
MIoU = 0.5748, FWIoU = 0.6405, Acc = 0.7816, 
TE IoU = 0.6386, NEC IoU = 0.3694, LYM IoU = 0.6381, TAS IoU = 0.6530
2025-02-17 18:39:18,034 - INFO - 最优模型已保存
2025-02-17 18:39:18,321 - INFO - 最新模型已保存
2025-02-17 18:40:09,306 - INFO - Epoch 5: Train Loss = 0.5968, Val Loss = 0.5174, 
MIoU = 0.5597, FWIoU = 0.6262, Acc = 0.7709, 
TE IoU = 0.6194, NEC IoU = 0.3376, LYM IoU = 0.6393, TAS IoU = 0.6425
2025-02-17 18:40:09,610 - INFO - 最新模型已保存
2025-02-17 18:41:06,659 - INFO - Epoch 6: Train Loss = 0.5768, Val Loss = 0.5001, 
MIoU = 0.6117, FWIoU = 0.6386, Acc = 0.7801, 
TE IoU = 0.6263, NEC IoU = 0.5439, LYM IoU = 0.6204, TAS IoU = 0.6562
2025-02-17 18:41:06,975 - INFO - 最优模型已保存
2025-02-17 18:41:07,277 - INFO - 最新模型已保存
2025-02-17 18:42:02,412 - INFO - Epoch 7: Train Loss = 0.5685, Val Loss = 0.5032, 
MIoU = 0.5993, FWIoU = 0.6410, Acc = 0.7822, 
TE IoU = 0.6216, NEC IoU = 0.4377, LYM IoU = 0.6735, TAS IoU = 0.6644
2025-02-17 18:42:02,714 - INFO - 最新模型已保存
2025-02-17 18:42:55,434 - INFO - Epoch 8: Train Loss = 0.5567, Val Loss = 0.4543, 
MIoU = 0.6367, FWIoU = 0.6729, Acc = 0.8043, 
TE IoU = 0.6697, NEC IoU = 0.5158, LYM IoU = 0.6801, TAS IoU = 0.6813
2025-02-17 18:42:55,759 - INFO - 最优模型已保存
2025-02-17 18:42:56,075 - INFO - 最新模型已保存
2025-02-17 18:43:54,126 - INFO - Epoch 9: Train Loss = 0.5510, Val Loss = 0.5073, 
MIoU = 0.6168, FWIoU = 0.6632, Acc = 0.7981, 
TE IoU = 0.6532, NEC IoU = 0.4726, LYM IoU = 0.6608, TAS IoU = 0.6806
2025-02-17 18:43:54,434 - INFO - 最新模型已保存
2025-02-17 18:44:49,082 - INFO - Epoch 10: Train Loss = 0.5359, Val Loss = 0.4617, 
MIoU = 0.6317, FWIoU = 0.6730, Acc = 0.8058, 
TE IoU = 0.6540, NEC IoU = 0.4995, LYM IoU = 0.6751, TAS IoU = 0.6981
2025-02-17 18:44:49,397 - INFO - 最新模型已保存
2025-02-17 18:45:45,919 - INFO - Epoch 11: Train Loss = 0.5224, Val Loss = 0.4771, 
MIoU = 0.5491, FWIoU = 0.6751, Acc = 0.8085, 
TE IoU = 0.7152, NEC IoU = 0.4535, LYM IoU = 0.3468, TAS IoU = 0.6807
2025-02-17 18:45:46,230 - INFO - 最新模型已保存
2025-02-17 18:46:39,575 - INFO - Epoch 12: Train Loss = 0.5360, Val Loss = 0.4620, 
MIoU = 0.6334, FWIoU = 0.6654, Acc = 0.8005, 
TE IoU = 0.6943, NEC IoU = 0.5310, LYM IoU = 0.6660, TAS IoU = 0.6422
2025-02-17 18:46:39,873 - INFO - 最新模型已保存
2025-02-17 18:47:30,571 - INFO - Epoch 13: Train Loss = 0.5212, Val Loss = 0.4313, 
MIoU = 0.5940, FWIoU = 0.6959, Acc = 0.8215, 
TE IoU = 0.7035, NEC IoU = 0.2682, LYM IoU = 0.7000, TAS IoU = 0.7044
2025-02-17 18:47:30,870 - INFO - 最新模型已保存
2025-02-17 18:48:22,228 - INFO - Epoch 14: Train Loss = 0.5173, Val Loss = 0.4484, 
MIoU = 0.6590, FWIoU = 0.6812, Acc = 0.8105, 
TE IoU = 0.6733, NEC IoU = 0.5924, LYM IoU = 0.6778, TAS IoU = 0.6927
2025-02-17 18:48:22,560 - INFO - 最优模型已保存
2025-02-17 18:48:22,864 - INFO - 最新模型已保存
2025-02-17 18:49:13,117 - INFO - Epoch 15: Train Loss = 0.5101, Val Loss = 0.4205, 
MIoU = 0.6573, FWIoU = 0.6967, Acc = 0.8211, 
TE IoU = 0.7042, NEC IoU = 0.5683, LYM IoU = 0.6581, TAS IoU = 0.6986
2025-02-17 18:49:13,422 - INFO - 最新模型已保存
2025-02-17 18:50:05,623 - INFO - Epoch 16: Train Loss = 0.5035, Val Loss = 0.4707, 
MIoU = 0.6579, FWIoU = 0.6893, Acc = 0.8164, 
TE IoU = 0.7052, NEC IoU = 0.5818, LYM IoU = 0.6641, TAS IoU = 0.6807
2025-02-17 18:50:05,927 - INFO - 最新模型已保存
2025-02-17 18:50:58,195 - INFO - Epoch 17: Train Loss = 0.5053, Val Loss = 0.4112, 
MIoU = 0.6872, FWIoU = 0.7166, Acc = 0.8350, 
TE IoU = 0.7231, NEC IoU = 0.6071, LYM IoU = 0.7025, TAS IoU = 0.7159
2025-02-17 18:50:58,497 - INFO - 最优模型已保存
2025-02-17 18:50:58,788 - INFO - 最新模型已保存
2025-02-17 18:51:50,916 - INFO - Epoch 18: Train Loss = 0.4997, Val Loss = 0.4486, 
MIoU = 0.6553, FWIoU = 0.6786, Acc = 0.8089, 
TE IoU = 0.6682, NEC IoU = 0.5757, LYM IoU = 0.6852, TAS IoU = 0.6921
2025-02-17 18:51:51,232 - INFO - 最新模型已保存
2025-02-17 18:52:44,876 - INFO - Epoch 19: Train Loss = 0.4976, Val Loss = 0.5889, 
MIoU = 0.6318, FWIoU = 0.6821, Acc = 0.8116, 
TE IoU = 0.7119, NEC IoU = 0.5214, LYM IoU = 0.6291, TAS IoU = 0.6650
2025-02-17 18:52:45,168 - INFO - 最新模型已保存
2025-02-17 18:53:37,581 - INFO - Epoch 20: Train Loss = 0.4932, Val Loss = 0.4222, 
MIoU = 0.6592, FWIoU = 0.7009, Acc = 0.8240, 
TE IoU = 0.7111, NEC IoU = 0.5314, LYM IoU = 0.6962, TAS IoU = 0.6980
2025-02-17 18:53:37,874 - INFO - 最新模型已保存
2025-02-17 18:54:31,918 - INFO - Epoch 21: Train Loss = 0.4887, Val Loss = 0.4639, 
MIoU = 0.6628, FWIoU = 0.6894, Acc = 0.8159, 
TE IoU = 0.7017, NEC IoU = 0.6150, LYM IoU = 0.6500, TAS IoU = 0.6846
2025-02-17 18:54:32,246 - INFO - 最新模型已保存
2025-02-17 18:55:24,355 - INFO - Epoch 22: Train Loss = 0.5031, Val Loss = 0.3958, 
MIoU = 0.6995, FWIoU = 0.7132, Acc = 0.8331, 
TE IoU = 0.7309, NEC IoU = 0.6604, LYM IoU = 0.7085, TAS IoU = 0.6983
2025-02-17 18:55:24,652 - INFO - 最优模型已保存
2025-02-17 18:55:24,938 - INFO - 最新模型已保存
2025-02-17 18:56:17,000 - INFO - Epoch 23: Train Loss = 0.4942, Val Loss = 0.4659, 
MIoU = 0.6539, FWIoU = 0.6831, Acc = 0.8117, 
TE IoU = 0.6858, NEC IoU = 0.5962, LYM IoU = 0.6455, TAS IoU = 0.6881
2025-02-17 18:56:17,315 - INFO - 最新模型已保存
2025-02-17 18:57:08,671 - INFO - Epoch 24: Train Loss = 0.4901, Val Loss = 0.3995, 
MIoU = 0.6915, FWIoU = 0.7173, Acc = 0.8350, 
TE IoU = 0.7218, NEC IoU = 0.6187, LYM IoU = 0.7078, TAS IoU = 0.7178
2025-02-17 18:57:08,968 - INFO - 最新模型已保存
2025-02-17 18:58:00,689 - INFO - Epoch 25: Train Loss = 0.4903, Val Loss = 0.4402, 
MIoU = 0.6443, FWIoU = 0.6799, Acc = 0.8102, 
TE IoU = 0.6678, NEC IoU = 0.4990, LYM IoU = 0.7155, TAS IoU = 0.6947
2025-02-17 18:58:00,997 - INFO - 最新模型已保存
2025-02-17 18:58:53,166 - INFO - Epoch 26: Train Loss = 0.4872, Val Loss = 0.4509, 
MIoU = 0.6622, FWIoU = 0.6673, Acc = 0.8009, 
TE IoU = 0.6537, NEC IoU = 0.6321, LYM IoU = 0.6827, TAS IoU = 0.6802
2025-02-17 18:58:53,538 - INFO - 最新模型已保存
2025-02-17 18:59:46,197 - INFO - Epoch 27: Train Loss = 0.4818, Val Loss = 0.4020, 
MIoU = 0.6974, FWIoU = 0.7125, Acc = 0.8321, 
TE IoU = 0.7119, NEC IoU = 0.6341, LYM IoU = 0.7293, TAS IoU = 0.7143
2025-02-17 18:59:46,501 - INFO - 最新模型已保存
2025-02-17 19:00:38,520 - INFO - Epoch 28: Train Loss = 0.4755, Val Loss = 0.3982, 
MIoU = 0.6999, FWIoU = 0.7146, Acc = 0.8337, 
TE IoU = 0.7095, NEC IoU = 0.6509, LYM IoU = 0.7174, TAS IoU = 0.7218
2025-02-17 19:00:38,837 - INFO - 最优模型已保存
2025-02-17 19:00:39,133 - INFO - 最新模型已保存
2025-02-17 19:01:30,808 - INFO - Epoch 29: Train Loss = 0.4736, Val Loss = 0.4133, 
MIoU = 0.6753, FWIoU = 0.7002, Acc = 0.8239, 
TE IoU = 0.6936, NEC IoU = 0.6034, LYM IoU = 0.6931, TAS IoU = 0.7112
2025-02-17 19:01:31,133 - INFO - 最新模型已保存
2025-02-17 19:02:26,903 - INFO - Epoch 30: Train Loss = 0.4731, Val Loss = 0.5557, 
MIoU = 0.5773, FWIoU = 0.6246, Acc = 0.7679, 
TE IoU = 0.6035, NEC IoU = 0.5453, LYM IoU = 0.4980, TAS IoU = 0.6624
2025-02-17 19:02:27,211 - INFO - 最新模型已保存
2025-02-17 19:03:19,285 - INFO - Epoch 31: Train Loss = 0.4799, Val Loss = 0.4994, 
MIoU = 0.6664, FWIoU = 0.6766, Acc = 0.8068, 
TE IoU = 0.6679, NEC IoU = 0.6951, LYM IoU = 0.6108, TAS IoU = 0.6918
2025-02-17 19:03:19,582 - INFO - 最新模型已保存
2025-02-17 19:04:12,070 - INFO - Epoch 32: Train Loss = 0.4709, Val Loss = 0.4370, 
MIoU = 0.6649, FWIoU = 0.6796, Acc = 0.8097, 
TE IoU = 0.6606, NEC IoU = 0.6718, LYM IoU = 0.6224, TAS IoU = 0.7049
2025-02-17 19:04:12,368 - INFO - 最新模型已保存
2025-02-17 19:05:04,108 - INFO - Epoch 33: Train Loss = 0.4672, Val Loss = 0.4408, 
MIoU = 0.6517, FWIoU = 0.6929, Acc = 0.8193, 
TE IoU = 0.6864, NEC IoU = 0.5391, LYM IoU = 0.6741, TAS IoU = 0.7074
2025-02-17 19:05:04,421 - INFO - 最新模型已保存
2025-02-17 19:05:56,205 - INFO - Epoch 34: Train Loss = 0.4684, Val Loss = 0.4607, 
MIoU = 0.6613, FWIoU = 0.6618, Acc = 0.7987, 
TE IoU = 0.6289, NEC IoU = 0.6643, LYM IoU = 0.6575, TAS IoU = 0.6944
2025-02-17 19:05:56,505 - INFO - 最新模型已保存
2025-02-17 19:06:49,096 - INFO - Epoch 35: Train Loss = 0.4616, Val Loss = 0.4419, 
MIoU = 0.6603, FWIoU = 0.6821, Acc = 0.8100, 
TE IoU = 0.6844, NEC IoU = 0.6668, LYM IoU = 0.6006, TAS IoU = 0.6895
2025-02-17 19:06:49,403 - INFO - 最新模型已保存
2025-02-17 19:07:42,654 - INFO - Epoch 36: Train Loss = 0.4625, Val Loss = 0.4332, 
MIoU = 0.6681, FWIoU = 0.6963, Acc = 0.8200, 
TE IoU = 0.7022, NEC IoU = 0.6557, LYM IoU = 0.6131, TAS IoU = 0.7013
2025-02-17 19:07:42,977 - INFO - 最新模型已保存
2025-02-17 19:08:36,211 - INFO - Epoch 37: Train Loss = 0.4643, Val Loss = 0.4160, 
MIoU = 0.6550, FWIoU = 0.7018, Acc = 0.8253, 
TE IoU = 0.6964, NEC IoU = 0.5259, LYM IoU = 0.6814, TAS IoU = 0.7162
2025-02-17 19:08:36,514 - INFO - 最新模型已保存
2025-02-17 19:09:29,378 - INFO - Epoch 38: Train Loss = 0.4607, Val Loss = 0.4415, 
MIoU = 0.5952, FWIoU = 0.6939, Acc = 0.8191, 
TE IoU = 0.7066, NEC IoU = 0.4784, LYM IoU = 0.4828, TAS IoU = 0.7132
2025-02-17 19:09:29,690 - INFO - 最新模型已保存
2025-02-17 19:10:22,614 - INFO - Epoch 39: Train Loss = 0.4641, Val Loss = 0.4198, 
MIoU = 0.6919, FWIoU = 0.6959, Acc = 0.8211, 
TE IoU = 0.6825, NEC IoU = 0.6603, LYM IoU = 0.7168, TAS IoU = 0.7080
2025-02-17 19:10:22,898 - INFO - 最新模型已保存
2025-02-17 19:11:15,979 - INFO - Epoch 40: Train Loss = 0.4582, Val Loss = 0.3908, 
MIoU = 0.7129, FWIoU = 0.7157, Acc = 0.8343, 
TE IoU = 0.7159, NEC IoU = 0.6968, LYM IoU = 0.7235, TAS IoU = 0.7155
2025-02-17 19:11:16,286 - INFO - 最优模型已保存
2025-02-17 19:11:16,580 - INFO - 最新模型已保存
2025-02-17 19:12:09,493 - INFO - Epoch 41: Train Loss = 0.4576, Val Loss = 0.3908, 
MIoU = 0.7017, FWIoU = 0.7187, Acc = 0.8364, 
TE IoU = 0.7222, NEC IoU = 0.6537, LYM IoU = 0.7126, TAS IoU = 0.7185
2025-02-17 19:12:09,792 - INFO - 最新模型已保存
2025-02-17 19:13:00,949 - INFO - Epoch 42: Train Loss = 0.4522, Val Loss = 0.4485, 
MIoU = 0.6385, FWIoU = 0.6674, Acc = 0.8006, 
TE IoU = 0.6715, NEC IoU = 0.5533, LYM IoU = 0.6608, TAS IoU = 0.6684
2025-02-17 19:13:01,251 - INFO - 最新模型已保存
2025-02-17 19:13:53,212 - INFO - Epoch 43: Train Loss = 0.4514, Val Loss = 0.4266, 
MIoU = 0.6879, FWIoU = 0.6852, Acc = 0.8143, 
TE IoU = 0.6623, NEC IoU = 0.6886, LYM IoU = 0.6941, TAS IoU = 0.7066
2025-02-17 19:13:53,523 - INFO - 最新模型已保存
2025-02-17 19:14:44,680 - INFO - Epoch 44: Train Loss = 0.4536, Val Loss = 0.4512, 
MIoU = 0.6612, FWIoU = 0.6588, Acc = 0.7947, 
TE IoU = 0.6455, NEC IoU = 0.6385, LYM IoU = 0.6919, TAS IoU = 0.6689
2025-02-17 19:14:44,983 - INFO - 最新模型已保存
2025-02-17 19:15:37,408 - INFO - Epoch 45: Train Loss = 0.4513, Val Loss = 0.4348, 
MIoU = 0.6487, FWIoU = 0.6775, Acc = 0.8093, 
TE IoU = 0.6558, NEC IoU = 0.5186, LYM IoU = 0.7203, TAS IoU = 0.7002
2025-02-17 19:15:37,715 - INFO - 最新模型已保存
2025-02-17 19:16:33,111 - INFO - Epoch 46: Train Loss = 0.4477, Val Loss = 0.4113, 
MIoU = 0.6986, FWIoU = 0.7005, Acc = 0.8247, 
TE IoU = 0.6825, NEC IoU = 0.6738, LYM IoU = 0.7212, TAS IoU = 0.7170
2025-02-17 19:16:33,411 - INFO - 最新模型已保存
2025-02-17 19:17:26,311 - INFO - Epoch 47: Train Loss = 0.4475, Val Loss = 0.4384, 
MIoU = 0.6740, FWIoU = 0.6803, Acc = 0.8105, 
TE IoU = 0.6625, NEC IoU = 0.6277, LYM IoU = 0.7091, TAS IoU = 0.6967
2025-02-17 19:17:26,596 - INFO - 最新模型已保存
2025-02-17 19:18:18,701 - INFO - Epoch 48: Train Loss = 0.4478, Val Loss = 0.4069, 
MIoU = 0.6973, FWIoU = 0.7089, Acc = 0.8302, 
TE IoU = 0.6966, NEC IoU = 0.6449, LYM IoU = 0.7263, TAS IoU = 0.7216
2025-02-17 19:18:18,999 - INFO - 最新模型已保存
2025-02-17 19:19:10,484 - INFO - Epoch 49: Train Loss = 0.4476, Val Loss = 0.3924, 
MIoU = 0.6647, FWIoU = 0.7207, Acc = 0.8380, 
TE IoU = 0.7372, NEC IoU = 0.5105, LYM IoU = 0.6957, TAS IoU = 0.7154
2025-02-17 19:19:10,790 - INFO - 最新模型已保存
2025-02-17 19:20:03,205 - INFO - Epoch 50: Train Loss = 0.4445, Val Loss = 0.4086, 
MIoU = 0.7001, FWIoU = 0.7003, Acc = 0.8244, 
TE IoU = 0.6837, NEC IoU = 0.6810, LYM IoU = 0.7205, TAS IoU = 0.7152
2025-02-17 19:20:03,512 - INFO - 最新模型已保存
2025-02-17 19:20:06,624 - INFO - 最优模型测试结果: MIoU = 0.7220, FWIoU = 0.7192, Acc = 0.8362, TE IoU = 0.7549, NEC IoU = 0.7573, LYM IoU = 0.6966, TAS IoU = 0.6792
2025-02-17 19:20:09,668 - INFO - 最新模型测试结果: MIoU = 0.7175, FWIoU = 0.7169, Acc = 0.8343, TE IoU = 0.7410, NEC IoU = 0.7310, LYM IoU = 0.7084, TAS IoU = 0.6898
