2025-03-07 23:44:55,204 - INFO - 训练开始
2025-03-07 23:44:55,204 - INFO - 训练参数: {'onss': False, 'Grad_CAM_pp': False, 'batch_size': 20, 'num_workers': 10, 'learning_rate': 0.005, 'num_epochs': 10, 'num_classes': 4, 'weight_decay': 0.0005, 'momentum': 0.9, 'log_dir': './runs/02', 'checkpoint': 'checkpoints/stage2'}
2025-03-07 23:46:00,542 - INFO - Epoch 1: Train Loss = 0.3151, Val Loss = 0.3660, 
MIoU = 0.7255, FWIoU = 0.7497, Acc = 0.8570, 
TE IoU = 0.7501, NEC IoU = 0.6395, LYM IoU = 0.7598, TAS IoU = 0.7525
2025-03-07 23:46:00,877 - INFO - 最优模型已保存
2025-03-07 23:46:01,175 - INFO - 最新模型已保存
2025-03-07 23:47:07,051 - INFO - Epoch 2: Train Loss = 0.2363, Val Loss = 0.3735, 
MIoU = 0.7307, FWIoU = 0.7444, Acc = 0.8535, 
TE IoU = 0.7402, NEC IoU = 0.6810, LYM IoU = 0.7515, TAS IoU = 0.7501
2025-03-07 23:47:07,443 - INFO - 最优模型已保存
2025-03-07 23:47:07,805 - INFO - 最新模型已保存
2025-03-07 23:48:14,666 - INFO - Epoch 3: Train Loss = 0.2153, Val Loss = 0.4159, 
MIoU = 0.7157, FWIoU = 0.7272, Acc = 0.8429, 
TE IoU = 0.7098, NEC IoU = 0.6447, LYM IoU = 0.7650, TAS IoU = 0.7434
2025-03-07 23:48:15,047 - INFO - 最新模型已保存
2025-03-07 23:49:20,971 - INFO - Epoch 4: Train Loss = 0.2026, Val Loss = 0.3665, 
MIoU = 0.7373, FWIoU = 0.7497, Acc = 0.8569, 
TE IoU = 0.7487, NEC IoU = 0.7012, LYM IoU = 0.7464, TAS IoU = 0.7528
2025-03-07 23:49:21,357 - INFO - 最优模型已保存
2025-03-07 23:49:21,713 - INFO - 最新模型已保存
2025-03-07 23:50:28,876 - INFO - Epoch 5: Train Loss = 0.1962, Val Loss = 0.3631, 
MIoU = 0.7510, FWIoU = 0.7511, Acc = 0.8580, 
TE IoU = 0.7453, NEC IoU = 0.7393, LYM IoU = 0.7636, TAS IoU = 0.7558
2025-03-07 23:50:29,239 - INFO - 最优模型已保存
2025-03-07 23:50:29,592 - INFO - 最新模型已保存
2025-03-07 23:51:35,753 - INFO - Epoch 6: Train Loss = 0.1895, Val Loss = 0.3671, 
MIoU = 0.7390, FWIoU = 0.7493, Acc = 0.8568, 
TE IoU = 0.7440, NEC IoU = 0.6859, LYM IoU = 0.7715, TAS IoU = 0.7544
2025-03-07 23:51:36,124 - INFO - 最新模型已保存
2025-03-07 23:52:44,227 - INFO - Epoch 7: Train Loss = 0.1821, Val Loss = 0.3820, 
MIoU = 0.7449, FWIoU = 0.7481, Acc = 0.8561, 
TE IoU = 0.7403, NEC IoU = 0.7145, LYM IoU = 0.7701, TAS IoU = 0.7547
2025-03-07 23:52:44,592 - INFO - 最新模型已保存
2025-03-07 23:53:51,343 - INFO - Epoch 8: Train Loss = 0.1785, Val Loss = 0.3868, 
MIoU = 0.7461, FWIoU = 0.7475, Acc = 0.8557, 
TE IoU = 0.7385, NEC IoU = 0.7219, LYM IoU = 0.7690, TAS IoU = 0.7549
2025-03-07 23:53:51,716 - INFO - 最新模型已保存
2025-03-07 23:55:01,244 - INFO - Epoch 9: Train Loss = 0.1741, Val Loss = 0.3799, 
MIoU = 0.7467, FWIoU = 0.7497, Acc = 0.8571, 
TE IoU = 0.7426, NEC IoU = 0.7296, LYM IoU = 0.7582, TAS IoU = 0.7566
2025-03-07 23:55:01,647 - INFO - 最新模型已保存
2025-03-07 23:56:08,486 - INFO - Epoch 10: Train Loss = 0.1698, Val Loss = 0.3984, 
MIoU = 0.7430, FWIoU = 0.7405, Acc = 0.8514, 
TE IoU = 0.7273, NEC IoU = 0.7276, LYM IoU = 0.7658, TAS IoU = 0.7512
2025-03-07 23:56:08,848 - INFO - 最新模型已保存
2025-03-07 23:56:12,410 - INFO - 最优模型测试结果: MIoU = 0.7637, FWIoU = 0.7555, Acc = 0.8599, TE IoU = 0.7818, NEC IoU = 0.8235, LYM IoU = 0.7272, TAS IoU = 0.7223
2025-03-07 23:56:15,829 - INFO - 最新模型测试结果: MIoU = 0.7700, FWIoU = 0.7571, Acc = 0.8608, TE IoU = 0.7740, NEC IoU = 0.8304, LYM IoU = 0.7498, TAS IoU = 0.7258

bn7