2025-02-13 15:51:08,302 - INFO - 训练开始
2025-02-13 15:51:08,303 - INFO - 训练参数: {'onss': False, 'Grad_CAM_pp': False, 'batch_size': 64, 'num_workers': 10, 'learning_rate': 0.01, 'num_epochs': 150, 'num_classes': 4, 'weight_decay': 0.0001, 'momentum': 0.9, 'log_dir': './runs', 'checkpoint': 'checkpoints/stage2', 'save_best_model': False, 'save_latest_model': False}
2025-02-13 15:51:44,955 - INFO - Epoch 1: Train Loss = 0.6303, Val Loss = 0.5089, 
MIoU = 0.4613, FWIoU = 0.5908, Acc = 0.7456, 
TE IoU = 0.6282, NEC IoU = 0.0096, LYM IoU = 0.6355, TAS IoU = 0.5717
2025-02-13 15:51:45,220 - INFO - Epoch 1: 最优模型已保存
2025-02-13 15:51:45,484 - INFO - 最新模型已保存
2025-02-13 15:52:23,326 - INFO - Epoch 2: Train Loss = 0.5393, Val Loss = 0.5054, 
MIoU = 0.4915, FWIoU = 0.5872, Acc = 0.7422, 
TE IoU = 0.6352, NEC IoU = 0.2370, LYM IoU = 0.5344, TAS IoU = 0.5595
2025-02-13 15:52:23,643 - INFO - Epoch 2: 最优模型已保存
2025-02-13 15:52:23,942 - INFO - 最新模型已保存
2025-02-13 15:53:02,863 - INFO - Epoch 3: Train Loss = 0.5204, Val Loss = 0.5217, 
MIoU = 0.5237, FWIoU = 0.5769, Acc = 0.7322, 
TE IoU = 0.6067, NEC IoU = 0.3168, LYM IoU = 0.6184, TAS IoU = 0.5530
2025-02-13 15:53:03,257 - INFO - Epoch 3: 最优模型已保存
2025-02-13 15:53:03,554 - INFO - 最新模型已保存
2025-02-13 15:53:42,292 - INFO - Epoch 4: Train Loss = 0.4936, Val Loss = 0.4729, 
MIoU = 0.5791, FWIoU = 0.6055, Acc = 0.7575, 
TE IoU = 0.6541, NEC IoU = 0.4877, LYM IoU = 0.6131, TAS IoU = 0.5615
2025-02-13 15:53:42,635 - INFO - Epoch 4: 最优模型已保存
2025-02-13 15:53:42,957 - INFO - 最新模型已保存
2025-02-13 15:54:21,555 - INFO - Epoch 5: Train Loss = 0.4778, Val Loss = 0.4674, 
MIoU = 0.5497, FWIoU = 0.6191, Acc = 0.7659, 
TE IoU = 0.6594, NEC IoU = 0.2900, LYM IoU = 0.6618, TAS IoU = 0.5875
2025-02-13 15:54:21,897 - INFO - 最新模型已保存
2025-02-13 15:54:59,978 - INFO - Epoch 6: Train Loss = 0.4848, Val Loss = 0.4609, 
MIoU = 0.5714, FWIoU = 0.6131, Acc = 0.7643, 
TE IoU = 0.6620, NEC IoU = 0.3952, LYM IoU = 0.6601, TAS IoU = 0.5683
2025-02-13 15:55:00,305 - INFO - 最新模型已保存
2025-02-13 15:55:38,435 - INFO - Epoch 7: Train Loss = 0.4653, Val Loss = 0.4737, 
MIoU = 0.5731, FWIoU = 0.6061, Acc = 0.7574, 
TE IoU = 0.5662, NEC IoU = 0.4227, LYM IoU = 0.6565, TAS IoU = 0.6469
2025-02-13 15:55:38,764 - INFO - 最新模型已保存
2025-02-13 15:56:17,858 - INFO - Epoch 8: Train Loss = 0.4666, Val Loss = 0.4270, 
MIoU = 0.5977, FWIoU = 0.6463, Acc = 0.7861, 
TE IoU = 0.6741, NEC IoU = 0.4289, LYM IoU = 0.6619, TAS IoU = 0.6257
2025-02-13 15:56:18,160 - INFO - Epoch 8: 最优模型已保存
2025-02-13 15:56:18,458 - INFO - 最新模型已保存
2025-02-13 15:56:56,345 - INFO - Epoch 9: Train Loss = 0.4450, Val Loss = 0.4254, 
MIoU = 0.6213, FWIoU = 0.6506, Acc = 0.7882, 
TE IoU = 0.6557, NEC IoU = 0.5115, LYM IoU = 0.6689, TAS IoU = 0.6489
2025-02-13 15:56:56,653 - INFO - Epoch 9: 最优模型已保存
2025-02-13 15:56:56,943 - INFO - 最新模型已保存
2025-02-13 15:57:33,155 - INFO - Epoch 10: Train Loss = 0.4389, Val Loss = 0.3910, 
MIoU = 0.6184, FWIoU = 0.6775, Acc = 0.8078, 
TE IoU = 0.6859, NEC IoU = 0.5483, LYM IoU = 0.5515, TAS IoU = 0.6881
2025-02-13 15:57:33,464 - INFO - 最新模型已保存
2025-02-13 15:58:12,841 - INFO - Epoch 11: Train Loss = 0.4305, Val Loss = 0.3907, 
MIoU = 0.5801, FWIoU = 0.6823, Acc = 0.8115, 
TE IoU = 0.6898, NEC IoU = 0.2715, LYM IoU = 0.6665, TAS IoU = 0.6926
2025-02-13 15:58:13,175 - INFO - 最新模型已保存
2025-02-13 15:58:52,062 - INFO - Epoch 12: Train Loss = 0.4290, Val Loss = 0.3736, 
MIoU = 0.5939, FWIoU = 0.6971, Acc = 0.8224, 
TE IoU = 0.7082, NEC IoU = 0.2587, LYM IoU = 0.7068, TAS IoU = 0.7021
2025-02-13 15:58:52,367 - INFO - 最新模型已保存
2025-02-13 15:59:30,800 - INFO - Epoch 13: Train Loss = 0.4242, Val Loss = 0.3714, 
MIoU = 0.6638, FWIoU = 0.6963, Acc = 0.8212, 
TE IoU = 0.7077, NEC IoU = 0.5624, LYM IoU = 0.6944, TAS IoU = 0.6906
2025-02-13 15:59:31,094 - INFO - Epoch 13: 最优模型已保存
2025-02-13 15:59:31,389 - INFO - 最新模型已保存
2025-02-13 16:00:09,178 - INFO - Epoch 14: Train Loss = 0.4175, Val Loss = 0.3674, 
MIoU = 0.6599, FWIoU = 0.6959, Acc = 0.8207, 
TE IoU = 0.7010, NEC IoU = 0.5486, LYM IoU = 0.6931, TAS IoU = 0.6970
2025-02-13 16:00:09,544 - INFO - 最新模型已保存
2025-02-13 16:00:48,760 - INFO - Epoch 15: Train Loss = 0.4158, Val Loss = 0.3802, 
MIoU = 0.6139, FWIoU = 0.6876, Acc = 0.8157, 
TE IoU = 0.7046, NEC IoU = 0.3726, LYM IoU = 0.6964, TAS IoU = 0.6821
2025-02-13 16:00:49,063 - INFO - 最新模型已保存
2025-02-13 16:01:26,740 - INFO - Epoch 16: Train Loss = 0.4167, Val Loss = 0.3601, 
MIoU = 0.6551, FWIoU = 0.7027, Acc = 0.8252, 
TE IoU = 0.7190, NEC IoU = 0.4988, LYM IoU = 0.7088, TAS IoU = 0.6939
2025-02-13 16:01:27,073 - INFO - 最新模型已保存
2025-02-13 16:02:06,824 - INFO - Epoch 17: Train Loss = 0.4111, Val Loss = 0.3956, 
MIoU = 0.6435, FWIoU = 0.6823, Acc = 0.8123, 
TE IoU = 0.7095, NEC IoU = 0.5038, LYM IoU = 0.7000, TAS IoU = 0.6605
2025-02-13 16:02:07,124 - INFO - 最新模型已保存
2025-02-13 16:02:45,076 - INFO - Epoch 18: Train Loss = 0.4061, Val Loss = 0.3755, 
MIoU = 0.6468, FWIoU = 0.6918, Acc = 0.8179, 
TE IoU = 0.6966, NEC IoU = 0.5048, LYM IoU = 0.6914, TAS IoU = 0.6944
2025-02-13 16:02:45,378 - INFO - 最新模型已保存
2025-02-13 16:03:24,562 - INFO - Epoch 19: Train Loss = 0.3968, Val Loss = 0.3715, 
MIoU = 0.6735, FWIoU = 0.6908, Acc = 0.8176, 
TE IoU = 0.7050, NEC IoU = 0.5989, LYM IoU = 0.7121, TAS IoU = 0.6782
2025-02-13 16:03:24,864 - INFO - Epoch 19: 最优模型已保存
2025-02-13 16:03:25,182 - INFO - 最新模型已保存
2025-02-13 16:04:03,457 - INFO - Epoch 20: Train Loss = 0.3955, Val Loss = 0.3776, 
MIoU = 0.6715, FWIoU = 0.6844, Acc = 0.8127, 
TE IoU = 0.6795, NEC IoU = 0.6163, LYM IoU = 0.7004, TAS IoU = 0.6900
2025-02-13 16:04:03,779 - INFO - 最新模型已保存
2025-02-13 16:04:42,050 - INFO - Epoch 21: Train Loss = 0.3954, Val Loss = 0.3750, 
MIoU = 0.6705, FWIoU = 0.6946, Acc = 0.8202, 
TE IoU = 0.6869, NEC IoU = 0.5867, LYM IoU = 0.7029, TAS IoU = 0.7055
2025-02-13 16:04:42,357 - INFO - 最新模型已保存
2025-02-13 16:05:20,599 - INFO - Epoch 22: Train Loss = 0.3976, Val Loss = 0.3579, 
MIoU = 0.6867, FWIoU = 0.7041, Acc = 0.8265, 
TE IoU = 0.7011, NEC IoU = 0.6424, LYM IoU = 0.6926, TAS IoU = 0.7108
2025-02-13 16:05:20,937 - INFO - Epoch 22: 最优模型已保存
2025-02-13 16:05:21,323 - INFO - 最新模型已保存
2025-02-13 16:06:00,249 - INFO - Epoch 23: Train Loss = 0.3911, Val Loss = 0.3823, 
MIoU = 0.6640, FWIoU = 0.6815, Acc = 0.8111, 
TE IoU = 0.6690, NEC IoU = 0.5997, LYM IoU = 0.6917, TAS IoU = 0.6957
2025-02-13 16:06:00,570 - INFO - 最新模型已保存
2025-02-13 16:06:39,387 - INFO - Epoch 24: Train Loss = 0.3881, Val Loss = 0.3495, 
MIoU = 0.6828, FWIoU = 0.7115, Acc = 0.8315, 
TE IoU = 0.7125, NEC IoU = 0.5982, LYM IoU = 0.7048, TAS IoU = 0.7157
2025-02-13 16:06:39,694 - INFO - 最新模型已保存
2025-02-13 16:07:18,202 - INFO - Epoch 25: Train Loss = 0.3869, Val Loss = 0.3647, 
MIoU = 0.6709, FWIoU = 0.7007, Acc = 0.8237, 
TE IoU = 0.7010, NEC IoU = 0.5774, LYM IoU = 0.6998, TAS IoU = 0.7052
2025-02-13 16:07:18,533 - INFO - 最新模型已保存
2025-02-13 16:07:57,431 - INFO - Epoch 26: Train Loss = 0.3820, Val Loss = 0.5736, 
MIoU = 0.6270, FWIoU = 0.6313, Acc = 0.7778, 
TE IoU = 0.5926, NEC IoU = 0.6233, LYM IoU = 0.6214, TAS IoU = 0.6707
2025-02-13 16:07:57,758 - INFO - 最新模型已保存
2025-02-13 16:08:36,310 - INFO - Epoch 27: Train Loss = 0.3827, Val Loss = 0.4120, 
MIoU = 0.6207, FWIoU = 0.6538, Acc = 0.7915, 
TE IoU = 0.6421, NEC IoU = 0.4842, LYM IoU = 0.6883, TAS IoU = 0.6680
2025-02-13 16:08:36,602 - INFO - 最新模型已保存
2025-02-13 16:09:14,587 - INFO - Epoch 28: Train Loss = 0.3774, Val Loss = 0.3660, 
MIoU = 0.6771, FWIoU = 0.6993, Acc = 0.8229, 
TE IoU = 0.7048, NEC IoU = 0.6223, LYM IoU = 0.6824, TAS IoU = 0.6987
2025-02-13 16:09:14,910 - INFO - 最新模型已保存
2025-02-13 16:09:53,608 - INFO - Epoch 29: Train Loss = 0.3776, Val Loss = 0.4100, 
MIoU = 0.6481, FWIoU = 0.6507, Acc = 0.7894, 
TE IoU = 0.6297, NEC IoU = 0.6496, LYM IoU = 0.6408, TAS IoU = 0.6724
2025-02-13 16:09:53,946 - INFO - 最新模型已保存
2025-02-13 16:10:32,447 - INFO - Epoch 30: Train Loss = 0.3751, Val Loss = 0.4028, 
MIoU = 0.6470, FWIoU = 0.6720, Acc = 0.8053, 
TE IoU = 0.6605, NEC IoU = 0.6367, LYM IoU = 0.5979, TAS IoU = 0.6929
2025-02-13 16:10:32,753 - INFO - 最新模型已保存
2025-02-13 16:11:11,065 - INFO - Epoch 31: Train Loss = 0.3731, Val Loss = 0.3588, 
MIoU = 0.6325, FWIoU = 0.7062, Acc = 0.8284, 
TE IoU = 0.7136, NEC IoU = 0.3740, LYM IoU = 0.7336, TAS IoU = 0.7088
2025-02-13 16:11:11,354 - INFO - 最新模型已保存
2025-02-13 16:11:50,105 - INFO - Epoch 32: Train Loss = 0.3702, Val Loss = 0.3685, 
MIoU = 0.6654, FWIoU = 0.6949, Acc = 0.8202, 
TE IoU = 0.6959, NEC IoU = 0.5510, LYM IoU = 0.7177, TAS IoU = 0.6970
2025-02-13 16:11:50,403 - INFO - 最新模型已保存
2025-02-13 16:12:28,760 - INFO - Epoch 33: Train Loss = 0.3715, Val Loss = 0.4174, 
MIoU = 0.6699, FWIoU = 0.6652, Acc = 0.8013, 
TE IoU = 0.6303, NEC IoU = 0.6670, LYM IoU = 0.6852, TAS IoU = 0.6973
2025-02-13 16:12:29,074 - INFO - 最新模型已保存
2025-02-13 16:13:07,608 - INFO - Epoch 34: Train Loss = 0.3693, Val Loss = 0.4025, 
MIoU = 0.6977, FWIoU = 0.7040, Acc = 0.8263, 
TE IoU = 0.7013, NEC IoU = 0.6527, LYM IoU = 0.7313, TAS IoU = 0.7056
2025-02-13 16:13:07,981 - INFO - Epoch 34: 最优模型已保存
2025-02-13 16:13:08,277 - INFO - 最新模型已保存
2025-02-13 16:13:46,324 - INFO - Epoch 35: Train Loss = 0.3713, Val Loss = 0.3650, 
MIoU = 0.6857, FWIoU = 0.6879, Acc = 0.8158, 
TE IoU = 0.6729, NEC IoU = 0.6823, LYM IoU = 0.6843, TAS IoU = 0.7032
2025-02-13 16:13:46,664 - INFO - 最新模型已保存
2025-02-13 16:14:25,632 - INFO - Epoch 36: Train Loss = 0.3654, Val Loss = 0.3665, 
MIoU = 0.6433, FWIoU = 0.6999, Acc = 0.8242, 
TE IoU = 0.7165, NEC IoU = 0.4442, LYM IoU = 0.7212, TAS IoU = 0.6912
2025-02-13 16:14:25,946 - INFO - 最新模型已保存
2025-02-13 16:15:04,585 - INFO - Epoch 37: Train Loss = 0.3650, Val Loss = 0.3750, 
MIoU = 0.6726, FWIoU = 0.6899, Acc = 0.8173, 
TE IoU = 0.6743, NEC IoU = 0.5858, LYM IoU = 0.7250, TAS IoU = 0.7054
2025-02-13 16:15:04,897 - INFO - 最新模型已保存
2025-02-13 16:15:44,420 - INFO - Epoch 38: Train Loss = 0.3623, Val Loss = 0.3849, 
MIoU = 0.6802, FWIoU = 0.6778, Acc = 0.8089, 
TE IoU = 0.6547, NEC IoU = 0.6423, LYM IoU = 0.7274, TAS IoU = 0.6964
2025-02-13 16:15:44,727 - INFO - 最新模型已保存
2025-02-13 16:16:24,064 - INFO - Epoch 39: Train Loss = 0.3580, Val Loss = 0.3647, 
MIoU = 0.6797, FWIoU = 0.7074, Acc = 0.8288, 
TE IoU = 0.7110, NEC IoU = 0.5525, LYM IoU = 0.7502, TAS IoU = 0.7051
2025-02-13 16:16:24,366 - INFO - 最新模型已保存
2025-02-13 16:17:02,925 - INFO - Epoch 40: Train Loss = 0.3579, Val Loss = 0.3556, 
MIoU = 0.7113, FWIoU = 0.7027, Acc = 0.8255, 
TE IoU = 0.6970, NEC IoU = 0.7194, LYM IoU = 0.7236, TAS IoU = 0.7053
2025-02-13 16:17:03,275 - INFO - Epoch 40: 最优模型已保存
2025-02-13 16:17:03,590 - INFO - 最新模型已保存
2025-02-13 16:17:42,409 - INFO - Epoch 41: Train Loss = 0.3584, Val Loss = 0.3896, 
MIoU = 0.6588, FWIoU = 0.6673, Acc = 0.8018, 
TE IoU = 0.6440, NEC IoU = 0.5885, LYM IoU = 0.7148, TAS IoU = 0.6880
2025-02-13 16:17:42,708 - INFO - 最新模型已保存
2025-02-13 16:18:21,868 - INFO - Epoch 42: Train Loss = 0.3581, Val Loss = 0.3432, 
MIoU = 0.7082, FWIoU = 0.7098, Acc = 0.8303, 
TE IoU = 0.7129, NEC IoU = 0.6968, LYM IoU = 0.7167, TAS IoU = 0.7066
2025-02-13 16:18:22,172 - INFO - 最新模型已保存
2025-02-13 16:18:59,495 - INFO - Epoch 43: Train Loss = 0.3569, Val Loss = 0.3648, 
MIoU = 0.6466, FWIoU = 0.7104, Acc = 0.8313, 
TE IoU = 0.7273, NEC IoU = 0.5357, LYM IoU = 0.6121, TAS IoU = 0.7113
2025-02-13 16:18:59,806 - INFO - 最新模型已保存
2025-02-13 16:19:36,778 - INFO - Epoch 44: Train Loss = 0.3548, Val Loss = 0.3600, 
MIoU = 0.6860, FWIoU = 0.7019, Acc = 0.8250, 
TE IoU = 0.6987, NEC IoU = 0.6291, LYM IoU = 0.7093, TAS IoU = 0.7069
2025-02-13 16:19:37,074 - INFO - 最新模型已保存
2025-02-13 16:20:15,732 - INFO - Epoch 45: Train Loss = 0.3526, Val Loss = 0.4094, 
MIoU = 0.6564, FWIoU = 0.6512, Acc = 0.7914, 
TE IoU = 0.6131, NEC IoU = 0.6397, LYM IoU = 0.6876, TAS IoU = 0.6852
2025-02-13 16:20:16,022 - INFO - 最新模型已保存
2025-02-13 16:20:54,752 - INFO - Epoch 46: Train Loss = 0.3533, Val Loss = 0.3544, 
MIoU = 0.6842, FWIoU = 0.7097, Acc = 0.8303, 
TE IoU = 0.7140, NEC IoU = 0.5921, LYM IoU = 0.7221, TAS IoU = 0.7087
2025-02-13 16:20:55,112 - INFO - 最新模型已保存
2025-02-13 16:21:33,860 - INFO - Epoch 47: Train Loss = 0.3520, Val Loss = 0.3673, 
MIoU = 0.6903, FWIoU = 0.6912, Acc = 0.8180, 
TE IoU = 0.6739, NEC IoU = 0.6642, LYM IoU = 0.7167, TAS IoU = 0.7063
2025-02-13 16:21:34,155 - INFO - 最新模型已保存
2025-02-13 16:22:13,160 - INFO - Epoch 48: Train Loss = 0.3495, Val Loss = 0.3498, 
MIoU = 0.6806, FWIoU = 0.7084, Acc = 0.8295, 
TE IoU = 0.7069, NEC IoU = 0.5795, LYM IoU = 0.7229, TAS IoU = 0.7131
2025-02-13 16:22:13,464 - INFO - 最新模型已保存
2025-02-13 16:22:52,738 - INFO - Epoch 49: Train Loss = 0.3480, Val Loss = 0.4676, 
MIoU = 0.5822, FWIoU = 0.5933, Acc = 0.7448, 
TE IoU = 0.5875, NEC IoU = 0.4808, LYM IoU = 0.6648, TAS IoU = 0.5955
2025-02-13 16:22:53,060 - INFO - 最新模型已保存
2025-02-13 16:23:32,574 - INFO - Epoch 50: Train Loss = 0.3473, Val Loss = 0.3531, 
MIoU = 0.7034, FWIoU = 0.7070, Acc = 0.8284, 
TE IoU = 0.7076, NEC IoU = 0.6482, LYM IoU = 0.7546, TAS IoU = 0.7033
2025-02-13 16:23:32,891 - INFO - 最新模型已保存
2025-02-13 16:24:11,666 - INFO - Epoch 51: Train Loss = 0.3458, Val Loss = 0.3409, 
MIoU = 0.7063, FWIoU = 0.7163, Acc = 0.8349, 
TE IoU = 0.7094, NEC IoU = 0.6443, LYM IoU = 0.7493, TAS IoU = 0.7222
2025-02-13 16:24:11,972 - INFO - 最新模型已保存
2025-02-13 16:24:49,551 - INFO - Epoch 52: Train Loss = 0.3508, Val Loss = 0.4050, 
MIoU = 0.6476, FWIoU = 0.6602, Acc = 0.7955, 
TE IoU = 0.6514, NEC IoU = 0.5641, LYM IoU = 0.7074, TAS IoU = 0.6674
2025-02-13 16:24:49,850 - INFO - 最新模型已保存
2025-02-13 16:25:26,463 - INFO - Epoch 53: Train Loss = 0.3449, Val Loss = 0.3941, 
MIoU = 0.6825, FWIoU = 0.6696, Acc = 0.8040, 
TE IoU = 0.6362, NEC IoU = 0.6606, LYM IoU = 0.7379, TAS IoU = 0.6951
2025-02-13 16:25:26,759 - INFO - 最新模型已保存
2025-02-13 16:26:05,488 - INFO - Epoch 54: Train Loss = 0.3460, Val Loss = 0.3615, 
MIoU = 0.6608, FWIoU = 0.7078, Acc = 0.8292, 
TE IoU = 0.7110, NEC IoU = 0.4785, LYM IoU = 0.7440, TAS IoU = 0.7096
2025-02-13 16:26:05,861 - INFO - 最新模型已保存
2025-02-13 16:26:44,236 - INFO - Epoch 55: Train Loss = 0.3446, Val Loss = 0.3831, 
MIoU = 0.6660, FWIoU = 0.6822, Acc = 0.8112, 
TE IoU = 0.6785, NEC IoU = 0.5754, LYM IoU = 0.7250, TAS IoU = 0.6852
2025-02-13 16:26:44,537 - INFO - 最新模型已保存
2025-02-13 16:27:22,584 - INFO - Epoch 56: Train Loss = 0.3404, Val Loss = 0.3582, 
MIoU = 0.6977, FWIoU = 0.7026, Acc = 0.8253, 
TE IoU = 0.7003, NEC IoU = 0.6900, LYM IoU = 0.6942, TAS IoU = 0.7062
2025-02-13 16:27:22,901 - INFO - 最新模型已保存
2025-02-13 16:28:00,825 - INFO - Epoch 57: Train Loss = 0.3395, Val Loss = 0.3692, 
MIoU = 0.6821, FWIoU = 0.6834, Acc = 0.8124, 
TE IoU = 0.6674, NEC IoU = 0.6297, LYM IoU = 0.7357, TAS IoU = 0.6955
2025-02-13 16:28:01,133 - INFO - 最新模型已保存
2025-02-13 16:28:38,571 - INFO - Epoch 58: Train Loss = 0.3396, Val Loss = 0.3609, 
MIoU = 0.6861, FWIoU = 0.7023, Acc = 0.8254, 
TE IoU = 0.6953, NEC IoU = 0.6200, LYM IoU = 0.7186, TAS IoU = 0.7105
2025-02-13 16:28:38,867 - INFO - 最新模型已保存
2025-02-13 16:29:16,836 - INFO - Epoch 59: Train Loss = 0.3379, Val Loss = 0.3445, 
MIoU = 0.7056, FWIoU = 0.7077, Acc = 0.8290, 
TE IoU = 0.7022, NEC IoU = 0.6803, LYM IoU = 0.7280, TAS IoU = 0.7119
2025-02-13 16:29:17,142 - INFO - 最新模型已保存
2025-02-13 16:29:54,917 - INFO - Epoch 60: Train Loss = 0.3378, Val Loss = 0.3536, 
MIoU = 0.6965, FWIoU = 0.6994, Acc = 0.8233, 
TE IoU = 0.6913, NEC IoU = 0.6616, LYM IoU = 0.7273, TAS IoU = 0.7057
2025-02-13 16:29:55,221 - INFO - 最新模型已保存
2025-02-13 16:30:33,897 - INFO - Epoch 61: Train Loss = 0.3372, Val Loss = 0.3460, 
MIoU = 0.7144, FWIoU = 0.7089, Acc = 0.8297, 
TE IoU = 0.7022, NEC IoU = 0.7019, LYM IoU = 0.7412, TAS IoU = 0.7122
2025-02-13 16:30:34,195 - INFO - Epoch 61: 最优模型已保存
2025-02-13 16:30:34,484 - INFO - 最新模型已保存
2025-02-13 16:31:13,030 - INFO - Epoch 62: Train Loss = 0.3368, Val Loss = 0.3809, 
MIoU = 0.6735, FWIoU = 0.6932, Acc = 0.8193, 
TE IoU = 0.6830, NEC IoU = 0.6052, LYM IoU = 0.7000, TAS IoU = 0.7058
2025-02-13 16:31:13,374 - INFO - 最新模型已保存
2025-02-13 16:31:52,154 - INFO - Epoch 63: Train Loss = 0.3351, Val Loss = 0.3592, 
MIoU = 0.6942, FWIoU = 0.7022, Acc = 0.8252, 
TE IoU = 0.7117, NEC IoU = 0.6524, LYM IoU = 0.7196, TAS IoU = 0.6929
2025-02-13 16:31:52,537 - INFO - 最新模型已保存
2025-02-13 16:32:30,578 - INFO - Epoch 64: Train Loss = 0.3357, Val Loss = 0.3708, 
MIoU = 0.6938, FWIoU = 0.6844, Acc = 0.8133, 
TE IoU = 0.6665, NEC IoU = 0.6989, LYM IoU = 0.7114, TAS IoU = 0.6984
2025-02-13 16:32:30,908 - INFO - 最新模型已保存
2025-02-13 16:33:09,440 - INFO - Epoch 65: Train Loss = 0.3427, Val Loss = 0.3579, 
MIoU = 0.6948, FWIoU = 0.7001, Acc = 0.8237, 
TE IoU = 0.6917, NEC IoU = 0.6487, LYM IoU = 0.7319, TAS IoU = 0.7067
2025-02-13 16:33:09,752 - INFO - 最新模型已保存
2025-02-13 16:33:48,438 - INFO - Epoch 66: Train Loss = 0.3378, Val Loss = 0.3953, 
MIoU = 0.6546, FWIoU = 0.6658, Acc = 0.8015, 
TE IoU = 0.6358, NEC IoU = 0.5925, LYM IoU = 0.6951, TAS IoU = 0.6949
2025-02-13 16:33:48,738 - INFO - 最新模型已保存
2025-02-13 16:34:25,861 - INFO - Epoch 67: Train Loss = 0.3323, Val Loss = 0.3476, 
MIoU = 0.6977, FWIoU = 0.7117, Acc = 0.8316, 
TE IoU = 0.7080, NEC IoU = 0.6254, LYM IoU = 0.7423, TAS IoU = 0.7153
2025-02-13 16:34:26,161 - INFO - 最新模型已保存
2025-02-13 16:35:05,349 - INFO - Epoch 68: Train Loss = 0.3353, Val Loss = 0.3527, 
MIoU = 0.7103, FWIoU = 0.7038, Acc = 0.8267, 
TE IoU = 0.6878, NEC IoU = 0.7052, LYM IoU = 0.7318, TAS IoU = 0.7163
2025-02-13 16:35:05,662 - INFO - 最新模型已保存
2025-02-13 16:35:44,611 - INFO - Epoch 69: Train Loss = 0.3305, Val Loss = 0.3501, 
MIoU = 0.7044, FWIoU = 0.7042, Acc = 0.8265, 
TE IoU = 0.7038, NEC IoU = 0.6897, LYM IoU = 0.7206, TAS IoU = 0.7034
2025-02-13 16:35:44,952 - INFO - 最新模型已保存
2025-02-13 16:36:22,433 - INFO - Epoch 70: Train Loss = 0.3311, Val Loss = 0.3516, 
MIoU = 0.7096, FWIoU = 0.7091, Acc = 0.8300, 
TE IoU = 0.7021, NEC IoU = 0.7169, LYM IoU = 0.7031, TAS IoU = 0.7164
2025-02-13 16:36:22,736 - INFO - 最新模型已保存
2025-02-13 16:37:01,449 - INFO - Epoch 71: Train Loss = 0.3412, Val Loss = 0.3773, 
MIoU = 0.6735, FWIoU = 0.6827, Acc = 0.8118, 
TE IoU = 0.6731, NEC IoU = 0.6249, LYM IoU = 0.7040, TAS IoU = 0.6921
2025-02-13 16:37:01,766 - INFO - 最新模型已保存
2025-02-13 16:37:40,552 - INFO - Epoch 72: Train Loss = 0.3363, Val Loss = 0.3594, 
MIoU = 0.6925, FWIoU = 0.6965, Acc = 0.8213, 
TE IoU = 0.6889, NEC IoU = 0.6829, LYM IoU = 0.6934, TAS IoU = 0.7048
2025-02-13 16:37:40,873 - INFO - 最新模型已保存
2025-02-13 16:38:19,982 - INFO - Epoch 73: Train Loss = 0.3367, Val Loss = 0.3889, 
MIoU = 0.6663, FWIoU = 0.6623, Acc = 0.7979, 
TE IoU = 0.6377, NEC IoU = 0.6377, LYM IoU = 0.7072, TAS IoU = 0.6825
2025-02-13 16:38:20,288 - INFO - 最新模型已保存
2025-02-13 16:38:59,471 - INFO - Epoch 74: Train Loss = 0.3347, Val Loss = 0.3793, 
MIoU = 0.6897, FWIoU = 0.6806, Acc = 0.8110, 
TE IoU = 0.6570, NEC IoU = 0.6968, LYM IoU = 0.7046, TAS IoU = 0.7004
2025-02-13 16:38:59,775 - INFO - 最新模型已保存
2025-02-13 16:39:39,679 - INFO - Epoch 75: Train Loss = 0.3322, Val Loss = 0.3535, 
MIoU = 0.6943, FWIoU = 0.7014, Acc = 0.8250, 
TE IoU = 0.6885, NEC IoU = 0.6516, LYM IoU = 0.7236, TAS IoU = 0.7136
2025-02-13 16:39:39,994 - INFO - 最新模型已保存
2025-02-13 16:40:18,679 - INFO - Epoch 76: Train Loss = 0.3290, Val Loss = 0.3656, 
MIoU = 0.6750, FWIoU = 0.6981, Acc = 0.8225, 
TE IoU = 0.6940, NEC IoU = 0.5875, LYM IoU = 0.7137, TAS IoU = 0.7047
2025-02-13 16:40:18,982 - INFO - 最新模型已保存
2025-02-13 16:40:57,126 - INFO - Epoch 77: Train Loss = 0.3295, Val Loss = 0.3623, 
MIoU = 0.6953, FWIoU = 0.6937, Acc = 0.8199, 
TE IoU = 0.6749, NEC IoU = 0.6724, LYM IoU = 0.7242, TAS IoU = 0.7096
2025-02-13 16:40:57,462 - INFO - 最新模型已保存
2025-02-13 16:41:36,483 - INFO - Epoch 78: Train Loss = 0.3265, Val Loss = 0.3677, 
MIoU = 0.6872, FWIoU = 0.6893, Acc = 0.8166, 
TE IoU = 0.6762, NEC IoU = 0.6643, LYM IoU = 0.7069, TAS IoU = 0.7013
2025-02-13 16:41:36,795 - INFO - 最新模型已保存
2025-02-13 16:42:16,329 - INFO - Epoch 79: Train Loss = 0.3245, Val Loss = 0.3479, 
MIoU = 0.7050, FWIoU = 0.7120, Acc = 0.8318, 
TE IoU = 0.7105, NEC IoU = 0.6571, LYM IoU = 0.7397, TAS IoU = 0.7126
2025-02-13 16:42:16,639 - INFO - 最新模型已保存
2025-02-13 16:42:55,662 - INFO - Epoch 80: Train Loss = 0.3249, Val Loss = 0.3464, 
MIoU = 0.7045, FWIoU = 0.7075, Acc = 0.8288, 
TE IoU = 0.7029, NEC IoU = 0.6897, LYM IoU = 0.7133, TAS IoU = 0.7120
2025-02-13 16:42:55,992 - INFO - 最新模型已保存
2025-02-13 16:43:34,849 - INFO - Epoch 81: Train Loss = 0.3229, Val Loss = 0.3553, 
MIoU = 0.6932, FWIoU = 0.7036, Acc = 0.8261, 
TE IoU = 0.7009, NEC IoU = 0.6331, LYM IoU = 0.7330, TAS IoU = 0.7058
2025-02-13 16:43:35,210 - INFO - 最新模型已保存
2025-02-13 16:44:15,160 - INFO - Epoch 82: Train Loss = 0.3223, Val Loss = 0.3486, 
MIoU = 0.7097, FWIoU = 0.7093, Acc = 0.8300, 
TE IoU = 0.7037, NEC IoU = 0.6899, LYM IoU = 0.7320, TAS IoU = 0.7130
2025-02-13 16:44:15,479 - INFO - 最新模型已保存
2025-02-13 16:44:54,613 - INFO - Epoch 83: Train Loss = 0.3241, Val Loss = 0.3443, 
MIoU = 0.6969, FWIoU = 0.7151, Acc = 0.8340, 
TE IoU = 0.7188, NEC IoU = 0.6445, LYM IoU = 0.7095, TAS IoU = 0.7148
2025-02-13 16:44:54,921 - INFO - 最新模型已保存
2025-02-13 16:45:33,208 - INFO - Epoch 84: Train Loss = 0.3226, Val Loss = 0.3872, 
MIoU = 0.6678, FWIoU = 0.6726, Acc = 0.8058, 
TE IoU = 0.6474, NEC IoU = 0.6137, LYM IoU = 0.7150, TAS IoU = 0.6951
2025-02-13 16:45:33,577 - INFO - 最新模型已保存
2025-02-13 16:46:13,015 - INFO - Epoch 85: Train Loss = 0.3198, Val Loss = 0.3549, 
MIoU = 0.6903, FWIoU = 0.7066, Acc = 0.8284, 
TE IoU = 0.6980, NEC IoU = 0.6056, LYM IoU = 0.7429, TAS IoU = 0.7149
2025-02-13 16:46:13,331 - INFO - 最新模型已保存
2025-02-13 16:46:51,779 - INFO - Epoch 86: Train Loss = 0.3207, Val Loss = 0.3408, 
MIoU = 0.7151, FWIoU = 0.7160, Acc = 0.8345, 
TE IoU = 0.7137, NEC IoU = 0.7004, LYM IoU = 0.7289, TAS IoU = 0.7174
2025-02-13 16:46:52,084 - INFO - Epoch 86: 最优模型已保存
2025-02-13 16:46:52,378 - INFO - 最新模型已保存
2025-02-13 16:47:31,096 - INFO - Epoch 87: Train Loss = 0.3203, Val Loss = 0.3559, 
MIoU = 0.7070, FWIoU = 0.7057, Acc = 0.8276, 
TE IoU = 0.6992, NEC IoU = 0.7012, LYM IoU = 0.7166, TAS IoU = 0.7111
2025-02-13 16:47:31,424 - INFO - 最新模型已保存
2025-02-13 16:48:08,591 - INFO - Epoch 88: Train Loss = 0.3177, Val Loss = 0.3440, 
MIoU = 0.7141, FWIoU = 0.7122, Acc = 0.8320, 
TE IoU = 0.7108, NEC IoU = 0.6992, LYM IoU = 0.7348, TAS IoU = 0.7116
2025-02-13 16:48:08,927 - INFO - 最新模型已保存
2025-02-13 16:48:46,511 - INFO - Epoch 89: Train Loss = 0.3200, Val Loss = 0.3667, 
MIoU = 0.6797, FWIoU = 0.7009, Acc = 0.8244, 
TE IoU = 0.7078, NEC IoU = 0.6083, LYM IoU = 0.7054, TAS IoU = 0.6973
2025-02-13 16:48:46,824 - INFO - 最新模型已保存
2025-02-13 16:49:25,057 - INFO - Epoch 90: Train Loss = 0.3179, Val Loss = 0.3739, 
MIoU = 0.6998, FWIoU = 0.6855, Acc = 0.8143, 
TE IoU = 0.6627, NEC IoU = 0.6999, LYM IoU = 0.7349, TAS IoU = 0.7019
2025-02-13 16:49:25,379 - INFO - 最新模型已保存
2025-02-13 16:50:02,771 - INFO - Epoch 91: Train Loss = 0.3176, Val Loss = 0.3734, 
MIoU = 0.7033, FWIoU = 0.6935, Acc = 0.8194, 
TE IoU = 0.6783, NEC IoU = 0.6960, LYM IoU = 0.7352, TAS IoU = 0.7038
2025-02-13 16:50:03,094 - INFO - 最新模型已保存
2025-02-13 16:50:41,442 - INFO - Epoch 92: Train Loss = 0.3177, Val Loss = 0.3539, 
MIoU = 0.6887, FWIoU = 0.7128, Acc = 0.8324, 
TE IoU = 0.7156, NEC IoU = 0.6119, LYM IoU = 0.7135, TAS IoU = 0.7139
2025-02-13 16:50:41,738 - INFO - 最新模型已保存
2025-02-13 16:51:20,188 - INFO - Epoch 93: Train Loss = 0.3163, Val Loss = 0.3465, 
MIoU = 0.7122, FWIoU = 0.7094, Acc = 0.8300, 
TE IoU = 0.7055, NEC IoU = 0.7031, LYM IoU = 0.7288, TAS IoU = 0.7113
2025-02-13 16:51:20,481 - INFO - 最新模型已保存
2025-02-13 16:51:58,795 - INFO - Epoch 94: Train Loss = 0.3157, Val Loss = 0.3423, 
MIoU = 0.7209, FWIoU = 0.7141, Acc = 0.8334, 
TE IoU = 0.7051, NEC IoU = 0.7217, LYM IoU = 0.7369, TAS IoU = 0.7201
2025-02-13 16:51:59,088 - INFO - Epoch 94: 最优模型已保存
2025-02-13 16:51:59,377 - INFO - 最新模型已保存
2025-02-13 16:52:36,465 - INFO - Epoch 95: Train Loss = 0.3150, Val Loss = 0.3472, 
MIoU = 0.7162, FWIoU = 0.7071, Acc = 0.8286, 
TE IoU = 0.6956, NEC IoU = 0.7094, LYM IoU = 0.7458, TAS IoU = 0.7139
2025-02-13 16:52:36,758 - INFO - 最新模型已保存
2025-02-13 16:53:13,925 - INFO - Epoch 96: Train Loss = 0.3137, Val Loss = 0.3963, 
MIoU = 0.6947, FWIoU = 0.6869, Acc = 0.8155, 
TE IoU = 0.6632, NEC IoU = 0.7010, LYM IoU = 0.7075, TAS IoU = 0.7072
2025-02-13 16:53:14,235 - INFO - 最新模型已保存
2025-02-13 16:53:51,035 - INFO - Epoch 97: Train Loss = 0.3146, Val Loss = 0.3393, 
MIoU = 0.7156, FWIoU = 0.7224, Acc = 0.8389, 
TE IoU = 0.7196, NEC IoU = 0.6759, LYM IoU = 0.7420, TAS IoU = 0.7248
2025-02-13 16:53:51,338 - INFO - 最新模型已保存
2025-02-13 16:54:29,088 - INFO - Epoch 98: Train Loss = 0.3146, Val Loss = 0.3661, 
MIoU = 0.7136, FWIoU = 0.7072, Acc = 0.8286, 
TE IoU = 0.7000, NEC IoU = 0.7252, LYM IoU = 0.7168, TAS IoU = 0.7126
2025-02-13 16:54:29,380 - INFO - 最新模型已保存
2025-02-13 16:55:06,652 - INFO - Epoch 99: Train Loss = 0.3137, Val Loss = 0.3850, 
MIoU = 0.6982, FWIoU = 0.7038, Acc = 0.8266, 
TE IoU = 0.6915, NEC IoU = 0.6645, LYM IoU = 0.7215, TAS IoU = 0.7153
2025-02-13 16:55:06,948 - INFO - 最新模型已保存
2025-02-13 16:55:44,248 - INFO - Epoch 100: Train Loss = 0.3138, Val Loss = 0.3591, 
MIoU = 0.7031, FWIoU = 0.7063, Acc = 0.8283, 
TE IoU = 0.6925, NEC IoU = 0.6623, LYM IoU = 0.7400, TAS IoU = 0.7177
2025-02-13 16:55:44,544 - INFO - 最新模型已保存
2025-02-13 16:56:22,152 - INFO - Epoch 101: Train Loss = 0.3135, Val Loss = 0.4021, 
MIoU = 0.6659, FWIoU = 0.6617, Acc = 0.7982, 
TE IoU = 0.6323, NEC IoU = 0.6573, LYM IoU = 0.6858, TAS IoU = 0.6881
2025-02-13 16:56:22,445 - INFO - 最新模型已保存
2025-02-13 16:57:01,200 - INFO - Epoch 102: Train Loss = 0.3114, Val Loss = 0.3552, 
MIoU = 0.6867, FWIoU = 0.7067, Acc = 0.8283, 
TE IoU = 0.7053, NEC IoU = 0.6229, LYM IoU = 0.7074, TAS IoU = 0.7112
2025-02-13 16:57:01,491 - INFO - 最新模型已保存
2025-02-13 16:57:38,161 - INFO - Epoch 103: Train Loss = 0.3119, Val Loss = 0.3603, 
MIoU = 0.7106, FWIoU = 0.6970, Acc = 0.8222, 
TE IoU = 0.6776, NEC IoU = 0.7286, LYM IoU = 0.7242, TAS IoU = 0.7117
2025-02-13 16:57:38,537 - INFO - 最新模型已保存
2025-02-13 16:58:16,606 - INFO - Epoch 104: Train Loss = 0.3111, Val Loss = 0.3896, 
MIoU = 0.6609, FWIoU = 0.6901, Acc = 0.8173, 
TE IoU = 0.6819, NEC IoU = 0.5796, LYM IoU = 0.6786, TAS IoU = 0.7036
2025-02-13 16:58:16,905 - INFO - 最新模型已保存
2025-02-13 16:58:54,174 - INFO - Epoch 105: Train Loss = 0.3116, Val Loss = 0.3787, 
MIoU = 0.7169, FWIoU = 0.7094, Acc = 0.8304, 
TE IoU = 0.6958, NEC IoU = 0.7079, LYM IoU = 0.7450, TAS IoU = 0.7188
2025-02-13 16:58:54,464 - INFO - 最新模型已保存
2025-02-13 16:59:32,361 - INFO - Epoch 106: Train Loss = 0.3114, Val Loss = 0.3548, 
MIoU = 0.7028, FWIoU = 0.7179, Acc = 0.8359, 
TE IoU = 0.7168, NEC IoU = 0.6525, LYM IoU = 0.7209, TAS IoU = 0.7211
2025-02-13 16:59:32,720 - INFO - 最新模型已保存
2025-02-13 17:00:09,973 - INFO - Epoch 107: Train Loss = 0.3100, Val Loss = 0.3803, 
MIoU = 0.6858, FWIoU = 0.6883, Acc = 0.8163, 
TE IoU = 0.6684, NEC IoU = 0.6442, LYM IoU = 0.7253, TAS IoU = 0.7054
2025-02-13 17:00:10,269 - INFO - 最新模型已保存
2025-02-13 17:00:48,256 - INFO - Epoch 108: Train Loss = 0.3091, Val Loss = 0.4018, 
MIoU = 0.7002, FWIoU = 0.6964, Acc = 0.8219, 
TE IoU = 0.6763, NEC IoU = 0.6857, LYM IoU = 0.7255, TAS IoU = 0.7133
2025-02-13 17:00:48,554 - INFO - 最新模型已保存
2025-02-13 17:01:25,386 - INFO - Epoch 109: Train Loss = 0.3080, Val Loss = 0.3542, 
MIoU = 0.7115, FWIoU = 0.7018, Acc = 0.8252, 
TE IoU = 0.6873, NEC IoU = 0.7194, LYM IoU = 0.7266, TAS IoU = 0.7126
2025-02-13 17:01:25,677 - INFO - 最新模型已保存
2025-02-13 17:02:02,853 - INFO - Epoch 110: Train Loss = 0.3083, Val Loss = 0.3541, 
MIoU = 0.7207, FWIoU = 0.7128, Acc = 0.8326, 
TE IoU = 0.7007, NEC IoU = 0.7185, LYM IoU = 0.7422, TAS IoU = 0.7213
2025-02-13 17:02:03,179 - INFO - 最新模型已保存
2025-02-13 17:02:40,573 - INFO - Epoch 111: Train Loss = 0.3096, Val Loss = 0.3868, 
MIoU = 0.6884, FWIoU = 0.6786, Acc = 0.8098, 
TE IoU = 0.6530, NEC IoU = 0.6899, LYM IoU = 0.7110, TAS IoU = 0.6997
2025-02-13 17:02:40,864 - INFO - 最新模型已保存
2025-02-13 17:03:17,550 - INFO - Epoch 112: Train Loss = 0.3100, Val Loss = 0.3519, 
MIoU = 0.7154, FWIoU = 0.7115, Acc = 0.8316, 
TE IoU = 0.7029, NEC IoU = 0.7070, LYM IoU = 0.7340, TAS IoU = 0.7177
2025-02-13 17:03:17,843 - INFO - 最新模型已保存
2025-02-13 17:03:54,961 - INFO - Epoch 113: Train Loss = 0.3077, Val Loss = 0.3585, 
MIoU = 0.7082, FWIoU = 0.7059, Acc = 0.8281, 
TE IoU = 0.6921, NEC IoU = 0.6917, LYM IoU = 0.7318, TAS IoU = 0.7172
2025-02-13 17:03:55,263 - INFO - 最新模型已保存
2025-02-13 17:04:32,042 - INFO - Epoch 114: Train Loss = 0.3063, Val Loss = 0.3602, 
MIoU = 0.7145, FWIoU = 0.7112, Acc = 0.8314, 
TE IoU = 0.7016, NEC IoU = 0.6991, LYM IoU = 0.7394, TAS IoU = 0.7179
2025-02-13 17:04:32,367 - INFO - 最新模型已保存
2025-02-13 17:05:11,841 - INFO - Epoch 115: Train Loss = 0.3061, Val Loss = 0.3693, 
MIoU = 0.7126, FWIoU = 0.7076, Acc = 0.8289, 
TE IoU = 0.6984, NEC IoU = 0.7054, LYM IoU = 0.7327, TAS IoU = 0.7139
2025-02-13 17:05:12,168 - INFO - 最新模型已保存
2025-02-13 17:05:49,092 - INFO - Epoch 116: Train Loss = 0.3054, Val Loss = 0.3754, 
MIoU = 0.7080, FWIoU = 0.6918, Acc = 0.8188, 
TE IoU = 0.6687, NEC IoU = 0.7204, LYM IoU = 0.7342, TAS IoU = 0.7087
2025-02-13 17:05:49,416 - INFO - 最新模型已保存
2025-02-13 17:06:27,331 - INFO - Epoch 117: Train Loss = 0.3059, Val Loss = 0.3789, 
MIoU = 0.7158, FWIoU = 0.7122, Acc = 0.8320, 
TE IoU = 0.7084, NEC IoU = 0.7118, LYM IoU = 0.7286, TAS IoU = 0.7142
2025-02-13 17:06:27,670 - INFO - 最新模型已保存
2025-02-13 17:07:07,024 - INFO - Epoch 118: Train Loss = 0.3054, Val Loss = 0.3421, 
MIoU = 0.7151, FWIoU = 0.7208, Acc = 0.8378, 
TE IoU = 0.7199, NEC IoU = 0.6922, LYM IoU = 0.7259, TAS IoU = 0.7223
2025-02-13 17:07:07,320 - INFO - 最新模型已保存
2025-02-13 17:07:45,723 - INFO - Epoch 119: Train Loss = 0.3041, Val Loss = 0.3980, 
MIoU = 0.7037, FWIoU = 0.7048, Acc = 0.8272, 
TE IoU = 0.6927, NEC IoU = 0.6847, LYM IoU = 0.7218, TAS IoU = 0.7155
2025-02-13 17:07:46,041 - INFO - 最新模型已保存
2025-02-13 17:08:24,123 - INFO - Epoch 120: Train Loss = 0.3029, Val Loss = 0.3856, 
MIoU = 0.7031, FWIoU = 0.7008, Acc = 0.8247, 
TE IoU = 0.6837, NEC IoU = 0.6689, LYM IoU = 0.7459, TAS IoU = 0.7139
2025-02-13 17:08:24,433 - INFO - 最新模型已保存
2025-02-13 17:09:02,044 - INFO - Epoch 121: Train Loss = 0.3049, Val Loss = 0.3485, 
MIoU = 0.7121, FWIoU = 0.7064, Acc = 0.8283, 
TE IoU = 0.6938, NEC IoU = 0.7072, LYM IoU = 0.7315, TAS IoU = 0.7160
2025-02-13 17:09:02,360 - INFO - 最新模型已保存
2025-02-13 17:09:40,032 - INFO - Epoch 122: Train Loss = 0.3053, Val Loss = 0.3530, 
MIoU = 0.7155, FWIoU = 0.7156, Acc = 0.8345, 
TE IoU = 0.7061, NEC IoU = 0.6942, LYM IoU = 0.7383, TAS IoU = 0.7233
2025-02-13 17:09:40,326 - INFO - 最新模型已保存
2025-02-13 17:10:18,425 - INFO - Epoch 123: Train Loss = 0.3031, Val Loss = 0.3447, 
MIoU = 0.7104, FWIoU = 0.7206, Acc = 0.8378, 
TE IoU = 0.7161, NEC IoU = 0.6627, LYM IoU = 0.7372, TAS IoU = 0.7255
2025-02-13 17:10:18,717 - INFO - 最新模型已保存
2025-02-13 17:10:57,066 - INFO - Epoch 124: Train Loss = 0.3040, Val Loss = 0.3451, 
MIoU = 0.7135, FWIoU = 0.7108, Acc = 0.8312, 
TE IoU = 0.7003, NEC IoU = 0.6966, LYM IoU = 0.7384, TAS IoU = 0.7186
2025-02-13 17:10:57,365 - INFO - 最新模型已保存
2025-02-13 17:11:35,687 - INFO - Epoch 125: Train Loss = 0.3022, Val Loss = 0.3456, 
MIoU = 0.7094, FWIoU = 0.7089, Acc = 0.8300, 
TE IoU = 0.6968, NEC IoU = 0.6926, LYM IoU = 0.7292, TAS IoU = 0.7192
2025-02-13 17:11:35,986 - INFO - 最新模型已保存
2025-02-13 17:12:14,047 - INFO - Epoch 126: Train Loss = 0.3035, Val Loss = 0.3860, 
MIoU = 0.7128, FWIoU = 0.7145, Acc = 0.8337, 
TE IoU = 0.7061, NEC IoU = 0.6892, LYM IoU = 0.7343, TAS IoU = 0.7215
2025-02-13 17:12:14,370 - INFO - 最新模型已保存
2025-02-13 17:12:52,710 - INFO - Epoch 127: Train Loss = 0.3014, Val Loss = 0.3768, 
MIoU = 0.7135, FWIoU = 0.7221, Acc = 0.8387, 
TE IoU = 0.7209, NEC IoU = 0.6733, LYM IoU = 0.7363, TAS IoU = 0.7237
2025-02-13 17:12:53,019 - INFO - 最新模型已保存
2025-02-13 17:13:31,143 - INFO - Epoch 128: Train Loss = 0.3026, Val Loss = 0.3459, 
MIoU = 0.7138, FWIoU = 0.7104, Acc = 0.8309, 
TE IoU = 0.7009, NEC IoU = 0.7055, LYM IoU = 0.7312, TAS IoU = 0.7176
2025-02-13 17:13:31,445 - INFO - 最新模型已保存
2025-02-13 17:14:10,201 - INFO - Epoch 129: Train Loss = 0.3020, Val Loss = 0.3423, 
MIoU = 0.7152, FWIoU = 0.7199, Acc = 0.8372, 
TE IoU = 0.7199, NEC IoU = 0.6841, LYM IoU = 0.7372, TAS IoU = 0.7194
2025-02-13 17:14:10,507 - INFO - 最新模型已保存
2025-02-13 17:14:48,990 - INFO - Epoch 130: Train Loss = 0.3001, Val Loss = 0.3659, 
MIoU = 0.7115, FWIoU = 0.7081, Acc = 0.8294, 
TE IoU = 0.6970, NEC IoU = 0.7014, LYM IoU = 0.7310, TAS IoU = 0.7167
2025-02-13 17:14:49,298 - INFO - 最新模型已保存
2025-02-13 17:15:28,024 - INFO - Epoch 131: Train Loss = 0.3001, Val Loss = 0.3888, 
MIoU = 0.7174, FWIoU = 0.7159, Acc = 0.8347, 
TE IoU = 0.7060, NEC IoU = 0.7056, LYM IoU = 0.7339, TAS IoU = 0.7240
2025-02-13 17:15:28,330 - INFO - 最新模型已保存
2025-02-13 17:16:06,734 - INFO - Epoch 132: Train Loss = 0.3010, Val Loss = 0.3549, 
MIoU = 0.7174, FWIoU = 0.7057, Acc = 0.8279, 
TE IoU = 0.6909, NEC IoU = 0.7381, LYM IoU = 0.7235, TAS IoU = 0.7172
2025-02-13 17:16:07,057 - INFO - 最新模型已保存
2025-02-13 17:16:45,475 - INFO - Epoch 133: Train Loss = 0.3004, Val Loss = 0.3381, 
MIoU = 0.7218, FWIoU = 0.7196, Acc = 0.8370, 
TE IoU = 0.7134, NEC IoU = 0.7187, LYM IoU = 0.7308, TAS IoU = 0.7245
2025-02-13 17:16:45,784 - INFO - Epoch 133: 最优模型已保存
2025-02-13 17:16:46,083 - INFO - 最新模型已保存
2025-02-13 17:17:24,173 - INFO - Epoch 134: Train Loss = 0.3004, Val Loss = 0.3601, 
MIoU = 0.7126, FWIoU = 0.7139, Acc = 0.8333, 
TE IoU = 0.7064, NEC IoU = 0.6966, LYM IoU = 0.7268, TAS IoU = 0.7206
2025-02-13 17:17:24,476 - INFO - 最新模型已保存
2025-02-13 17:18:03,592 - INFO - Epoch 135: Train Loss = 0.2998, Val Loss = 0.3431, 
MIoU = 0.7149, FWIoU = 0.7117, Acc = 0.8318, 
TE IoU = 0.7008, NEC IoU = 0.7108, LYM IoU = 0.7273, TAS IoU = 0.7207
2025-02-13 17:18:03,903 - INFO - 最新模型已保存
2025-02-13 17:18:42,221 - INFO - Epoch 136: Train Loss = 0.3003, Val Loss = 0.3512, 
MIoU = 0.7151, FWIoU = 0.7161, Acc = 0.8347, 
TE IoU = 0.7089, NEC IoU = 0.7032, LYM IoU = 0.7256, TAS IoU = 0.7226
2025-02-13 17:18:42,530 - INFO - 最新模型已保存
2025-02-13 17:19:20,857 - INFO - Epoch 137: Train Loss = 0.2984, Val Loss = 0.3572, 
MIoU = 0.7092, FWIoU = 0.7084, Acc = 0.8296, 
TE IoU = 0.6982, NEC IoU = 0.6938, LYM IoU = 0.7281, TAS IoU = 0.7169
2025-02-13 17:19:21,235 - INFO - 最新模型已保存
2025-02-13 17:19:59,915 - INFO - Epoch 138: Train Loss = 0.2988, Val Loss = 0.3453, 
MIoU = 0.7134, FWIoU = 0.7124, Acc = 0.8322, 
TE IoU = 0.7047, NEC IoU = 0.7104, LYM IoU = 0.7193, TAS IoU = 0.7192
2025-02-13 17:20:00,235 - INFO - 最新模型已保存
2025-02-13 17:20:39,060 - INFO - Epoch 139: Train Loss = 0.2991, Val Loss = 0.3447, 
MIoU = 0.7118, FWIoU = 0.7153, Acc = 0.8342, 
TE IoU = 0.7093, NEC IoU = 0.6912, LYM IoU = 0.7258, TAS IoU = 0.7209
2025-02-13 17:20:39,362 - INFO - 最新模型已保存
2025-02-13 17:21:18,176 - INFO - Epoch 140: Train Loss = 0.2980, Val Loss = 0.3903, 
MIoU = 0.7091, FWIoU = 0.7093, Acc = 0.8302, 
TE IoU = 0.6993, NEC IoU = 0.6926, LYM IoU = 0.7268, TAS IoU = 0.7178
2025-02-13 17:21:18,479 - INFO - 最新模型已保存
2025-02-13 17:21:57,138 - INFO - Epoch 141: Train Loss = 0.2956, Val Loss = 0.3726, 
MIoU = 0.7132, FWIoU = 0.7038, Acc = 0.8267, 
TE IoU = 0.6878, NEC IoU = 0.7246, LYM IoU = 0.7239, TAS IoU = 0.7165
2025-02-13 17:21:57,440 - INFO - 最新模型已保存
2025-02-13 17:22:36,306 - INFO - Epoch 142: Train Loss = 0.2983, Val Loss = 0.3845, 
MIoU = 0.7168, FWIoU = 0.7138, Acc = 0.8333, 
TE IoU = 0.7038, NEC IoU = 0.7068, LYM IoU = 0.7350, TAS IoU = 0.7216
2025-02-13 17:22:36,610 - INFO - 最新模型已保存
2025-02-13 17:23:15,756 - INFO - Epoch 143: Train Loss = 0.2963, Val Loss = 0.3495, 
MIoU = 0.7055, FWIoU = 0.7108, Acc = 0.8314, 
TE IoU = 0.6995, NEC IoU = 0.6695, LYM IoU = 0.7317, TAS IoU = 0.7212
2025-02-13 17:23:16,064 - INFO - 最新模型已保存
2025-02-13 17:23:55,838 - INFO - Epoch 144: Train Loss = 0.2978, Val Loss = 0.3902, 
MIoU = 0.7144, FWIoU = 0.7091, Acc = 0.8303, 
TE IoU = 0.6948, NEC IoU = 0.7127, LYM IoU = 0.7293, TAS IoU = 0.7208
2025-02-13 17:23:56,147 - INFO - 最新模型已保存
2025-02-13 17:24:34,795 - INFO - Epoch 145: Train Loss = 0.2969, Val Loss = 0.3515, 
MIoU = 0.7146, FWIoU = 0.7121, Acc = 0.8322, 
TE IoU = 0.6996, NEC IoU = 0.7045, LYM IoU = 0.7316, TAS IoU = 0.7226
2025-02-13 17:24:35,188 - INFO - 最新模型已保存
2025-02-13 17:25:13,548 - INFO - Epoch 146: Train Loss = 0.2967, Val Loss = 0.3438, 
MIoU = 0.7132, FWIoU = 0.7124, Acc = 0.8323, 
TE IoU = 0.7025, NEC IoU = 0.7018, LYM IoU = 0.7278, TAS IoU = 0.7208
2025-02-13 17:25:13,868 - INFO - 最新模型已保存
2025-02-13 17:25:52,559 - INFO - Epoch 147: Train Loss = 0.2965, Val Loss = 0.3527, 
MIoU = 0.7126, FWIoU = 0.7060, Acc = 0.8282, 
TE IoU = 0.6914, NEC IoU = 0.7136, LYM IoU = 0.7280, TAS IoU = 0.7177
2025-02-13 17:25:52,863 - INFO - 最新模型已保存
2025-02-13 17:26:31,367 - INFO - Epoch 148: Train Loss = 0.2947, Val Loss = 0.3619, 
MIoU = 0.7155, FWIoU = 0.7136, Acc = 0.8331, 
TE IoU = 0.7034, NEC IoU = 0.7058, LYM IoU = 0.7306, TAS IoU = 0.7221
2025-02-13 17:26:31,692 - INFO - 最新模型已保存
2025-02-13 17:27:10,227 - INFO - Epoch 149: Train Loss = 0.2965, Val Loss = 0.3460, 
MIoU = 0.7132, FWIoU = 0.7137, Acc = 0.8331, 
TE IoU = 0.7053, NEC IoU = 0.6993, LYM IoU = 0.7274, TAS IoU = 0.7209
2025-02-13 17:27:10,555 - INFO - 最新模型已保存
2025-02-13 17:27:48,923 - INFO - Epoch 150: Train Loss = 0.2956, Val Loss = 0.4006, 
MIoU = 0.7116, FWIoU = 0.7085, Acc = 0.8298, 
TE IoU = 0.6945, NEC IoU = 0.7033, LYM IoU = 0.7283, TAS IoU = 0.7202
2025-02-13 17:27:49,290 - INFO - 最新模型已保存
2025-02-13 17:27:52,279 - INFO - 最优模型测试结果: MIoU = 0.7211, FWIoU = 0.7254, Acc = 0.8405, TE IoU = 0.7552, NEC IoU = 0.7133, LYM IoU = 0.7202, TAS IoU = 0.6958
2025-02-13 17:27:55,265 - INFO - 最新模型测试结果: MIoU = 0.7253, FWIoU = 0.7257, Acc = 0.8404, TE IoU = 0.7496, NEC IoU = 0.7286, LYM IoU = 0.7245, TAS IoU = 0.6984
