2025-02-15 01:11:19,525 - INFO - 训练开始
2025-02-15 01:11:19,526 - INFO - 训练参数: {'onss': False, 'Grad_CAM_pp': False, 'batch_size': 64, 'num_workers': 10, 'learning_rate': 0.01, 'num_epochs': 150, 'num_classes': 4, 'weight_decay': 0.0001, 'momentum': 0.9, 'log_dir': './runs', 'checkpoint': 'checkpoints/stage2'}
2025-02-15 01:12:09,873 - INFO - Epoch 1: Train Loss = 0.7279, Val Loss = 0.5688, 
MIoU = 0.5352, FWIoU = 0.5803, Acc = 0.7394, 
TE IoU = 0.6388, NEC IoU = 0.3374, LYM IoU = 0.6388, TAS IoU = 0.5258
2025-02-15 01:12:10,306 - INFO - 最优模型已保存
2025-02-15 01:12:10,653 - INFO - 最新模型已保存
2025-02-15 01:13:02,208 - INFO - Epoch 2: Train Loss = 0.6296, Val Loss = 0.5467, 
MIoU = 0.5705, FWIoU = 0.6004, Acc = 0.7514, 
TE IoU = 0.5813, NEC IoU = 0.4593, LYM IoU = 0.6190, TAS IoU = 0.6225
2025-02-15 01:13:02,714 - INFO - 最优模型已保存
2025-02-15 01:13:03,134 - INFO - 最新模型已保存
2025-02-15 01:13:54,947 - INFO - Epoch 3: Train Loss = 0.6985, Val Loss = 0.5879, 
MIoU = 0.5292, FWIoU = 0.5729, Acc = 0.7286, 
TE IoU = 0.5492, NEC IoU = 0.3381, LYM IoU = 0.6306, TAS IoU = 0.5988
2025-02-15 01:13:55,401 - INFO - 最新模型已保存
2025-02-15 01:14:47,511 - INFO - Epoch 4: Train Loss = 0.6220, Val Loss = 0.5266, 
MIoU = 0.5586, FWIoU = 0.6329, Acc = 0.7758, 
TE IoU = 0.6496, NEC IoU = 0.3715, LYM IoU = 0.5810, TAS IoU = 0.6323
2025-02-15 01:14:47,931 - INFO - 最新模型已保存
2025-02-15 01:15:38,051 - INFO - Epoch 5: Train Loss = 0.6799, Val Loss = 1.3554, 
MIoU = 0.2572, FWIoU = 0.2604, Acc = 0.5032, 
TE IoU = 0.0110, NEC IoU = 0.0000, LYM IoU = 0.5327, TAS IoU = 0.4853
2025-02-15 01:15:38,468 - INFO - 最新模型已保存
2025-02-15 01:16:30,792 - INFO - Epoch 6: Train Loss = 0.8656, Val Loss = 0.5845, 
MIoU = 0.5241, FWIoU = 0.6139, Acc = 0.7560, 
TE IoU = 0.6483, NEC IoU = 0.2259, LYM IoU = 0.6288, TAS IoU = 0.5934
2025-02-15 01:16:31,250 - INFO - 最新模型已保存
2025-02-15 01:17:21,329 - INFO - Epoch 7: Train Loss = 0.6318, Val Loss = 1.2450, 
MIoU = 0.4857, FWIoU = 0.5471, Acc = 0.7150, 
TE IoU = 0.6287, NEC IoU = 0.2793, LYM IoU = 0.5588, TAS IoU = 0.4761
2025-02-15 01:17:21,830 - INFO - 最新模型已保存
2025-02-15 01:18:13,224 - INFO - Epoch 8: Train Loss = 0.6052, Val Loss = 0.5468, 
MIoU = 0.5358, FWIoU = 0.6064, Acc = 0.7520, 
TE IoU = 0.6228, NEC IoU = 0.2615, LYM IoU = 0.6614, TAS IoU = 0.5975
2025-02-15 01:18:13,651 - INFO - 最新模型已保存
2025-02-15 01:19:03,684 - INFO - Epoch 9: Train Loss = 0.5854, Val Loss = 0.6458, 
MIoU = 0.5047, FWIoU = 0.5385, Acc = 0.7099, 
TE IoU = 0.6304, NEC IoU = 0.2865, LYM IoU = 0.6572, TAS IoU = 0.4448
2025-02-15 01:19:04,103 - INFO - 最新模型已保存
2025-02-15 01:19:53,340 - INFO - Epoch 10: Train Loss = 0.5842, Val Loss = 0.5443, 
MIoU = 0.5429, FWIoU = 0.6133, Acc = 0.7620, 
TE IoU = 0.6665, NEC IoU = 0.3427, LYM IoU = 0.5879, TAS IoU = 0.5744
2025-02-15 01:19:53,796 - INFO - 最新模型已保存
2025-02-15 01:20:44,341 - INFO - Epoch 11: Train Loss = 0.5769, Val Loss = 0.5458, 
MIoU = 0.5536, FWIoU = 0.6200, Acc = 0.7632, 
TE IoU = 0.6344, NEC IoU = 0.3360, LYM IoU = 0.6282, TAS IoU = 0.6160
2025-02-15 01:20:44,757 - INFO - 最新模型已保存
2025-02-15 01:21:35,107 - INFO - Epoch 12: Train Loss = 0.5559, Val Loss = 0.5480, 
MIoU = 0.5553, FWIoU = 0.6032, Acc = 0.7516, 
TE IoU = 0.5846, NEC IoU = 0.3542, LYM IoU = 0.6574, TAS IoU = 0.6252
2025-02-15 01:21:35,539 - INFO - 最新模型已保存
2025-02-15 01:22:25,628 - INFO - Epoch 13: Train Loss = 0.5432, Val Loss = 0.5250, 
MIoU = 0.5548, FWIoU = 0.6228, Acc = 0.7691, 
TE IoU = 0.6076, NEC IoU = 0.3068, LYM IoU = 0.6590, TAS IoU = 0.6459
2025-02-15 01:22:26,056 - INFO - 最新模型已保存
2025-02-15 01:23:15,773 - INFO - Epoch 14: Train Loss = 0.5428, Val Loss = 0.4813, 
MIoU = 0.5861, FWIoU = 0.6570, Acc = 0.7923, 
TE IoU = 0.6769, NEC IoU = 0.3552, LYM IoU = 0.6638, TAS IoU = 0.6485
2025-02-15 01:23:16,187 - INFO - 最优模型已保存
2025-02-15 01:23:16,584 - INFO - 最新模型已保存
2025-02-15 01:24:05,805 - INFO - Epoch 15: Train Loss = 0.5326, Val Loss = 0.4762, 
MIoU = 0.5985, FWIoU = 0.6652, Acc = 0.7978, 
TE IoU = 0.6846, NEC IoU = 0.4002, LYM IoU = 0.6511, TAS IoU = 0.6580
2025-02-15 01:24:06,216 - INFO - 最优模型已保存
2025-02-15 01:24:06,606 - INFO - 最新模型已保存
2025-02-15 01:24:55,783 - INFO - Epoch 16: Train Loss = 0.5284, Val Loss = 0.4984, 
MIoU = 0.5921, FWIoU = 0.6661, Acc = 0.7946, 
TE IoU = 0.6837, NEC IoU = 0.3513, LYM IoU = 0.6729, TAS IoU = 0.6604
2025-02-15 01:24:56,194 - INFO - 最新模型已保存
2025-02-15 01:25:45,716 - INFO - Epoch 17: Train Loss = 0.5213, Val Loss = 0.5657, 
MIoU = 0.5479, FWIoU = 0.5654, Acc = 0.7269, 
TE IoU = 0.5125, NEC IoU = 0.4567, LYM IoU = 0.6054, TAS IoU = 0.6171
2025-02-15 01:25:46,141 - INFO - 最新模型已保存
2025-02-15 01:26:35,449 - INFO - Epoch 18: Train Loss = 0.5314, Val Loss = 0.4670, 
MIoU = 0.6158, FWIoU = 0.6773, Acc = 0.8056, 
TE IoU = 0.6787, NEC IoU = 0.4227, LYM IoU = 0.6758, TAS IoU = 0.6859
2025-02-15 01:26:35,865 - INFO - 最优模型已保存
2025-02-15 01:26:36,266 - INFO - 最新模型已保存
2025-02-15 01:27:25,881 - INFO - Epoch 19: Train Loss = 0.5086, Val Loss = 0.4356, 
MIoU = 0.6660, FWIoU = 0.6921, Acc = 0.8180, 
TE IoU = 0.6972, NEC IoU = 0.5857, LYM IoU = 0.6894, TAS IoU = 0.6915
2025-02-15 01:27:26,298 - INFO - 最优模型已保存
2025-02-15 01:27:26,690 - INFO - 最新模型已保存
2025-02-15 01:28:17,011 - INFO - Epoch 20: Train Loss = 0.5052, Val Loss = 0.5954, 
MIoU = 0.5541, FWIoU = 0.5912, Acc = 0.7506, 
TE IoU = 0.6545, NEC IoU = 0.4726, LYM IoU = 0.5511, TAS IoU = 0.5381
2025-02-15 01:28:17,431 - INFO - 最新模型已保存
2025-02-15 01:29:07,183 - INFO - Epoch 21: Train Loss = 0.5019, Val Loss = 0.4521, 
MIoU = 0.6275, FWIoU = 0.6801, Acc = 0.8085, 
TE IoU = 0.6796, NEC IoU = 0.5075, LYM IoU = 0.6303, TAS IoU = 0.6927
2025-02-15 01:29:07,615 - INFO - 最新模型已保存
2025-02-15 01:29:57,082 - INFO - Epoch 22: Train Loss = 0.4969, Val Loss = 0.4557, 
MIoU = 0.6078, FWIoU = 0.6787, Acc = 0.8058, 
TE IoU = 0.6838, NEC IoU = 0.3836, LYM IoU = 0.6784, TAS IoU = 0.6852
2025-02-15 01:29:57,506 - INFO - 最新模型已保存
2025-02-15 01:30:46,969 - INFO - Epoch 23: Train Loss = 0.4930, Val Loss = 0.4827, 
MIoU = 0.5885, FWIoU = 0.6584, Acc = 0.7948, 
TE IoU = 0.6739, NEC IoU = 0.3542, LYM IoU = 0.6727, TAS IoU = 0.6533
2025-02-15 01:30:47,381 - INFO - 最新模型已保存
2025-02-15 01:31:37,161 - INFO - Epoch 24: Train Loss = 0.4879, Val Loss = 0.4498, 
MIoU = 0.6735, FWIoU = 0.6934, Acc = 0.8195, 
TE IoU = 0.7107, NEC IoU = 0.6030, LYM IoU = 0.7013, TAS IoU = 0.6790
2025-02-15 01:31:37,575 - INFO - 最优模型已保存
2025-02-15 01:31:37,978 - INFO - 最新模型已保存
2025-02-15 01:32:27,202 - INFO - Epoch 25: Train Loss = 0.4839, Val Loss = 0.4347, 
MIoU = 0.6763, FWIoU = 0.6986, Acc = 0.8226, 
TE IoU = 0.6992, NEC IoU = 0.6190, LYM IoU = 0.6841, TAS IoU = 0.7026
2025-02-15 01:32:27,617 - INFO - 最优模型已保存
2025-02-15 01:32:28,013 - INFO - 最新模型已保存
2025-02-15 01:33:17,394 - INFO - Epoch 26: Train Loss = 0.4766, Val Loss = 0.4666, 
MIoU = 0.6541, FWIoU = 0.6883, Acc = 0.8154, 
TE IoU = 0.6893, NEC IoU = 0.5538, LYM IoU = 0.6799, TAS IoU = 0.6934
2025-02-15 01:33:17,818 - INFO - 最新模型已保存
2025-02-15 01:34:07,036 - INFO - Epoch 27: Train Loss = 0.4758, Val Loss = 0.4210, 
MIoU = 0.7011, FWIoU = 0.6996, Acc = 0.8239, 
TE IoU = 0.6846, NEC IoU = 0.7039, LYM IoU = 0.7022, TAS IoU = 0.7139
2025-02-15 01:34:07,439 - INFO - 最优模型已保存
2025-02-15 01:34:07,830 - INFO - 最新模型已保存
2025-02-15 01:34:57,122 - INFO - Epoch 28: Train Loss = 0.4771, Val Loss = 0.4294, 
MIoU = 0.6788, FWIoU = 0.6961, Acc = 0.8210, 
TE IoU = 0.6857, NEC IoU = 0.6193, LYM IoU = 0.7018, TAS IoU = 0.7085
2025-02-15 01:34:57,534 - INFO - 最新模型已保存
2025-02-15 01:35:47,315 - INFO - Epoch 29: Train Loss = 0.4720, Val Loss = 0.4123, 
MIoU = 0.6963, FWIoU = 0.7053, Acc = 0.8271, 
TE IoU = 0.7057, NEC IoU = 0.6773, LYM IoU = 0.6953, TAS IoU = 0.7070
2025-02-15 01:35:47,725 - INFO - 最新模型已保存
2025-02-15 01:36:37,391 - INFO - Epoch 30: Train Loss = 0.4685, Val Loss = 0.4231, 
MIoU = 0.6833, FWIoU = 0.6995, Acc = 0.8233, 
TE IoU = 0.6906, NEC IoU = 0.6646, LYM IoU = 0.6649, TAS IoU = 0.7134
2025-02-15 01:36:37,872 - INFO - 最新模型已保存
2025-02-15 01:37:27,211 - INFO - Epoch 31: Train Loss = 0.4643, Val Loss = 0.4040, 
MIoU = 0.6867, FWIoU = 0.7086, Acc = 0.8294, 
TE IoU = 0.7135, NEC IoU = 0.6368, LYM IoU = 0.6877, TAS IoU = 0.7088
2025-02-15 01:37:27,621 - INFO - 最新模型已保存
2025-02-15 01:38:17,513 - INFO - Epoch 32: Train Loss = 0.4612, Val Loss = 0.4749, 
MIoU = 0.6812, FWIoU = 0.7045, Acc = 0.8268, 
TE IoU = 0.7004, NEC IoU = 0.6283, LYM IoU = 0.6821, TAS IoU = 0.7138
2025-02-15 01:38:17,933 - INFO - 最新模型已保存
2025-02-15 01:39:07,175 - INFO - Epoch 33: Train Loss = 0.4631, Val Loss = 0.4880, 
MIoU = 0.6515, FWIoU = 0.6946, Acc = 0.8193, 
TE IoU = 0.7153, NEC IoU = 0.5715, LYM IoU = 0.6334, TAS IoU = 0.6859
2025-02-15 01:39:07,589 - INFO - 最新模型已保存
2025-02-15 01:39:57,000 - INFO - Epoch 34: Train Loss = 0.4620, Val Loss = 0.4141, 
MIoU = 0.6724, FWIoU = 0.7088, Acc = 0.8299, 
TE IoU = 0.7077, NEC IoU = 0.5609, LYM IoU = 0.7047, TAS IoU = 0.7161
2025-02-15 01:39:57,418 - INFO - 最新模型已保存
2025-02-15 01:40:46,944 - INFO - Epoch 35: Train Loss = 0.4634, Val Loss = 0.4009, 
MIoU = 0.6761, FWIoU = 0.7072, Acc = 0.8283, 
TE IoU = 0.7151, NEC IoU = 0.5948, LYM IoU = 0.6886, TAS IoU = 0.7059
2025-02-15 01:40:47,398 - INFO - 最新模型已保存
2025-02-15 01:41:37,066 - INFO - Epoch 36: Train Loss = 0.4628, Val Loss = 0.4384, 
MIoU = 0.6693, FWIoU = 0.6820, Acc = 0.8112, 
TE IoU = 0.6955, NEC IoU = 0.6330, LYM IoU = 0.6777, TAS IoU = 0.6712
2025-02-15 01:41:37,484 - INFO - 最新模型已保存
2025-02-15 01:42:27,098 - INFO - Epoch 37: Train Loss = 0.4590, Val Loss = 0.4498, 
MIoU = 0.6464, FWIoU = 0.6702, Acc = 0.8021, 
TE IoU = 0.6690, NEC IoU = 0.6118, LYM IoU = 0.6262, TAS IoU = 0.6786
2025-02-15 01:42:27,506 - INFO - 最新模型已保存
2025-02-15 01:43:16,755 - INFO - Epoch 38: Train Loss = 0.4595, Val Loss = 0.4082, 
MIoU = 0.7052, FWIoU = 0.7029, Acc = 0.8260, 
TE IoU = 0.6878, NEC IoU = 0.7092, LYM IoU = 0.7068, TAS IoU = 0.7170
2025-02-15 01:43:17,181 - INFO - 最优模型已保存
2025-02-15 01:43:17,589 - INFO - 最新模型已保存
2025-02-15 01:44:07,747 - INFO - Epoch 39: Train Loss = 0.4577, Val Loss = 0.4111, 
MIoU = 0.6874, FWIoU = 0.7089, Acc = 0.8296, 
TE IoU = 0.7129, NEC IoU = 0.6194, LYM IoU = 0.7090, TAS IoU = 0.7084
2025-02-15 01:44:08,162 - INFO - 最新模型已保存
2025-02-15 01:44:58,043 - INFO - Epoch 40: Train Loss = 0.4570, Val Loss = 0.3971, 
MIoU = 0.7016, FWIoU = 0.7115, Acc = 0.8316, 
TE IoU = 0.7049, NEC IoU = 0.6809, LYM IoU = 0.7001, TAS IoU = 0.7205
2025-02-15 01:44:58,462 - INFO - 最新模型已保存
2025-02-15 01:45:47,992 - INFO - Epoch 41: Train Loss = 0.4553, Val Loss = 0.4454, 
MIoU = 0.6747, FWIoU = 0.6751, Acc = 0.8064, 
TE IoU = 0.6619, NEC IoU = 0.6598, LYM IoU = 0.6902, TAS IoU = 0.6871
2025-02-15 01:45:48,406 - INFO - 最新模型已保存
2025-02-15 01:46:37,802 - INFO - Epoch 42: Train Loss = 0.4516, Val Loss = 0.3937, 
MIoU = 0.6964, FWIoU = 0.7181, Acc = 0.8360, 
TE IoU = 0.7206, NEC IoU = 0.6346, LYM IoU = 0.7109, TAS IoU = 0.7196
2025-02-15 01:46:38,214 - INFO - 最新模型已保存
2025-02-15 01:47:28,214 - INFO - Epoch 43: Train Loss = 0.4487, Val Loss = 0.3898, 
MIoU = 0.7117, FWIoU = 0.7181, Acc = 0.8359, 
TE IoU = 0.7170, NEC IoU = 0.7077, LYM IoU = 0.7005, TAS IoU = 0.7216
2025-02-15 01:47:28,638 - INFO - 最优模型已保存
2025-02-15 01:47:29,029 - INFO - 最新模型已保存
2025-02-15 01:48:19,438 - INFO - Epoch 44: Train Loss = 0.4458, Val Loss = 0.4057, 
MIoU = 0.6979, FWIoU = 0.7117, Acc = 0.8316, 
TE IoU = 0.7115, NEC IoU = 0.6580, LYM IoU = 0.7076, TAS IoU = 0.7145
2025-02-15 01:48:19,868 - INFO - 最新模型已保存
2025-02-15 01:49:09,447 - INFO - Epoch 45: Train Loss = 0.4465, Val Loss = 0.4276, 
MIoU = 0.6690, FWIoU = 0.6883, Acc = 0.8148, 
TE IoU = 0.6837, NEC IoU = 0.6702, LYM IoU = 0.6212, TAS IoU = 0.7008
2025-02-15 01:49:09,948 - INFO - 最新模型已保存
2025-02-15 01:49:59,582 - INFO - Epoch 46: Train Loss = 0.4433, Val Loss = 0.4209, 
MIoU = 0.6957, FWIoU = 0.6918, Acc = 0.8178, 
TE IoU = 0.6804, NEC IoU = 0.7416, LYM IoU = 0.6560, TAS IoU = 0.7049
2025-02-15 01:49:59,999 - INFO - 最新模型已保存
2025-02-15 01:50:49,820 - INFO - Epoch 47: Train Loss = 0.4427, Val Loss = 0.3884, 
MIoU = 0.7046, FWIoU = 0.7201, Acc = 0.8373, 
TE IoU = 0.7197, NEC IoU = 0.6713, LYM IoU = 0.7031, TAS IoU = 0.7242
2025-02-15 01:50:50,240 - INFO - 最新模型已保存
2025-02-15 01:51:40,117 - INFO - Epoch 48: Train Loss = 0.4425, Val Loss = 0.4101, 
MIoU = 0.7078, FWIoU = 0.7026, Acc = 0.8256, 
TE IoU = 0.6910, NEC IoU = 0.7062, LYM IoU = 0.7225, TAS IoU = 0.7116
2025-02-15 01:51:40,544 - INFO - 最新模型已保存
2025-02-15 01:52:29,942 - INFO - Epoch 49: Train Loss = 0.4395, Val Loss = 0.4056, 
MIoU = 0.7057, FWIoU = 0.7061, Acc = 0.8278, 
TE IoU = 0.7033, NEC IoU = 0.6943, LYM IoU = 0.7173, TAS IoU = 0.7080
2025-02-15 01:52:30,426 - INFO - 最新模型已保存
2025-02-15 01:53:20,435 - INFO - Epoch 50: Train Loss = 0.4391, Val Loss = 0.4002, 
MIoU = 0.7094, FWIoU = 0.7122, Acc = 0.8319, 
TE IoU = 0.7156, NEC IoU = 0.6891, LYM IoU = 0.7245, TAS IoU = 0.7084
2025-02-15 01:53:20,850 - INFO - 最新模型已保存
2025-02-15 01:54:10,677 - INFO - Epoch 51: Train Loss = 0.4356, Val Loss = 0.3990, 
MIoU = 0.7017, FWIoU = 0.7107, Acc = 0.8310, 
TE IoU = 0.7091, NEC IoU = 0.6729, LYM IoU = 0.7109, TAS IoU = 0.7138
2025-02-15 01:54:11,114 - INFO - 最新模型已保存
2025-02-15 01:55:00,671 - INFO - Epoch 52: Train Loss = 0.4364, Val Loss = 0.4566, 
MIoU = 0.6433, FWIoU = 0.6581, Acc = 0.7939, 
TE IoU = 0.6621, NEC IoU = 0.5918, LYM IoU = 0.6630, TAS IoU = 0.6561
2025-02-15 01:55:01,080 - INFO - 最新模型已保存
2025-02-15 01:55:50,412 - INFO - Epoch 53: Train Loss = 0.4357, Val Loss = 0.4295, 
MIoU = 0.6766, FWIoU = 0.6810, Acc = 0.8114, 
TE IoU = 0.6575, NEC IoU = 0.6334, LYM IoU = 0.7132, TAS IoU = 0.7024
2025-02-15 01:55:50,841 - INFO - 最新模型已保存
2025-02-15 01:56:40,311 - INFO - Epoch 54: Train Loss = 0.4338, Val Loss = 0.4046, 
MIoU = 0.7002, FWIoU = 0.7027, Acc = 0.8257, 
TE IoU = 0.6918, NEC IoU = 0.6820, LYM IoU = 0.7142, TAS IoU = 0.7129
2025-02-15 01:56:40,720 - INFO - 最新模型已保存
2025-02-15 01:57:30,617 - INFO - Epoch 55: Train Loss = 0.4359, Val Loss = 0.4102, 
MIoU = 0.6983, FWIoU = 0.6982, Acc = 0.8224, 
TE IoU = 0.6903, NEC IoU = 0.6958, LYM IoU = 0.7014, TAS IoU = 0.7057
2025-02-15 01:57:31,051 - INFO - 最新模型已保存
2025-02-15 01:58:21,623 - INFO - Epoch 56: Train Loss = 0.4322, Val Loss = 0.4364, 
MIoU = 0.6785, FWIoU = 0.6808, Acc = 0.8102, 
TE IoU = 0.6869, NEC IoU = 0.6448, LYM IoU = 0.7094, TAS IoU = 0.6730
2025-02-15 01:58:22,046 - INFO - 最新模型已保存
2025-02-15 01:59:12,434 - INFO - Epoch 57: Train Loss = 0.4323, Val Loss = 0.3902, 
MIoU = 0.7228, FWIoU = 0.7190, Acc = 0.8366, 
TE IoU = 0.7136, NEC IoU = 0.7225, LYM IoU = 0.7322, TAS IoU = 0.7228
2025-02-15 01:59:12,841 - INFO - 最优模型已保存
2025-02-15 01:59:13,236 - INFO - 最新模型已保存
2025-02-15 02:00:02,787 - INFO - Epoch 58: Train Loss = 0.4324, Val Loss = 0.4110, 
MIoU = 0.6978, FWIoU = 0.6994, Acc = 0.8233, 
TE IoU = 0.6892, NEC IoU = 0.6776, LYM IoU = 0.7163, TAS IoU = 0.7084
2025-02-15 02:00:03,197 - INFO - 最新模型已保存
2025-02-15 02:00:52,711 - INFO - Epoch 59: Train Loss = 0.4273, Val Loss = 0.3989, 
MIoU = 0.7128, FWIoU = 0.7156, Acc = 0.8343, 
TE IoU = 0.7231, NEC IoU = 0.6988, LYM IoU = 0.7210, TAS IoU = 0.7082
2025-02-15 02:00:53,169 - INFO - 最新模型已保存
2025-02-15 02:01:42,804 - INFO - Epoch 60: Train Loss = 0.4289, Val Loss = 0.3944, 
MIoU = 0.7125, FWIoU = 0.7203, Acc = 0.8376, 
TE IoU = 0.7274, NEC IoU = 0.6605, LYM IoU = 0.7497, TAS IoU = 0.7124
2025-02-15 02:01:43,216 - INFO - 最新模型已保存
2025-02-15 02:02:33,465 - INFO - Epoch 61: Train Loss = 0.4275, Val Loss = 0.3925, 
MIoU = 0.7236, FWIoU = 0.7223, Acc = 0.8388, 
TE IoU = 0.7266, NEC IoU = 0.7353, LYM IoU = 0.7140, TAS IoU = 0.7185
2025-02-15 02:02:33,918 - INFO - 最优模型已保存
2025-02-15 02:02:34,402 - INFO - 最新模型已保存
2025-02-15 02:03:23,975 - INFO - Epoch 62: Train Loss = 0.4282, Val Loss = 0.3862, 
MIoU = 0.7221, FWIoU = 0.7219, Acc = 0.8386, 
TE IoU = 0.7179, NEC IoU = 0.6925, LYM IoU = 0.7546, TAS IoU = 0.7234
2025-02-15 02:03:24,385 - INFO - 最新模型已保存
2025-02-15 02:04:14,096 - INFO - Epoch 63: Train Loss = 0.4262, Val Loss = 0.4097, 
MIoU = 0.6928, FWIoU = 0.6987, Acc = 0.8228, 
TE IoU = 0.7066, NEC IoU = 0.6718, LYM IoU = 0.7011, TAS IoU = 0.6918
2025-02-15 02:04:14,515 - INFO - 最新模型已保存
2025-02-15 02:05:04,048 - INFO - Epoch 64: Train Loss = 0.4248, Val Loss = 0.3858, 
MIoU = 0.7214, FWIoU = 0.7255, Acc = 0.8409, 
TE IoU = 0.7252, NEC IoU = 0.6955, LYM IoU = 0.7395, TAS IoU = 0.7254
2025-02-15 02:05:04,521 - INFO - 最新模型已保存
2025-02-15 02:05:54,343 - INFO - Epoch 65: Train Loss = 0.4239, Val Loss = 0.4139, 
MIoU = 0.6637, FWIoU = 0.7104, Acc = 0.8292, 
TE IoU = 0.7259, NEC IoU = 0.4905, LYM IoU = 0.7378, TAS IoU = 0.7006
2025-02-15 02:05:54,797 - INFO - 最新模型已保存
2025-02-15 02:06:45,462 - INFO - Epoch 66: Train Loss = 0.4215, Val Loss = 0.3909, 
MIoU = 0.7249, FWIoU = 0.7173, Acc = 0.8354, 
TE IoU = 0.7164, NEC IoU = 0.7299, LYM IoU = 0.7380, TAS IoU = 0.7154
2025-02-15 02:06:45,888 - INFO - 最优模型已保存
2025-02-15 02:06:46,285 - INFO - 最新模型已保存
2025-02-15 02:07:36,938 - INFO - Epoch 67: Train Loss = 0.4193, Val Loss = 0.3955, 
MIoU = 0.7203, FWIoU = 0.7100, Acc = 0.8309, 
TE IoU = 0.6943, NEC IoU = 0.7357, LYM IoU = 0.7289, TAS IoU = 0.7224
2025-02-15 02:07:37,353 - INFO - 最新模型已保存
2025-02-15 02:08:28,747 - INFO - Epoch 68: Train Loss = 0.4199, Val Loss = 0.3920, 
MIoU = 0.7217, FWIoU = 0.7204, Acc = 0.8375, 
TE IoU = 0.7194, NEC IoU = 0.6930, LYM IoU = 0.7556, TAS IoU = 0.7187
2025-02-15 02:08:29,184 - INFO - 最新模型已保存
2025-02-15 02:09:20,664 - INFO - Epoch 69: Train Loss = 0.4186, Val Loss = 0.4002, 
MIoU = 0.7185, FWIoU = 0.7110, Acc = 0.8314, 
TE IoU = 0.6968, NEC IoU = 0.7178, LYM IoU = 0.7377, TAS IoU = 0.7218
2025-02-15 02:09:21,091 - INFO - 最新模型已保存
2025-02-15 02:10:12,289 - INFO - Epoch 70: Train Loss = 0.4185, Val Loss = 0.4003, 
MIoU = 0.7102, FWIoU = 0.7076, Acc = 0.8289, 
TE IoU = 0.6993, NEC IoU = 0.7063, LYM IoU = 0.7209, TAS IoU = 0.7142
2025-02-15 02:10:12,710 - INFO - 最新模型已保存
2025-02-15 02:11:03,594 - INFO - Epoch 71: Train Loss = 0.4162, Val Loss = 0.3867, 
MIoU = 0.7340, FWIoU = 0.7232, Acc = 0.8394, 
TE IoU = 0.7256, NEC IoU = 0.7452, LYM IoU = 0.7479, TAS IoU = 0.7172
2025-02-15 02:11:04,031 - INFO - 最优模型已保存
2025-02-15 02:11:04,499 - INFO - 最新模型已保存
2025-02-15 02:11:55,037 - INFO - Epoch 72: Train Loss = 0.4156, Val Loss = 0.3777, 
MIoU = 0.7246, FWIoU = 0.7233, Acc = 0.8393, 
TE IoU = 0.7238, NEC IoU = 0.7596, LYM IoU = 0.6898, TAS IoU = 0.7251
2025-02-15 02:11:55,454 - INFO - 最新模型已保存
2025-02-15 02:12:46,567 - INFO - Epoch 73: Train Loss = 0.4166, Val Loss = 0.3851, 
MIoU = 0.7184, FWIoU = 0.7188, Acc = 0.8364, 
TE IoU = 0.7197, NEC IoU = 0.7239, LYM IoU = 0.7113, TAS IoU = 0.7186
2025-02-15 02:12:46,980 - INFO - 最新模型已保存
2025-02-15 02:13:37,948 - INFO - Epoch 74: Train Loss = 0.4166, Val Loss = 0.4028, 
MIoU = 0.7010, FWIoU = 0.7011, Acc = 0.8243, 
TE IoU = 0.6929, NEC IoU = 0.7132, LYM IoU = 0.6879, TAS IoU = 0.7101
2025-02-15 02:13:38,371 - INFO - 最新模型已保存
2025-02-15 02:14:29,268 - INFO - Epoch 75: Train Loss = 0.4144, Val Loss = 0.3789, 
MIoU = 0.7394, FWIoU = 0.7271, Acc = 0.8420, 
TE IoU = 0.7251, NEC IoU = 0.7568, LYM IoU = 0.7504, TAS IoU = 0.7253
2025-02-15 02:14:29,682 - INFO - 最优模型已保存
2025-02-15 02:14:30,081 - INFO - 最新模型已保存
2025-02-15 02:15:21,384 - INFO - Epoch 76: Train Loss = 0.4145, Val Loss = 0.3901, 
MIoU = 0.7192, FWIoU = 0.7208, Acc = 0.8379, 
TE IoU = 0.7279, NEC IoU = 0.6881, LYM IoU = 0.7487, TAS IoU = 0.7121
2025-02-15 02:15:21,847 - INFO - 最新模型已保存
2025-02-15 02:16:12,917 - INFO - Epoch 77: Train Loss = 0.4150, Val Loss = 0.3943, 
MIoU = 0.7262, FWIoU = 0.7120, Acc = 0.8320, 
TE IoU = 0.7008, NEC IoU = 0.7421, LYM IoU = 0.7435, TAS IoU = 0.7184
2025-02-15 02:16:13,353 - INFO - 最新模型已保存
2025-02-15 02:17:03,434 - INFO - Epoch 78: Train Loss = 0.4123, Val Loss = 0.3911, 
MIoU = 0.7221, FWIoU = 0.7205, Acc = 0.8376, 
TE IoU = 0.7254, NEC IoU = 0.7024, LYM IoU = 0.7474, TAS IoU = 0.7134
2025-02-15 02:17:03,853 - INFO - 最新模型已保存
2025-02-15 02:17:53,961 - INFO - Epoch 79: Train Loss = 0.4115, Val Loss = 0.3816, 
MIoU = 0.7380, FWIoU = 0.7256, Acc = 0.8410, 
TE IoU = 0.7231, NEC IoU = 0.7632, LYM IoU = 0.7408, TAS IoU = 0.7249
2025-02-15 02:17:54,383 - INFO - 最新模型已保存
2025-02-15 02:18:46,622 - INFO - Epoch 80: Train Loss = 0.4108, Val Loss = 0.3995, 
MIoU = 0.7223, FWIoU = 0.7089, Acc = 0.8298, 
TE IoU = 0.7034, NEC IoU = 0.7534, LYM IoU = 0.7211, TAS IoU = 0.7113
2025-02-15 02:18:47,008 - INFO - 最新模型已保存
2025-02-15 02:19:38,673 - INFO - Epoch 81: Train Loss = 0.4115, Val Loss = 0.3871, 
MIoU = 0.6968, FWIoU = 0.7177, Acc = 0.8357, 
TE IoU = 0.7251, NEC IoU = 0.6408, LYM IoU = 0.7067, TAS IoU = 0.7147
2025-02-15 02:19:39,103 - INFO - 最新模型已保存
2025-02-15 02:20:28,707 - INFO - Epoch 82: Train Loss = 0.4127, Val Loss = 0.3946, 
MIoU = 0.7100, FWIoU = 0.7111, Acc = 0.8311, 
TE IoU = 0.7118, NEC IoU = 0.7087, LYM IoU = 0.7088, TAS IoU = 0.7107
2025-02-15 02:20:29,128 - INFO - 最新模型已保存
2025-02-15 02:21:18,235 - INFO - Epoch 83: Train Loss = 0.4118, Val Loss = 0.3834, 
MIoU = 0.7272, FWIoU = 0.7202, Acc = 0.8375, 
TE IoU = 0.7111, NEC IoU = 0.7172, LYM IoU = 0.7553, TAS IoU = 0.7252
2025-02-15 02:21:18,656 - INFO - 最新模型已保存
2025-02-15 02:22:09,377 - INFO - Epoch 84: Train Loss = 0.4091, Val Loss = 0.3996, 
MIoU = 0.7168, FWIoU = 0.7072, Acc = 0.8286, 
TE IoU = 0.6989, NEC IoU = 0.7211, LYM IoU = 0.7357, TAS IoU = 0.7116
2025-02-15 02:22:09,795 - INFO - 最新模型已保存
2025-02-15 02:22:58,567 - INFO - Epoch 85: Train Loss = 0.4111, Val Loss = 0.3919, 
MIoU = 0.7107, FWIoU = 0.7162, Acc = 0.8347, 
TE IoU = 0.7164, NEC IoU = 0.6789, LYM IoU = 0.7315, TAS IoU = 0.7158
2025-02-15 02:22:59,067 - INFO - 最新模型已保存
2025-02-15 02:23:48,893 - INFO - Epoch 86: Train Loss = 0.4071, Val Loss = 0.3936, 
MIoU = 0.7212, FWIoU = 0.7111, Acc = 0.8313, 
TE IoU = 0.7029, NEC IoU = 0.7510, LYM IoU = 0.7135, TAS IoU = 0.7174
2025-02-15 02:23:49,311 - INFO - 最新模型已保存
2025-02-15 02:24:37,596 - INFO - Epoch 87: Train Loss = 0.4083, Val Loss = 0.3985, 
MIoU = 0.7187, FWIoU = 0.7125, Acc = 0.8325, 
TE IoU = 0.6994, NEC IoU = 0.7138, LYM IoU = 0.7392, TAS IoU = 0.7224
2025-02-15 02:24:38,014 - INFO - 最新模型已保存
2025-02-15 02:25:26,390 - INFO - Epoch 88: Train Loss = 0.4082, Val Loss = 0.3922, 
MIoU = 0.7057, FWIoU = 0.7105, Acc = 0.8306, 
TE IoU = 0.7095, NEC IoU = 0.7170, LYM IoU = 0.6820, TAS IoU = 0.7145
2025-02-15 02:25:26,805 - INFO - 最新模型已保存
2025-02-15 02:26:15,485 - INFO - Epoch 89: Train Loss = 0.4061, Val Loss = 0.3919, 
MIoU = 0.7099, FWIoU = 0.7105, Acc = 0.8308, 
TE IoU = 0.7046, NEC IoU = 0.7134, LYM IoU = 0.7048, TAS IoU = 0.7169
2025-02-15 02:26:15,919 - INFO - 最新模型已保存
2025-02-15 02:27:05,900 - INFO - Epoch 90: Train Loss = 0.4039, Val Loss = 0.3939, 
MIoU = 0.7296, FWIoU = 0.7125, Acc = 0.8324, 
TE IoU = 0.6996, NEC IoU = 0.7592, LYM IoU = 0.7391, TAS IoU = 0.7205
2025-02-15 02:27:06,318 - INFO - 最新模型已保存
2025-02-15 02:27:55,192 - INFO - Epoch 91: Train Loss = 0.4062, Val Loss = 0.3931, 
MIoU = 0.7318, FWIoU = 0.7143, Acc = 0.8335, 
TE IoU = 0.7029, NEC IoU = 0.7549, LYM IoU = 0.7496, TAS IoU = 0.7199
2025-02-15 02:27:55,616 - INFO - 最新模型已保存
2025-02-15 02:28:44,282 - INFO - Epoch 92: Train Loss = 0.4032, Val Loss = 0.3940, 
MIoU = 0.7139, FWIoU = 0.7149, Acc = 0.8337, 
TE IoU = 0.7168, NEC IoU = 0.7281, LYM IoU = 0.6961, TAS IoU = 0.7147
2025-02-15 02:28:44,708 - INFO - 最新模型已保存
2025-02-15 02:29:34,281 - INFO - Epoch 93: Train Loss = 0.4047, Val Loss = 0.4137, 
MIoU = 0.7025, FWIoU = 0.6982, Acc = 0.8224, 
TE IoU = 0.6940, NEC IoU = 0.6981, LYM IoU = 0.7178, TAS IoU = 0.7002
2025-02-15 02:29:34,704 - INFO - 最新模型已保存
2025-02-15 02:30:23,207 - INFO - Epoch 94: Train Loss = 0.4026, Val Loss = 0.4082, 
MIoU = 0.7025, FWIoU = 0.6980, Acc = 0.8222, 
TE IoU = 0.6922, NEC IoU = 0.7260, LYM IoU = 0.6882, TAS IoU = 0.7036
2025-02-15 02:30:23,633 - INFO - 最新模型已保存
2025-02-15 02:31:12,870 - INFO - Epoch 95: Train Loss = 0.4022, Val Loss = 0.3953, 
MIoU = 0.7282, FWIoU = 0.7121, Acc = 0.8320, 
TE IoU = 0.7020, NEC IoU = 0.7560, LYM IoU = 0.7371, TAS IoU = 0.7176
2025-02-15 02:31:13,294 - INFO - 最新模型已保存
2025-02-15 02:32:03,124 - INFO - Epoch 96: Train Loss = 0.4015, Val Loss = 0.3840, 
MIoU = 0.7428, FWIoU = 0.7262, Acc = 0.8414, 
TE IoU = 0.7190, NEC IoU = 0.7593, LYM IoU = 0.7652, TAS IoU = 0.7276
2025-02-15 02:32:03,551 - INFO - 最优模型已保存
2025-02-15 02:32:03,992 - INFO - 最新模型已保存
2025-02-15 02:32:52,069 - INFO - Epoch 97: Train Loss = 0.4016, Val Loss = 0.3820, 
MIoU = 0.7294, FWIoU = 0.7231, Acc = 0.8393, 
TE IoU = 0.7216, NEC IoU = 0.7327, LYM IoU = 0.7412, TAS IoU = 0.7221
2025-02-15 02:32:52,497 - INFO - 最新模型已保存
2025-02-15 02:33:41,534 - INFO - Epoch 98: Train Loss = 0.4001, Val Loss = 0.3812, 
MIoU = 0.7310, FWIoU = 0.7201, Acc = 0.8374, 
TE IoU = 0.7138, NEC IoU = 0.7426, LYM IoU = 0.7450, TAS IoU = 0.7226
2025-02-15 02:33:41,931 - INFO - 最新模型已保存
2025-02-15 02:34:31,678 - INFO - Epoch 99: Train Loss = 0.4016, Val Loss = 0.3907, 
MIoU = 0.7252, FWIoU = 0.7149, Acc = 0.8338, 
TE IoU = 0.7118, NEC IoU = 0.7448, LYM IoU = 0.7288, TAS IoU = 0.7152
2025-02-15 02:34:32,075 - INFO - 最新模型已保存
2025-02-15 02:35:21,222 - INFO - Epoch 100: Train Loss = 0.3994, Val Loss = 0.3826, 
MIoU = 0.7412, FWIoU = 0.7232, Acc = 0.8395, 
TE IoU = 0.7159, NEC IoU = 0.7691, LYM IoU = 0.7546, TAS IoU = 0.7252
2025-02-15 02:35:21,649 - INFO - 最新模型已保存
2025-02-15 02:36:11,471 - INFO - Epoch 101: Train Loss = 0.3993, Val Loss = 0.3960, 
MIoU = 0.7270, FWIoU = 0.7079, Acc = 0.8293, 
TE IoU = 0.6936, NEC IoU = 0.7586, LYM IoU = 0.7393, TAS IoU = 0.7166
2025-02-15 02:36:11,877 - INFO - 最新模型已保存
2025-02-15 02:36:59,769 - INFO - Epoch 102: Train Loss = 0.3991, Val Loss = 0.3867, 
MIoU = 0.7281, FWIoU = 0.7195, Acc = 0.8371, 
TE IoU = 0.7081, NEC IoU = 0.7179, LYM IoU = 0.7599, TAS IoU = 0.7264
2025-02-15 02:37:00,185 - INFO - 最新模型已保存
2025-02-15 02:37:50,011 - INFO - Epoch 103: Train Loss = 0.3988, Val Loss = 0.3943, 
MIoU = 0.7336, FWIoU = 0.7143, Acc = 0.8335, 
TE IoU = 0.7023, NEC IoU = 0.7732, LYM IoU = 0.7379, TAS IoU = 0.7211
2025-02-15 02:37:50,479 - INFO - 最新模型已保存
2025-02-15 02:38:40,382 - INFO - Epoch 104: Train Loss = 0.3964, Val Loss = 0.3960, 
MIoU = 0.7198, FWIoU = 0.7080, Acc = 0.8291, 
TE IoU = 0.7016, NEC IoU = 0.7527, LYM IoU = 0.7131, TAS IoU = 0.7120
2025-02-15 02:38:40,798 - INFO - 最新模型已保存
2025-02-15 02:39:30,846 - INFO - Epoch 105: Train Loss = 0.3960, Val Loss = 0.3853, 
MIoU = 0.7318, FWIoU = 0.7202, Acc = 0.8373, 
TE IoU = 0.7166, NEC IoU = 0.7588, LYM IoU = 0.7308, TAS IoU = 0.7210
2025-02-15 02:39:31,262 - INFO - 最新模型已保存
2025-02-15 02:40:20,679 - INFO - Epoch 106: Train Loss = 0.3948, Val Loss = 0.3837, 
MIoU = 0.7354, FWIoU = 0.7229, Acc = 0.8391, 
TE IoU = 0.7192, NEC IoU = 0.7489, LYM IoU = 0.7511, TAS IoU = 0.7224
2025-02-15 02:40:21,112 - INFO - 最新模型已保存
2025-02-15 02:41:10,021 - INFO - Epoch 107: Train Loss = 0.3967, Val Loss = 0.3948, 
MIoU = 0.7352, FWIoU = 0.7119, Acc = 0.8321, 
TE IoU = 0.6955, NEC IoU = 0.7743, LYM IoU = 0.7494, TAS IoU = 0.7215
2025-02-15 02:41:10,442 - INFO - 最新模型已保存
2025-02-15 02:41:59,215 - INFO - Epoch 108: Train Loss = 0.3929, Val Loss = 0.3868, 
MIoU = 0.7363, FWIoU = 0.7195, Acc = 0.8369, 
TE IoU = 0.7182, NEC IoU = 0.7640, LYM IoU = 0.7469, TAS IoU = 0.7161
2025-02-15 02:41:59,652 - INFO - 最新模型已保存
2025-02-15 02:42:49,226 - INFO - Epoch 109: Train Loss = 0.3943, Val Loss = 0.3969, 
MIoU = 0.7080, FWIoU = 0.7121, Acc = 0.8319, 
TE IoU = 0.7109, NEC IoU = 0.6686, LYM IoU = 0.7408, TAS IoU = 0.7119
2025-02-15 02:42:49,641 - INFO - 最新模型已保存
2025-02-15 02:43:38,882 - INFO - Epoch 110: Train Loss = 0.3943, Val Loss = 0.3960, 
MIoU = 0.7235, FWIoU = 0.7171, Acc = 0.8355, 
TE IoU = 0.7284, NEC IoU = 0.7152, LYM IoU = 0.7476, TAS IoU = 0.7028
2025-02-15 02:43:39,302 - INFO - 最新模型已保存
2025-02-15 02:44:28,249 - INFO - Epoch 111: Train Loss = 0.3951, Val Loss = 0.3788, 
MIoU = 0.7415, FWIoU = 0.7257, Acc = 0.8411, 
TE IoU = 0.7213, NEC IoU = 0.7734, LYM IoU = 0.7451, TAS IoU = 0.7261
2025-02-15 02:44:28,661 - INFO - 最新模型已保存
2025-02-15 02:45:18,331 - INFO - Epoch 112: Train Loss = 0.3926, Val Loss = 0.3864, 
MIoU = 0.7329, FWIoU = 0.7229, Acc = 0.8391, 
TE IoU = 0.7213, NEC IoU = 0.7420, LYM IoU = 0.7473, TAS IoU = 0.7210
2025-02-15 02:45:18,756 - INFO - 最新模型已保存
2025-02-15 02:46:08,969 - INFO - Epoch 113: Train Loss = 0.3935, Val Loss = 0.3987, 
MIoU = 0.7168, FWIoU = 0.7075, Acc = 0.8288, 
TE IoU = 0.7009, NEC IoU = 0.7405, LYM IoU = 0.7136, TAS IoU = 0.7121
2025-02-15 02:46:09,392 - INFO - 最新模型已保存
2025-02-15 02:46:58,950 - INFO - Epoch 114: Train Loss = 0.3914, Val Loss = 0.3946, 
MIoU = 0.7334, FWIoU = 0.7146, Acc = 0.8337, 
TE IoU = 0.7046, NEC IoU = 0.7685, LYM IoU = 0.7410, TAS IoU = 0.7195
2025-02-15 02:46:59,410 - INFO - 最新模型已保存
2025-02-15 02:47:48,437 - INFO - Epoch 115: Train Loss = 0.3906, Val Loss = 0.3931, 
MIoU = 0.7202, FWIoU = 0.7168, Acc = 0.8351, 
TE IoU = 0.7217, NEC IoU = 0.7171, LYM IoU = 0.7316, TAS IoU = 0.7104
2025-02-15 02:47:48,859 - INFO - 最新模型已保存
2025-02-15 02:48:37,207 - INFO - Epoch 116: Train Loss = 0.3894, Val Loss = 0.3884, 
MIoU = 0.7340, FWIoU = 0.7178, Acc = 0.8359, 
TE IoU = 0.7070, NEC IoU = 0.7565, LYM IoU = 0.7490, TAS IoU = 0.7234
2025-02-15 02:48:37,680 - INFO - 最新模型已保存
2025-02-15 02:49:25,757 - INFO - Epoch 117: Train Loss = 0.3891, Val Loss = 0.3898, 
MIoU = 0.7277, FWIoU = 0.7172, Acc = 0.8354, 
TE IoU = 0.7114, NEC IoU = 0.7391, LYM IoU = 0.7410, TAS IoU = 0.7195
2025-02-15 02:49:26,227 - INFO - 最新模型已保存
2025-02-15 02:50:14,766 - INFO - Epoch 118: Train Loss = 0.3899, Val Loss = 0.3940, 
MIoU = 0.7275, FWIoU = 0.7134, Acc = 0.8328, 
TE IoU = 0.7078, NEC IoU = 0.7557, LYM IoU = 0.7311, TAS IoU = 0.7152
2025-02-15 02:50:15,180 - INFO - 最新模型已保存
2025-02-15 02:51:04,801 - INFO - Epoch 119: Train Loss = 0.3894, Val Loss = 0.3933, 
MIoU = 0.7214, FWIoU = 0.7114, Acc = 0.8314, 
TE IoU = 0.7055, NEC IoU = 0.7531, LYM IoU = 0.7114, TAS IoU = 0.7155
2025-02-15 02:51:05,232 - INFO - 最新模型已保存
2025-02-15 02:51:54,895 - INFO - Epoch 120: Train Loss = 0.3892, Val Loss = 0.3823, 
MIoU = 0.7404, FWIoU = 0.7255, Acc = 0.8409, 
TE IoU = 0.7266, NEC IoU = 0.7795, LYM IoU = 0.7342, TAS IoU = 0.7215
2025-02-15 02:51:55,310 - INFO - 最新模型已保存
2025-02-15 02:52:44,497 - INFO - Epoch 121: Train Loss = 0.3888, Val Loss = 0.3866, 
MIoU = 0.7380, FWIoU = 0.7210, Acc = 0.8380, 
TE IoU = 0.7137, NEC IoU = 0.7767, LYM IoU = 0.7375, TAS IoU = 0.7242
2025-02-15 02:52:44,931 - INFO - 最新模型已保存
2025-02-15 02:53:34,311 - INFO - Epoch 122: Train Loss = 0.3891, Val Loss = 0.3801, 
MIoU = 0.7397, FWIoU = 0.7251, Acc = 0.8406, 
TE IoU = 0.7223, NEC IoU = 0.7630, LYM IoU = 0.7498, TAS IoU = 0.7236
2025-02-15 02:53:34,728 - INFO - 最新模型已保存
2025-02-15 02:54:23,890 - INFO - Epoch 123: Train Loss = 0.3879, Val Loss = 0.3870, 
MIoU = 0.7359, FWIoU = 0.7205, Acc = 0.8376, 
TE IoU = 0.7121, NEC IoU = 0.7561, LYM IoU = 0.7514, TAS IoU = 0.7240
2025-02-15 02:54:24,311 - INFO - 最新模型已保存
2025-02-15 02:55:13,394 - INFO - Epoch 124: Train Loss = 0.3886, Val Loss = 0.3829, 
MIoU = 0.7289, FWIoU = 0.7204, Acc = 0.8375, 
TE IoU = 0.7141, NEC IoU = 0.7440, LYM IoU = 0.7334, TAS IoU = 0.7241
2025-02-15 02:55:13,815 - INFO - 最新模型已保存
2025-02-15 02:56:02,978 - INFO - Epoch 125: Train Loss = 0.3864, Val Loss = 0.3907, 
MIoU = 0.7310, FWIoU = 0.7142, Acc = 0.8334, 
TE IoU = 0.7067, NEC IoU = 0.7589, LYM IoU = 0.7413, TAS IoU = 0.7169
2025-02-15 02:56:03,399 - INFO - 最新模型已保存
2025-02-15 02:56:51,943 - INFO - Epoch 126: Train Loss = 0.3866, Val Loss = 0.3878, 
MIoU = 0.7358, FWIoU = 0.7184, Acc = 0.8362, 
TE IoU = 0.7109, NEC IoU = 0.7706, LYM IoU = 0.7404, TAS IoU = 0.7212
2025-02-15 02:56:52,355 - INFO - 最新模型已保存
2025-02-15 02:57:40,791 - INFO - Epoch 127: Train Loss = 0.3874, Val Loss = 0.3918, 
MIoU = 0.7303, FWIoU = 0.7150, Acc = 0.8341, 
TE IoU = 0.7031, NEC IoU = 0.7648, LYM IoU = 0.7302, TAS IoU = 0.7231
2025-02-15 02:57:41,226 - INFO - 最新模型已保存
2025-02-15 02:58:29,671 - INFO - Epoch 128: Train Loss = 0.3854, Val Loss = 0.3969, 
MIoU = 0.7213, FWIoU = 0.7103, Acc = 0.8307, 
TE IoU = 0.7040, NEC IoU = 0.7465, LYM IoU = 0.7209, TAS IoU = 0.7139
2025-02-15 02:58:30,096 - INFO - 最新模型已保存
2025-02-15 02:59:18,543 - INFO - Epoch 129: Train Loss = 0.3849, Val Loss = 0.3897, 
MIoU = 0.7300, FWIoU = 0.7155, Acc = 0.8344, 
TE IoU = 0.7056, NEC IoU = 0.7587, LYM IoU = 0.7342, TAS IoU = 0.7215
2025-02-15 02:59:18,952 - INFO - 最新模型已保存
2025-02-15 03:00:08,266 - INFO - Epoch 130: Train Loss = 0.3861, Val Loss = 0.4042, 
MIoU = 0.7184, FWIoU = 0.7051, Acc = 0.8273, 
TE IoU = 0.6937, NEC IoU = 0.7450, LYM IoU = 0.7221, TAS IoU = 0.7128
2025-02-15 03:00:08,705 - INFO - 最新模型已保存
2025-02-15 03:00:57,713 - INFO - Epoch 131: Train Loss = 0.3849, Val Loss = 0.3806, 
MIoU = 0.7384, FWIoU = 0.7261, Acc = 0.8413, 
TE IoU = 0.7225, NEC IoU = 0.7814, LYM IoU = 0.7219, TAS IoU = 0.7280
2025-02-15 03:00:58,174 - INFO - 最新模型已保存
2025-02-15 03:01:47,019 - INFO - Epoch 132: Train Loss = 0.3840, Val Loss = 0.3843, 
MIoU = 0.7393, FWIoU = 0.7255, Acc = 0.8409, 
TE IoU = 0.7212, NEC IoU = 0.7667, LYM IoU = 0.7433, TAS IoU = 0.7261
2025-02-15 03:01:47,432 - INFO - 最新模型已保存
2025-02-15 03:02:36,671 - INFO - Epoch 133: Train Loss = 0.3839, Val Loss = 0.3816, 
MIoU = 0.7423, FWIoU = 0.7257, Acc = 0.8411, 
TE IoU = 0.7214, NEC IoU = 0.7823, LYM IoU = 0.7395, TAS IoU = 0.7263
2025-02-15 03:02:37,095 - INFO - 最新模型已保存
2025-02-15 03:03:25,629 - INFO - Epoch 134: Train Loss = 0.3822, Val Loss = 0.3844, 
MIoU = 0.7440, FWIoU = 0.7237, Acc = 0.8397, 
TE IoU = 0.7200, NEC IoU = 0.7838, LYM IoU = 0.7500, TAS IoU = 0.7220
2025-02-15 03:03:26,042 - INFO - 最优模型已保存
2025-02-15 03:03:26,441 - INFO - 最新模型已保存
2025-02-15 03:04:15,667 - INFO - Epoch 135: Train Loss = 0.3819, Val Loss = 0.3832, 
MIoU = 0.7413, FWIoU = 0.7259, Acc = 0.8412, 
TE IoU = 0.7226, NEC IoU = 0.7748, LYM IoU = 0.7424, TAS IoU = 0.7254
2025-02-15 03:04:16,141 - INFO - 最新模型已保存
2025-02-15 03:05:05,139 - INFO - Epoch 136: Train Loss = 0.3810, Val Loss = 0.3945, 
MIoU = 0.7290, FWIoU = 0.7148, Acc = 0.8338, 
TE IoU = 0.7066, NEC IoU = 0.7602, LYM IoU = 0.7299, TAS IoU = 0.7194
2025-02-15 03:05:05,548 - INFO - 最新模型已保存
2025-02-15 03:05:54,125 - INFO - Epoch 137: Train Loss = 0.3836, Val Loss = 0.3895, 
MIoU = 0.7337, FWIoU = 0.7204, Acc = 0.8375, 
TE IoU = 0.7145, NEC IoU = 0.7606, LYM IoU = 0.7370, TAS IoU = 0.7227
2025-02-15 03:05:54,543 - INFO - 最新模型已保存
2025-02-15 03:06:43,746 - INFO - Epoch 138: Train Loss = 0.3820, Val Loss = 0.3846, 
MIoU = 0.7344, FWIoU = 0.7227, Acc = 0.8390, 
TE IoU = 0.7218, NEC IoU = 0.7657, LYM IoU = 0.7288, TAS IoU = 0.7212
2025-02-15 03:06:44,169 - INFO - 最新模型已保存
2025-02-15 03:07:33,097 - INFO - Epoch 139: Train Loss = 0.3817, Val Loss = 0.3827, 
MIoU = 0.7391, FWIoU = 0.7227, Acc = 0.8390, 
TE IoU = 0.7190, NEC IoU = 0.7761, LYM IoU = 0.7389, TAS IoU = 0.7224
2025-02-15 03:07:33,509 - INFO - 最新模型已保存
2025-02-15 03:08:22,912 - INFO - Epoch 140: Train Loss = 0.3818, Val Loss = 0.3820, 
MIoU = 0.7359, FWIoU = 0.7238, Acc = 0.8398, 
TE IoU = 0.7211, NEC IoU = 0.7645, LYM IoU = 0.7344, TAS IoU = 0.7237
2025-02-15 03:08:23,333 - INFO - 最新模型已保存
2025-02-15 03:09:11,603 - INFO - Epoch 141: Train Loss = 0.3806, Val Loss = 0.3915, 
MIoU = 0.7355, FWIoU = 0.7171, Acc = 0.8354, 
TE IoU = 0.7072, NEC IoU = 0.7759, LYM IoU = 0.7365, TAS IoU = 0.7223
2025-02-15 03:09:12,033 - INFO - 最新模型已保存
2025-02-15 03:10:00,289 - INFO - Epoch 142: Train Loss = 0.3798, Val Loss = 0.3830, 
MIoU = 0.7385, FWIoU = 0.7251, Acc = 0.8407, 
TE IoU = 0.7191, NEC IoU = 0.7605, LYM IoU = 0.7471, TAS IoU = 0.7271
2025-02-15 03:10:00,708 - INFO - 最新模型已保存
2025-02-15 03:10:49,936 - INFO - Epoch 143: Train Loss = 0.3812, Val Loss = 0.3886, 
MIoU = 0.7328, FWIoU = 0.7193, Acc = 0.8368, 
TE IoU = 0.7139, NEC IoU = 0.7612, LYM IoU = 0.7350, TAS IoU = 0.7212
2025-02-15 03:10:50,404 - INFO - 最新模型已保存
2025-02-15 03:11:39,416 - INFO - Epoch 144: Train Loss = 0.3793, Val Loss = 0.3878, 
MIoU = 0.7360, FWIoU = 0.7209, Acc = 0.8379, 
TE IoU = 0.7149, NEC IoU = 0.7608, LYM IoU = 0.7460, TAS IoU = 0.7225
2025-02-15 03:11:39,884 - INFO - 最新模型已保存
2025-02-15 03:12:28,942 - INFO - Epoch 145: Train Loss = 0.3794, Val Loss = 0.3902, 
MIoU = 0.7288, FWIoU = 0.7174, Acc = 0.8356, 
TE IoU = 0.7102, NEC IoU = 0.7455, LYM IoU = 0.7382, TAS IoU = 0.7211
2025-02-15 03:12:29,435 - INFO - 最新模型已保存
2025-02-15 03:13:17,894 - INFO - Epoch 146: Train Loss = 0.3802, Val Loss = 0.3819, 
MIoU = 0.7387, FWIoU = 0.7251, Acc = 0.8407, 
TE IoU = 0.7192, NEC IoU = 0.7589, LYM IoU = 0.7498, TAS IoU = 0.7269
2025-02-15 03:13:18,315 - INFO - 最新模型已保存
2025-02-15 03:14:06,548 - INFO - Epoch 147: Train Loss = 0.3783, Val Loss = 0.3823, 
MIoU = 0.7332, FWIoU = 0.7251, Acc = 0.8406, 
TE IoU = 0.7222, NEC IoU = 0.7405, LYM IoU = 0.7450, TAS IoU = 0.7251
2025-02-15 03:14:06,961 - INFO - 最新模型已保存
2025-02-15 03:14:55,997 - INFO - Epoch 148: Train Loss = 0.3790, Val Loss = 0.3830, 
MIoU = 0.7402, FWIoU = 0.7253, Acc = 0.8407, 
TE IoU = 0.7221, NEC IoU = 0.7662, LYM IoU = 0.7482, TAS IoU = 0.7243
2025-02-15 03:14:56,444 - INFO - 最新模型已保存
2025-02-15 03:15:45,362 - INFO - Epoch 149: Train Loss = 0.3790, Val Loss = 0.3865, 
MIoU = 0.7342, FWIoU = 0.7214, Acc = 0.8382, 
TE IoU = 0.7158, NEC IoU = 0.7544, LYM IoU = 0.7433, TAS IoU = 0.7233
2025-02-15 03:15:45,833 - INFO - 最新模型已保存
2025-02-15 03:16:35,048 - INFO - Epoch 150: Train Loss = 0.3787, Val Loss = 0.3866, 
MIoU = 0.7357, FWIoU = 0.7210, Acc = 0.8379, 
TE IoU = 0.7146, NEC IoU = 0.7604, LYM IoU = 0.7445, TAS IoU = 0.7231
2025-02-15 03:16:35,463 - INFO - 最新模型已保存
2025-02-15 03:16:39,321 - INFO - 最优模型测试结果: MIoU = 0.7237, FWIoU = 0.7233, Acc = 0.8391, TE IoU = 0.7548, NEC IoU = 0.7444, LYM IoU = 0.7060, TAS IoU = 0.6897
2025-02-15 03:16:42,912 - INFO - 最新模型测试结果: MIoU = 0.7239, FWIoU = 0.7247, Acc = 0.8400, TE IoU = 0.7552, NEC IoU = 0.7379, LYM IoU = 0.7094, TAS IoU = 0.6931

bn7 + b4_5 + b5_2 + resnet152
验证集效果良好 MIoU = 0.7440
测试集效果一般 MIoU = 0.7239
