2025-02-17 20:31:41,636 - INFO - 训练开始
2025-02-17 20:31:41,637 - INFO - 训练参数: {'onss': False, 'Grad_CAM_pp': False, 'batch_size': 16, 'num_workers': 10, 'learning_rate': 0.005, 'num_epochs': 80, 'num_classes': 4, 'weight_decay': 0.0001, 'momentum': 0.9, 'log_dir': './runs', 'checkpoint': 'checkpoints/stage2', 'lr_scheduler': 'cosine', 'eta_min': 0.0001}
2025-02-17 20:32:47,181 - INFO - Epoch 1: Train Loss = 0.8799, Val Loss = 0.7806, 
MIoU = 0.4431, FWIoU = 0.5078, Acc = 0.6764, 
TE IoU = 0.6315, NEC IoU = 0.1471, LYM IoU = 0.6041, TAS IoU = 0.3896
2025-02-17 20:32:47,461 - INFO - 最优模型已保存
2025-02-17 20:32:47,719 - INFO - 最新模型已保存
2025-02-17 20:33:54,417 - INFO - Epoch 2: Train Loss = 0.7283, Val Loss = 109.2725, 
MIoU = 0.2994, FWIoU = 0.3123, Acc = 0.4841, 
TE IoU = 0.4160, NEC IoU = 0.3448, LYM IoU = 0.2169, TAS IoU = 0.2197
2025-02-17 20:33:54,728 - INFO - 最新模型已保存
2025-02-17 20:35:01,712 - INFO - Epoch 3: Train Loss = 0.6757, Val Loss = 0.5852, 
MIoU = 0.5566, FWIoU = 0.6155, Acc = 0.7619, 
TE IoU = 0.6087, NEC IoU = 0.3664, LYM IoU = 0.6201, TAS IoU = 0.6312
2025-02-17 20:35:02,038 - INFO - 最优模型已保存
2025-02-17 20:35:02,393 - INFO - 最新模型已保存
2025-02-17 20:36:08,918 - INFO - Epoch 4: Train Loss = 0.6378, Val Loss = 0.5440, 
MIoU = 0.5473, FWIoU = 0.6121, Acc = 0.7605, 
TE IoU = 0.5982, NEC IoU = 0.3439, LYM IoU = 0.6108, TAS IoU = 0.6363
2025-02-17 20:36:09,217 - INFO - 最新模型已保存
2025-02-17 20:37:15,332 - INFO - Epoch 5: Train Loss = 0.5957, Val Loss = 0.6528, 
MIoU = 0.4378, FWIoU = 0.5367, Acc = 0.7095, 
TE IoU = 0.4735, NEC IoU = 0.0599, LYM IoU = 0.6086, TAS IoU = 0.6093
2025-02-17 20:37:15,655 - INFO - 最新模型已保存
2025-02-17 20:38:21,085 - INFO - Epoch 6: Train Loss = 0.5813, Val Loss = 0.5295, 
MIoU = 0.5992, FWIoU = 0.6075, Acc = 0.7587, 
TE IoU = 0.5678, NEC IoU = 0.5342, LYM IoU = 0.6502, TAS IoU = 0.6446
2025-02-17 20:38:21,400 - INFO - 最优模型已保存
2025-02-17 20:38:21,696 - INFO - 最新模型已保存
2025-02-17 20:39:28,240 - INFO - Epoch 7: Train Loss = 0.5743, Val Loss = 0.4708, 
MIoU = 0.6271, FWIoU = 0.6574, Acc = 0.7933, 
TE IoU = 0.6515, NEC IoU = 0.5152, LYM IoU = 0.6749, TAS IoU = 0.6669
2025-02-17 20:39:28,551 - INFO - 最优模型已保存
2025-02-17 20:39:28,846 - INFO - 最新模型已保存
2025-02-17 20:40:34,589 - INFO - Epoch 8: Train Loss = 0.5628, Val Loss = 0.4295, 
MIoU = 0.6505, FWIoU = 0.6884, Acc = 0.8155, 
TE IoU = 0.6881, NEC IoU = 0.5639, LYM IoU = 0.6523, TAS IoU = 0.6976
2025-02-17 20:40:34,909 - INFO - 最优模型已保存
2025-02-17 20:40:35,206 - INFO - 最新模型已保存
2025-02-17 20:41:40,414 - INFO - Epoch 9: Train Loss = 0.5420, Val Loss = 0.5367, 
MIoU = 0.5228, FWIoU = 0.6017, Acc = 0.7552, 
TE IoU = 0.6443, NEC IoU = 0.2271, LYM IoU = 0.6509, TAS IoU = 0.5688
2025-02-17 20:41:40,746 - INFO - 最新模型已保存
2025-02-17 20:42:45,978 - INFO - Epoch 10: Train Loss = 0.5367, Val Loss = 0.4341, 
MIoU = 0.5640, FWIoU = 0.6925, Acc = 0.8194, 
TE IoU = 0.7110, NEC IoU = 0.2353, LYM IoU = 0.6082, TAS IoU = 0.7014
2025-02-17 20:42:46,295 - INFO - 最新模型已保存
2025-02-17 20:43:51,818 - INFO - Epoch 11: Train Loss = 0.5249, Val Loss = 0.4489, 
MIoU = 0.6257, FWIoU = 0.6744, Acc = 0.8059, 
TE IoU = 0.6678, NEC IoU = 0.4944, LYM IoU = 0.6501, TAS IoU = 0.6906
2025-02-17 20:43:52,133 - INFO - 最新模型已保存
2025-02-17 20:44:58,126 - INFO - Epoch 12: Train Loss = 0.5202, Val Loss = 0.4623, 
MIoU = 0.6321, FWIoU = 0.6617, Acc = 0.7973, 
TE IoU = 0.6408, NEC IoU = 0.5215, LYM IoU = 0.6808, TAS IoU = 0.6855
2025-02-17 20:44:58,440 - INFO - 最新模型已保存
2025-02-17 20:46:04,555 - INFO - Epoch 13: Train Loss = 0.5137, Val Loss = 0.4503, 
MIoU = 0.6515, FWIoU = 0.6789, Acc = 0.8081, 
TE IoU = 0.6891, NEC IoU = 0.6180, LYM IoU = 0.6215, TAS IoU = 0.6775
2025-02-17 20:46:04,858 - INFO - 最优模型已保存
2025-02-17 20:46:05,154 - INFO - 最新模型已保存
2025-02-17 20:47:11,850 - INFO - Epoch 14: Train Loss = 0.5079, Val Loss = 0.4758, 
MIoU = 0.5903, FWIoU = 0.6584, Acc = 0.7949, 
TE IoU = 0.6786, NEC IoU = 0.3581, LYM IoU = 0.6764, TAS IoU = 0.6482
2025-02-17 20:47:12,162 - INFO - 最新模型已保存
2025-02-17 20:48:18,322 - INFO - Epoch 15: Train Loss = 0.5072, Val Loss = 0.4157, 
MIoU = 0.6849, FWIoU = 0.6999, Acc = 0.8236, 
TE IoU = 0.6981, NEC IoU = 0.6305, LYM IoU = 0.7076, TAS IoU = 0.7036
2025-02-17 20:48:18,636 - INFO - 最优模型已保存
2025-02-17 20:48:18,937 - INFO - 最新模型已保存
2025-02-17 20:49:25,005 - INFO - Epoch 16: Train Loss = 0.5021, Val Loss = 0.4104, 
MIoU = 0.6640, FWIoU = 0.7073, Acc = 0.8287, 
TE IoU = 0.7112, NEC IoU = 0.5443, LYM IoU = 0.6887, TAS IoU = 0.7119
2025-02-17 20:49:25,312 - INFO - 最新模型已保存
2025-02-17 20:50:31,136 - INFO - Epoch 17: Train Loss = 0.4982, Val Loss = 0.4175, 
MIoU = 0.6559, FWIoU = 0.7038, Acc = 0.8268, 
TE IoU = 0.7259, NEC IoU = 0.5731, LYM IoU = 0.6293, TAS IoU = 0.6953
2025-02-17 20:50:31,432 - INFO - 最新模型已保存
2025-02-17 20:51:37,514 - INFO - Epoch 18: Train Loss = 0.5000, Val Loss = 0.4149, 
MIoU = 0.6925, FWIoU = 0.7050, Acc = 0.8270, 
TE IoU = 0.7074, NEC IoU = 0.6547, LYM IoU = 0.7029, TAS IoU = 0.7049
2025-02-17 20:51:37,841 - INFO - 最优模型已保存
2025-02-17 20:51:38,134 - INFO - 最新模型已保存
2025-02-17 20:52:44,270 - INFO - Epoch 19: Train Loss = 0.5062, Val Loss = 0.5522, 
MIoU = 0.5342, FWIoU = 0.5912, Acc = 0.7452, 
TE IoU = 0.5705, NEC IoU = 0.5095, LYM IoU = 0.4235, TAS IoU = 0.6333
2025-02-17 20:52:44,619 - INFO - 最新模型已保存
2025-02-17 20:53:51,146 - INFO - Epoch 20: Train Loss = 0.4973, Val Loss = 0.3988, 
MIoU = 0.6964, FWIoU = 0.7216, Acc = 0.8385, 
TE IoU = 0.7312, NEC IoU = 0.6121, LYM IoU = 0.7261, TAS IoU = 0.7160
2025-02-17 20:53:51,458 - INFO - 最优模型已保存
2025-02-17 20:53:51,811 - INFO - 最新模型已保存
2025-02-17 20:54:57,825 - INFO - Epoch 21: Train Loss = 0.4884, Val Loss = 0.3990, 
MIoU = 0.7128, FWIoU = 0.7119, Acc = 0.8317, 
TE IoU = 0.7091, NEC IoU = 0.6983, LYM IoU = 0.7309, TAS IoU = 0.7130
2025-02-17 20:54:58,134 - INFO - 最优模型已保存
2025-02-17 20:54:58,430 - INFO - 最新模型已保存
2025-02-17 20:56:04,889 - INFO - Epoch 22: Train Loss = 0.4897, Val Loss = 0.4197, 
MIoU = 0.5596, FWIoU = 0.7000, Acc = 0.8246, 
TE IoU = 0.7173, NEC IoU = 0.0992, LYM IoU = 0.7176, TAS IoU = 0.7043
2025-02-17 20:56:05,205 - INFO - 最新模型已保存
2025-02-17 20:57:11,785 - INFO - Epoch 23: Train Loss = 0.4851, Val Loss = 0.4062, 
MIoU = 0.6701, FWIoU = 0.7073, Acc = 0.8289, 
TE IoU = 0.7197, NEC IoU = 0.5592, LYM IoU = 0.6998, TAS IoU = 0.7016
2025-02-17 20:57:12,098 - INFO - 最新模型已保存
2025-02-17 20:58:17,051 - INFO - Epoch 24: Train Loss = 0.4815, Val Loss = 0.4153, 
MIoU = 0.6919, FWIoU = 0.6999, Acc = 0.8241, 
TE IoU = 0.7186, NEC IoU = 0.6503, LYM IoU = 0.7169, TAS IoU = 0.6816
2025-02-17 20:58:17,362 - INFO - 最新模型已保存
2025-02-17 20:59:24,739 - INFO - Epoch 25: Train Loss = 0.4797, Val Loss = 0.4246, 
MIoU = 0.6603, FWIoU = 0.7018, Acc = 0.8253, 
TE IoU = 0.6971, NEC IoU = 0.5211, LYM IoU = 0.7103, TAS IoU = 0.7125
2025-02-17 20:59:25,046 - INFO - 最新模型已保存
2025-02-17 21:00:31,894 - INFO - Epoch 26: Train Loss = 0.4740, Val Loss = 0.3949, 
MIoU = 0.7018, FWIoU = 0.7143, Acc = 0.8333, 
TE IoU = 0.7124, NEC IoU = 0.6796, LYM IoU = 0.6959, TAS IoU = 0.7195
2025-02-17 21:00:32,204 - INFO - 最新模型已保存
2025-02-17 21:01:38,926 - INFO - Epoch 27: Train Loss = 0.4710, Val Loss = 0.4205, 
MIoU = 0.6756, FWIoU = 0.6945, Acc = 0.8197, 
TE IoU = 0.6999, NEC IoU = 0.6067, LYM IoU = 0.7042, TAS IoU = 0.6915
2025-02-17 21:01:39,240 - INFO - 最新模型已保存
2025-02-17 21:02:45,906 - INFO - Epoch 28: Train Loss = 0.4708, Val Loss = 0.4106, 
MIoU = 0.7065, FWIoU = 0.7057, Acc = 0.8280, 
TE IoU = 0.6901, NEC IoU = 0.6788, LYM IoU = 0.7388, TAS IoU = 0.7184
2025-02-17 21:02:46,222 - INFO - 最新模型已保存
2025-02-17 21:03:50,274 - INFO - Epoch 29: Train Loss = 0.4683, Val Loss = 0.4542, 
MIoU = 0.6526, FWIoU = 0.6684, Acc = 0.8022, 
TE IoU = 0.6486, NEC IoU = 0.6187, LYM IoU = 0.6515, TAS IoU = 0.6916
2025-02-17 21:03:50,669 - INFO - 最新模型已保存
2025-02-17 21:04:57,848 - INFO - Epoch 30: Train Loss = 0.4691, Val Loss = 0.4202, 
MIoU = 0.6746, FWIoU = 0.6984, Acc = 0.8220, 
TE IoU = 0.7034, NEC IoU = 0.6365, LYM IoU = 0.6579, TAS IoU = 0.7004
2025-02-17 21:04:58,165 - INFO - 最新模型已保存
2025-02-17 21:06:05,030 - INFO - Epoch 31: Train Loss = 0.4635, Val Loss = 0.4165, 
MIoU = 0.6969, FWIoU = 0.6959, Acc = 0.8213, 
TE IoU = 0.6810, NEC IoU = 0.6858, LYM IoU = 0.7119, TAS IoU = 0.7091
2025-02-17 21:06:05,449 - INFO - 最新模型已保存
2025-02-17 21:07:11,365 - INFO - Epoch 32: Train Loss = 0.4632, Val Loss = 0.3913, 
MIoU = 0.7110, FWIoU = 0.7175, Acc = 0.8356, 
TE IoU = 0.7166, NEC IoU = 0.6789, LYM IoU = 0.7299, TAS IoU = 0.7186
2025-02-17 21:07:11,682 - INFO - 最新模型已保存
2025-02-17 21:08:17,579 - INFO - Epoch 33: Train Loss = 0.4584, Val Loss = 0.4067, 
MIoU = 0.7002, FWIoU = 0.7068, Acc = 0.8283, 
TE IoU = 0.7011, NEC IoU = 0.6646, LYM IoU = 0.7229, TAS IoU = 0.7123
2025-02-17 21:08:17,889 - INFO - 最新模型已保存
2025-02-17 21:09:24,061 - INFO - Epoch 34: Train Loss = 0.4590, Val Loss = 0.4182, 
MIoU = 0.6652, FWIoU = 0.6962, Acc = 0.8210, 
TE IoU = 0.6995, NEC IoU = 0.5388, LYM IoU = 0.7269, TAS IoU = 0.6956
2025-02-17 21:09:24,372 - INFO - 最新模型已保存
2025-02-17 21:10:31,150 - INFO - Epoch 35: Train Loss = 0.4577, Val Loss = 0.3947, 
MIoU = 0.7087, FWIoU = 0.7231, Acc = 0.8393, 
TE IoU = 0.7274, NEC IoU = 0.6710, LYM IoU = 0.7145, TAS IoU = 0.7219
2025-02-17 21:10:31,459 - INFO - 最新模型已保存
2025-02-17 21:11:37,491 - INFO - Epoch 36: Train Loss = 0.4556, Val Loss = 0.4159, 
MIoU = 0.7068, FWIoU = 0.6968, Acc = 0.8220, 
TE IoU = 0.6776, NEC IoU = 0.7100, LYM IoU = 0.7276, TAS IoU = 0.7118
2025-02-17 21:11:37,796 - INFO - 最新模型已保存
2025-02-17 21:12:43,737 - INFO - Epoch 37: Train Loss = 0.4525, Val Loss = 0.4162, 
MIoU = 0.6841, FWIoU = 0.6937, Acc = 0.8191, 
TE IoU = 0.6973, NEC IoU = 0.6583, LYM IoU = 0.6886, TAS IoU = 0.6921
2025-02-17 21:12:44,053 - INFO - 最新模型已保存
2025-02-17 21:13:50,367 - INFO - Epoch 38: Train Loss = 0.4515, Val Loss = 0.4546, 
MIoU = 0.6478, FWIoU = 0.6642, Acc = 0.7985, 
TE IoU = 0.6527, NEC IoU = 0.6180, LYM IoU = 0.6406, TAS IoU = 0.6799
2025-02-17 21:13:50,669 - INFO - 最新模型已保存
2025-02-17 21:14:55,761 - INFO - Epoch 39: Train Loss = 0.4507, Val Loss = 0.4045, 
MIoU = 0.6980, FWIoU = 0.7039, Acc = 0.8263, 
TE IoU = 0.7082, NEC IoU = 0.6632, LYM IoU = 0.7211, TAS IoU = 0.6994
2025-02-17 21:14:56,076 - INFO - 最新模型已保存
2025-02-17 21:16:02,111 - INFO - Epoch 40: Train Loss = 0.4452, Val Loss = 0.3944, 
MIoU = 0.7244, FWIoU = 0.7142, Acc = 0.8335, 
TE IoU = 0.7028, NEC IoU = 0.7338, LYM IoU = 0.7393, TAS IoU = 0.7218
2025-02-17 21:16:02,414 - INFO - 最优模型已保存
2025-02-17 21:16:02,704 - INFO - 最新模型已保存
2025-02-17 21:17:08,330 - INFO - Epoch 41: Train Loss = 0.4439, Val Loss = 0.3889, 
MIoU = 0.6990, FWIoU = 0.7178, Acc = 0.8358, 
TE IoU = 0.7198, NEC IoU = 0.6440, LYM IoU = 0.7130, TAS IoU = 0.7192
2025-02-17 21:17:08,639 - INFO - 最新模型已保存
2025-02-17 21:18:15,173 - INFO - Epoch 42: Train Loss = 0.4439, Val Loss = 0.4265, 
MIoU = 0.6516, FWIoU = 0.6842, Acc = 0.8126, 
TE IoU = 0.6817, NEC IoU = 0.5445, LYM IoU = 0.6888, TAS IoU = 0.6915
2025-02-17 21:18:15,506 - INFO - 最新模型已保存
2025-02-17 21:19:22,326 - INFO - Epoch 43: Train Loss = 0.4397, Val Loss = 0.3956, 
MIoU = 0.7049, FWIoU = 0.7110, Acc = 0.8313, 
TE IoU = 0.7022, NEC IoU = 0.6894, LYM IoU = 0.7072, TAS IoU = 0.7209
2025-02-17 21:19:22,629 - INFO - 最新模型已保存
2025-02-17 21:20:28,926 - INFO - Epoch 44: Train Loss = 0.4399, Val Loss = 0.4238, 
MIoU = 0.6820, FWIoU = 0.6821, Acc = 0.8121, 
TE IoU = 0.6593, NEC IoU = 0.6560, LYM IoU = 0.7100, TAS IoU = 0.7025
2025-02-17 21:20:29,236 - INFO - 最新模型已保存
2025-02-17 21:21:35,482 - INFO - Epoch 45: Train Loss = 0.4402, Val Loss = 0.4163, 
MIoU = 0.6908, FWIoU = 0.6902, Acc = 0.8174, 
TE IoU = 0.6727, NEC IoU = 0.6889, LYM IoU = 0.6944, TAS IoU = 0.7069
2025-02-17 21:21:35,783 - INFO - 最新模型已保存
2025-02-17 21:22:41,572 - INFO - Epoch 46: Train Loss = 0.4372, Val Loss = 0.3959, 
MIoU = 0.7120, FWIoU = 0.7076, Acc = 0.8289, 
TE IoU = 0.6988, NEC IoU = 0.6988, LYM IoU = 0.7372, TAS IoU = 0.7133
2025-02-17 21:22:41,943 - INFO - 最新模型已保存
2025-02-17 21:23:49,248 - INFO - Epoch 47: Train Loss = 0.4377, Val Loss = 0.4039, 
MIoU = 0.6970, FWIoU = 0.7049, Acc = 0.8271, 
TE IoU = 0.6965, NEC IoU = 0.6503, LYM IoU = 0.7286, TAS IoU = 0.7127
2025-02-17 21:23:49,570 - INFO - 最新模型已保存
2025-02-17 21:24:54,512 - INFO - Epoch 48: Train Loss = 0.4349, Val Loss = 0.3881, 
MIoU = 0.7095, FWIoU = 0.7185, Acc = 0.8362, 
TE IoU = 0.7191, NEC IoU = 0.6806, LYM IoU = 0.7190, TAS IoU = 0.7193
2025-02-17 21:24:54,833 - INFO - 最新模型已保存
2025-02-17 21:26:00,057 - INFO - Epoch 49: Train Loss = 0.4332, Val Loss = 0.3893, 
MIoU = 0.7171, FWIoU = 0.7189, Acc = 0.8365, 
TE IoU = 0.7169, NEC IoU = 0.7051, LYM IoU = 0.7257, TAS IoU = 0.7206
2025-02-17 21:26:00,370 - INFO - 最新模型已保存
2025-02-17 21:27:06,254 - INFO - Epoch 50: Train Loss = 0.4315, Val Loss = 0.4035, 
MIoU = 0.6933, FWIoU = 0.7032, Acc = 0.8259, 
TE IoU = 0.6957, NEC IoU = 0.6746, LYM IoU = 0.6896, TAS IoU = 0.7132
2025-02-17 21:27:06,568 - INFO - 最新模型已保存
2025-02-17 21:28:13,529 - INFO - Epoch 51: Train Loss = 0.4313, Val Loss = 0.3914, 
MIoU = 0.7073, FWIoU = 0.7140, Acc = 0.8333, 
TE IoU = 0.7080, NEC IoU = 0.6776, LYM IoU = 0.7235, TAS IoU = 0.7203
2025-02-17 21:28:13,850 - INFO - 最新模型已保存
2025-02-17 21:29:20,146 - INFO - Epoch 52: Train Loss = 0.4306, Val Loss = 0.3914, 
MIoU = 0.7050, FWIoU = 0.7134, Acc = 0.8325, 
TE IoU = 0.7133, NEC IoU = 0.7104, LYM IoU = 0.6789, TAS IoU = 0.7175
2025-02-17 21:29:20,456 - INFO - 最新模型已保存
2025-02-17 21:30:26,228 - INFO - Epoch 53: Train Loss = 0.4292, Val Loss = 0.3978, 
MIoU = 0.6993, FWIoU = 0.7078, Acc = 0.8289, 
TE IoU = 0.7023, NEC IoU = 0.6876, LYM IoU = 0.6917, TAS IoU = 0.7156
2025-02-17 21:30:26,536 - INFO - 最新模型已保存
2025-02-17 21:31:31,997 - INFO - Epoch 54: Train Loss = 0.4259, Val Loss = 0.3993, 
MIoU = 0.7212, FWIoU = 0.7099, Acc = 0.8307, 
TE IoU = 0.6963, NEC IoU = 0.7315, LYM IoU = 0.7374, TAS IoU = 0.7195
2025-02-17 21:31:32,304 - INFO - 最新模型已保存
2025-02-17 21:32:38,818 - INFO - Epoch 55: Train Loss = 0.4254, Val Loss = 0.3858, 
MIoU = 0.7207, FWIoU = 0.7175, Acc = 0.8355, 
TE IoU = 0.7144, NEC IoU = 0.7402, LYM IoU = 0.7073, TAS IoU = 0.7208
2025-02-17 21:32:39,134 - INFO - 最新模型已保存
2025-02-17 21:33:43,913 - INFO - Epoch 56: Train Loss = 0.4258, Val Loss = 0.3885, 
MIoU = 0.7281, FWIoU = 0.7201, Acc = 0.8373, 
TE IoU = 0.7168, NEC IoU = 0.7324, LYM IoU = 0.7428, TAS IoU = 0.7204
2025-02-17 21:33:44,229 - INFO - 最优模型已保存
2025-02-17 21:33:44,525 - INFO - 最新模型已保存
2025-02-17 21:34:51,147 - INFO - Epoch 57: Train Loss = 0.4235, Val Loss = 0.3842, 
MIoU = 0.7226, FWIoU = 0.7200, Acc = 0.8373, 
TE IoU = 0.7142, NEC IoU = 0.7305, LYM IoU = 0.7205, TAS IoU = 0.7253
2025-02-17 21:34:51,459 - INFO - 最新模型已保存
2025-02-17 21:35:55,754 - INFO - Epoch 58: Train Loss = 0.4237, Val Loss = 0.3969, 
MIoU = 0.7090, FWIoU = 0.7102, Acc = 0.8307, 
TE IoU = 0.7027, NEC IoU = 0.7140, LYM IoU = 0.7008, TAS IoU = 0.7185
2025-02-17 21:35:56,089 - INFO - 最新模型已保存
2025-02-17 21:37:02,311 - INFO - Epoch 59: Train Loss = 0.4239, Val Loss = 0.4020, 
MIoU = 0.7048, FWIoU = 0.7040, Acc = 0.8265, 
TE IoU = 0.6951, NEC IoU = 0.7202, LYM IoU = 0.6903, TAS IoU = 0.7137
2025-02-17 21:37:02,733 - INFO - 最新模型已保存
2025-02-17 21:38:08,236 - INFO - Epoch 60: Train Loss = 0.4207, Val Loss = 0.3850, 
MIoU = 0.7272, FWIoU = 0.7215, Acc = 0.8384, 
TE IoU = 0.7133, NEC IoU = 0.7203, LYM IoU = 0.7484, TAS IoU = 0.7266
2025-02-17 21:38:08,723 - INFO - 最新模型已保存
2025-02-17 21:39:16,366 - INFO - Epoch 61: Train Loss = 0.4206, Val Loss = 0.3947, 
MIoU = 0.7230, FWIoU = 0.7117, Acc = 0.8317, 
TE IoU = 0.7042, NEC IoU = 0.7440, LYM IoU = 0.7278, TAS IoU = 0.7160
2025-02-17 21:39:16,673 - INFO - 最新模型已保存
2025-02-17 21:40:23,506 - INFO - Epoch 62: Train Loss = 0.4198, Val Loss = 0.3982, 
MIoU = 0.7073, FWIoU = 0.7067, Acc = 0.8284, 
TE IoU = 0.6953, NEC IoU = 0.7191, LYM IoU = 0.6962, TAS IoU = 0.7185
2025-02-17 21:40:23,991 - INFO - 最新模型已保存
2025-02-17 21:41:29,207 - INFO - Epoch 63: Train Loss = 0.4184, Val Loss = 0.3979, 
MIoU = 0.7139, FWIoU = 0.7080, Acc = 0.8292, 
TE IoU = 0.6991, NEC IoU = 0.7227, LYM IoU = 0.7187, TAS IoU = 0.7150
2025-02-17 21:41:29,519 - INFO - 最新模型已保存
2025-02-17 21:42:34,840 - INFO - Epoch 64: Train Loss = 0.4195, Val Loss = 0.3906, 
MIoU = 0.7169, FWIoU = 0.7118, Acc = 0.8320, 
TE IoU = 0.6995, NEC IoU = 0.7330, LYM IoU = 0.7118, TAS IoU = 0.7232
2025-02-17 21:42:35,163 - INFO - 最新模型已保存
2025-02-17 21:43:42,399 - INFO - Epoch 65: Train Loss = 0.4188, Val Loss = 0.3926, 
MIoU = 0.7183, FWIoU = 0.7156, Acc = 0.8343, 
TE IoU = 0.7105, NEC IoU = 0.7113, LYM IoU = 0.7327, TAS IoU = 0.7188
2025-02-17 21:43:42,719 - INFO - 最新模型已保存
2025-02-17 21:44:49,173 - INFO - Epoch 66: Train Loss = 0.4167, Val Loss = 0.3918, 
MIoU = 0.7190, FWIoU = 0.7149, Acc = 0.8339, 
TE IoU = 0.7064, NEC IoU = 0.7254, LYM IoU = 0.7223, TAS IoU = 0.7219
2025-02-17 21:44:49,480 - INFO - 最新模型已保存
2025-02-17 21:45:55,264 - INFO - Epoch 67: Train Loss = 0.4159, Val Loss = 0.3899, 
MIoU = 0.7142, FWIoU = 0.7171, Acc = 0.8352, 
TE IoU = 0.7151, NEC IoU = 0.7171, LYM IoU = 0.7042, TAS IoU = 0.7205
2025-02-17 21:45:55,576 - INFO - 最新模型已保存
2025-02-17 21:47:01,350 - INFO - Epoch 68: Train Loss = 0.4148, Val Loss = 0.3914, 
MIoU = 0.7212, FWIoU = 0.7171, Acc = 0.8353, 
TE IoU = 0.7131, NEC IoU = 0.7223, LYM IoU = 0.7299, TAS IoU = 0.7194
2025-02-17 21:47:01,663 - INFO - 最新模型已保存
2025-02-17 21:48:07,848 - INFO - Epoch 69: Train Loss = 0.4133, Val Loss = 0.3965, 
MIoU = 0.7195, FWIoU = 0.7101, Acc = 0.8307, 
TE IoU = 0.7001, NEC IoU = 0.7385, LYM IoU = 0.7218, TAS IoU = 0.7175
2025-02-17 21:48:08,182 - INFO - 最新模型已保存
2025-02-17 21:49:14,439 - INFO - Epoch 70: Train Loss = 0.4135, Val Loss = 0.3866, 
MIoU = 0.7244, FWIoU = 0.7184, Acc = 0.8362, 
TE IoU = 0.7128, NEC IoU = 0.7347, LYM IoU = 0.7281, TAS IoU = 0.7222
2025-02-17 21:49:14,755 - INFO - 最新模型已保存
2025-02-17 21:50:20,712 - INFO - Epoch 71: Train Loss = 0.4143, Val Loss = 0.3980, 
MIoU = 0.7159, FWIoU = 0.7086, Acc = 0.8297, 
TE IoU = 0.6970, NEC IoU = 0.7324, LYM IoU = 0.7158, TAS IoU = 0.7182
2025-02-17 21:50:21,022 - INFO - 最新模型已保存
2025-02-17 21:51:26,790 - INFO - Epoch 72: Train Loss = 0.4139, Val Loss = 0.3896, 
MIoU = 0.7214, FWIoU = 0.7143, Acc = 0.8335, 
TE IoU = 0.7066, NEC IoU = 0.7503, LYM IoU = 0.7077, TAS IoU = 0.7212
2025-02-17 21:51:27,109 - INFO - 最新模型已保存
2025-02-17 21:52:31,933 - INFO - Epoch 73: Train Loss = 0.4128, Val Loss = 0.3895, 
MIoU = 0.7256, FWIoU = 0.7159, Acc = 0.8346, 
TE IoU = 0.7070, NEC IoU = 0.7484, LYM IoU = 0.7247, TAS IoU = 0.7223
2025-02-17 21:52:32,240 - INFO - 最新模型已保存
2025-02-17 21:53:37,525 - INFO - Epoch 74: Train Loss = 0.4119, Val Loss = 0.3914, 
MIoU = 0.7213, FWIoU = 0.7147, Acc = 0.8337, 
TE IoU = 0.7097, NEC IoU = 0.7370, LYM IoU = 0.7201, TAS IoU = 0.7181
2025-02-17 21:53:37,854 - INFO - 最新模型已保存
2025-02-17 21:54:43,681 - INFO - Epoch 75: Train Loss = 0.4138, Val Loss = 0.3860, 
MIoU = 0.7271, FWIoU = 0.7189, Acc = 0.8366, 
TE IoU = 0.7126, NEC IoU = 0.7514, LYM IoU = 0.7209, TAS IoU = 0.7235
2025-02-17 21:54:44,008 - INFO - 最新模型已保存
2025-02-17 21:55:50,007 - INFO - Epoch 76: Train Loss = 0.4137, Val Loss = 0.3890, 
MIoU = 0.7212, FWIoU = 0.7156, Acc = 0.8343, 
TE IoU = 0.7099, NEC IoU = 0.7384, LYM IoU = 0.7162, TAS IoU = 0.7202
2025-02-17 21:55:50,376 - INFO - 最新模型已保存
2025-02-17 21:56:55,487 - INFO - Epoch 77: Train Loss = 0.4117, Val Loss = 0.3894, 
MIoU = 0.7254, FWIoU = 0.7163, Acc = 0.8348, 
TE IoU = 0.7091, NEC IoU = 0.7472, LYM IoU = 0.7239, TAS IoU = 0.7212
2025-02-17 21:56:55,796 - INFO - 最新模型已保存
2025-02-17 21:58:02,273 - INFO - Epoch 78: Train Loss = 0.4103, Val Loss = 0.3883, 
MIoU = 0.7258, FWIoU = 0.7170, Acc = 0.8353, 
TE IoU = 0.7106, NEC IoU = 0.7495, LYM IoU = 0.7218, TAS IoU = 0.7215
2025-02-17 21:58:02,576 - INFO - 最新模型已保存
2025-02-17 21:59:07,932 - INFO - Epoch 79: Train Loss = 0.4137, Val Loss = 0.3910, 
MIoU = 0.7210, FWIoU = 0.7146, Acc = 0.8336, 
TE IoU = 0.7101, NEC IoU = 0.7381, LYM IoU = 0.7179, TAS IoU = 0.7178
2025-02-17 21:59:08,249 - INFO - 最新模型已保存
2025-02-17 22:00:12,585 - INFO - Epoch 80: Train Loss = 0.4111, Val Loss = 0.3931, 
MIoU = 0.7213, FWIoU = 0.7112, Acc = 0.8315, 
TE IoU = 0.7016, NEC IoU = 0.7489, LYM IoU = 0.7161, TAS IoU = 0.7187
2025-02-17 22:00:12,887 - INFO - 最新模型已保存
2025-02-17 22:00:16,635 - INFO - 最优模型测试结果: MIoU = 0.7306, FWIoU = 0.7225, Acc = 0.8386, TE IoU = 0.7512, NEC IoU = 0.7777, LYM IoU = 0.7100, TAS IoU = 0.6835
2025-02-17 22:00:19,970 - INFO - 最新模型测试结果: MIoU = 0.7201, FWIoU = 0.7183, Acc = 0.8352, TE IoU = 0.7490, NEC IoU = 0.7508, LYM IoU = 0.6957, TAS IoU = 0.6850
