2025-04-09 22:14:25,292 - INFO - 训练开始
2025-04-09 22:14:25,293 - INFO - 训练参数:
{   'Grad_CAM_pp': False,
    'batch_size': 20,
    'checkpoint': 'checkpoints/stage2',
    'dataroot': 'datasets/LUAD-HistoSeg',
    'dataset': 'luad',
    'encoder': 'resnet101',
    'learning_rate': 0.005,
    'log_dir': './runs',
    'model': 'pspnet',
    'momentum': 0.9,
    'num_classes': 4,
    'num_epochs': 10,
    'num_workers': 10,
    'onss': False,
    'weight_decay': 0.0005}
2025-04-09 22:15:10,990 - INFO - Epoch 1: Train Loss = 0.4282, Val Loss = 0.4212, 
MIoU = 0.6611, FWIoU = 0.7200, Acc = 0.8367, 
TE IoU = 0.7316, NEC IoU = 0.4786, LYM IoU = 0.7157, TAS IoU = 0.7184
2025-04-09 22:15:11,212 - INFO - 最优模型已保存
2025-04-09 22:15:11,408 - INFO - 最新模型已保存
2025-04-09 22:15:54,130 - INFO - Epoch 2: Train Loss = 0.3083, Val Loss = 0.4228, 
MIoU = 0.6782, FWIoU = 0.7172, Acc = 0.8357, 
TE IoU = 0.7097, NEC IoU = 0.5519, LYM IoU = 0.7204, TAS IoU = 0.7307
2025-04-09 22:15:54,414 - INFO - 最优模型已保存
2025-04-09 22:15:54,681 - INFO - 最新模型已保存
2025-04-09 22:16:37,740 - INFO - Epoch 3: Train Loss = 0.2803, Val Loss = 0.4951, 
MIoU = 0.6302, FWIoU = 0.6843, Acc = 0.8148, 
TE IoU = 0.6630, NEC IoU = 0.4178, LYM IoU = 0.7292, TAS IoU = 0.7106
2025-04-09 22:16:37,990 - INFO - 最新模型已保存
2025-04-09 22:17:20,802 - INFO - Epoch 4: Train Loss = 0.2622, Val Loss = 0.4002, 
MIoU = 0.6820, FWIoU = 0.7267, Acc = 0.8423, 
TE IoU = 0.7201, NEC IoU = 0.5240, LYM IoU = 0.7448, TAS IoU = 0.7391
2025-04-09 22:17:21,046 - INFO - 最优模型已保存
2025-04-09 22:17:21,305 - INFO - 最新模型已保存
2025-04-09 22:18:04,789 - INFO - Epoch 5: Train Loss = 0.2524, Val Loss = 0.3968, 
MIoU = 0.6892, FWIoU = 0.7286, Acc = 0.8431, 
TE IoU = 0.7232, NEC IoU = 0.5483, LYM IoU = 0.7463, TAS IoU = 0.7390
2025-04-09 22:18:05,096 - INFO - 最优模型已保存
2025-04-09 22:18:05,355 - INFO - 最新模型已保存
2025-04-09 22:18:48,659 - INFO - Epoch 6: Train Loss = 0.2380, Val Loss = 0.4169, 
MIoU = 0.7112, FWIoU = 0.7265, Acc = 0.8420, 
TE IoU = 0.7152, NEC IoU = 0.6444, LYM IoU = 0.7466, TAS IoU = 0.7385
2025-04-09 22:18:48,929 - INFO - 最优模型已保存
2025-04-09 22:18:49,158 - INFO - 最新模型已保存
2025-04-09 22:19:33,188 - INFO - Epoch 7: Train Loss = 0.2301, Val Loss = 0.3899, 
MIoU = 0.7104, FWIoU = 0.7394, Acc = 0.8503, 
TE IoU = 0.7379, NEC IoU = 0.6261, LYM IoU = 0.7313, TAS IoU = 0.7462
2025-04-09 22:19:33,507 - INFO - 最新模型已保存
2025-04-09 22:20:18,628 - INFO - Epoch 8: Train Loss = 0.2266, Val Loss = 0.3969, 
MIoU = 0.7155, FWIoU = 0.7283, Acc = 0.8433, 
TE IoU = 0.7147, NEC IoU = 0.6495, LYM IoU = 0.7561, TAS IoU = 0.7416
2025-04-09 22:20:18,900 - INFO - 最优模型已保存
2025-04-09 22:20:19,158 - INFO - 最新模型已保存
2025-04-09 22:21:03,706 - INFO - Epoch 9: Train Loss = 0.2212, Val Loss = 0.3946, 
MIoU = 0.7043, FWIoU = 0.7335, Acc = 0.8466, 
TE IoU = 0.7256, NEC IoU = 0.6013, LYM IoU = 0.7452, TAS IoU = 0.7451
2025-04-09 22:21:04,001 - INFO - 最新模型已保存
2025-04-09 22:21:49,170 - INFO - Epoch 10: Train Loss = 0.2159, Val Loss = 0.3936, 
MIoU = 0.7154, FWIoU = 0.7338, Acc = 0.8469, 
TE IoU = 0.7245, NEC IoU = 0.6403, LYM IoU = 0.7521, TAS IoU = 0.7446
2025-04-09 22:21:49,437 - INFO - 最新模型已保存
2025-04-09 22:21:51,414 - INFO - 最优模型测试结果: MIoU = 0.7368, FWIoU = 0.7335, Acc = 0.8455, TE IoU = 0.7528, NEC IoU = 0.7548, LYM IoU = 0.7311, TAS IoU = 0.7084
2025-04-09 22:21:53,812 - INFO - 最新模型测试结果: MIoU = 0.7325, FWIoU = 0.7380, Acc = 0.8486, TE IoU = 0.7660, NEC IoU = 0.7210, LYM IoU = 0.7311, TAS IoU = 0.7121
