2025-03-05 22:40:47,952 - INFO - 训练开始
2025-03-05 22:40:47,953 - INFO - 训练参数: {'onss': False, 'Grad_CAM_pp': False, 'batch_size': 20, 'num_workers': 10, 'learning_rate': 0.005, 'num_epochs': 10, 'num_classes': 4, 'weight_decay': 0.0005, 'momentum': 0.9, 'log_dir': './runs', 'checkpoint': 'checkpoints/stage2'}
2025-03-05 22:42:16,969 - INFO - Epoch 1: Train Loss = 0.5447, Val Loss = 0.5038, 
MIoU = 0.5785, FWIoU = 0.6347, Acc = 0.7753, 
TE IoU = 0.6224, NEC IoU = 0.3857, LYM IoU = 0.6512, TAS IoU = 0.6545
2025-03-05 22:42:17,234 - INFO - 最优模型已保存
2025-03-05 22:42:17,535 - INFO - 最新模型已保存
2025-03-05 22:43:47,127 - INFO - Epoch 2: Train Loss = 0.4383, Val Loss = 0.4251, 
MIoU = 0.6375, FWIoU = 0.6955, Acc = 0.8200, 
TE IoU = 0.7156, NEC IoU = 0.4926, LYM IoU = 0.6535, TAS IoU = 0.6882
2025-03-05 22:43:47,477 - INFO - 最优模型已保存
2025-03-05 22:43:47,832 - INFO - 最新模型已保存
2025-03-05 22:45:16,135 - INFO - Epoch 3: Train Loss = 0.4007, Val Loss = 0.4917, 
MIoU = 0.5649, FWIoU = 0.6655, Acc = 0.7915, 
TE IoU = 0.7128, NEC IoU = 0.3024, LYM IoU = 0.6045, TAS IoU = 0.6399
2025-03-05 22:45:16,524 - INFO - 最新模型已保存
2025-03-05 22:46:41,970 - INFO - Epoch 4: Train Loss = 0.3843, Val Loss = 0.3830, 
MIoU = 0.6998, FWIoU = 0.7189, Acc = 0.8365, 
TE IoU = 0.7154, NEC IoU = 0.6489, LYM IoU = 0.7090, TAS IoU = 0.7260
2025-03-05 22:46:42,322 - INFO - 最优模型已保存
2025-03-05 22:46:42,663 - INFO - 最新模型已保存
2025-03-05 22:48:14,714 - INFO - Epoch 5: Train Loss = 0.3707, Val Loss = 0.4015, 
MIoU = 0.7001, FWIoU = 0.7072, Acc = 0.8290, 
TE IoU = 0.6907, NEC IoU = 0.6872, LYM IoU = 0.6975, TAS IoU = 0.7251
2025-03-05 22:48:15,081 - INFO - 最优模型已保存
2025-03-05 22:48:15,444 - INFO - 最新模型已保存
2025-03-05 22:49:45,679 - INFO - Epoch 6: Train Loss = 0.3638, Val Loss = 0.3650, 
MIoU = 0.7325, FWIoU = 0.7368, Acc = 0.8485, 
TE IoU = 0.7344, NEC IoU = 0.7144, LYM IoU = 0.7418, TAS IoU = 0.7396
2025-03-05 22:49:46,060 - INFO - 最优模型已保存
2025-03-05 22:49:46,410 - INFO - 最新模型已保存
2025-03-05 22:50:53,903 - INFO - Epoch 7: Train Loss = 0.3559, Val Loss = 0.4060, 
MIoU = 0.7152, FWIoU = 0.7006, Acc = 0.8252, 
TE IoU = 0.6737, NEC IoU = 0.7554, LYM IoU = 0.7077, TAS IoU = 0.7242
2025-03-05 22:50:54,245 - INFO - 最新模型已保存
2025-03-05 22:51:54,338 - INFO - Epoch 8: Train Loss = 0.3468, Val Loss = 0.3880, 
MIoU = 0.7200, FWIoU = 0.7184, Acc = 0.8366, 
TE IoU = 0.7065, NEC IoU = 0.7560, LYM IoU = 0.6854, TAS IoU = 0.7322
2025-03-05 22:51:54,684 - INFO - 最新模型已保存
2025-03-05 22:52:53,711 - INFO - Epoch 9: Train Loss = 0.3413, Val Loss = 0.3840, 
MIoU = 0.7335, FWIoU = 0.7223, Acc = 0.8391, 
TE IoU = 0.7087, NEC IoU = 0.7688, LYM IoU = 0.7225, TAS IoU = 0.7338
2025-03-05 22:52:54,069 - INFO - 最优模型已保存
2025-03-05 22:52:54,472 - INFO - 最新模型已保存
2025-03-05 22:53:53,886 - INFO - Epoch 10: Train Loss = 0.3391, Val Loss = 0.3741, 
MIoU = 0.7336, FWIoU = 0.7288, Acc = 0.8433, 
TE IoU = 0.7194, NEC IoU = 0.7528, LYM IoU = 0.7247, TAS IoU = 0.7375
2025-03-05 22:53:54,264 - INFO - 最优模型已保存
2025-03-05 22:53:54,635 - INFO - 最新模型已保存
2025-03-05 22:53:57,938 - INFO - 最优模型测试结果: MIoU = 0.7348, FWIoU = 0.7334, Acc = 0.8456, TE IoU = 0.7591, NEC IoU = 0.7620, LYM IoU = 0.7113, TAS IoU = 0.7066
2025-03-05 22:54:01,284 - INFO - 最新模型测试结果: MIoU = 0.7348, FWIoU = 0.7334, Acc = 0.8456, TE IoU = 0.7591, NEC IoU = 0.7620, LYM IoU = 0.7113, TAS IoU = 0.7066

Epoch = 10
单层