2025-02-15 14:27:15,246 - INFO - 训练开始
2025-02-15 14:27:15,246 - INFO - 训练参数: {'onss': False, 'Grad_CAM_pp': False, 'batch_size': 64, 'num_workers': 10, 'learning_rate': 0.03, 'num_epochs': 150, 'num_classes': 4, 'weight_decay': 0.0001, 'momentum': 0.9, 'log_dir': './runs', 'checkpoint': 'checkpoints/stage2'}
2025-02-15 14:27:58,497 - INFO - Epoch 1: Train Loss = 1.6484, Val Loss = 0.8660, 
MIoU = 0.1532, FWIoU = 0.2866, Acc = 0.5146, 
TE IoU = 0.1196, NEC IoU = 0.0000, LYM IoU = 0.0000, TAS IoU = 0.4934
2025-02-15 14:27:58,761 - INFO - 最优模型已保存
2025-02-15 14:27:59,017 - INFO - 最新模型已保存
2025-02-15 14:28:43,711 - INFO - Epoch 2: Train Loss = 0.9645, Val Loss = 0.6877, 
MIoU = 0.3112, FWIoU = 0.4997, Acc = 0.6797, 
TE IoU = 0.6104, NEC IoU = 0.0000, LYM IoU = 0.1900, TAS IoU = 0.4445
2025-02-15 14:28:44,029 - INFO - 最优模型已保存
2025-02-15 14:28:44,343 - INFO - 最新模型已保存
2025-02-15 14:29:29,852 - INFO - Epoch 3: Train Loss = 0.8622, Val Loss = 1.0714, 
MIoU = 0.2083, FWIoU = 0.2608, Acc = 0.4924, 
TE IoU = 0.4820, NEC IoU = 0.0000, LYM IoU = 0.3021, TAS IoU = 0.0492
2025-02-15 14:29:30,219 - INFO - 最新模型已保存
2025-02-15 14:30:15,844 - INFO - Epoch 4: Train Loss = 0.7876, Val Loss = 4.1770, 
MIoU = 0.0653, FWIoU = 0.0135, Acc = 0.0691, 
TE IoU = 0.0008, NEC IoU = 0.0231, LYM IoU = 0.2366, TAS IoU = 0.0009
2025-02-15 14:30:16,238 - INFO - 最新模型已保存
2025-02-15 14:31:02,845 - INFO - Epoch 5: Train Loss = 0.7503, Val Loss = 0.7423, 
MIoU = 0.4132, FWIoU = 0.5040, Acc = 0.6509, 
TE IoU = 0.5740, NEC IoU = 0.0539, LYM IoU = 0.5806, TAS IoU = 0.4443
2025-02-15 14:31:03,185 - INFO - 最优模型已保存
2025-02-15 14:31:03,502 - INFO - 最新模型已保存
2025-02-15 14:31:48,561 - INFO - Epoch 6: Train Loss = 0.7134, Val Loss = 0.7392, 
MIoU = 0.4135, FWIoU = 0.4732, Acc = 0.6534, 
TE IoU = 0.5694, NEC IoU = 0.1964, LYM IoU = 0.5016, TAS IoU = 0.3864
2025-02-15 14:31:48,868 - INFO - 最优模型已保存
2025-02-15 14:31:49,171 - INFO - 最新模型已保存
2025-02-15 14:32:33,996 - INFO - Epoch 7: Train Loss = 0.6934, Val Loss = 1.0263, 
MIoU = 0.3738, FWIoU = 0.4357, Acc = 0.5532, 
TE IoU = 0.5691, NEC IoU = 0.0488, LYM IoU = 0.5729, TAS IoU = 0.3045
2025-02-15 14:32:34,350 - INFO - 最新模型已保存
2025-02-15 14:33:19,760 - INFO - Epoch 8: Train Loss = 0.6810, Val Loss = 0.9760, 
MIoU = 0.3524, FWIoU = 0.4049, Acc = 0.5551, 
TE IoU = 0.3686, NEC IoU = 0.0860, LYM IoU = 0.5142, TAS IoU = 0.4408
2025-02-15 14:33:20,115 - INFO - 最新模型已保存
2025-02-15 14:34:03,363 - INFO - Epoch 9: Train Loss = 0.6790, Val Loss = 0.6223, 
MIoU = 0.4392, FWIoU = 0.5427, Acc = 0.7110, 
TE IoU = 0.4953, NEC IoU = 0.0174, LYM IoU = 0.6458, TAS IoU = 0.5982
2025-02-15 14:34:03,670 - INFO - 最优模型已保存
2025-02-15 14:34:03,967 - INFO - 最新模型已保存
2025-02-15 14:34:48,519 - INFO - Epoch 10: Train Loss = 0.6612, Val Loss = 0.7700, 
MIoU = 0.3866, FWIoU = 0.4570, Acc = 0.6506, 
TE IoU = 0.5668, NEC IoU = 0.0000, LYM IoU = 0.6319, TAS IoU = 0.3476
2025-02-15 14:34:48,834 - INFO - 最新模型已保存
2025-02-15 14:35:31,339 - INFO - Epoch 11: Train Loss = 0.6557, Val Loss = 0.8304, 
MIoU = 0.3890, FWIoU = 0.4717, Acc = 0.6260, 
TE IoU = 0.4790, NEC IoU = 0.1323, LYM IoU = 0.4664, TAS IoU = 0.4783
2025-02-15 14:35:31,672 - INFO - 最新模型已保存
2025-02-15 14:36:16,852 - INFO - Epoch 12: Train Loss = 0.6512, Val Loss = 0.7273, 
MIoU = 0.3963, FWIoU = 0.4757, Acc = 0.6626, 
TE IoU = 0.5719, NEC IoU = 0.0000, LYM IoU = 0.6306, TAS IoU = 0.3825
2025-02-15 14:36:17,169 - INFO - 最新模型已保存
2025-02-15 14:37:00,103 - INFO - Epoch 13: Train Loss = 0.6442, Val Loss = 0.6947, 
MIoU = 0.4333, FWIoU = 0.5241, Acc = 0.6698, 
TE IoU = 0.5366, NEC IoU = 0.1041, LYM IoU = 0.5693, TAS IoU = 0.5230
2025-02-15 14:37:00,402 - INFO - 最新模型已保存
2025-02-15 14:37:44,697 - INFO - Epoch 14: Train Loss = 0.6370, Val Loss = 0.8614, 
MIoU = 0.3931, FWIoU = 0.4793, Acc = 0.6123, 
TE IoU = 0.5213, NEC IoU = 0.0960, LYM IoU = 0.5052, TAS IoU = 0.4500
2025-02-15 14:37:45,004 - INFO - 最新模型已保存
2025-02-15 14:38:27,598 - INFO - Epoch 15: Train Loss = 0.6321, Val Loss = 0.5823, 
MIoU = 0.4957, FWIoU = 0.5920, Acc = 0.7460, 
TE IoU = 0.6280, NEC IoU = 0.1424, LYM IoU = 0.6441, TAS IoU = 0.5683
2025-02-15 14:38:27,895 - INFO - 最优模型已保存
2025-02-15 14:38:28,189 - INFO - 最新模型已保存
2025-02-15 14:39:11,220 - INFO - Epoch 16: Train Loss = 0.6302, Val Loss = 0.7806, 
MIoU = 0.4228, FWIoU = 0.5164, Acc = 0.6477, 
TE IoU = 0.6033, NEC IoU = 0.0930, LYM IoU = 0.5513, TAS IoU = 0.4436
2025-02-15 14:39:11,522 - INFO - 最新模型已保存
2025-02-15 14:39:55,652 - INFO - Epoch 17: Train Loss = 0.6229, Val Loss = 0.6048, 
MIoU = 0.5087, FWIoU = 0.5804, Acc = 0.7364, 
TE IoU = 0.5612, NEC IoU = 0.3556, LYM IoU = 0.5013, TAS IoU = 0.6167
2025-02-15 14:39:55,955 - INFO - 最优模型已保存
2025-02-15 14:39:56,254 - INFO - 最新模型已保存
2025-02-15 14:40:38,417 - INFO - Epoch 18: Train Loss = 0.6196, Val Loss = 0.7051, 
MIoU = 0.4682, FWIoU = 0.5367, Acc = 0.6991, 
TE IoU = 0.6248, NEC IoU = 0.2635, LYM IoU = 0.5221, TAS IoU = 0.4624
2025-02-15 14:40:38,733 - INFO - 最新模型已保存
2025-02-15 14:41:21,855 - INFO - Epoch 19: Train Loss = 0.6097, Val Loss = 0.6902, 
MIoU = 0.4653, FWIoU = 0.5064, Acc = 0.6863, 
TE IoU = 0.6012, NEC IoU = 0.2208, LYM IoU = 0.6281, TAS IoU = 0.4109
2025-02-15 14:41:22,157 - INFO - 最新模型已保存
2025-02-15 14:42:05,392 - INFO - Epoch 20: Train Loss = 0.6085, Val Loss = 0.5792, 
MIoU = 0.5417, FWIoU = 0.5984, Acc = 0.7493, 
TE IoU = 0.6093, NEC IoU = 0.3424, LYM IoU = 0.6199, TAS IoU = 0.5953
2025-02-15 14:42:05,693 - INFO - 最优模型已保存
2025-02-15 14:42:05,985 - INFO - 最新模型已保存
2025-02-15 14:42:51,926 - INFO - Epoch 21: Train Loss = 0.6011, Val Loss = 0.6477, 
MIoU = 0.4877, FWIoU = 0.5581, Acc = 0.7225, 
TE IoU = 0.6343, NEC IoU = 0.3675, LYM IoU = 0.4460, TAS IoU = 0.5030
2025-02-15 14:42:52,268 - INFO - 最新模型已保存
2025-02-15 14:43:35,548 - INFO - Epoch 22: Train Loss = 0.5984, Val Loss = 0.9087, 
MIoU = 0.3857, FWIoU = 0.4227, Acc = 0.6195, 
TE IoU = 0.2987, NEC IoU = 0.1028, LYM IoU = 0.6048, TAS IoU = 0.5367
2025-02-15 14:43:35,847 - INFO - 最新模型已保存
2025-02-15 14:44:20,357 - INFO - Epoch 23: Train Loss = 0.5952, Val Loss = 0.6413, 
MIoU = 0.5472, FWIoU = 0.5470, Acc = 0.7148, 
TE IoU = 0.4790, NEC IoU = 0.4615, LYM IoU = 0.6417, TAS IoU = 0.6066
2025-02-15 14:44:20,658 - INFO - 最优模型已保存
2025-02-15 14:44:20,958 - INFO - 最新模型已保存
2025-02-15 14:45:04,201 - INFO - Epoch 24: Train Loss = 0.5938, Val Loss = 0.7059, 
MIoU = 0.4767, FWIoU = 0.5519, Acc = 0.6918, 
TE IoU = 0.5880, NEC IoU = 0.1674, LYM IoU = 0.6284, TAS IoU = 0.5230
2025-02-15 14:45:04,502 - INFO - 最新模型已保存
2025-02-15 14:45:48,224 - INFO - Epoch 25: Train Loss = 0.5863, Val Loss = 0.8745, 
MIoU = 0.4241, FWIoU = 0.4992, Acc = 0.6389, 
TE IoU = 0.6221, NEC IoU = 0.1027, LYM IoU = 0.5876, TAS IoU = 0.3841
2025-02-15 14:45:48,596 - INFO - 最新模型已保存
2025-02-15 14:46:33,944 - INFO - Epoch 26: Train Loss = 0.5844, Val Loss = 0.5750, 
MIoU = 0.5265, FWIoU = 0.5976, Acc = 0.7492, 
TE IoU = 0.6248, NEC IoU = 0.3249, LYM IoU = 0.5722, TAS IoU = 0.5843
2025-02-15 14:46:34,273 - INFO - 最新模型已保存
2025-02-15 14:47:18,090 - INFO - Epoch 27: Train Loss = 0.5981, Val Loss = 0.6036, 
MIoU = 0.4400, FWIoU = 0.5648, Acc = 0.7265, 
TE IoU = 0.5386, NEC IoU = 0.0053, LYM IoU = 0.6086, TAS IoU = 0.6073
2025-02-15 14:47:18,394 - INFO - 最新模型已保存
2025-02-15 14:48:01,337 - INFO - Epoch 28: Train Loss = 0.5786, Val Loss = 0.5506, 
MIoU = 0.5863, FWIoU = 0.6183, Acc = 0.7664, 
TE IoU = 0.6541, NEC IoU = 0.4579, LYM IoU = 0.6469, TAS IoU = 0.5862
2025-02-15 14:48:01,620 - INFO - 最优模型已保存
2025-02-15 14:48:01,912 - INFO - 最新模型已保存
2025-02-15 14:48:45,367 - INFO - Epoch 29: Train Loss = 0.5758, Val Loss = 0.5198, 
MIoU = 0.5789, FWIoU = 0.6382, Acc = 0.7792, 
TE IoU = 0.6525, NEC IoU = 0.4094, LYM IoU = 0.6187, TAS IoU = 0.6351
2025-02-15 14:48:45,671 - INFO - 最新模型已保存
2025-02-15 14:49:29,838 - INFO - Epoch 30: Train Loss = 0.5738, Val Loss = 0.5466, 
MIoU = 0.5848, FWIoU = 0.6156, Acc = 0.7618, 
TE IoU = 0.6148, NEC IoU = 0.4750, LYM IoU = 0.6291, TAS IoU = 0.6204
2025-02-15 14:49:30,146 - INFO - 最新模型已保存
2025-02-15 14:50:13,535 - INFO - Epoch 31: Train Loss = 0.5672, Val Loss = 0.8424, 
MIoU = 0.4029, FWIoU = 0.5059, Acc = 0.6377, 
TE IoU = 0.6025, NEC IoU = 0.1002, LYM IoU = 0.4790, TAS IoU = 0.4299
2025-02-15 14:50:13,844 - INFO - 最新模型已保存
2025-02-15 14:50:57,720 - INFO - Epoch 32: Train Loss = 0.5640, Val Loss = 0.6102, 
MIoU = 0.4302, FWIoU = 0.6019, Acc = 0.7538, 
TE IoU = 0.6335, NEC IoU = 0.0673, LYM IoU = 0.4072, TAS IoU = 0.6130
2025-02-15 14:50:58,023 - INFO - 最新模型已保存
2025-02-15 14:51:41,409 - INFO - Epoch 33: Train Loss = 0.5680, Val Loss = 0.5699, 
MIoU = 0.5606, FWIoU = 0.5705, Acc = 0.7309, 
TE IoU = 0.5220, NEC IoU = 0.4588, LYM IoU = 0.6478, TAS IoU = 0.6139
2025-02-15 14:51:41,699 - INFO - 最新模型已保存
2025-02-15 14:52:24,616 - INFO - Epoch 34: Train Loss = 0.5591, Val Loss = 0.5432, 
MIoU = 0.4850, FWIoU = 0.6275, Acc = 0.7726, 
TE IoU = 0.6478, NEC IoU = 0.0828, LYM IoU = 0.5747, TAS IoU = 0.6346
2025-02-15 14:52:24,926 - INFO - 最新模型已保存
2025-02-15 14:53:09,712 - INFO - Epoch 35: Train Loss = 0.5580, Val Loss = 0.6958, 
MIoU = 0.4333, FWIoU = 0.4811, Acc = 0.6669, 
TE IoU = 0.3865, NEC IoU = 0.2151, LYM IoU = 0.5557, TAS IoU = 0.5761
2025-02-15 14:53:10,018 - INFO - 最新模型已保存
2025-02-15 14:53:53,203 - INFO - Epoch 36: Train Loss = 0.5541, Val Loss = 0.6678, 
MIoU = 0.4431, FWIoU = 0.5203, Acc = 0.6945, 
TE IoU = 0.4572, NEC IoU = 0.1836, LYM IoU = 0.5383, TAS IoU = 0.5933
2025-02-15 14:53:53,504 - INFO - 最新模型已保存
2025-02-15 14:54:38,037 - INFO - Epoch 37: Train Loss = 0.5525, Val Loss = 0.5857, 
MIoU = 0.4690, FWIoU = 0.5974, Acc = 0.7491, 
TE IoU = 0.6157, NEC IoU = 0.0604, LYM IoU = 0.5999, TAS IoU = 0.6000
2025-02-15 14:54:38,359 - INFO - 最新模型已保存
2025-02-15 14:55:22,012 - INFO - Epoch 38: Train Loss = 0.5474, Val Loss = 0.6768, 
MIoU = 0.4788, FWIoU = 0.4811, Acc = 0.6709, 
TE IoU = 0.3651, NEC IoU = 0.3720, LYM IoU = 0.5910, TAS IoU = 0.5872
2025-02-15 14:55:22,374 - INFO - 最新模型已保存
2025-02-15 14:56:06,972 - INFO - Epoch 39: Train Loss = 0.5473, Val Loss = 0.5866, 
MIoU = 0.5132, FWIoU = 0.5689, Acc = 0.7253, 
TE IoU = 0.5492, NEC IoU = 0.3127, LYM IoU = 0.5954, TAS IoU = 0.5953
2025-02-15 14:56:07,282 - INFO - 最新模型已保存
2025-02-15 14:56:49,916 - INFO - Epoch 40: Train Loss = 0.5440, Val Loss = 0.5863, 
MIoU = 0.5120, FWIoU = 0.5749, Acc = 0.7299, 
TE IoU = 0.5570, NEC IoU = 0.3531, LYM IoU = 0.5322, TAS IoU = 0.6058
2025-02-15 14:56:50,222 - INFO - 最新模型已保存
2025-02-15 14:57:33,179 - INFO - Epoch 41: Train Loss = 0.5439, Val Loss = 0.5629, 
MIoU = 0.5472, FWIoU = 0.5815, Acc = 0.7364, 
TE IoU = 0.6076, NEC IoU = 0.4040, LYM IoU = 0.6184, TAS IoU = 0.5587
2025-02-15 14:57:33,475 - INFO - 最新模型已保存
2025-02-15 14:58:16,793 - INFO - Epoch 42: Train Loss = 0.5407, Val Loss = 0.6265, 
MIoU = 0.5084, FWIoU = 0.5651, Acc = 0.7264, 
TE IoU = 0.6371, NEC IoU = 0.2716, LYM IoU = 0.6258, TAS IoU = 0.4990
2025-02-15 14:58:17,101 - INFO - 最新模型已保存
2025-02-15 14:59:02,074 - INFO - Epoch 43: Train Loss = 0.5366, Val Loss = 0.7155, 
MIoU = 0.4050, FWIoU = 0.5117, Acc = 0.6838, 
TE IoU = 0.5757, NEC IoU = 0.0110, LYM IoU = 0.5716, TAS IoU = 0.4617
2025-02-15 14:59:02,373 - INFO - 最新模型已保存
2025-02-15 14:59:45,550 - INFO - Epoch 44: Train Loss = 0.5353, Val Loss = 0.5452, 
MIoU = 0.5611, FWIoU = 0.5996, Acc = 0.7492, 
TE IoU = 0.6226, NEC IoU = 0.4262, LYM IoU = 0.6132, TAS IoU = 0.5824
2025-02-15 14:59:45,852 - INFO - 最新模型已保存
2025-02-15 15:00:29,957 - INFO - Epoch 45: Train Loss = 0.5328, Val Loss = 0.5900, 
MIoU = 0.5495, FWIoU = 0.5622, Acc = 0.7201, 
TE IoU = 0.5425, NEC IoU = 0.4480, LYM IoU = 0.6290, TAS IoU = 0.5785
2025-02-15 15:00:30,259 - INFO - 最新模型已保存
2025-02-15 15:01:14,657 - INFO - Epoch 46: Train Loss = 0.5349, Val Loss = 0.5445, 
MIoU = 0.5169, FWIoU = 0.6011, Acc = 0.7520, 
TE IoU = 0.5940, NEC IoU = 0.1949, LYM IoU = 0.6613, TAS IoU = 0.6172
2025-02-15 15:01:14,983 - INFO - 最新模型已保存
2025-02-15 15:01:59,633 - INFO - Epoch 47: Train Loss = 0.5314, Val Loss = 0.5833, 
MIoU = 0.5091, FWIoU = 0.6201, Acc = 0.7671, 
TE IoU = 0.6483, NEC IoU = 0.1307, LYM IoU = 0.6495, TAS IoU = 0.6080
2025-02-15 15:01:59,949 - INFO - 最新模型已保存
2025-02-15 15:02:43,072 - INFO - Epoch 48: Train Loss = 0.5265, Val Loss = 0.6254, 
MIoU = 0.4937, FWIoU = 0.5418, Acc = 0.7115, 
TE IoU = 0.6128, NEC IoU = 0.2831, LYM IoU = 0.6037, TAS IoU = 0.4754
2025-02-15 15:02:43,373 - INFO - 最新模型已保存
2025-02-15 15:03:26,107 - INFO - Epoch 49: Train Loss = 0.5276, Val Loss = 0.6106, 
MIoU = 0.4108, FWIoU = 0.5241, Acc = 0.6919, 
TE IoU = 0.5427, NEC IoU = 0.4680, LYM IoU = 0.0747, TAS IoU = 0.5578
2025-02-15 15:03:26,457 - INFO - 最新模型已保存
2025-02-15 15:04:10,422 - INFO - Epoch 50: Train Loss = 0.5262, Val Loss = 0.5534, 
MIoU = 0.5145, FWIoU = 0.5980, Acc = 0.7527, 
TE IoU = 0.5636, NEC IoU = 0.2535, LYM IoU = 0.5954, TAS IoU = 0.6454
2025-02-15 15:04:10,726 - INFO - 最新模型已保存
2025-02-15 15:04:53,356 - INFO - Epoch 51: Train Loss = 0.5188, Val Loss = 0.5346, 
MIoU = 0.5133, FWIoU = 0.6420, Acc = 0.7839, 
TE IoU = 0.6660, NEC IoU = 0.0648, LYM IoU = 0.6868, TAS IoU = 0.6357
2025-02-15 15:04:53,656 - INFO - 最新模型已保存
2025-02-15 15:05:37,947 - INFO - Epoch 52: Train Loss = 0.5151, Val Loss = 0.5733, 
MIoU = 0.5430, FWIoU = 0.5715, Acc = 0.7327, 
TE IoU = 0.6341, NEC IoU = 0.4516, LYM IoU = 0.5716, TAS IoU = 0.5146
2025-02-15 15:05:38,270 - INFO - 最新模型已保存
2025-02-15 15:06:21,321 - INFO - Epoch 53: Train Loss = 0.5126, Val Loss = 0.5821, 
MIoU = 0.4427, FWIoU = 0.5955, Acc = 0.7480, 
TE IoU = 0.6003, NEC IoU = 0.0291, LYM IoU = 0.5203, TAS IoU = 0.6209
2025-02-15 15:06:21,615 - INFO - 最新模型已保存
2025-02-15 15:07:05,867 - INFO - Epoch 54: Train Loss = 0.5120, Val Loss = 0.4860, 
MIoU = 0.6131, FWIoU = 0.6479, Acc = 0.7868, 
TE IoU = 0.6713, NEC IoU = 0.4535, LYM IoU = 0.7009, TAS IoU = 0.6266
2025-02-15 15:07:06,170 - INFO - 最优模型已保存
2025-02-15 15:07:06,463 - INFO - 最新模型已保存
2025-02-15 15:07:50,090 - INFO - Epoch 55: Train Loss = 0.5093, Val Loss = 0.5065, 
MIoU = 0.4984, FWIoU = 0.6345, Acc = 0.7797, 
TE IoU = 0.6197, NEC IoU = 0.0191, LYM IoU = 0.6876, TAS IoU = 0.6671
2025-02-15 15:07:50,389 - INFO - 最新模型已保存
2025-02-15 15:08:34,669 - INFO - Epoch 56: Train Loss = 0.5043, Val Loss = 0.5160, 
MIoU = 0.4949, FWIoU = 0.6457, Acc = 0.7863, 
TE IoU = 0.6548, NEC IoU = 0.0000, LYM IoU = 0.6652, TAS IoU = 0.6597
2025-02-15 15:08:35,035 - INFO - 最新模型已保存
2025-02-15 15:09:19,725 - INFO - Epoch 57: Train Loss = 0.5042, Val Loss = 0.5530, 
MIoU = 0.4877, FWIoU = 0.6181, Acc = 0.7686, 
TE IoU = 0.5925, NEC IoU = 0.0042, LYM IoU = 0.6956, TAS IoU = 0.6583
2025-02-15 15:09:20,027 - INFO - 最新模型已保存
2025-02-15 15:10:03,123 - INFO - Epoch 58: Train Loss = 0.4987, Val Loss = 0.5595, 
MIoU = 0.5079, FWIoU = 0.5978, Acc = 0.7545, 
TE IoU = 0.5552, NEC IoU = 0.1601, LYM IoU = 0.6674, TAS IoU = 0.6489
2025-02-15 15:10:03,484 - INFO - 最新模型已保存
2025-02-15 15:10:47,072 - INFO - Epoch 59: Train Loss = 0.4947, Val Loss = 0.4415, 
MIoU = 0.6258, FWIoU = 0.6778, Acc = 0.8083, 
TE IoU = 0.6870, NEC IoU = 0.5005, LYM IoU = 0.6353, TAS IoU = 0.6803
2025-02-15 15:10:47,372 - INFO - 最优模型已保存
2025-02-15 15:10:47,675 - INFO - 最新模型已保存
2025-02-15 15:11:32,394 - INFO - Epoch 60: Train Loss = 0.4953, Val Loss = 0.4675, 
MIoU = 0.6130, FWIoU = 0.6604, Acc = 0.7958, 
TE IoU = 0.6870, NEC IoU = 0.4167, LYM IoU = 0.7102, TAS IoU = 0.6383
2025-02-15 15:11:32,693 - INFO - 最新模型已保存
2025-02-15 15:12:18,143 - INFO - Epoch 61: Train Loss = 0.4916, Val Loss = 0.4317, 
MIoU = 0.6441, FWIoU = 0.6854, Acc = 0.8139, 
TE IoU = 0.6788, NEC IoU = 0.4988, LYM IoU = 0.7013, TAS IoU = 0.6974
2025-02-15 15:12:18,458 - INFO - 最优模型已保存
2025-02-15 15:12:18,748 - INFO - 最新模型已保存
2025-02-15 15:13:05,398 - INFO - Epoch 62: Train Loss = 0.4885, Val Loss = 0.4778, 
MIoU = 0.5789, FWIoU = 0.6590, Acc = 0.7905, 
TE IoU = 0.6756, NEC IoU = 0.3077, LYM IoU = 0.6779, TAS IoU = 0.6542
2025-02-15 15:13:05,733 - INFO - 最新模型已保存
2025-02-15 15:13:51,960 - INFO - Epoch 63: Train Loss = 0.4870, Val Loss = 0.4630, 
MIoU = 0.5522, FWIoU = 0.6760, Acc = 0.8042, 
TE IoU = 0.6949, NEC IoU = 0.1687, LYM IoU = 0.6672, TAS IoU = 0.6781
2025-02-15 15:13:52,274 - INFO - 最新模型已保存
2025-02-15 15:14:38,053 - INFO - Epoch 64: Train Loss = 0.4874, Val Loss = 0.4238, 
MIoU = 0.6386, FWIoU = 0.6937, Acc = 0.8199, 
TE IoU = 0.6890, NEC IoU = 0.4339, LYM IoU = 0.7268, TAS IoU = 0.7047
2025-02-15 15:14:38,372 - INFO - 最新模型已保存
2025-02-15 15:15:24,238 - INFO - Epoch 65: Train Loss = 0.4859, Val Loss = 0.4332, 
MIoU = 0.6394, FWIoU = 0.6855, Acc = 0.8127, 
TE IoU = 0.7091, NEC IoU = 0.4590, LYM IoU = 0.7223, TAS IoU = 0.6671
2025-02-15 15:15:24,541 - INFO - 最新模型已保存
2025-02-15 15:16:09,511 - INFO - Epoch 66: Train Loss = 0.4847, Val Loss = 0.4367, 
MIoU = 0.6708, FWIoU = 0.6874, Acc = 0.8152, 
TE IoU = 0.6755, NEC IoU = 0.5954, LYM IoU = 0.7125, TAS IoU = 0.6998
2025-02-15 15:16:09,815 - INFO - 最优模型已保存
2025-02-15 15:16:10,119 - INFO - 最新模型已保存
2025-02-15 15:16:55,871 - INFO - Epoch 67: Train Loss = 0.4829, Val Loss = 0.5029, 
MIoU = 0.6003, FWIoU = 0.6428, Acc = 0.7835, 
TE IoU = 0.6204, NEC IoU = 0.4281, LYM IoU = 0.6838, TAS IoU = 0.6687
2025-02-15 15:16:56,180 - INFO - 最新模型已保存
2025-02-15 15:17:42,204 - INFO - Epoch 68: Train Loss = 0.4795, Val Loss = 0.3968, 
MIoU = 0.6752, FWIoU = 0.7107, Acc = 0.8310, 
TE IoU = 0.7254, NEC IoU = 0.5303, LYM IoU = 0.7455, TAS IoU = 0.6995
2025-02-15 15:17:42,512 - INFO - 最优模型已保存
2025-02-15 15:17:42,815 - INFO - 最新模型已保存
2025-02-15 15:18:28,580 - INFO - Epoch 69: Train Loss = 0.4767, Val Loss = 0.4614, 
MIoU = 0.6065, FWIoU = 0.6624, Acc = 0.7946, 
TE IoU = 0.6699, NEC IoU = 0.4241, LYM IoU = 0.6686, TAS IoU = 0.6635
2025-02-15 15:18:28,909 - INFO - 最新模型已保存
2025-02-15 15:19:14,122 - INFO - Epoch 70: Train Loss = 0.4748, Val Loss = 0.5960, 
MIoU = 0.5137, FWIoU = 0.5537, Acc = 0.7136, 
TE IoU = 0.5773, NEC IoU = 0.3876, LYM IoU = 0.5528, TAS IoU = 0.5370
2025-02-15 15:19:14,426 - INFO - 最新模型已保存
2025-02-15 15:19:59,925 - INFO - Epoch 71: Train Loss = 0.4726, Val Loss = 0.5125, 
MIoU = 0.5336, FWIoU = 0.6601, Acc = 0.7984, 
TE IoU = 0.7006, NEC IoU = 0.0825, LYM IoU = 0.7144, TAS IoU = 0.6367
2025-02-15 15:20:00,250 - INFO - 最新模型已保存
2025-02-15 15:20:46,816 - INFO - Epoch 72: Train Loss = 0.4743, Val Loss = 0.4908, 
MIoU = 0.5505, FWIoU = 0.6389, Acc = 0.7811, 
TE IoU = 0.6712, NEC IoU = 0.2837, LYM IoU = 0.6245, TAS IoU = 0.6225
2025-02-15 15:20:47,118 - INFO - 最新模型已保存
2025-02-15 15:21:33,981 - INFO - Epoch 73: Train Loss = 0.4741, Val Loss = 0.4372, 
MIoU = 0.6448, FWIoU = 0.6812, Acc = 0.8096, 
TE IoU = 0.6912, NEC IoU = 0.5462, LYM IoU = 0.6632, TAS IoU = 0.6785
2025-02-15 15:21:34,350 - INFO - 最新模型已保存
2025-02-15 15:22:19,290 - INFO - Epoch 74: Train Loss = 0.4696, Val Loss = 0.4464, 
MIoU = 0.6063, FWIoU = 0.6902, Acc = 0.8173, 
TE IoU = 0.7018, NEC IoU = 0.3826, LYM IoU = 0.6451, TAS IoU = 0.6956
2025-02-15 15:22:19,629 - INFO - 最新模型已保存
2025-02-15 15:23:03,351 - INFO - Epoch 75: Train Loss = 0.4676, Val Loss = 0.4480, 
MIoU = 0.6005, FWIoU = 0.6743, Acc = 0.8043, 
TE IoU = 0.6866, NEC IoU = 0.3773, LYM IoU = 0.6633, TAS IoU = 0.6749
2025-02-15 15:23:03,648 - INFO - 最新模型已保存
2025-02-15 15:23:47,495 - INFO - Epoch 76: Train Loss = 0.4682, Val Loss = 0.3898, 
MIoU = 0.7045, FWIoU = 0.7185, Acc = 0.8363, 
TE IoU = 0.7212, NEC IoU = 0.6415, LYM IoU = 0.7384, TAS IoU = 0.7167
2025-02-15 15:23:47,794 - INFO - 最优模型已保存
2025-02-15 15:23:48,081 - INFO - 最新模型已保存
2025-02-15 15:24:32,948 - INFO - Epoch 77: Train Loss = 0.4684, Val Loss = 0.4586, 
MIoU = 0.6400, FWIoU = 0.6654, Acc = 0.8000, 
TE IoU = 0.6456, NEC IoU = 0.5313, LYM IoU = 0.6967, TAS IoU = 0.6866
2025-02-15 15:24:33,245 - INFO - 最新模型已保存
2025-02-15 15:25:19,093 - INFO - Epoch 78: Train Loss = 0.4660, Val Loss = 0.4153, 
MIoU = 0.6642, FWIoU = 0.7006, Acc = 0.8245, 
TE IoU = 0.6944, NEC IoU = 0.5224, LYM IoU = 0.7297, TAS IoU = 0.7104
2025-02-15 15:25:19,389 - INFO - 最新模型已保存
2025-02-15 15:26:03,483 - INFO - Epoch 79: Train Loss = 0.4689, Val Loss = 0.4315, 
MIoU = 0.6612, FWIoU = 0.6880, Acc = 0.8153, 
TE IoU = 0.6977, NEC IoU = 0.5392, LYM IoU = 0.7281, TAS IoU = 0.6797
2025-02-15 15:26:03,779 - INFO - 最新模型已保存
2025-02-15 15:26:48,137 - INFO - Epoch 80: Train Loss = 0.4645, Val Loss = 0.6979, 
MIoU = 0.4395, FWIoU = 0.4880, Acc = 0.6572, 
TE IoU = 0.4526, NEC IoU = 0.3181, LYM IoU = 0.4542, TAS IoU = 0.5329
2025-02-15 15:26:48,464 - INFO - 最新模型已保存
2025-02-15 15:27:34,630 - INFO - Epoch 81: Train Loss = 0.4639, Val Loss = 0.4407, 
MIoU = 0.6133, FWIoU = 0.6774, Acc = 0.8064, 
TE IoU = 0.7020, NEC IoU = 0.4061, LYM IoU = 0.6818, TAS IoU = 0.6632
2025-02-15 15:27:34,946 - INFO - 最新模型已保存
2025-02-15 15:28:21,413 - INFO - Epoch 82: Train Loss = 0.4606, Val Loss = 0.4672, 
MIoU = 0.6200, FWIoU = 0.6602, Acc = 0.7953, 
TE IoU = 0.6750, NEC IoU = 0.5196, LYM IoU = 0.6308, TAS IoU = 0.6544
2025-02-15 15:28:21,704 - INFO - 最新模型已保存
2025-02-15 15:29:07,760 - INFO - Epoch 83: Train Loss = 0.4606, Val Loss = 0.4634, 
MIoU = 0.6406, FWIoU = 0.6598, Acc = 0.7959, 
TE IoU = 0.6406, NEC IoU = 0.5485, LYM IoU = 0.6941, TAS IoU = 0.6792
2025-02-15 15:29:08,069 - INFO - 最新模型已保存
2025-02-15 15:29:51,845 - INFO - Epoch 84: Train Loss = 0.4559, Val Loss = 0.4108, 
MIoU = 0.6516, FWIoU = 0.7049, Acc = 0.8272, 
TE IoU = 0.7148, NEC IoU = 0.4665, LYM IoU = 0.7227, TAS IoU = 0.7025
2025-02-15 15:29:52,146 - INFO - 最新模型已保存
2025-02-15 15:30:38,546 - INFO - Epoch 85: Train Loss = 0.4562, Val Loss = 0.4393, 
MIoU = 0.6327, FWIoU = 0.6861, Acc = 0.8122, 
TE IoU = 0.6996, NEC IoU = 0.4759, LYM IoU = 0.6729, TAS IoU = 0.6823
2025-02-15 15:30:38,898 - INFO - 最新模型已保存
2025-02-15 15:31:25,132 - INFO - Epoch 86: Train Loss = 0.4551, Val Loss = 0.4211, 
MIoU = 0.6347, FWIoU = 0.6993, Acc = 0.8239, 
TE IoU = 0.7184, NEC IoU = 0.3858, LYM IoU = 0.7471, TAS IoU = 0.6874
2025-02-15 15:31:25,433 - INFO - 最新模型已保存
2025-02-15 15:32:11,110 - INFO - Epoch 87: Train Loss = 0.4530, Val Loss = 0.4555, 
MIoU = 0.6102, FWIoU = 0.6774, Acc = 0.8087, 
TE IoU = 0.6680, NEC IoU = 0.3674, LYM IoU = 0.7103, TAS IoU = 0.6950
2025-02-15 15:32:11,407 - INFO - 最新模型已保存
2025-02-15 15:32:57,512 - INFO - Epoch 88: Train Loss = 0.4542, Val Loss = 0.4083, 
MIoU = 0.6709, FWIoU = 0.7065, Acc = 0.8284, 
TE IoU = 0.7011, NEC IoU = 0.5032, LYM IoU = 0.7660, TAS IoU = 0.7131
2025-02-15 15:32:57,820 - INFO - 最新模型已保存
2025-02-15 15:33:43,752 - INFO - Epoch 89: Train Loss = 0.4517, Val Loss = 0.4272, 
MIoU = 0.6564, FWIoU = 0.6906, Acc = 0.8172, 
TE IoU = 0.6865, NEC IoU = 0.5594, LYM IoU = 0.6786, TAS IoU = 0.7010
2025-02-15 15:33:44,098 - INFO - 最新模型已保存
2025-02-15 15:34:30,370 - INFO - Epoch 90: Train Loss = 0.4529, Val Loss = 0.4691, 
MIoU = 0.5196, FWIoU = 0.6685, Acc = 0.8028, 
TE IoU = 0.6935, NEC IoU = 0.0018, LYM IoU = 0.7187, TAS IoU = 0.6642
2025-02-15 15:34:30,667 - INFO - 最新模型已保存
2025-02-15 15:35:16,364 - INFO - Epoch 91: Train Loss = 0.4523, Val Loss = 0.4975, 
MIoU = 0.5982, FWIoU = 0.6401, Acc = 0.7804, 
TE IoU = 0.6258, NEC IoU = 0.5019, LYM IoU = 0.6016, TAS IoU = 0.6636
2025-02-15 15:35:16,661 - INFO - 最新模型已保存
2025-02-15 15:36:01,534 - INFO - Epoch 92: Train Loss = 0.4507, Val Loss = 0.4445, 
MIoU = 0.6777, FWIoU = 0.6714, Acc = 0.8049, 
TE IoU = 0.6441, NEC IoU = 0.6713, LYM IoU = 0.7005, TAS IoU = 0.6950
2025-02-15 15:36:01,828 - INFO - 最新模型已保存
2025-02-15 15:36:47,810 - INFO - Epoch 93: Train Loss = 0.4461, Val Loss = 0.3964, 
MIoU = 0.6785, FWIoU = 0.7110, Acc = 0.8314, 
TE IoU = 0.7072, NEC IoU = 0.5480, LYM IoU = 0.7409, TAS IoU = 0.7177
2025-02-15 15:36:48,138 - INFO - 最新模型已保存
2025-02-15 15:37:34,110 - INFO - Epoch 94: Train Loss = 0.4473, Val Loss = 0.4168, 
MIoU = 0.6317, FWIoU = 0.6954, Acc = 0.8206, 
TE IoU = 0.7102, NEC IoU = 0.4154, LYM IoU = 0.7112, TAS IoU = 0.6900
2025-02-15 15:37:34,408 - INFO - 最新模型已保存
2025-02-15 15:38:19,308 - INFO - Epoch 95: Train Loss = 0.4476, Val Loss = 0.4429, 
MIoU = 0.6276, FWIoU = 0.6776, Acc = 0.8085, 
TE IoU = 0.6936, NEC IoU = 0.4206, LYM IoU = 0.7302, TAS IoU = 0.6662
2025-02-15 15:38:19,628 - INFO - 最新模型已保存
2025-02-15 15:39:05,524 - INFO - Epoch 96: Train Loss = 0.4432, Val Loss = 0.5625, 
MIoU = 0.5548, FWIoU = 0.5756, Acc = 0.7303, 
TE IoU = 0.5712, NEC IoU = 0.4690, LYM IoU = 0.5972, TAS IoU = 0.5817
2025-02-15 15:39:05,838 - INFO - 最新模型已保存
2025-02-15 15:39:49,559 - INFO - Epoch 97: Train Loss = 0.4432, Val Loss = 0.4460, 
MIoU = 0.6437, FWIoU = 0.6794, Acc = 0.8097, 
TE IoU = 0.6667, NEC IoU = 0.5492, LYM IoU = 0.6598, TAS IoU = 0.6990
2025-02-15 15:39:49,867 - INFO - 最新模型已保存
2025-02-15 15:40:36,029 - INFO - Epoch 98: Train Loss = 0.4446, Val Loss = 0.4322, 
MIoU = 0.6486, FWIoU = 0.6868, Acc = 0.8136, 
TE IoU = 0.6865, NEC IoU = 0.5583, LYM IoU = 0.6542, TAS IoU = 0.6956
2025-02-15 15:40:36,338 - INFO - 最新模型已保存
2025-02-15 15:41:21,476 - INFO - Epoch 99: Train Loss = 0.4419, Val Loss = 0.4873, 
MIoU = 0.6157, FWIoU = 0.6443, Acc = 0.7865, 
TE IoU = 0.6113, NEC IoU = 0.4873, LYM IoU = 0.6863, TAS IoU = 0.6781
2025-02-15 15:41:21,759 - INFO - 最新模型已保存
2025-02-15 15:42:07,320 - INFO - Epoch 100: Train Loss = 0.4428, Val Loss = 0.4223, 
MIoU = 0.6628, FWIoU = 0.6929, Acc = 0.8188, 
TE IoU = 0.6908, NEC IoU = 0.5401, LYM IoU = 0.7230, TAS IoU = 0.6974
2025-02-15 15:42:07,621 - INFO - 最新模型已保存
2025-02-15 15:42:53,319 - INFO - Epoch 101: Train Loss = 0.4414, Val Loss = 0.4190, 
MIoU = 0.6700, FWIoU = 0.6964, Acc = 0.8214, 
TE IoU = 0.6890, NEC IoU = 0.5736, LYM IoU = 0.7107, TAS IoU = 0.7069
2025-02-15 15:42:53,612 - INFO - 最新模型已保存
2025-02-15 15:43:39,824 - INFO - Epoch 102: Train Loss = 0.4400, Val Loss = 0.4658, 
MIoU = 0.6223, FWIoU = 0.6646, Acc = 0.8002, 
TE IoU = 0.6440, NEC IoU = 0.4659, LYM IoU = 0.6895, TAS IoU = 0.6897
2025-02-15 15:43:40,127 - INFO - 最新模型已保存
2025-02-15 15:44:25,804 - INFO - Epoch 103: Train Loss = 0.4406, Val Loss = 0.4131, 
MIoU = 0.6959, FWIoU = 0.6985, Acc = 0.8228, 
TE IoU = 0.6864, NEC IoU = 0.6515, LYM IoU = 0.7377, TAS IoU = 0.7079
2025-02-15 15:44:26,105 - INFO - 最新模型已保存
2025-02-15 15:45:11,528 - INFO - Epoch 104: Train Loss = 0.4383, Val Loss = 0.4230, 
MIoU = 0.6254, FWIoU = 0.6961, Acc = 0.8218, 
TE IoU = 0.7179, NEC IoU = 0.3517, LYM IoU = 0.7499, TAS IoU = 0.6821
2025-02-15 15:45:11,862 - INFO - 最新模型已保存
2025-02-15 15:45:56,895 - INFO - Epoch 105: Train Loss = 0.4365, Val Loss = 0.4250, 
MIoU = 0.6413, FWIoU = 0.6867, Acc = 0.8135, 
TE IoU = 0.6886, NEC IoU = 0.5025, LYM IoU = 0.6815, TAS IoU = 0.6927
2025-02-15 15:45:57,202 - INFO - 最新模型已保存
2025-02-15 15:46:41,125 - INFO - Epoch 106: Train Loss = 0.4341, Val Loss = 0.4385, 
MIoU = 0.6531, FWIoU = 0.6774, Acc = 0.8080, 
TE IoU = 0.6886, NEC IoU = 0.5553, LYM IoU = 0.7000, TAS IoU = 0.6687
2025-02-15 15:46:41,476 - INFO - 最新模型已保存
2025-02-15 15:47:26,750 - INFO - Epoch 107: Train Loss = 0.4351, Val Loss = 0.4692, 
MIoU = 0.6167, FWIoU = 0.6472, Acc = 0.7858, 
TE IoU = 0.6477, NEC IoU = 0.5342, LYM IoU = 0.6321, TAS IoU = 0.6527
2025-02-15 15:47:27,067 - INFO - 最新模型已保存
2025-02-15 15:48:12,731 - INFO - Epoch 108: Train Loss = 0.4336, Val Loss = 0.4056, 
MIoU = 0.7011, FWIoU = 0.7038, Acc = 0.8264, 
TE IoU = 0.6935, NEC IoU = 0.6713, LYM IoU = 0.7268, TAS IoU = 0.7126
2025-02-15 15:48:13,037 - INFO - 最新模型已保存
2025-02-15 15:48:56,196 - INFO - Epoch 109: Train Loss = 0.4324, Val Loss = 0.4687, 
MIoU = 0.6339, FWIoU = 0.6575, Acc = 0.7932, 
TE IoU = 0.6576, NEC IoU = 0.5515, LYM IoU = 0.6658, TAS IoU = 0.6606
2025-02-15 15:48:56,519 - INFO - 最新模型已保存
2025-02-15 15:49:38,726 - INFO - Epoch 110: Train Loss = 0.4329, Val Loss = 0.4142, 
MIoU = 0.6748, FWIoU = 0.6948, Acc = 0.8198, 
TE IoU = 0.6990, NEC IoU = 0.5807, LYM IoU = 0.7282, TAS IoU = 0.6913
2025-02-15 15:49:39,035 - INFO - 最新模型已保存
2025-02-15 15:50:23,582 - INFO - Epoch 111: Train Loss = 0.4334, Val Loss = 0.4294, 
MIoU = 0.6656, FWIoU = 0.6880, Acc = 0.8151, 
TE IoU = 0.6871, NEC IoU = 0.6095, LYM IoU = 0.6722, TAS IoU = 0.6936
2025-02-15 15:50:23,892 - INFO - 最新模型已保存
2025-02-15 15:51:09,465 - INFO - Epoch 112: Train Loss = 0.4298, Val Loss = 0.4369, 
MIoU = 0.6585, FWIoU = 0.6819, Acc = 0.8105, 
TE IoU = 0.6725, NEC IoU = 0.5289, LYM IoU = 0.7421, TAS IoU = 0.6904
2025-02-15 15:51:09,770 - INFO - 最新模型已保存
2025-02-15 15:51:54,293 - INFO - Epoch 113: Train Loss = 0.4330, Val Loss = 0.4316, 
MIoU = 0.6675, FWIoU = 0.6770, Acc = 0.8076, 
TE IoU = 0.6652, NEC IoU = 0.5958, LYM IoU = 0.7220, TAS IoU = 0.6868
2025-02-15 15:51:54,589 - INFO - 最新模型已保存
2025-02-15 15:52:41,104 - INFO - Epoch 114: Train Loss = 0.4331, Val Loss = 0.4539, 
MIoU = 0.6671, FWIoU = 0.6666, Acc = 0.8016, 
TE IoU = 0.6370, NEC IoU = 0.6863, LYM IoU = 0.6480, TAS IoU = 0.6969
2025-02-15 15:52:41,411 - INFO - 最新模型已保存
2025-02-15 15:53:26,293 - INFO - Epoch 115: Train Loss = 0.4312, Val Loss = 0.4442, 
MIoU = 0.6141, FWIoU = 0.6798, Acc = 0.8107, 
TE IoU = 0.6673, NEC IoU = 0.3771, LYM IoU = 0.7117, TAS IoU = 0.7003
2025-02-15 15:53:26,604 - INFO - 最新模型已保存
2025-02-15 15:54:11,305 - INFO - Epoch 116: Train Loss = 0.4306, Val Loss = 0.4685, 
MIoU = 0.5785, FWIoU = 0.6556, Acc = 0.7924, 
TE IoU = 0.6568, NEC IoU = 0.3355, LYM IoU = 0.6550, TAS IoU = 0.6669
2025-02-15 15:54:11,607 - INFO - 最新模型已保存
2025-02-15 15:54:56,610 - INFO - Epoch 117: Train Loss = 0.4277, Val Loss = 0.4293, 
MIoU = 0.6463, FWIoU = 0.6879, Acc = 0.8148, 
TE IoU = 0.6944, NEC IoU = 0.5438, LYM IoU = 0.6566, TAS IoU = 0.6905
2025-02-15 15:54:56,903 - INFO - 最新模型已保存
2025-02-15 15:55:42,889 - INFO - Epoch 118: Train Loss = 0.4299, Val Loss = 0.4050, 
MIoU = 0.7044, FWIoU = 0.7042, Acc = 0.8265, 
TE IoU = 0.6988, NEC IoU = 0.7051, LYM IoU = 0.7042, TAS IoU = 0.7095
2025-02-15 15:55:43,201 - INFO - 最新模型已保存
2025-02-15 15:56:25,674 - INFO - Epoch 119: Train Loss = 0.4262, Val Loss = 0.4718, 
MIoU = 0.6157, FWIoU = 0.6717, Acc = 0.8023, 
TE IoU = 0.6579, NEC IoU = 0.4460, LYM IoU = 0.6642, TAS IoU = 0.6948
2025-02-15 15:56:25,977 - INFO - 最新模型已保存
2025-02-15 15:57:10,938 - INFO - Epoch 120: Train Loss = 0.4262, Val Loss = 0.4439, 
MIoU = 0.6082, FWIoU = 0.6725, Acc = 0.8046, 
TE IoU = 0.6784, NEC IoU = 0.3962, LYM IoU = 0.6821, TAS IoU = 0.6763
2025-02-15 15:57:11,238 - INFO - 最新模型已保存
2025-02-15 15:57:55,584 - INFO - Epoch 121: Train Loss = 0.4241, Val Loss = 0.4100, 
MIoU = 0.6213, FWIoU = 0.6986, Acc = 0.8228, 
TE IoU = 0.7060, NEC IoU = 0.3975, LYM IoU = 0.6762, TAS IoU = 0.7055
2025-02-15 15:57:55,922 - INFO - 最新模型已保存
2025-02-15 15:58:42,084 - INFO - Epoch 122: Train Loss = 0.4213, Val Loss = 0.4587, 
MIoU = 0.6615, FWIoU = 0.6655, Acc = 0.8008, 
TE IoU = 0.6373, NEC IoU = 0.6469, LYM IoU = 0.6680, TAS IoU = 0.6936
2025-02-15 15:58:42,383 - INFO - 最新模型已保存
2025-02-15 15:59:27,505 - INFO - Epoch 123: Train Loss = 0.4232, Val Loss = 0.4647, 
MIoU = 0.6687, FWIoU = 0.6694, Acc = 0.8027, 
TE IoU = 0.6862, NEC IoU = 0.6073, LYM IoU = 0.7330, TAS IoU = 0.6483
2025-02-15 15:59:27,797 - INFO - 最新模型已保存
2025-02-15 16:00:13,479 - INFO - Epoch 124: Train Loss = 0.4215, Val Loss = 0.4420, 
MIoU = 0.5455, FWIoU = 0.6847, Acc = 0.8142, 
TE IoU = 0.7096, NEC IoU = 0.0698, LYM IoU = 0.7228, TAS IoU = 0.6797
2025-02-15 16:00:13,784 - INFO - 最新模型已保存
2025-02-15 16:00:58,885 - INFO - Epoch 125: Train Loss = 0.4216, Val Loss = 0.4026, 
MIoU = 0.7120, FWIoU = 0.7072, Acc = 0.8286, 
TE IoU = 0.7004, NEC IoU = 0.7007, LYM IoU = 0.7357, TAS IoU = 0.7111
2025-02-15 16:00:59,179 - INFO - 最优模型已保存
2025-02-15 16:00:59,465 - INFO - 最新模型已保存
2025-02-15 16:01:46,186 - INFO - Epoch 126: Train Loss = 0.4212, Val Loss = 0.4474, 
MIoU = 0.6593, FWIoU = 0.6685, Acc = 0.8026, 
TE IoU = 0.6447, NEC IoU = 0.6268, LYM IoU = 0.6726, TAS IoU = 0.6931
2025-02-15 16:01:46,488 - INFO - 最新模型已保存
2025-02-15 16:02:32,946 - INFO - Epoch 127: Train Loss = 0.4193, Val Loss = 0.4148, 
MIoU = 0.6921, FWIoU = 0.6988, Acc = 0.8227, 
TE IoU = 0.6960, NEC IoU = 0.6420, LYM IoU = 0.7300, TAS IoU = 0.7003
2025-02-15 16:02:33,253 - INFO - 最新模型已保存
2025-02-15 16:03:19,157 - INFO - Epoch 128: Train Loss = 0.4178, Val Loss = 0.4276, 
MIoU = 0.6724, FWIoU = 0.6868, Acc = 0.8153, 
TE IoU = 0.6673, NEC IoU = 0.6172, LYM IoU = 0.6977, TAS IoU = 0.7075
2025-02-15 16:03:19,475 - INFO - 最新模型已保存
2025-02-15 16:04:03,481 - INFO - Epoch 129: Train Loss = 0.4177, Val Loss = 0.4360, 
MIoU = 0.6614, FWIoU = 0.6781, Acc = 0.8085, 
TE IoU = 0.6672, NEC IoU = 0.6167, LYM IoU = 0.6696, TAS IoU = 0.6921
2025-02-15 16:04:03,789 - INFO - 最新模型已保存
2025-02-15 16:04:49,731 - INFO - Epoch 130: Train Loss = 0.4169, Val Loss = 0.4253, 
MIoU = 0.6800, FWIoU = 0.6860, Acc = 0.8139, 
TE IoU = 0.6781, NEC IoU = 0.6401, LYM IoU = 0.7091, TAS IoU = 0.6929
2025-02-15 16:04:50,044 - INFO - 最新模型已保存
2025-02-15 16:05:34,788 - INFO - Epoch 131: Train Loss = 0.4166, Val Loss = 0.4103, 
MIoU = 0.6530, FWIoU = 0.6976, Acc = 0.8222, 
TE IoU = 0.7036, NEC IoU = 0.4764, LYM IoU = 0.7359, TAS IoU = 0.6961
2025-02-15 16:05:35,094 - INFO - 最新模型已保存
2025-02-15 16:06:18,414 - INFO - Epoch 132: Train Loss = 0.4141, Val Loss = 0.4349, 
MIoU = 0.6554, FWIoU = 0.6826, Acc = 0.8113, 
TE IoU = 0.6793, NEC IoU = 0.5795, LYM IoU = 0.6720, TAS IoU = 0.6910
2025-02-15 16:06:18,726 - INFO - 最新模型已保存
2025-02-15 16:07:03,834 - INFO - Epoch 133: Train Loss = 0.4153, Val Loss = 0.4153, 
MIoU = 0.6794, FWIoU = 0.6930, Acc = 0.8195, 
TE IoU = 0.6749, NEC IoU = 0.6258, LYM IoU = 0.7047, TAS IoU = 0.7122
2025-02-15 16:07:04,158 - INFO - 最新模型已保存
2025-02-15 16:07:50,179 - INFO - Epoch 134: Train Loss = 0.4144, Val Loss = 0.4599, 
MIoU = 0.6425, FWIoU = 0.6609, Acc = 0.7965, 
TE IoU = 0.6456, NEC IoU = 0.5621, LYM IoU = 0.6853, TAS IoU = 0.6770
2025-02-15 16:07:50,516 - INFO - 最新模型已保存
2025-02-15 16:08:35,958 - INFO - Epoch 135: Train Loss = 0.4149, Val Loss = 0.4002, 
MIoU = 0.6817, FWIoU = 0.7077, Acc = 0.8290, 
TE IoU = 0.7060, NEC IoU = 0.5853, LYM IoU = 0.7229, TAS IoU = 0.7124
2025-02-15 16:08:36,254 - INFO - 最新模型已保存
2025-02-15 16:09:21,103 - INFO - Epoch 136: Train Loss = 0.4141, Val Loss = 0.4211, 
MIoU = 0.6841, FWIoU = 0.6891, Acc = 0.8162, 
TE IoU = 0.6789, NEC IoU = 0.6645, LYM IoU = 0.6933, TAS IoU = 0.6996
2025-02-15 16:09:21,404 - INFO - 最新模型已保存
2025-02-15 16:10:06,161 - INFO - Epoch 137: Train Loss = 0.4128, Val Loss = 0.4015, 
MIoU = 0.6788, FWIoU = 0.7006, Acc = 0.8243, 
TE IoU = 0.6924, NEC IoU = 0.6039, LYM IoU = 0.7073, TAS IoU = 0.7117
2025-02-15 16:10:06,486 - INFO - 最新模型已保存
2025-02-15 16:10:52,668 - INFO - Epoch 138: Train Loss = 0.4120, Val Loss = 0.4068, 
MIoU = 0.6868, FWIoU = 0.6985, Acc = 0.8230, 
TE IoU = 0.6858, NEC IoU = 0.6373, LYM IoU = 0.7123, TAS IoU = 0.7118
2025-02-15 16:10:52,967 - INFO - 最新模型已保存
2025-02-15 16:11:37,513 - INFO - Epoch 139: Train Loss = 0.4112, Val Loss = 0.4062, 
MIoU = 0.6743, FWIoU = 0.7016, Acc = 0.8249, 
TE IoU = 0.6961, NEC IoU = 0.5788, LYM IoU = 0.7118, TAS IoU = 0.7107
2025-02-15 16:11:37,810 - INFO - 最新模型已保存
2025-02-15 16:12:20,593 - INFO - Epoch 140: Train Loss = 0.4092, Val Loss = 0.3977, 
MIoU = 0.6999, FWIoU = 0.7089, Acc = 0.8296, 
TE IoU = 0.7098, NEC IoU = 0.6777, LYM IoU = 0.7021, TAS IoU = 0.7099
2025-02-15 16:12:20,886 - INFO - 最新模型已保存
2025-02-15 16:13:04,991 - INFO - Epoch 141: Train Loss = 0.4098, Val Loss = 0.3961, 
MIoU = 0.6969, FWIoU = 0.7084, Acc = 0.8294, 
TE IoU = 0.7058, NEC IoU = 0.6519, LYM IoU = 0.7176, TAS IoU = 0.7122
2025-02-15 16:13:05,317 - INFO - 最新模型已保存
2025-02-15 16:13:51,274 - INFO - Epoch 142: Train Loss = 0.4108, Val Loss = 0.3995, 
MIoU = 0.7078, FWIoU = 0.7088, Acc = 0.8296, 
TE IoU = 0.7058, NEC IoU = 0.6945, LYM IoU = 0.7197, TAS IoU = 0.7110
2025-02-15 16:13:51,583 - INFO - 最新模型已保存
2025-02-15 16:14:37,254 - INFO - Epoch 143: Train Loss = 0.4103, Val Loss = 0.4126, 
MIoU = 0.6875, FWIoU = 0.6977, Acc = 0.8221, 
TE IoU = 0.6889, NEC IoU = 0.6609, LYM IoU = 0.6918, TAS IoU = 0.7085
2025-02-15 16:14:37,576 - INFO - 最新模型已保存
2025-02-15 16:15:23,889 - INFO - Epoch 144: Train Loss = 0.4076, Val Loss = 0.4148, 
MIoU = 0.6739, FWIoU = 0.6908, Acc = 0.8176, 
TE IoU = 0.6789, NEC IoU = 0.6154, LYM IoU = 0.6966, TAS IoU = 0.7048
2025-02-15 16:15:24,189 - INFO - 最新模型已保存
2025-02-15 16:16:09,022 - INFO - Epoch 145: Train Loss = 0.4070, Val Loss = 0.4097, 
MIoU = 0.6895, FWIoU = 0.6955, Acc = 0.8208, 
TE IoU = 0.6841, NEC IoU = 0.6593, LYM IoU = 0.7078, TAS IoU = 0.7068
2025-02-15 16:16:09,388 - INFO - 最新模型已保存
2025-02-15 16:16:53,167 - INFO - Epoch 146: Train Loss = 0.4063, Val Loss = 0.4092, 
MIoU = 0.6981, FWIoU = 0.6965, Acc = 0.8215, 
TE IoU = 0.6831, NEC IoU = 0.6888, LYM IoU = 0.7124, TAS IoU = 0.7081
2025-02-15 16:16:53,476 - INFO - 最新模型已保存
2025-02-15 16:17:38,684 - INFO - Epoch 147: Train Loss = 0.4068, Val Loss = 0.4100, 
MIoU = 0.6993, FWIoU = 0.6978, Acc = 0.8224, 
TE IoU = 0.6849, NEC IoU = 0.6940, LYM IoU = 0.7089, TAS IoU = 0.7094
2025-02-15 16:17:38,987 - INFO - 最新模型已保存
2025-02-15 16:18:23,713 - INFO - Epoch 148: Train Loss = 0.4059, Val Loss = 0.4086, 
MIoU = 0.6971, FWIoU = 0.6976, Acc = 0.8223, 
TE IoU = 0.6844, NEC IoU = 0.6923, LYM IoU = 0.7014, TAS IoU = 0.7104
2025-02-15 16:18:24,008 - INFO - 最新模型已保存
2025-02-15 16:19:09,140 - INFO - Epoch 149: Train Loss = 0.4046, Val Loss = 0.4182, 
MIoU = 0.6677, FWIoU = 0.6870, Acc = 0.8151, 
TE IoU = 0.6738, NEC IoU = 0.5988, LYM IoU = 0.6956, TAS IoU = 0.7024
2025-02-15 16:19:09,474 - INFO - 最新模型已保存
2025-02-15 16:19:54,796 - INFO - Epoch 150: Train Loss = 0.4037, Val Loss = 0.3997, 
MIoU = 0.7043, FWIoU = 0.7061, Acc = 0.8279, 
TE IoU = 0.6985, NEC IoU = 0.7029, LYM IoU = 0.7014, TAS IoU = 0.7143
2025-02-15 16:19:55,092 - INFO - 最新模型已保存
2025-02-15 16:19:58,468 - INFO - 最优模型测试结果: MIoU = 0.7027, FWIoU = 0.7071, Acc = 0.8283, TE IoU = 0.7409, NEC IoU = 0.6723, LYM IoU = 0.7299, TAS IoU = 0.6676
2025-02-15 16:20:01,843 - INFO - 最新模型测试结果: MIoU = 0.6956, FWIoU = 0.7022, Acc = 0.8245, TE IoU = 0.7452, NEC IoU = 0.6892, LYM IoU = 0.6863, TAS IoU = 0.6619

效果一般
learning_rate = 0.03