2025-03-05 23:18:19,630 - INFO - 训练开始
2025-03-05 23:18:19,630 - INFO - 训练参数: {'onss': False, 'Grad_CAM_pp': False, 'batch_size': 20, 'num_workers': 10, 'learning_rate': 0.005, 'num_epochs': 10, 'num_classes': 4, 'weight_decay': 0.0005, 'momentum': 0.9, 'log_dir': './runs', 'checkpoint': 'checkpoints/stage2'}
2025-03-05 23:20:37,031 - INFO - Epoch 1: Train Loss = 0.7954, Val Loss = 0.4697, 
MIoU = 0.6153, FWIoU = 0.6618, Acc = 0.7964, 
TE IoU = 0.6558, NEC IoU = 0.4569, LYM IoU = 0.6741, TAS IoU = 0.6743
2025-03-05 23:20:37,297 - INFO - 最优模型已保存
2025-03-05 23:20:37,623 - INFO - 最新模型已保存
2025-03-05 23:22:53,906 - INFO - Epoch 2: Train Loss = 0.6404, Val Loss = 0.4031, 
MIoU = 0.6627, FWIoU = 0.7122, Acc = 0.8314, 
TE IoU = 0.7244, NEC IoU = 0.5400, LYM IoU = 0.6752, TAS IoU = 0.7110
2025-03-05 23:22:54,270 - INFO - 最优模型已保存
2025-03-05 23:22:54,639 - INFO - 最新模型已保存
2025-03-05 23:25:12,344 - INFO - Epoch 3: Train Loss = 0.5962, Val Loss = 0.4048, 
MIoU = 0.6765, FWIoU = 0.7118, Acc = 0.8311, 
TE IoU = 0.7154, NEC IoU = 0.5643, LYM IoU = 0.7123, TAS IoU = 0.7140
2025-03-05 23:25:12,707 - INFO - 最优模型已保存
2025-03-05 23:25:13,051 - INFO - 最新模型已保存
2025-03-05 23:27:32,274 - INFO - Epoch 4: Train Loss = 0.5683, Val Loss = 0.4199, 
MIoU = 0.6886, FWIoU = 0.7031, Acc = 0.8261, 
TE IoU = 0.6880, NEC IoU = 0.6692, LYM IoU = 0.6749, TAS IoU = 0.7223
2025-03-05 23:27:32,654 - INFO - 最优模型已保存
2025-03-05 23:27:32,997 - INFO - 最新模型已保存
2025-03-05 23:29:52,190 - INFO - Epoch 5: Train Loss = 0.5515, Val Loss = 0.4164, 
MIoU = 0.7073, FWIoU = 0.7096, Acc = 0.8311, 
TE IoU = 0.6888, NEC IoU = 0.7018, LYM IoU = 0.7081, TAS IoU = 0.7305
2025-03-05 23:29:52,520 - INFO - 最优模型已保存
2025-03-05 23:29:52,915 - INFO - 最新模型已保存
2025-03-05 23:32:08,003 - INFO - Epoch 6: Train Loss = 0.5334, Val Loss = 0.3854, 
MIoU = 0.6946, FWIoU = 0.7248, Acc = 0.8402, 
TE IoU = 0.7274, NEC IoU = 0.6217, LYM IoU = 0.7005, TAS IoU = 0.7289
2025-03-05 23:32:08,336 - INFO - 最新模型已保存
2025-03-05 23:34:23,944 - INFO - Epoch 7: Train Loss = 0.5247, Val Loss = 0.3982, 
MIoU = 0.7173, FWIoU = 0.7206, Acc = 0.8379, 
TE IoU = 0.7070, NEC IoU = 0.7253, LYM IoU = 0.7013, TAS IoU = 0.7358
2025-03-05 23:34:24,293 - INFO - 最优模型已保存
2025-03-05 23:34:24,644 - INFO - 最新模型已保存
2025-03-05 23:36:41,887 - INFO - Epoch 8: Train Loss = 0.5132, Val Loss = 0.3837, 
MIoU = 0.7244, FWIoU = 0.7284, Acc = 0.8430, 
TE IoU = 0.7190, NEC IoU = 0.7324, LYM IoU = 0.7064, TAS IoU = 0.7398
2025-03-05 23:36:42,244 - INFO - 最优模型已保存
2025-03-05 23:36:42,656 - INFO - 最新模型已保存
2025-03-05 23:38:57,233 - INFO - Epoch 9: Train Loss = 0.5018, Val Loss = 0.3758, 
MIoU = 0.7285, FWIoU = 0.7349, Acc = 0.8472, 
TE IoU = 0.7296, NEC IoU = 0.7245, LYM IoU = 0.7175, TAS IoU = 0.7424
2025-03-05 23:38:57,593 - INFO - 最优模型已保存
2025-03-05 23:38:57,960 - INFO - 最新模型已保存
2025-03-05 23:41:14,606 - INFO - Epoch 10: Train Loss = 0.4970, Val Loss = 0.3924, 
MIoU = 0.7308, FWIoU = 0.7343, Acc = 0.8470, 
TE IoU = 0.7256, NEC IoU = 0.7355, LYM IoU = 0.7173, TAS IoU = 0.7448
2025-03-05 23:41:14,975 - INFO - 最优模型已保存
2025-03-05 23:41:15,299 - INFO - 最新模型已保存
2025-03-05 23:41:18,536 - INFO - 最优模型测试结果: MIoU = 0.7470, FWIoU = 0.7427, Acc = 0.8516, TE IoU = 0.7656, NEC IoU = 0.7867, LYM IoU = 0.7193, TAS IoU = 0.7164
2025-03-05 23:41:21,723 - INFO - 最新模型测试结果: MIoU = 0.7470, FWIoU = 0.7427, Acc = 0.8516, TE IoU = 0.7656, NEC IoU = 0.7867, LYM IoU = 0.7193, TAS IoU = 0.7164

Epoch = 10
arml 