2025-02-13 01:30:00,663 - INFO - 训练开始
2025-02-13 01:30:00,663 - INFO - 训练参数: {'batch_size': 128, 'num_workers': 10, 'learning_rate': 0.01, 'num_epochs': 120, 'num_classes': 4, 'weight_decay': 0.0001, 'momentum': 0.9, 'log_dir': './runs', 'checkpoint': 'checkpoints/stage2', 'save_best_model': False, 'save_latest_model': False}
2025-02-13 01:30:40,373 - INFO - Epoch 1: Train Loss = 0.6276, Val Loss = 0.5140, 
MIoU = 0.5373, FWIoU = 0.5866, Acc = 0.7403, 
TE IoU = 0.5785, NEC IoU = 0.3987, LYM IoU = 0.5682, TAS IoU = 0.6039
2025-02-13 01:30:40,712 - INFO - Epoch 1: 最优模型已保存
2025-02-13 01:30:41,047 - INFO - 最新模型已保存
2025-02-13 01:31:21,242 - INFO - Epoch 2: Train Loss = 0.5299, Val Loss = 0.4720, 
MIoU = 0.5618, FWIoU = 0.6010, Acc = 0.7511, 
TE IoU = 0.5914, NEC IoU = 0.4051, LYM IoU = 0.6369, TAS IoU = 0.6139
2025-02-13 01:31:21,552 - INFO - Epoch 2: 最优模型已保存
2025-02-13 01:31:21,849 - INFO - 最新模型已保存
2025-02-13 01:32:01,173 - INFO - Epoch 3: Train Loss = 0.5118, Val Loss = 0.4876, 
MIoU = 0.4916, FWIoU = 0.5962, Acc = 0.7484, 
TE IoU = 0.5953, NEC IoU = 0.1991, LYM IoU = 0.5552, TAS IoU = 0.6169
2025-02-13 01:32:01,538 - INFO - 最新模型已保存
2025-02-13 01:32:40,519 - INFO - Epoch 4: Train Loss = 0.4859, Val Loss = 0.4923, 
MIoU = 0.5142, FWIoU = 0.5834, Acc = 0.7418, 
TE IoU = 0.6358, NEC IoU = 0.3105, LYM IoU = 0.5658, TAS IoU = 0.5444
2025-02-13 01:32:40,825 - INFO - 最新模型已保存
2025-02-13 01:33:21,040 - INFO - Epoch 5: Train Loss = 0.4782, Val Loss = 0.4969, 
MIoU = 0.4527, FWIoU = 0.5843, Acc = 0.7404, 
TE IoU = 0.5887, NEC IoU = 0.2091, LYM IoU = 0.3978, TAS IoU = 0.6152
2025-02-13 01:33:21,366 - INFO - 最新模型已保存
2025-02-13 01:34:01,032 - INFO - Epoch 6: Train Loss = 0.4726, Val Loss = 0.4808, 
MIoU = 0.5265, FWIoU = 0.6037, Acc = 0.7543, 
TE IoU = 0.5907, NEC IoU = 0.2670, LYM IoU = 0.6205, TAS IoU = 0.6276
2025-02-13 01:34:01,370 - INFO - 最新模型已保存
2025-02-13 01:34:41,012 - INFO - Epoch 7: Train Loss = 0.4653, Val Loss = 0.4758, 
MIoU = 0.5783, FWIoU = 0.5975, Acc = 0.7498, 
TE IoU = 0.5687, NEC IoU = 0.4553, LYM IoU = 0.6655, TAS IoU = 0.6238
2025-02-13 01:34:41,309 - INFO - Epoch 7: 最优模型已保存
2025-02-13 01:34:41,610 - INFO - 最新模型已保存
2025-02-13 01:35:20,348 - INFO - Epoch 8: Train Loss = 0.4631, Val Loss = 0.4487, 
MIoU = 0.5870, FWIoU = 0.6282, Acc = 0.7722, 
TE IoU = 0.6191, NEC IoU = 0.4465, LYM IoU = 0.6393, TAS IoU = 0.6430
2025-02-13 01:35:20,656 - INFO - Epoch 8: 最优模型已保存
2025-02-13 01:35:20,939 - INFO - 最新模型已保存
2025-02-13 01:35:59,708 - INFO - Epoch 9: Train Loss = 0.4574, Val Loss = 0.4489, 
MIoU = 0.5853, FWIoU = 0.6307, Acc = 0.7762, 
TE IoU = 0.6652, NEC IoU = 0.3981, LYM IoU = 0.6772, TAS IoU = 0.6007
2025-02-13 01:35:59,999 - INFO - 最新模型已保存
2025-02-13 01:36:40,039 - INFO - Epoch 10: Train Loss = 0.4591, Val Loss = 0.4753, 
MIoU = 0.5205, FWIoU = 0.6073, Acc = 0.7575, 
TE IoU = 0.6023, NEC IoU = 0.3186, LYM IoU = 0.5290, TAS IoU = 0.6320
2025-02-13 01:36:40,330 - INFO - 最新模型已保存
2025-02-13 01:37:19,452 - INFO - Epoch 11: Train Loss = 0.4445, Val Loss = 0.4152, 
MIoU = 0.6222, FWIoU = 0.6603, Acc = 0.7955, 
TE IoU = 0.6654, NEC IoU = 0.4731, LYM IoU = 0.6914, TAS IoU = 0.6590
2025-02-13 01:37:19,743 - INFO - Epoch 11: 最优模型已保存
2025-02-13 01:37:20,036 - INFO - 最新模型已保存
2025-02-13 01:37:59,017 - INFO - Epoch 12: Train Loss = 0.4364, Val Loss = 0.4039, 
MIoU = 0.5946, FWIoU = 0.6708, Acc = 0.8048, 
TE IoU = 0.6999, NEC IoU = 0.3405, LYM IoU = 0.6843, TAS IoU = 0.6535
2025-02-13 01:37:59,311 - INFO - 最新模型已保存
2025-02-13 01:38:39,289 - INFO - Epoch 13: Train Loss = 0.4419, Val Loss = 0.4347, 
MIoU = 0.6274, FWIoU = 0.6470, Acc = 0.7869, 
TE IoU = 0.6250, NEC IoU = 0.5677, LYM IoU = 0.6448, TAS IoU = 0.6719
2025-02-13 01:38:39,639 - INFO - Epoch 13: 最优模型已保存
2025-02-13 01:38:39,951 - INFO - 最新模型已保存
2025-02-13 01:39:19,971 - INFO - Epoch 14: Train Loss = 0.4306, Val Loss = 0.4039, 
MIoU = 0.5767, FWIoU = 0.6807, Acc = 0.8109, 
TE IoU = 0.6949, NEC IoU = 0.2769, LYM IoU = 0.6493, TAS IoU = 0.6859
2025-02-13 01:39:20,285 - INFO - 最新模型已保存
2025-02-13 01:39:59,920 - INFO - Epoch 15: Train Loss = 0.4218, Val Loss = 0.4091, 
MIoU = 0.5633, FWIoU = 0.6701, Acc = 0.8043, 
TE IoU = 0.6974, NEC IoU = 0.2186, LYM IoU = 0.6771, TAS IoU = 0.6600
2025-02-13 01:40:00,212 - INFO - 最新模型已保存
2025-02-13 01:40:39,127 - INFO - Epoch 16: Train Loss = 0.4265, Val Loss = 0.4136, 
MIoU = 0.6002, FWIoU = 0.6715, Acc = 0.8049, 
TE IoU = 0.6601, NEC IoU = 0.3747, LYM IoU = 0.6717, TAS IoU = 0.6941
2025-02-13 01:40:39,419 - INFO - 最新模型已保存
2025-02-13 01:41:18,903 - INFO - Epoch 17: Train Loss = 0.4167, Val Loss = 0.4132, 
MIoU = 0.5761, FWIoU = 0.6744, Acc = 0.8065, 
TE IoU = 0.6912, NEC IoU = 0.3579, LYM IoU = 0.5740, TAS IoU = 0.6811
2025-02-13 01:41:19,221 - INFO - 最新模型已保存
2025-02-13 01:41:58,842 - INFO - Epoch 18: Train Loss = 0.4202, Val Loss = 0.4152, 
MIoU = 0.6342, FWIoU = 0.6629, Acc = 0.7974, 
TE IoU = 0.6590, NEC IoU = 0.5248, LYM IoU = 0.6833, TAS IoU = 0.6698
2025-02-13 01:41:59,134 - INFO - Epoch 18: 最优模型已保存
2025-02-13 01:41:59,423 - INFO - 最新模型已保存
2025-02-13 01:42:39,026 - INFO - Epoch 19: Train Loss = 0.4136, Val Loss = 0.4251, 
MIoU = 0.6103, FWIoU = 0.6510, Acc = 0.7903, 
TE IoU = 0.6277, NEC IoU = 0.4586, LYM IoU = 0.6764, TAS IoU = 0.6785
2025-02-13 01:42:39,376 - INFO - 最新模型已保存
2025-02-13 01:43:19,232 - INFO - Epoch 20: Train Loss = 0.4061, Val Loss = 0.3794, 
MIoU = 0.6567, FWIoU = 0.6920, Acc = 0.8187, 
TE IoU = 0.7136, NEC IoU = 0.5459, LYM IoU = 0.6908, TAS IoU = 0.6765
2025-02-13 01:43:19,562 - INFO - Epoch 20: 最优模型已保存
2025-02-13 01:43:19,944 - INFO - 最新模型已保存
2025-02-13 01:44:00,087 - INFO - Epoch 21: Train Loss = 0.4097, Val Loss = 0.3754, 
MIoU = 0.6395, FWIoU = 0.6999, Acc = 0.8236, 
TE IoU = 0.7058, NEC IoU = 0.4540, LYM IoU = 0.6940, TAS IoU = 0.7043
2025-02-13 01:44:00,409 - INFO - 最新模型已保存
2025-02-13 01:44:40,314 - INFO - Epoch 22: Train Loss = 0.4028, Val Loss = 0.3957, 
MIoU = 0.6463, FWIoU = 0.6776, Acc = 0.8081, 
TE IoU = 0.6838, NEC IoU = 0.5411, LYM IoU = 0.6841, TAS IoU = 0.6761
2025-02-13 01:44:40,611 - INFO - 最新模型已保存
2025-02-13 01:45:21,020 - INFO - Epoch 23: Train Loss = 0.4032, Val Loss = 0.3886, 
MIoU = 0.6530, FWIoU = 0.6812, Acc = 0.8105, 
TE IoU = 0.6804, NEC IoU = 0.5647, LYM IoU = 0.6803, TAS IoU = 0.6865
2025-02-13 01:45:21,314 - INFO - 最新模型已保存
2025-02-13 01:46:01,112 - INFO - Epoch 24: Train Loss = 0.3999, Val Loss = 0.3746, 
MIoU = 0.6509, FWIoU = 0.6964, Acc = 0.8212, 
TE IoU = 0.7026, NEC IoU = 0.5167, LYM IoU = 0.6857, TAS IoU = 0.6984
2025-02-13 01:46:01,441 - INFO - 最新模型已保存
2025-02-13 01:46:41,711 - INFO - Epoch 25: Train Loss = 0.3968, Val Loss = 0.3895, 
MIoU = 0.6329, FWIoU = 0.6858, Acc = 0.8141, 
TE IoU = 0.6982, NEC IoU = 0.4574, LYM IoU = 0.6946, TAS IoU = 0.6814
2025-02-13 01:46:42,005 - INFO - 最新模型已保存
2025-02-13 01:47:22,204 - INFO - Epoch 26: Train Loss = 0.3947, Val Loss = 0.3773, 
MIoU = 0.6667, FWIoU = 0.6931, Acc = 0.8185, 
TE IoU = 0.6961, NEC IoU = 0.5924, LYM IoU = 0.6834, TAS IoU = 0.6950
2025-02-13 01:47:22,526 - INFO - Epoch 26: 最优模型已保存
2025-02-13 01:47:22,826 - INFO - 最新模型已保存
2025-02-13 01:48:02,868 - INFO - Epoch 27: Train Loss = 0.4022, Val Loss = 0.4291, 
MIoU = 0.6301, FWIoU = 0.6430, Acc = 0.7829, 
TE IoU = 0.6386, NEC IoU = 0.5577, LYM IoU = 0.6773, TAS IoU = 0.6468
2025-02-13 01:48:03,157 - INFO - 最新模型已保存
2025-02-13 01:48:42,407 - INFO - Epoch 28: Train Loss = 0.3914, Val Loss = 0.3647, 
MIoU = 0.6857, FWIoU = 0.7022, Acc = 0.8251, 
TE IoU = 0.7029, NEC IoU = 0.6313, LYM IoU = 0.7047, TAS IoU = 0.7039
2025-02-13 01:48:42,715 - INFO - Epoch 28: 最优模型已保存
2025-02-13 01:48:42,999 - INFO - 最新模型已保存
2025-02-13 01:49:21,955 - INFO - Epoch 29: Train Loss = 0.3912, Val Loss = 0.3769, 
MIoU = 0.6683, FWIoU = 0.6932, Acc = 0.8187, 
TE IoU = 0.6953, NEC IoU = 0.5778, LYM IoU = 0.7058, TAS IoU = 0.6943
2025-02-13 01:49:22,247 - INFO - 最新模型已保存
2025-02-13 01:50:02,650 - INFO - Epoch 30: Train Loss = 0.3895, Val Loss = 0.3754, 
MIoU = 0.6762, FWIoU = 0.6926, Acc = 0.8186, 
TE IoU = 0.6861, NEC IoU = 0.6160, LYM IoU = 0.7016, TAS IoU = 0.7008
2025-02-13 01:50:02,938 - INFO - 最新模型已保存
2025-02-13 01:50:42,979 - INFO - Epoch 31: Train Loss = 0.3855, Val Loss = 0.3719, 
MIoU = 0.6676, FWIoU = 0.6955, Acc = 0.8205, 
TE IoU = 0.6942, NEC IoU = 0.5677, LYM IoU = 0.7080, TAS IoU = 0.7003
2025-02-13 01:50:43,315 - INFO - 最新模型已保存
2025-02-13 01:51:23,079 - INFO - Epoch 32: Train Loss = 0.3818, Val Loss = 0.3679, 
MIoU = 0.6726, FWIoU = 0.6998, Acc = 0.8236, 
TE IoU = 0.7123, NEC IoU = 0.5969, LYM IoU = 0.6883, TAS IoU = 0.6928
2025-02-13 01:51:23,403 - INFO - 最新模型已保存
2025-02-13 01:52:03,584 - INFO - Epoch 33: Train Loss = 0.3832, Val Loss = 0.3707, 
MIoU = 0.6872, FWIoU = 0.6975, Acc = 0.8219, 
TE IoU = 0.6954, NEC IoU = 0.6559, LYM IoU = 0.6962, TAS IoU = 0.7013
2025-02-13 01:52:03,879 - INFO - Epoch 33: 最优模型已保存
2025-02-13 01:52:04,167 - INFO - 最新模型已保存
2025-02-13 01:52:43,255 - INFO - Epoch 34: Train Loss = 0.3857, Val Loss = 0.3708, 
MIoU = 0.6859, FWIoU = 0.7021, Acc = 0.8251, 
TE IoU = 0.7096, NEC IoU = 0.6324, LYM IoU = 0.7045, TAS IoU = 0.6971
2025-02-13 01:52:43,576 - INFO - 最新模型已保存
2025-02-13 01:53:23,915 - INFO - Epoch 35: Train Loss = 0.3815, Val Loss = 0.3728, 
MIoU = 0.7002, FWIoU = 0.7007, Acc = 0.8241, 
TE IoU = 0.6965, NEC IoU = 0.6921, LYM IoU = 0.7081, TAS IoU = 0.7043
2025-02-13 01:53:24,228 - INFO - Epoch 35: 最优模型已保存
2025-02-13 01:53:24,517 - INFO - 最新模型已保存
2025-02-13 01:54:03,821 - INFO - Epoch 36: Train Loss = 0.3831, Val Loss = 0.3812, 
MIoU = 0.6922, FWIoU = 0.6915, Acc = 0.8179, 
TE IoU = 0.6816, NEC IoU = 0.6902, LYM IoU = 0.6962, TAS IoU = 0.7008
2025-02-13 01:54:04,113 - INFO - 最新模型已保存
2025-02-13 01:54:44,351 - INFO - Epoch 37: Train Loss = 0.3805, Val Loss = 0.4030, 
MIoU = 0.6640, FWIoU = 0.6699, Acc = 0.8030, 
TE IoU = 0.6509, NEC IoU = 0.6131, LYM IoU = 0.7049, TAS IoU = 0.6869
2025-02-13 01:54:44,641 - INFO - 最新模型已保存
2025-02-13 01:55:24,296 - INFO - Epoch 38: Train Loss = 0.3767, Val Loss = 0.4006, 
MIoU = 0.6560, FWIoU = 0.6691, Acc = 0.8028, 
TE IoU = 0.6494, NEC IoU = 0.6024, LYM IoU = 0.6826, TAS IoU = 0.6895
2025-02-13 01:55:24,588 - INFO - 最新模型已保存
2025-02-13 01:56:03,215 - INFO - Epoch 39: Train Loss = 0.3760, Val Loss = 0.3787, 
MIoU = 0.6859, FWIoU = 0.6917, Acc = 0.8180, 
TE IoU = 0.6840, NEC IoU = 0.6527, LYM IoU = 0.7081, TAS IoU = 0.6991
2025-02-13 01:56:03,505 - INFO - 最新模型已保存
2025-02-13 01:56:42,193 - INFO - Epoch 40: Train Loss = 0.3797, Val Loss = 0.3908, 
MIoU = 0.6594, FWIoU = 0.6817, Acc = 0.8110, 
TE IoU = 0.6797, NEC IoU = 0.5674, LYM IoU = 0.7048, TAS IoU = 0.6857
2025-02-13 01:56:42,482 - INFO - 最新模型已保存
2025-02-13 01:57:21,311 - INFO - Epoch 41: Train Loss = 0.3787, Val Loss = 0.3802, 
MIoU = 0.6763, FWIoU = 0.6906, Acc = 0.8176, 
TE IoU = 0.6768, NEC IoU = 0.6024, LYM IoU = 0.7218, TAS IoU = 0.7042
2025-02-13 01:57:21,597 - INFO - 最新模型已保存
2025-02-13 01:58:00,437 - INFO - Epoch 42: Train Loss = 0.3731, Val Loss = 0.3790, 
MIoU = 0.6740, FWIoU = 0.6935, Acc = 0.8193, 
TE IoU = 0.6884, NEC IoU = 0.6091, LYM IoU = 0.6971, TAS IoU = 0.7014
2025-02-13 01:58:00,729 - INFO - 最新模型已保存
2025-02-13 01:58:39,344 - INFO - Epoch 43: Train Loss = 0.3736, Val Loss = 0.3740, 
MIoU = 0.6943, FWIoU = 0.6901, Acc = 0.8171, 
TE IoU = 0.6775, NEC IoU = 0.6789, LYM IoU = 0.7211, TAS IoU = 0.6995
2025-02-13 01:58:39,647 - INFO - 最新模型已保存
2025-02-13 01:59:18,616 - INFO - Epoch 44: Train Loss = 0.3717, Val Loss = 0.3825, 
MIoU = 0.6870, FWIoU = 0.6883, Acc = 0.8160, 
TE IoU = 0.6709, NEC IoU = 0.6401, LYM IoU = 0.7351, TAS IoU = 0.7021
2025-02-13 01:59:18,958 - INFO - 最新模型已保存
2025-02-13 01:59:57,989 - INFO - Epoch 45: Train Loss = 0.3673, Val Loss = 0.3656, 
MIoU = 0.7012, FWIoU = 0.7013, Acc = 0.8245, 
TE IoU = 0.6944, NEC IoU = 0.6671, LYM IoU = 0.7378, TAS IoU = 0.7054
2025-02-13 01:59:58,282 - INFO - Epoch 45: 最优模型已保存
2025-02-13 01:59:58,567 - INFO - 最新模型已保存
2025-02-13 02:00:37,358 - INFO - Epoch 46: Train Loss = 0.3662, Val Loss = 0.3775, 
MIoU = 0.6930, FWIoU = 0.6926, Acc = 0.8187, 
TE IoU = 0.6815, NEC IoU = 0.6749, LYM IoU = 0.7136, TAS IoU = 0.7019
2025-02-13 02:00:37,651 - INFO - 最新模型已保存
2025-02-13 02:01:17,565 - INFO - Epoch 47: Train Loss = 0.3692, Val Loss = 0.3786, 
MIoU = 0.6720, FWIoU = 0.6889, Acc = 0.8160, 
TE IoU = 0.6835, NEC IoU = 0.6159, LYM IoU = 0.6919, TAS IoU = 0.6967
2025-02-13 02:01:17,876 - INFO - 最新模型已保存
2025-02-13 02:01:57,443 - INFO - Epoch 48: Train Loss = 0.3649, Val Loss = 0.3988, 
MIoU = 0.6641, FWIoU = 0.6726, Acc = 0.8045, 
TE IoU = 0.6652, NEC IoU = 0.6367, LYM IoU = 0.6734, TAS IoU = 0.6812
2025-02-13 02:01:57,742 - INFO - 最新模型已保存
2025-02-13 02:02:37,676 - INFO - Epoch 49: Train Loss = 0.3663, Val Loss = 0.3930, 
MIoU = 0.6768, FWIoU = 0.6838, Acc = 0.8131, 
TE IoU = 0.6631, NEC IoU = 0.6183, LYM IoU = 0.7233, TAS IoU = 0.7023
2025-02-13 02:02:37,975 - INFO - 最新模型已保存
2025-02-13 02:03:17,963 - INFO - Epoch 50: Train Loss = 0.3636, Val Loss = 0.3934, 
MIoU = 0.6682, FWIoU = 0.6794, Acc = 0.8092, 
TE IoU = 0.6773, NEC IoU = 0.6220, LYM IoU = 0.6911, TAS IoU = 0.6825
2025-02-13 02:03:18,265 - INFO - 最新模型已保存
2025-02-13 02:03:58,677 - INFO - Epoch 51: Train Loss = 0.3651, Val Loss = 0.3827, 
MIoU = 0.6792, FWIoU = 0.6838, Acc = 0.8124, 
TE IoU = 0.6769, NEC IoU = 0.6426, LYM IoU = 0.7078, TAS IoU = 0.6895
2025-02-13 02:03:58,989 - INFO - 最新模型已保存
2025-02-13 02:04:39,190 - INFO - Epoch 52: Train Loss = 0.3621, Val Loss = 0.3972, 
MIoU = 0.6551, FWIoU = 0.6757, Acc = 0.8072, 
TE IoU = 0.6622, NEC IoU = 0.5835, LYM IoU = 0.6827, TAS IoU = 0.6918
2025-02-13 02:04:39,488 - INFO - 最新模型已保存
2025-02-13 02:05:19,393 - INFO - Epoch 53: Train Loss = 0.3605, Val Loss = 0.3956, 
MIoU = 0.6768, FWIoU = 0.6725, Acc = 0.8043, 
TE IoU = 0.6646, NEC IoU = 0.6826, LYM IoU = 0.6809, TAS IoU = 0.6789
2025-02-13 02:05:19,690 - INFO - 最新模型已保存
2025-02-13 02:05:59,737 - INFO - Epoch 54: Train Loss = 0.3599, Val Loss = 0.3698, 
MIoU = 0.6916, FWIoU = 0.6956, Acc = 0.8209, 
TE IoU = 0.6838, NEC IoU = 0.6698, LYM IoU = 0.7056, TAS IoU = 0.7071
2025-02-13 02:06:00,050 - INFO - 最新模型已保存
2025-02-13 02:06:40,221 - INFO - Epoch 55: Train Loss = 0.3597, Val Loss = 0.3537, 
MIoU = 0.7127, FWIoU = 0.7067, Acc = 0.8282, 
TE IoU = 0.7051, NEC IoU = 0.7102, LYM IoU = 0.7298, TAS IoU = 0.7057
2025-02-13 02:06:40,514 - INFO - Epoch 55: 最优模型已保存
2025-02-13 02:06:40,801 - INFO - 最新模型已保存
2025-02-13 02:07:21,365 - INFO - Epoch 56: Train Loss = 0.3598, Val Loss = 0.3744, 
MIoU = 0.7078, FWIoU = 0.7042, Acc = 0.8266, 
TE IoU = 0.6949, NEC IoU = 0.6955, LYM IoU = 0.7300, TAS IoU = 0.7108
2025-02-13 02:07:21,665 - INFO - 最新模型已保存
2025-02-13 02:08:02,492 - INFO - Epoch 57: Train Loss = 0.3587, Val Loss = 0.3616, 
MIoU = 0.6917, FWIoU = 0.7034, Acc = 0.8261, 
TE IoU = 0.6966, NEC IoU = 0.6511, LYM IoU = 0.7078, TAS IoU = 0.7116
2025-02-13 02:08:02,798 - INFO - 最新模型已保存
2025-02-13 02:08:42,760 - INFO - Epoch 58: Train Loss = 0.3589, Val Loss = 0.3571, 
MIoU = 0.6833, FWIoU = 0.7046, Acc = 0.8268, 
TE IoU = 0.7064, NEC IoU = 0.6054, LYM IoU = 0.7159, TAS IoU = 0.7054
2025-02-13 02:08:43,077 - INFO - 最新模型已保存
2025-02-13 02:09:24,046 - INFO - Epoch 59: Train Loss = 0.3592, Val Loss = 0.4083, 
MIoU = 0.6562, FWIoU = 0.6771, Acc = 0.8091, 
TE IoU = 0.6532, NEC IoU = 0.5618, LYM IoU = 0.7079, TAS IoU = 0.7017
2025-02-13 02:09:24,344 - INFO - 最新模型已保存
2025-02-13 02:10:04,057 - INFO - Epoch 60: Train Loss = 0.3563, Val Loss = 0.3628, 
MIoU = 0.6879, FWIoU = 0.7029, Acc = 0.8256, 
TE IoU = 0.7021, NEC IoU = 0.6123, LYM IoU = 0.7332, TAS IoU = 0.7038
2025-02-13 02:10:04,360 - INFO - 最新模型已保存
2025-02-13 02:10:44,929 - INFO - Epoch 61: Train Loss = 0.3565, Val Loss = 0.3966, 
MIoU = 0.6728, FWIoU = 0.6717, Acc = 0.8048, 
TE IoU = 0.6475, NEC IoU = 0.6432, LYM IoU = 0.7078, TAS IoU = 0.6926
2025-02-13 02:10:45,242 - INFO - 最新模型已保存
2025-02-13 02:11:25,565 - INFO - Epoch 62: Train Loss = 0.3530, Val Loss = 0.3652, 
MIoU = 0.6855, FWIoU = 0.7026, Acc = 0.8254, 
TE IoU = 0.7040, NEC IoU = 0.6151, LYM IoU = 0.7204, TAS IoU = 0.7027
2025-02-13 02:11:25,881 - INFO - 最新模型已保存
2025-02-13 02:12:06,278 - INFO - Epoch 63: Train Loss = 0.3522, Val Loss = 0.3641, 
MIoU = 0.6766, FWIoU = 0.7008, Acc = 0.8242, 
TE IoU = 0.7015, NEC IoU = 0.5980, LYM IoU = 0.7030, TAS IoU = 0.7038
2025-02-13 02:12:06,655 - INFO - 最新模型已保存
2025-02-13 02:12:47,156 - INFO - Epoch 64: Train Loss = 0.3526, Val Loss = 0.3803, 
MIoU = 0.6890, FWIoU = 0.6835, Acc = 0.8126, 
TE IoU = 0.6656, NEC IoU = 0.6917, LYM IoU = 0.6998, TAS IoU = 0.6990
2025-02-13 02:12:47,463 - INFO - 最新模型已保存
2025-02-13 02:13:27,812 - INFO - Epoch 65: Train Loss = 0.3512, Val Loss = 0.3815, 
MIoU = 0.6989, FWIoU = 0.6913, Acc = 0.8182, 
TE IoU = 0.6729, NEC IoU = 0.7015, LYM IoU = 0.7150, TAS IoU = 0.7063
2025-02-13 02:13:28,113 - INFO - 最新模型已保存
2025-02-13 02:14:07,975 - INFO - Epoch 66: Train Loss = 0.3527, Val Loss = 0.3799, 
MIoU = 0.6918, FWIoU = 0.6917, Acc = 0.8185, 
TE IoU = 0.6737, NEC IoU = 0.6672, LYM IoU = 0.7189, TAS IoU = 0.7073
2025-02-13 02:14:08,271 - INFO - 最新模型已保存
2025-02-13 02:14:49,052 - INFO - Epoch 67: Train Loss = 0.3503, Val Loss = 0.3838, 
MIoU = 0.6956, FWIoU = 0.6846, Acc = 0.8136, 
TE IoU = 0.6624, NEC IoU = 0.6889, LYM IoU = 0.7299, TAS IoU = 0.7011
2025-02-13 02:14:49,350 - INFO - 最新模型已保存
2025-02-13 02:15:30,081 - INFO - Epoch 68: Train Loss = 0.3484, Val Loss = 0.3586, 
MIoU = 0.6968, FWIoU = 0.7055, Acc = 0.8276, 
TE IoU = 0.6956, NEC IoU = 0.6475, LYM IoU = 0.7292, TAS IoU = 0.7148
2025-02-13 02:15:30,390 - INFO - 最新模型已保存
2025-02-13 02:16:10,659 - INFO - Epoch 69: Train Loss = 0.3524, Val Loss = 0.3841, 
MIoU = 0.6915, FWIoU = 0.6868, Acc = 0.8148, 
TE IoU = 0.6713, NEC IoU = 0.6762, LYM IoU = 0.7199, TAS IoU = 0.6988
2025-02-13 02:16:10,960 - INFO - 最新模型已保存
2025-02-13 02:16:50,429 - INFO - Epoch 70: Train Loss = 0.3486, Val Loss = 0.3794, 
MIoU = 0.6770, FWIoU = 0.6920, Acc = 0.8186, 
TE IoU = 0.6770, NEC IoU = 0.6076, LYM IoU = 0.7160, TAS IoU = 0.7073
2025-02-13 02:16:50,728 - INFO - 最新模型已保存
2025-02-13 02:17:30,399 - INFO - Epoch 71: Train Loss = 0.3457, Val Loss = 0.3939, 
MIoU = 0.6675, FWIoU = 0.6769, Acc = 0.8086, 
TE IoU = 0.6541, NEC IoU = 0.6113, LYM IoU = 0.7060, TAS IoU = 0.6986
2025-02-13 02:17:30,698 - INFO - 最新模型已保存
2025-02-13 02:18:11,836 - INFO - Epoch 72: Train Loss = 0.3487, Val Loss = 0.3599, 
MIoU = 0.7133, FWIoU = 0.7029, Acc = 0.8255, 
TE IoU = 0.6972, NEC IoU = 0.7121, LYM IoU = 0.7398, TAS IoU = 0.7039
2025-02-13 02:18:12,142 - INFO - Epoch 72: 最优模型已保存
2025-02-13 02:18:12,432 - INFO - 最新模型已保存
2025-02-13 02:18:53,951 - INFO - Epoch 73: Train Loss = 0.3488, Val Loss = 0.3946, 
MIoU = 0.6654, FWIoU = 0.6720, Acc = 0.8040, 
TE IoU = 0.6677, NEC IoU = 0.6169, LYM IoU = 0.7021, TAS IoU = 0.6751
2025-02-13 02:18:54,299 - INFO - 最新模型已保存
2025-02-13 02:19:35,202 - INFO - Epoch 74: Train Loss = 0.3440, Val Loss = 0.3661, 
MIoU = 0.7020, FWIoU = 0.6978, Acc = 0.8221, 
TE IoU = 0.6891, NEC IoU = 0.6824, LYM IoU = 0.7337, TAS IoU = 0.7029
2025-02-13 02:19:35,504 - INFO - 最新模型已保存
2025-02-13 02:20:16,275 - INFO - Epoch 75: Train Loss = 0.3454, Val Loss = 0.3791, 
MIoU = 0.6959, FWIoU = 0.6902, Acc = 0.8175, 
TE IoU = 0.6699, NEC IoU = 0.6723, LYM IoU = 0.7355, TAS IoU = 0.7059
2025-02-13 02:20:16,583 - INFO - 最新模型已保存
2025-02-13 02:20:57,107 - INFO - Epoch 76: Train Loss = 0.3461, Val Loss = 0.3933, 
MIoU = 0.6676, FWIoU = 0.6807, Acc = 0.8109, 
TE IoU = 0.6616, NEC IoU = 0.5954, LYM IoU = 0.7143, TAS IoU = 0.6992
2025-02-13 02:20:57,408 - INFO - 最新模型已保存
2025-02-13 02:21:38,246 - INFO - Epoch 77: Train Loss = 0.3452, Val Loss = 0.3772, 
MIoU = 0.6937, FWIoU = 0.6834, Acc = 0.8125, 
TE IoU = 0.6659, NEC IoU = 0.6964, LYM IoU = 0.7159, TAS IoU = 0.6965
2025-02-13 02:21:38,544 - INFO - 最新模型已保存
2025-02-13 02:22:19,699 - INFO - Epoch 78: Train Loss = 0.3434, Val Loss = 0.3614, 
MIoU = 0.6989, FWIoU = 0.6998, Acc = 0.8236, 
TE IoU = 0.6910, NEC IoU = 0.6674, LYM IoU = 0.7307, TAS IoU = 0.7064
2025-02-13 02:22:19,996 - INFO - 最新模型已保存
2025-02-13 02:23:00,223 - INFO - Epoch 79: Train Loss = 0.3417, Val Loss = 0.3667, 
MIoU = 0.7054, FWIoU = 0.6966, Acc = 0.8214, 
TE IoU = 0.6845, NEC IoU = 0.7192, LYM IoU = 0.7122, TAS IoU = 0.7058
2025-02-13 02:23:00,526 - INFO - 最新模型已保存
2025-02-13 02:23:41,054 - INFO - Epoch 80: Train Loss = 0.3430, Val Loss = 0.4168, 
MIoU = 0.6764, FWIoU = 0.6575, Acc = 0.7958, 
TE IoU = 0.6201, NEC IoU = 0.7009, LYM IoU = 0.6966, TAS IoU = 0.6882
2025-02-13 02:23:41,353 - INFO - 最新模型已保存
2025-02-13 02:24:21,338 - INFO - Epoch 81: Train Loss = 0.3405, Val Loss = 0.3673, 
MIoU = 0.7153, FWIoU = 0.6947, Acc = 0.8205, 
TE IoU = 0.6748, NEC IoU = 0.7492, LYM IoU = 0.7289, TAS IoU = 0.7083
2025-02-13 02:24:21,647 - INFO - Epoch 81: 最优模型已保存
2025-02-13 02:24:21,943 - INFO - 最新模型已保存
2025-02-13 02:25:01,590 - INFO - Epoch 82: Train Loss = 0.3406, Val Loss = 0.3910, 
MIoU = 0.6879, FWIoU = 0.6755, Acc = 0.8075, 
TE IoU = 0.6494, NEC IoU = 0.6797, LYM IoU = 0.7273, TAS IoU = 0.6953
2025-02-13 02:25:01,901 - INFO - 最新模型已保存
2025-02-13 02:25:42,838 - INFO - Epoch 83: Train Loss = 0.3401, Val Loss = 0.3769, 
MIoU = 0.6900, FWIoU = 0.6870, Acc = 0.8149, 
TE IoU = 0.6734, NEC IoU = 0.6815, LYM IoU = 0.7065, TAS IoU = 0.6985
2025-02-13 02:25:43,139 - INFO - 最新模型已保存
2025-02-13 02:26:24,122 - INFO - Epoch 84: Train Loss = 0.3403, Val Loss = 0.3823, 
MIoU = 0.6800, FWIoU = 0.6804, Acc = 0.8106, 
TE IoU = 0.6609, NEC IoU = 0.6568, LYM IoU = 0.7045, TAS IoU = 0.6979
2025-02-13 02:26:24,427 - INFO - 最新模型已保存
2025-02-13 02:27:05,654 - INFO - Epoch 85: Train Loss = 0.3388, Val Loss = 0.3634, 
MIoU = 0.6991, FWIoU = 0.6981, Acc = 0.8224, 
TE IoU = 0.6883, NEC IoU = 0.6948, LYM IoU = 0.7062, TAS IoU = 0.7069
2025-02-13 02:27:05,980 - INFO - 最新模型已保存
2025-02-13 02:27:46,860 - INFO - Epoch 86: Train Loss = 0.3371, Val Loss = 0.3945, 
MIoU = 0.6885, FWIoU = 0.6741, Acc = 0.8065, 
TE IoU = 0.6482, NEC IoU = 0.7039, LYM IoU = 0.7071, TAS IoU = 0.6948
2025-02-13 02:27:47,159 - INFO - 最新模型已保存
2025-02-13 02:28:28,147 - INFO - Epoch 87: Train Loss = 0.3398, Val Loss = 0.3672, 
MIoU = 0.6984, FWIoU = 0.6945, Acc = 0.8199, 
TE IoU = 0.6844, NEC IoU = 0.6978, LYM IoU = 0.7088, TAS IoU = 0.7026
2025-02-13 02:28:28,446 - INFO - 最新模型已保存
2025-02-13 02:29:09,328 - INFO - Epoch 88: Train Loss = 0.3376, Val Loss = 0.3670, 
MIoU = 0.6929, FWIoU = 0.6934, Acc = 0.8192, 
TE IoU = 0.6838, NEC IoU = 0.6808, LYM IoU = 0.7049, TAS IoU = 0.7020
2025-02-13 02:29:09,724 - INFO - 最新模型已保存
2025-02-13 02:29:50,538 - INFO - Epoch 89: Train Loss = 0.3366, Val Loss = 0.3706, 
MIoU = 0.6913, FWIoU = 0.6932, Acc = 0.8191, 
TE IoU = 0.6842, NEC IoU = 0.6643, LYM IoU = 0.7161, TAS IoU = 0.7006
2025-02-13 02:29:50,871 - INFO - 最新模型已保存
2025-02-13 02:30:31,477 - INFO - Epoch 90: Train Loss = 0.3347, Val Loss = 0.3676, 
MIoU = 0.6853, FWIoU = 0.6964, Acc = 0.8211, 
TE IoU = 0.6933, NEC IoU = 0.6407, LYM IoU = 0.7068, TAS IoU = 0.7004
2025-02-13 02:30:31,779 - INFO - 最新模型已保存
2025-02-13 02:31:12,924 - INFO - Epoch 91: Train Loss = 0.3348, Val Loss = 0.3737, 
MIoU = 0.6935, FWIoU = 0.6907, Acc = 0.8176, 
TE IoU = 0.6765, NEC IoU = 0.6876, LYM IoU = 0.7070, TAS IoU = 0.7030
2025-02-13 02:31:13,225 - INFO - 最新模型已保存
2025-02-13 02:31:54,125 - INFO - Epoch 92: Train Loss = 0.3375, Val Loss = 0.3804, 
MIoU = 0.6847, FWIoU = 0.6844, Acc = 0.8133, 
TE IoU = 0.6680, NEC IoU = 0.6528, LYM IoU = 0.7200, TAS IoU = 0.6978
2025-02-13 02:31:54,430 - INFO - 最新模型已保存
2025-02-13 02:32:35,675 - INFO - Epoch 93: Train Loss = 0.3349, Val Loss = 0.3661, 
MIoU = 0.6941, FWIoU = 0.6958, Acc = 0.8208, 
TE IoU = 0.6862, NEC IoU = 0.6524, LYM IoU = 0.7353, TAS IoU = 0.7025
2025-02-13 02:32:35,973 - INFO - 最新模型已保存
2025-02-13 02:33:16,388 - INFO - Epoch 94: Train Loss = 0.3338, Val Loss = 0.3650, 
MIoU = 0.6990, FWIoU = 0.6999, Acc = 0.8236, 
TE IoU = 0.6920, NEC IoU = 0.6743, LYM IoU = 0.7237, TAS IoU = 0.7059
2025-02-13 02:33:16,728 - INFO - 最新模型已保存
2025-02-13 02:33:57,439 - INFO - Epoch 95: Train Loss = 0.3322, Val Loss = 0.3656, 
MIoU = 0.6930, FWIoU = 0.6990, Acc = 0.8231, 
TE IoU = 0.6900, NEC IoU = 0.6481, LYM IoU = 0.7271, TAS IoU = 0.7067
2025-02-13 02:33:57,788 - INFO - 最新模型已保存
2025-02-13 02:34:38,266 - INFO - Epoch 96: Train Loss = 0.3332, Val Loss = 0.3657, 
MIoU = 0.6971, FWIoU = 0.6981, Acc = 0.8225, 
TE IoU = 0.6881, NEC IoU = 0.6624, LYM IoU = 0.7324, TAS IoU = 0.7055
2025-02-13 02:34:38,605 - INFO - 最新模型已保存
2025-02-13 02:35:19,346 - INFO - Epoch 97: Train Loss = 0.3330, Val Loss = 0.3886, 
MIoU = 0.6818, FWIoU = 0.6733, Acc = 0.8058, 
TE IoU = 0.6495, NEC IoU = 0.6659, LYM IoU = 0.7199, TAS IoU = 0.6917
2025-02-13 02:35:19,660 - INFO - 最新模型已保存
2025-02-13 02:36:00,949 - INFO - Epoch 98: Train Loss = 0.3328, Val Loss = 0.3856, 
MIoU = 0.6998, FWIoU = 0.6833, Acc = 0.8131, 
TE IoU = 0.6567, NEC IoU = 0.7092, LYM IoU = 0.7300, TAS IoU = 0.7033
2025-02-13 02:36:01,243 - INFO - 最新模型已保存
2025-02-13 02:36:42,013 - INFO - Epoch 99: Train Loss = 0.3328, Val Loss = 0.3644, 
MIoU = 0.6972, FWIoU = 0.6983, Acc = 0.8226, 
TE IoU = 0.6874, NEC IoU = 0.6578, LYM IoU = 0.7376, TAS IoU = 0.7062
2025-02-13 02:36:42,323 - INFO - 最新模型已保存
2025-02-13 02:37:22,296 - INFO - Epoch 100: Train Loss = 0.3331, Val Loss = 0.3619, 
MIoU = 0.7081, FWIoU = 0.6977, Acc = 0.8221, 
TE IoU = 0.6902, NEC IoU = 0.7230, LYM IoU = 0.7173, TAS IoU = 0.7019
2025-02-13 02:37:22,591 - INFO - 最新模型已保存
2025-02-13 02:38:02,690 - INFO - Epoch 101: Train Loss = 0.3308, Val Loss = 0.3645, 
MIoU = 0.6958, FWIoU = 0.6973, Acc = 0.8217, 
TE IoU = 0.6951, NEC IoU = 0.6940, LYM IoU = 0.6943, TAS IoU = 0.6998
2025-02-13 02:38:02,994 - INFO - 最新模型已保存
2025-02-13 02:38:43,163 - INFO - Epoch 102: Train Loss = 0.3307, Val Loss = 0.3763, 
MIoU = 0.6866, FWIoU = 0.6871, Acc = 0.8151, 
TE IoU = 0.6706, NEC IoU = 0.6482, LYM IoU = 0.7275, TAS IoU = 0.7003
2025-02-13 02:38:43,462 - INFO - 最新模型已保存
2025-02-13 02:39:23,108 - INFO - Epoch 103: Train Loss = 0.3317, Val Loss = 0.3552, 
MIoU = 0.7057, FWIoU = 0.7056, Acc = 0.8275, 
TE IoU = 0.7045, NEC IoU = 0.6883, LYM IoU = 0.7248, TAS IoU = 0.7053
2025-02-13 02:39:23,404 - INFO - 最新模型已保存
2025-02-13 02:40:03,261 - INFO - Epoch 104: Train Loss = 0.3292, Val Loss = 0.3799, 
MIoU = 0.6879, FWIoU = 0.6861, Acc = 0.8145, 
TE IoU = 0.6685, NEC IoU = 0.6540, LYM IoU = 0.7291, TAS IoU = 0.7000
2025-02-13 02:40:03,555 - INFO - 最新模型已保存
2025-02-13 02:40:43,224 - INFO - Epoch 105: Train Loss = 0.3298, Val Loss = 0.3693, 
MIoU = 0.6926, FWIoU = 0.6913, Acc = 0.8178, 
TE IoU = 0.6798, NEC IoU = 0.6716, LYM IoU = 0.7185, TAS IoU = 0.7003
2025-02-13 02:40:43,528 - INFO - 最新模型已保存
2025-02-13 02:41:24,698 - INFO - Epoch 106: Train Loss = 0.3313, Val Loss = 0.3606, 
MIoU = 0.7044, FWIoU = 0.7029, Acc = 0.8257, 
TE IoU = 0.6950, NEC IoU = 0.6810, LYM IoU = 0.7336, TAS IoU = 0.7081
2025-02-13 02:41:24,998 - INFO - 最新模型已保存
2025-02-13 02:42:05,474 - INFO - Epoch 107: Train Loss = 0.3300, Val Loss = 0.3657, 
MIoU = 0.6995, FWIoU = 0.6986, Acc = 0.8228, 
TE IoU = 0.6881, NEC IoU = 0.6686, LYM IoU = 0.7356, TAS IoU = 0.7059
2025-02-13 02:42:05,790 - INFO - 最新模型已保存
2025-02-13 02:42:45,693 - INFO - Epoch 108: Train Loss = 0.3286, Val Loss = 0.3654, 
MIoU = 0.6989, FWIoU = 0.6977, Acc = 0.8222, 
TE IoU = 0.6844, NEC IoU = 0.6612, LYM IoU = 0.7431, TAS IoU = 0.7071
2025-02-13 02:42:45,991 - INFO - 最新模型已保存
2025-02-13 02:43:25,807 - INFO - Epoch 109: Train Loss = 0.3296, Val Loss = 0.3672, 
MIoU = 0.7020, FWIoU = 0.6951, Acc = 0.8205, 
TE IoU = 0.6824, NEC IoU = 0.6950, LYM IoU = 0.7265, TAS IoU = 0.7041
2025-02-13 02:43:26,184 - INFO - 最新模型已保存
2025-02-13 02:44:06,406 - INFO - Epoch 110: Train Loss = 0.3270, Val Loss = 0.3732, 
MIoU = 0.6963, FWIoU = 0.6898, Acc = 0.8170, 
TE IoU = 0.6742, NEC IoU = 0.6873, LYM IoU = 0.7219, TAS IoU = 0.7017
2025-02-13 02:44:06,704 - INFO - 最新模型已保存
2025-02-13 02:44:47,880 - INFO - Epoch 111: Train Loss = 0.3269, Val Loss = 0.3660, 
MIoU = 0.7007, FWIoU = 0.6974, Acc = 0.8220, 
TE IoU = 0.6880, NEC IoU = 0.6871, LYM IoU = 0.7238, TAS IoU = 0.7042
2025-02-13 02:44:48,184 - INFO - 最新模型已保存
2025-02-13 02:45:28,420 - INFO - Epoch 112: Train Loss = 0.3266, Val Loss = 0.3690, 
MIoU = 0.7073, FWIoU = 0.6954, Acc = 0.8206, 
TE IoU = 0.6815, NEC IoU = 0.7093, LYM IoU = 0.7342, TAS IoU = 0.7041
2025-02-13 02:45:28,748 - INFO - 最新模型已保存
2025-02-13 02:46:08,755 - INFO - Epoch 113: Train Loss = 0.3276, Val Loss = 0.3679, 
MIoU = 0.6989, FWIoU = 0.6941, Acc = 0.8198, 
TE IoU = 0.6806, NEC IoU = 0.6827, LYM IoU = 0.7284, TAS IoU = 0.7041
2025-02-13 02:46:09,049 - INFO - 最新模型已保存
2025-02-13 02:46:49,558 - INFO - Epoch 114: Train Loss = 0.3264, Val Loss = 0.3725, 
MIoU = 0.6983, FWIoU = 0.6919, Acc = 0.8183, 
TE IoU = 0.6762, NEC IoU = 0.6789, LYM IoU = 0.7352, TAS IoU = 0.7030
2025-02-13 02:46:49,870 - INFO - 最新模型已保存
2025-02-13 02:47:31,365 - INFO - Epoch 115: Train Loss = 0.3261, Val Loss = 0.3650, 
MIoU = 0.7018, FWIoU = 0.6991, Acc = 0.8232, 
TE IoU = 0.6873, NEC IoU = 0.6743, LYM IoU = 0.7383, TAS IoU = 0.7073
2025-02-13 02:47:31,668 - INFO - 最新模型已保存
2025-02-13 02:48:12,066 - INFO - Epoch 116: Train Loss = 0.3268, Val Loss = 0.3686, 
MIoU = 0.6996, FWIoU = 0.6948, Acc = 0.8203, 
TE IoU = 0.6801, NEC IoU = 0.6751, LYM IoU = 0.7379, TAS IoU = 0.7052
2025-02-13 02:48:12,426 - INFO - 最新模型已保存
2025-02-13 02:48:53,474 - INFO - Epoch 117: Train Loss = 0.3261, Val Loss = 0.3653, 
MIoU = 0.7022, FWIoU = 0.6977, Acc = 0.8222, 
TE IoU = 0.6853, NEC IoU = 0.6805, LYM IoU = 0.7367, TAS IoU = 0.7062
2025-02-13 02:48:53,772 - INFO - 最新模型已保存
2025-02-13 02:49:35,194 - INFO - Epoch 118: Train Loss = 0.3261, Val Loss = 0.3751, 
MIoU = 0.6964, FWIoU = 0.6882, Acc = 0.8159, 
TE IoU = 0.6705, NEC IoU = 0.6824, LYM IoU = 0.7319, TAS IoU = 0.7009
2025-02-13 02:49:35,505 - INFO - 最新模型已保存
2025-02-13 02:50:16,560 - INFO - Epoch 119: Train Loss = 0.3271, Val Loss = 0.3671, 
MIoU = 0.7030, FWIoU = 0.6949, Acc = 0.8204, 
TE IoU = 0.6802, NEC IoU = 0.6931, LYM IoU = 0.7336, TAS IoU = 0.7052
2025-02-13 02:50:16,856 - INFO - 最新模型已保存
2025-02-13 02:50:57,789 - INFO - Epoch 120: Train Loss = 0.3254, Val Loss = 0.3700, 
MIoU = 0.7002, FWIoU = 0.6929, Acc = 0.8191, 
TE IoU = 0.6778, NEC IoU = 0.6904, LYM IoU = 0.7288, TAS IoU = 0.7039
2025-02-13 02:50:58,087 - INFO - 最新模型已保存
2025-02-13 02:51:02,313 - INFO - 最优模型测试结果: MIoU = 0.7207, FWIoU = 0.7174, Acc = 0.8346, TE IoU = 0.7433, NEC IoU = 0.7409, LYM IoU = 0.7139, TAS IoU = 0.6846
2025-02-13 02:51:06,453 - INFO - 最新模型测试结果: MIoU = 0.7082, FWIoU = 0.7099, Acc = 0.8298, TE IoU = 0.7382, NEC IoU = 0.7055, LYM IoU = 0.7106, TAS IoU = 0.6785
