2025-02-13 20:18:07,431 - INFO - 训练开始
2025-02-13 20:18:07,431 - INFO - 训练参数: {'onss': True, 'Grad_CAM_pp': False, 'batch_size': 64, 'num_workers': 10, 'learning_rate': 0.005, 'num_epochs': 120, 'num_classes': 4, 'weight_decay': 0.0001, 'momentum': 0.9, 'log_dir': './runs', 'checkpoint': 'checkpoints/stage2', 'save_best_model': False, 'save_latest_model': False}
2025-02-13 20:18:44,904 - INFO - Epoch 1: Train Loss = 0.1382, Val Loss = 0.0754, 
MIoU = 0.3246, FWIoU = 0.5174, Acc = 0.6862, 
TE IoU = 0.6166, NEC IoU = 0.1393, LYM IoU = 0.0569, TAS IoU = 0.4854
2025-02-13 20:18:45,172 - INFO - Epoch 1: 最优模型已保存
2025-02-13 20:18:45,432 - INFO - 最新模型已保存
2025-02-13 20:19:22,797 - INFO - Epoch 2: Train Loss = 0.0640, Val Loss = 0.0433, 
MIoU = 0.5631, FWIoU = 0.6142, Acc = 0.7611, 
TE IoU = 0.6184, NEC IoU = 0.3674, LYM IoU = 0.6511, TAS IoU = 0.6156
2025-02-13 20:19:23,096 - INFO - Epoch 2: 最优模型已保存
2025-02-13 20:19:23,385 - INFO - 最新模型已保存
2025-02-13 20:20:00,588 - INFO - Epoch 3: Train Loss = 0.0526, Val Loss = 0.0432, 
MIoU = 0.5168, FWIoU = 0.5898, Acc = 0.7446, 
TE IoU = 0.6337, NEC IoU = 0.3311, LYM IoU = 0.5401, TAS IoU = 0.5621
2025-02-13 20:20:00,941 - INFO - 最新模型已保存
2025-02-13 20:20:38,529 - INFO - Epoch 4: Train Loss = 0.0466, Val Loss = 0.0345, 
MIoU = 0.5351, FWIoU = 0.6063, Acc = 0.7570, 
TE IoU = 0.6368, NEC IoU = 0.2443, LYM IoU = 0.6766, TAS IoU = 0.5825
2025-02-13 20:20:38,871 - INFO - 最新模型已保存
2025-02-13 20:21:15,977 - INFO - Epoch 5: Train Loss = 0.0433, Val Loss = 0.0381, 
MIoU = 0.5433, FWIoU = 0.6057, Acc = 0.7548, 
TE IoU = 0.6317, NEC IoU = 0.3027, LYM IoU = 0.6520, TAS IoU = 0.5869
2025-02-13 20:21:16,283 - INFO - 最新模型已保存
2025-02-13 20:21:53,796 - INFO - Epoch 6: Train Loss = 0.0396, Val Loss = 0.0346, 
MIoU = 0.5570, FWIoU = 0.6105, Acc = 0.7587, 
TE IoU = 0.6351, NEC IoU = 0.3131, LYM IoU = 0.6907, TAS IoU = 0.5890
2025-02-13 20:21:54,095 - INFO - 最新模型已保存
2025-02-13 20:22:31,485 - INFO - Epoch 7: Train Loss = 0.0384, Val Loss = 0.0327, 
MIoU = 0.5612, FWIoU = 0.6119, Acc = 0.7588, 
TE IoU = 0.6321, NEC IoU = 0.3281, LYM IoU = 0.6901, TAS IoU = 0.5944
2025-02-13 20:22:31,805 - INFO - 最新模型已保存
2025-02-13 20:23:10,748 - INFO - Epoch 8: Train Loss = 0.0364, Val Loss = 0.0347, 
MIoU = 0.5546, FWIoU = 0.6080, Acc = 0.7563, 
TE IoU = 0.6339, NEC IoU = 0.3557, LYM IoU = 0.6402, TAS IoU = 0.5887
2025-02-13 20:23:11,048 - INFO - 最新模型已保存
2025-02-13 20:23:47,690 - INFO - Epoch 9: Train Loss = 0.0344, Val Loss = 0.0284, 
MIoU = 0.5782, FWIoU = 0.6275, Acc = 0.7716, 
TE IoU = 0.6341, NEC IoU = 0.3618, LYM IoU = 0.6929, TAS IoU = 0.6241
2025-02-13 20:23:47,983 - INFO - Epoch 9: 最优模型已保存
2025-02-13 20:23:48,281 - INFO - 最新模型已保存
2025-02-13 20:24:24,376 - INFO - Epoch 10: Train Loss = 0.0351, Val Loss = 0.0294, 
MIoU = 0.5712, FWIoU = 0.6131, Acc = 0.7600, 
TE IoU = 0.6154, NEC IoU = 0.3741, LYM IoU = 0.6832, TAS IoU = 0.6123
2025-02-13 20:24:24,676 - INFO - 最新模型已保存
2025-02-13 20:25:01,490 - INFO - Epoch 11: Train Loss = 0.0336, Val Loss = 0.0293, 
MIoU = 0.5727, FWIoU = 0.6120, Acc = 0.7594, 
TE IoU = 0.6076, NEC IoU = 0.3867, LYM IoU = 0.6788, TAS IoU = 0.6177
2025-02-13 20:25:01,843 - INFO - 最新模型已保存
2025-02-13 20:25:39,511 - INFO - Epoch 12: Train Loss = 0.0330, Val Loss = 0.0261, 
MIoU = 0.5374, FWIoU = 0.6211, Acc = 0.7672, 
TE IoU = 0.6303, NEC IoU = 0.2148, LYM IoU = 0.6836, TAS IoU = 0.6208
2025-02-13 20:25:39,809 - INFO - 最新模型已保存
2025-02-13 20:26:17,670 - INFO - Epoch 13: Train Loss = 0.0330, Val Loss = 0.0308, 
MIoU = 0.5676, FWIoU = 0.6087, Acc = 0.7571, 
TE IoU = 0.5969, NEC IoU = 0.3793, LYM IoU = 0.6721, TAS IoU = 0.6221
2025-02-13 20:26:17,979 - INFO - 最新模型已保存
2025-02-13 20:26:53,993 - INFO - Epoch 14: Train Loss = 0.0330, Val Loss = 0.0289, 
MIoU = 0.5666, FWIoU = 0.6149, Acc = 0.7614, 
TE IoU = 0.6053, NEC IoU = 0.3494, LYM IoU = 0.6848, TAS IoU = 0.6270
2025-02-13 20:26:54,337 - INFO - 最新模型已保存
2025-02-13 20:27:32,067 - INFO - Epoch 15: Train Loss = 0.0330, Val Loss = 0.0310, 
MIoU = 0.5404, FWIoU = 0.6100, Acc = 0.7583, 
TE IoU = 0.6092, NEC IoU = 0.3515, LYM IoU = 0.5765, TAS IoU = 0.6245
2025-02-13 20:27:32,379 - INFO - 最新模型已保存
2025-02-13 20:28:09,225 - INFO - Epoch 16: Train Loss = 0.0318, Val Loss = 0.0280, 
MIoU = 0.5670, FWIoU = 0.6224, Acc = 0.7673, 
TE IoU = 0.6236, NEC IoU = 0.3348, LYM IoU = 0.6841, TAS IoU = 0.6255
2025-02-13 20:28:09,525 - INFO - 最新模型已保存
2025-02-13 20:28:47,761 - INFO - Epoch 17: Train Loss = 0.0315, Val Loss = 0.0271, 
MIoU = 0.5110, FWIoU = 0.5949, Acc = 0.7495, 
TE IoU = 0.5623, NEC IoU = 0.1795, LYM IoU = 0.6673, TAS IoU = 0.6349
2025-02-13 20:28:48,061 - INFO - 最新模型已保存
2025-02-13 20:29:24,449 - INFO - Epoch 18: Train Loss = 0.0309, Val Loss = 0.0313, 
MIoU = 0.5769, FWIoU = 0.6193, Acc = 0.7639, 
TE IoU = 0.6153, NEC IoU = 0.3792, LYM IoU = 0.6882, TAS IoU = 0.6250
2025-02-13 20:29:24,740 - INFO - 最新模型已保存
2025-02-13 20:30:01,242 - INFO - Epoch 19: Train Loss = 0.0316, Val Loss = 0.0306, 
MIoU = 0.5797, FWIoU = 0.6200, Acc = 0.7658, 
TE IoU = 0.6053, NEC IoU = 0.4159, LYM IoU = 0.6596, TAS IoU = 0.6379
2025-02-13 20:30:01,539 - INFO - Epoch 19: 最优模型已保存
2025-02-13 20:30:01,829 - INFO - 最新模型已保存
2025-02-13 20:30:39,580 - INFO - Epoch 20: Train Loss = 0.0316, Val Loss = 0.0258, 
MIoU = 0.5534, FWIoU = 0.6294, Acc = 0.7733, 
TE IoU = 0.6287, NEC IoU = 0.2754, LYM IoU = 0.6704, TAS IoU = 0.6392
2025-02-13 20:30:39,890 - INFO - 最新模型已保存
2025-02-13 20:31:17,192 - INFO - Epoch 21: Train Loss = 0.0310, Val Loss = 0.0304, 
MIoU = 0.5771, FWIoU = 0.6181, Acc = 0.7645, 
TE IoU = 0.5981, NEC IoU = 0.3938, LYM IoU = 0.6763, TAS IoU = 0.6401
2025-02-13 20:31:17,500 - INFO - 最新模型已保存
2025-02-13 20:31:55,432 - INFO - Epoch 22: Train Loss = 0.0312, Val Loss = 0.0302, 
MIoU = 0.5230, FWIoU = 0.6276, Acc = 0.7721, 
TE IoU = 0.6305, NEC IoU = 0.1700, LYM IoU = 0.6519, TAS IoU = 0.6397
2025-02-13 20:31:55,726 - INFO - 最新模型已保存
2025-02-13 20:32:32,492 - INFO - Epoch 23: Train Loss = 0.0303, Val Loss = 0.0354, 
MIoU = 0.5635, FWIoU = 0.6179, Acc = 0.7620, 
TE IoU = 0.6086, NEC IoU = 0.3251, LYM IoU = 0.6901, TAS IoU = 0.6304
2025-02-13 20:32:32,792 - INFO - 最新模型已保存
2025-02-13 20:33:09,315 - INFO - Epoch 24: Train Loss = 0.0308, Val Loss = 0.0292, 
MIoU = 0.5773, FWIoU = 0.6202, Acc = 0.7665, 
TE IoU = 0.5993, NEC IoU = 0.3813, LYM IoU = 0.6859, TAS IoU = 0.6426
2025-02-13 20:33:09,606 - INFO - 最新模型已保存
2025-02-13 20:33:46,347 - INFO - Epoch 25: Train Loss = 0.0311, Val Loss = 0.0296, 
MIoU = 0.5808, FWIoU = 0.6281, Acc = 0.7719, 
TE IoU = 0.6122, NEC IoU = 0.3753, LYM IoU = 0.6891, TAS IoU = 0.6468
2025-02-13 20:33:46,641 - INFO - Epoch 25: 最优模型已保存
2025-02-13 20:33:46,931 - INFO - 最新模型已保存
2025-02-13 20:34:24,677 - INFO - Epoch 26: Train Loss = 0.0308, Val Loss = 0.0304, 
MIoU = 0.5719, FWIoU = 0.6170, Acc = 0.7652, 
TE IoU = 0.5857, NEC IoU = 0.3647, LYM IoU = 0.6876, TAS IoU = 0.6497
2025-02-13 20:34:24,975 - INFO - 最新模型已保存
2025-02-13 20:35:03,222 - INFO - Epoch 27: Train Loss = 0.0310, Val Loss = 0.0264, 
MIoU = 0.5968, FWIoU = 0.6464, Acc = 0.7856, 
TE IoU = 0.6535, NEC IoU = 0.3916, LYM IoU = 0.6988, TAS IoU = 0.6434
2025-02-13 20:35:03,551 - INFO - Epoch 27: 最优模型已保存
2025-02-13 20:35:03,858 - INFO - 最新模型已保存
2025-02-13 20:35:41,472 - INFO - Epoch 28: Train Loss = 0.0309, Val Loss = 0.0288, 
MIoU = 0.5916, FWIoU = 0.6288, Acc = 0.7738, 
TE IoU = 0.6037, NEC IoU = 0.4488, LYM IoU = 0.6565, TAS IoU = 0.6573
2025-02-13 20:35:41,781 - INFO - 最新模型已保存
2025-02-13 20:36:18,878 - INFO - Epoch 29: Train Loss = 0.0314, Val Loss = 0.0270, 
MIoU = 0.5919, FWIoU = 0.6342, Acc = 0.7773, 
TE IoU = 0.6152, NEC IoU = 0.4151, LYM IoU = 0.6814, TAS IoU = 0.6560
2025-02-13 20:36:19,199 - INFO - 最新模型已保存
2025-02-13 20:36:57,054 - INFO - Epoch 30: Train Loss = 0.0312, Val Loss = 0.0324, 
MIoU = 0.5732, FWIoU = 0.6260, Acc = 0.7689, 
TE IoU = 0.6169, NEC IoU = 0.3554, LYM IoU = 0.6812, TAS IoU = 0.6393
2025-02-13 20:36:57,351 - INFO - 最新模型已保存
2025-02-13 20:37:35,787 - INFO - Epoch 31: Train Loss = 0.0314, Val Loss = 0.0281, 
MIoU = 0.6031, FWIoU = 0.6395, Acc = 0.7801, 
TE IoU = 0.6401, NEC IoU = 0.4441, LYM IoU = 0.6869, TAS IoU = 0.6413
2025-02-13 20:37:36,124 - INFO - Epoch 31: 最优模型已保存
2025-02-13 20:37:36,453 - INFO - 最新模型已保存
2025-02-13 20:38:14,191 - INFO - Epoch 32: Train Loss = 0.0311, Val Loss = 0.0318, 
MIoU = 0.6102, FWIoU = 0.6390, Acc = 0.7802, 
TE IoU = 0.6292, NEC IoU = 0.5007, LYM IoU = 0.6592, TAS IoU = 0.6517
2025-02-13 20:38:14,503 - INFO - Epoch 32: 最优模型已保存
2025-02-13 20:38:14,790 - INFO - 最新模型已保存
2025-02-13 20:38:52,071 - INFO - Epoch 33: Train Loss = 0.0319, Val Loss = 0.0272, 
MIoU = 0.5888, FWIoU = 0.6334, Acc = 0.7767, 
TE IoU = 0.6113, NEC IoU = 0.4166, LYM IoU = 0.6677, TAS IoU = 0.6598
2025-02-13 20:38:52,371 - INFO - 最新模型已保存
2025-02-13 20:39:28,898 - INFO - Epoch 34: Train Loss = 0.0318, Val Loss = 0.0264, 
MIoU = 0.5931, FWIoU = 0.6561, Acc = 0.7932, 
TE IoU = 0.6489, NEC IoU = 0.3659, LYM IoU = 0.6866, TAS IoU = 0.6711
2025-02-13 20:39:29,194 - INFO - 最新模型已保存
2025-02-13 20:40:07,526 - INFO - Epoch 35: Train Loss = 0.0328, Val Loss = 0.0260, 
MIoU = 0.5708, FWIoU = 0.6687, Acc = 0.8008, 
TE IoU = 0.6812, NEC IoU = 0.2499, LYM IoU = 0.6809, TAS IoU = 0.6713
2025-02-13 20:40:07,840 - INFO - 最新模型已保存
2025-02-13 20:40:45,450 - INFO - Epoch 36: Train Loss = 0.0332, Val Loss = 0.0244, 
MIoU = 0.5927, FWIoU = 0.6717, Acc = 0.8032, 
TE IoU = 0.6835, NEC IoU = 0.3292, LYM IoU = 0.6864, TAS IoU = 0.6718
2025-02-13 20:40:45,751 - INFO - 最新模型已保存
2025-02-13 20:41:23,451 - INFO - Epoch 37: Train Loss = 0.0337, Val Loss = 0.0252, 
MIoU = 0.6052, FWIoU = 0.6709, Acc = 0.8018, 
TE IoU = 0.6777, NEC IoU = 0.3821, LYM IoU = 0.6875, TAS IoU = 0.6734
2025-02-13 20:41:23,764 - INFO - 最新模型已保存
2025-02-13 20:42:02,366 - INFO - Epoch 38: Train Loss = 0.0339, Val Loss = 0.0294, 
MIoU = 0.5957, FWIoU = 0.6493, Acc = 0.7875, 
TE IoU = 0.6376, NEC IoU = 0.4060, LYM IoU = 0.6714, TAS IoU = 0.6677
2025-02-13 20:42:02,757 - INFO - 最新模型已保存
2025-02-13 20:42:41,953 - INFO - Epoch 39: Train Loss = 0.0339, Val Loss = 0.0250, 
MIoU = 0.5905, FWIoU = 0.6815, Acc = 0.8101, 
TE IoU = 0.6952, NEC IoU = 0.3142, LYM IoU = 0.6691, TAS IoU = 0.6836
2025-02-13 20:42:42,255 - INFO - 最新模型已保存
2025-02-13 20:43:19,994 - INFO - Epoch 40: Train Loss = 0.0345, Val Loss = 0.0249, 
MIoU = 0.6063, FWIoU = 0.6642, Acc = 0.7987, 
TE IoU = 0.6586, NEC IoU = 0.4492, LYM IoU = 0.6362, TAS IoU = 0.6812
2025-02-13 20:43:20,290 - INFO - 最新模型已保存
2025-02-13 20:43:58,303 - INFO - Epoch 41: Train Loss = 0.0335, Val Loss = 0.0242, 
MIoU = 0.6404, FWIoU = 0.6897, Acc = 0.8162, 
TE IoU = 0.6954, NEC IoU = 0.4922, LYM IoU = 0.6812, TAS IoU = 0.6926
2025-02-13 20:43:58,660 - INFO - Epoch 41: 最优模型已保存
2025-02-13 20:43:58,999 - INFO - 最新模型已保存
2025-02-13 20:44:36,986 - INFO - Epoch 42: Train Loss = 0.0341, Val Loss = 0.0263, 
MIoU = 0.5722, FWIoU = 0.6579, Acc = 0.7952, 
TE IoU = 0.6678, NEC IoU = 0.4895, LYM IoU = 0.4543, TAS IoU = 0.6773
2025-02-13 20:44:37,288 - INFO - 最新模型已保存
2025-02-13 20:45:14,514 - INFO - Epoch 43: Train Loss = 0.0335, Val Loss = 0.0232, 
MIoU = 0.6074, FWIoU = 0.6888, Acc = 0.8160, 
TE IoU = 0.6981, NEC IoU = 0.3675, LYM IoU = 0.6701, TAS IoU = 0.6941
2025-02-13 20:45:14,821 - INFO - 最新模型已保存
2025-02-13 20:45:53,771 - INFO - Epoch 44: Train Loss = 0.0331, Val Loss = 0.0223, 
MIoU = 0.5895, FWIoU = 0.6768, Acc = 0.8082, 
TE IoU = 0.6754, NEC IoU = 0.3240, LYM IoU = 0.6658, TAS IoU = 0.6931
2025-02-13 20:45:54,099 - INFO - 最新模型已保存
2025-02-13 20:46:31,177 - INFO - Epoch 45: Train Loss = 0.0333, Val Loss = 0.0240, 
MIoU = 0.6037, FWIoU = 0.6837, Acc = 0.8125, 
TE IoU = 0.6987, NEC IoU = 0.3681, LYM IoU = 0.6647, TAS IoU = 0.6833
2025-02-13 20:46:31,507 - INFO - 最新模型已保存
2025-02-13 20:47:08,874 - INFO - Epoch 46: Train Loss = 0.0330, Val Loss = 0.0258, 
MIoU = 0.6103, FWIoU = 0.6739, Acc = 0.8057, 
TE IoU = 0.6737, NEC IoU = 0.4485, LYM IoU = 0.6316, TAS IoU = 0.6875
2025-02-13 20:47:09,208 - INFO - 最新模型已保存
2025-02-13 20:47:47,164 - INFO - Epoch 47: Train Loss = 0.0333, Val Loss = 0.0260, 
MIoU = 0.6120, FWIoU = 0.6704, Acc = 0.8032, 
TE IoU = 0.6662, NEC IoU = 0.4103, LYM IoU = 0.6888, TAS IoU = 0.6825
2025-02-13 20:47:47,477 - INFO - 最新模型已保存
2025-02-13 20:48:26,505 - INFO - Epoch 48: Train Loss = 0.0338, Val Loss = 0.0216, 
MIoU = 0.6026, FWIoU = 0.6825, Acc = 0.8116, 
TE IoU = 0.6903, NEC IoU = 0.3806, LYM IoU = 0.6494, TAS IoU = 0.6902
2025-02-13 20:48:26,808 - INFO - 最新模型已保存
2025-02-13 20:49:05,334 - INFO - Epoch 49: Train Loss = 0.0336, Val Loss = 0.0210, 
MIoU = 0.5831, FWIoU = 0.6877, Acc = 0.8156, 
TE IoU = 0.7060, NEC IoU = 0.2888, LYM IoU = 0.6480, TAS IoU = 0.6895
2025-02-13 20:49:05,650 - INFO - 最新模型已保存
2025-02-13 20:49:44,112 - INFO - Epoch 50: Train Loss = 0.0334, Val Loss = 0.0220, 
MIoU = 0.5768, FWIoU = 0.6773, Acc = 0.8084, 
TE IoU = 0.6788, NEC IoU = 0.2698, LYM IoU = 0.6657, TAS IoU = 0.6928
2025-02-13 20:49:44,418 - INFO - 最新模型已保存
2025-02-13 20:50:22,530 - INFO - Epoch 51: Train Loss = 0.0333, Val Loss = 0.0225, 
MIoU = 0.6206, FWIoU = 0.6686, Acc = 0.8026, 
TE IoU = 0.6566, NEC IoU = 0.4886, LYM IoU = 0.6473, TAS IoU = 0.6897
2025-02-13 20:50:22,878 - INFO - 最新模型已保存
2025-02-13 20:51:00,092 - INFO - Epoch 52: Train Loss = 0.0331, Val Loss = 0.0201, 
MIoU = 0.6230, FWIoU = 0.6844, Acc = 0.8130, 
TE IoU = 0.6814, NEC IoU = 0.4243, LYM IoU = 0.6894, TAS IoU = 0.6968
2025-02-13 20:51:00,447 - INFO - 最新模型已保存
2025-02-13 20:51:38,864 - INFO - Epoch 53: Train Loss = 0.0324, Val Loss = 0.0247, 
MIoU = 0.6294, FWIoU = 0.6671, Acc = 0.8014, 
TE IoU = 0.6537, NEC IoU = 0.5279, LYM IoU = 0.6483, TAS IoU = 0.6877
2025-02-13 20:51:39,182 - INFO - 最新模型已保存
2025-02-13 20:52:18,505 - INFO - Epoch 54: Train Loss = 0.0324, Val Loss = 0.0266, 
MIoU = 0.6325, FWIoU = 0.6769, Acc = 0.8070, 
TE IoU = 0.6785, NEC IoU = 0.4600, LYM IoU = 0.7114, TAS IoU = 0.6800
2025-02-13 20:52:18,806 - INFO - 最新模型已保存
2025-02-13 20:52:56,810 - INFO - Epoch 55: Train Loss = 0.0326, Val Loss = 0.0218, 
MIoU = 0.6202, FWIoU = 0.6847, Acc = 0.8127, 
TE IoU = 0.6916, NEC IoU = 0.4267, LYM IoU = 0.6732, TAS IoU = 0.6892
2025-02-13 20:52:57,121 - INFO - 最新模型已保存
2025-02-13 20:53:35,358 - INFO - Epoch 56: Train Loss = 0.0323, Val Loss = 0.0237, 
MIoU = 0.6347, FWIoU = 0.6780, Acc = 0.8084, 
TE IoU = 0.6689, NEC IoU = 0.4833, LYM IoU = 0.6937, TAS IoU = 0.6928
2025-02-13 20:53:35,681 - INFO - 最新模型已保存
2025-02-13 20:54:13,546 - INFO - Epoch 57: Train Loss = 0.0321, Val Loss = 0.0211, 
MIoU = 0.6199, FWIoU = 0.6854, Acc = 0.8135, 
TE IoU = 0.6881, NEC IoU = 0.4239, LYM IoU = 0.6735, TAS IoU = 0.6941
2025-02-13 20:54:13,848 - INFO - 最新模型已保存
2025-02-13 20:54:51,308 - INFO - Epoch 58: Train Loss = 0.0322, Val Loss = 0.0204, 
MIoU = 0.6238, FWIoU = 0.6876, Acc = 0.8155, 
TE IoU = 0.6872, NEC IoU = 0.4361, LYM IoU = 0.6725, TAS IoU = 0.6993
2025-02-13 20:54:51,609 - INFO - 最新模型已保存
2025-02-13 20:55:30,680 - INFO - Epoch 59: Train Loss = 0.0323, Val Loss = 0.0201, 
MIoU = 0.6234, FWIoU = 0.6691, Acc = 0.8030, 
TE IoU = 0.6561, NEC IoU = 0.4962, LYM IoU = 0.6508, TAS IoU = 0.6906
2025-02-13 20:55:30,989 - INFO - 最新模型已保存
2025-02-13 20:56:09,434 - INFO - Epoch 60: Train Loss = 0.0320, Val Loss = 0.0219, 
MIoU = 0.6478, FWIoU = 0.6873, Acc = 0.8144, 
TE IoU = 0.6866, NEC IoU = 0.5051, LYM IoU = 0.7066, TAS IoU = 0.6929
2025-02-13 20:56:09,733 - INFO - Epoch 60: 最优模型已保存
2025-02-13 20:56:10,026 - INFO - 最新模型已保存
2025-02-13 20:56:48,399 - INFO - Epoch 61: Train Loss = 0.0313, Val Loss = 0.0206, 
MIoU = 0.6221, FWIoU = 0.6824, Acc = 0.8120, 
TE IoU = 0.6780, NEC IoU = 0.4513, LYM IoU = 0.6613, TAS IoU = 0.6979
2025-02-13 20:56:48,770 - INFO - 最新模型已保存
2025-02-13 20:57:26,248 - INFO - Epoch 62: Train Loss = 0.0313, Val Loss = 0.0205, 
MIoU = 0.6348, FWIoU = 0.6885, Acc = 0.8157, 
TE IoU = 0.6902, NEC IoU = 0.4928, LYM IoU = 0.6583, TAS IoU = 0.6978
2025-02-13 20:57:26,559 - INFO - 最新模型已保存
2025-02-13 20:58:04,114 - INFO - Epoch 63: Train Loss = 0.0313, Val Loss = 0.0215, 
MIoU = 0.6264, FWIoU = 0.6748, Acc = 0.8066, 
TE IoU = 0.6675, NEC IoU = 0.4918, LYM IoU = 0.6547, TAS IoU = 0.6913
2025-02-13 20:58:04,454 - INFO - 最新模型已保存
2025-02-13 20:58:43,052 - INFO - Epoch 64: Train Loss = 0.0311, Val Loss = 0.0214, 
MIoU = 0.6460, FWIoU = 0.6880, Acc = 0.8150, 
TE IoU = 0.6858, NEC IoU = 0.4973, LYM IoU = 0.7051, TAS IoU = 0.6956
2025-02-13 20:58:43,407 - INFO - 最新模型已保存
2025-02-13 20:59:20,934 - INFO - Epoch 65: Train Loss = 0.0317, Val Loss = 0.0206, 
MIoU = 0.6315, FWIoU = 0.6782, Acc = 0.8088, 
TE IoU = 0.6697, NEC IoU = 0.4732, LYM IoU = 0.6900, TAS IoU = 0.6932
2025-02-13 20:59:21,241 - INFO - 最新模型已保存
2025-02-13 20:59:58,649 - INFO - Epoch 66: Train Loss = 0.0309, Val Loss = 0.0204, 
MIoU = 0.6144, FWIoU = 0.6875, Acc = 0.8153, 
TE IoU = 0.6942, NEC IoU = 0.4110, LYM IoU = 0.6575, TAS IoU = 0.6950
2025-02-13 20:59:58,975 - INFO - 最新模型已保存
2025-02-13 21:00:36,462 - INFO - Epoch 67: Train Loss = 0.0302, Val Loss = 0.0267, 
MIoU = 0.5922, FWIoU = 0.6586, Acc = 0.7948, 
TE IoU = 0.6771, NEC IoU = 0.3771, LYM IoU = 0.6639, TAS IoU = 0.6507
2025-02-13 21:00:36,785 - INFO - 最新模型已保存
2025-02-13 21:01:14,441 - INFO - Epoch 68: Train Loss = 0.0301, Val Loss = 0.0225, 
MIoU = 0.6311, FWIoU = 0.6837, Acc = 0.8125, 
TE IoU = 0.6878, NEC IoU = 0.4794, LYM IoU = 0.6679, TAS IoU = 0.6894
2025-02-13 21:01:14,743 - INFO - 最新模型已保存
2025-02-13 21:01:53,142 - INFO - Epoch 69: Train Loss = 0.0301, Val Loss = 0.0205, 
MIoU = 0.5897, FWIoU = 0.6775, Acc = 0.8087, 
TE IoU = 0.6779, NEC IoU = 0.3513, LYM IoU = 0.6349, TAS IoU = 0.6945
2025-02-13 21:01:53,472 - INFO - 最新模型已保存
2025-02-13 21:02:31,645 - INFO - Epoch 70: Train Loss = 0.0298, Val Loss = 0.0211, 
MIoU = 0.6477, FWIoU = 0.6812, Acc = 0.8107, 
TE IoU = 0.6743, NEC IoU = 0.5462, LYM IoU = 0.6766, TAS IoU = 0.6936
2025-02-13 21:02:31,951 - INFO - 最新模型已保存
2025-02-13 21:03:09,690 - INFO - Epoch 71: Train Loss = 0.0303, Val Loss = 0.0210, 
MIoU = 0.6329, FWIoU = 0.6740, Acc = 0.8062, 
TE IoU = 0.6607, NEC IoU = 0.4872, LYM IoU = 0.6911, TAS IoU = 0.6924
2025-02-13 21:03:09,993 - INFO - 最新模型已保存
2025-02-13 21:03:47,524 - INFO - Epoch 72: Train Loss = 0.0312, Val Loss = 0.0210, 
MIoU = 0.6224, FWIoU = 0.6742, Acc = 0.8062, 
TE IoU = 0.6692, NEC IoU = 0.5012, LYM IoU = 0.6281, TAS IoU = 0.6909
2025-02-13 21:03:47,830 - INFO - 最新模型已保存
2025-02-13 21:04:26,160 - INFO - Epoch 73: Train Loss = 0.0304, Val Loss = 0.0200, 
MIoU = 0.6383, FWIoU = 0.6854, Acc = 0.8136, 
TE IoU = 0.6829, NEC IoU = 0.4840, LYM IoU = 0.6914, TAS IoU = 0.6949
2025-02-13 21:04:26,475 - INFO - 最新模型已保存
2025-02-13 21:05:03,680 - INFO - Epoch 74: Train Loss = 0.0302, Val Loss = 0.0204, 
MIoU = 0.6606, FWIoU = 0.6891, Acc = 0.8160, 
TE IoU = 0.6889, NEC IoU = 0.5443, LYM IoU = 0.7175, TAS IoU = 0.6918
2025-02-13 21:05:04,002 - INFO - Epoch 74: 最优模型已保存
2025-02-13 21:05:04,326 - INFO - 最新模型已保存
2025-02-13 21:05:42,767 - INFO - Epoch 75: Train Loss = 0.0296, Val Loss = 0.0192, 
MIoU = 0.6702, FWIoU = 0.6905, Acc = 0.8172, 
TE IoU = 0.6832, NEC IoU = 0.5949, LYM IoU = 0.7026, TAS IoU = 0.7000
2025-02-13 21:05:43,073 - INFO - Epoch 75: 最优模型已保存
2025-02-13 21:05:43,375 - INFO - 最新模型已保存
2025-02-13 21:06:20,442 - INFO - Epoch 76: Train Loss = 0.0304, Val Loss = 0.0207, 
MIoU = 0.6398, FWIoU = 0.6859, Acc = 0.8142, 
TE IoU = 0.6814, NEC IoU = 0.5087, LYM IoU = 0.6700, TAS IoU = 0.6990
2025-02-13 21:06:20,772 - INFO - 最新模型已保存
2025-02-13 21:06:58,185 - INFO - Epoch 77: Train Loss = 0.0298, Val Loss = 0.0237, 
MIoU = 0.6338, FWIoU = 0.6687, Acc = 0.8019, 
TE IoU = 0.6587, NEC IoU = 0.5063, LYM IoU = 0.6878, TAS IoU = 0.6827
2025-02-13 21:06:58,493 - INFO - 最新模型已保存
2025-02-13 21:07:36,012 - INFO - Epoch 78: Train Loss = 0.0292, Val Loss = 0.0207, 
MIoU = 0.6589, FWIoU = 0.6869, Acc = 0.8147, 
TE IoU = 0.6804, NEC IoU = 0.5640, LYM IoU = 0.6940, TAS IoU = 0.6972
2025-02-13 21:07:36,316 - INFO - 最新模型已保存
2025-02-13 21:08:14,301 - INFO - Epoch 79: Train Loss = 0.0295, Val Loss = 0.0200, 
MIoU = 0.6597, FWIoU = 0.6929, Acc = 0.8188, 
TE IoU = 0.6900, NEC IoU = 0.5487, LYM IoU = 0.6995, TAS IoU = 0.7006
2025-02-13 21:08:14,622 - INFO - 最新模型已保存
2025-02-13 21:08:52,171 - INFO - Epoch 80: Train Loss = 0.0290, Val Loss = 0.0198, 
MIoU = 0.6227, FWIoU = 0.6861, Acc = 0.8143, 
TE IoU = 0.6873, NEC IoU = 0.4342, LYM IoU = 0.6733, TAS IoU = 0.6960
2025-02-13 21:08:52,473 - INFO - 最新模型已保存
2025-02-13 21:09:30,717 - INFO - Epoch 81: Train Loss = 0.0295, Val Loss = 0.0202, 
MIoU = 0.6350, FWIoU = 0.6860, Acc = 0.8142, 
TE IoU = 0.6825, NEC IoU = 0.4558, LYM IoU = 0.7053, TAS IoU = 0.6963
2025-02-13 21:09:31,034 - INFO - 最新模型已保存
2025-02-13 21:10:08,708 - INFO - Epoch 82: Train Loss = 0.0295, Val Loss = 0.0200, 
MIoU = 0.6427, FWIoU = 0.6758, Acc = 0.8075, 
TE IoU = 0.6608, NEC IoU = 0.5258, LYM IoU = 0.6894, TAS IoU = 0.6948
2025-02-13 21:10:09,012 - INFO - 最新模型已保存
2025-02-13 21:10:46,808 - INFO - Epoch 83: Train Loss = 0.0288, Val Loss = 0.0194, 
MIoU = 0.6530, FWIoU = 0.6945, Acc = 0.8199, 
TE IoU = 0.6926, NEC IoU = 0.5110, LYM IoU = 0.7065, TAS IoU = 0.7020
2025-02-13 21:10:47,105 - INFO - 最新模型已保存
2025-02-13 21:11:24,939 - INFO - Epoch 84: Train Loss = 0.0290, Val Loss = 0.0200, 
MIoU = 0.6543, FWIoU = 0.6899, Acc = 0.8168, 
TE IoU = 0.6854, NEC IoU = 0.5241, LYM IoU = 0.7091, TAS IoU = 0.6987
2025-02-13 21:11:25,240 - INFO - 最新模型已保存
2025-02-13 21:12:03,265 - INFO - Epoch 85: Train Loss = 0.0284, Val Loss = 0.0202, 
MIoU = 0.6598, FWIoU = 0.6835, Acc = 0.8128, 
TE IoU = 0.6686, NEC IoU = 0.5597, LYM IoU = 0.7111, TAS IoU = 0.6999
2025-02-13 21:12:03,607 - INFO - 最新模型已保存
2025-02-13 21:12:40,817 - INFO - Epoch 86: Train Loss = 0.0284, Val Loss = 0.0196, 
MIoU = 0.6622, FWIoU = 0.6912, Acc = 0.8178, 
TE IoU = 0.6824, NEC IoU = 0.5454, LYM IoU = 0.7187, TAS IoU = 0.7025
2025-02-13 21:12:41,131 - INFO - 最新模型已保存
2025-02-13 21:13:19,412 - INFO - Epoch 87: Train Loss = 0.0286, Val Loss = 0.0200, 
MIoU = 0.6587, FWIoU = 0.6909, Acc = 0.8174, 
TE IoU = 0.6893, NEC IoU = 0.5405, LYM IoU = 0.7085, TAS IoU = 0.6963
2025-02-13 21:13:19,717 - INFO - 最新模型已保存
2025-02-13 21:13:57,250 - INFO - Epoch 88: Train Loss = 0.0287, Val Loss = 0.0188, 
MIoU = 0.6511, FWIoU = 0.6905, Acc = 0.8173, 
TE IoU = 0.6876, NEC IoU = 0.5190, LYM IoU = 0.6986, TAS IoU = 0.6991
2025-02-13 21:13:57,569 - INFO - 最新模型已保存
2025-02-13 21:14:35,048 - INFO - Epoch 89: Train Loss = 0.0285, Val Loss = 0.0198, 
MIoU = 0.6677, FWIoU = 0.6841, Acc = 0.8128, 
TE IoU = 0.6732, NEC IoU = 0.6000, LYM IoU = 0.7015, TAS IoU = 0.6961
2025-02-13 21:14:35,416 - INFO - 最新模型已保存
2025-02-13 21:15:14,203 - INFO - Epoch 90: Train Loss = 0.0292, Val Loss = 0.0202, 
MIoU = 0.6680, FWIoU = 0.6857, Acc = 0.8139, 
TE IoU = 0.6768, NEC IoU = 0.5984, LYM IoU = 0.7007, TAS IoU = 0.6962
2025-02-13 21:15:14,517 - INFO - 最新模型已保存
2025-02-13 21:15:52,661 - INFO - Epoch 91: Train Loss = 0.0287, Val Loss = 0.0205, 
MIoU = 0.6469, FWIoU = 0.6805, Acc = 0.8105, 
TE IoU = 0.6687, NEC IoU = 0.5259, LYM IoU = 0.6968, TAS IoU = 0.6962
2025-02-13 21:15:52,961 - INFO - 最新模型已保存
2025-02-13 21:16:29,807 - INFO - Epoch 92: Train Loss = 0.0288, Val Loss = 0.0207, 
MIoU = 0.6333, FWIoU = 0.6834, Acc = 0.8127, 
TE IoU = 0.6764, NEC IoU = 0.4466, LYM IoU = 0.7140, TAS IoU = 0.6961
2025-02-13 21:16:30,114 - INFO - 最新模型已保存
2025-02-13 21:17:07,520 - INFO - Epoch 93: Train Loss = 0.0287, Val Loss = 0.0201, 
MIoU = 0.6693, FWIoU = 0.6898, Acc = 0.8165, 
TE IoU = 0.6888, NEC IoU = 0.5870, LYM IoU = 0.7088, TAS IoU = 0.6927
2025-02-13 21:17:07,859 - INFO - 最新模型已保存
2025-02-13 21:17:46,016 - INFO - Epoch 94: Train Loss = 0.0283, Val Loss = 0.0205, 
MIoU = 0.6490, FWIoU = 0.6831, Acc = 0.8124, 
TE IoU = 0.6711, NEC IoU = 0.5140, LYM IoU = 0.7129, TAS IoU = 0.6982
2025-02-13 21:17:46,348 - INFO - 最新模型已保存
2025-02-13 21:18:25,503 - INFO - Epoch 95: Train Loss = 0.0292, Val Loss = 0.0211, 
MIoU = 0.6530, FWIoU = 0.6792, Acc = 0.8093, 
TE IoU = 0.6728, NEC IoU = 0.5804, LYM IoU = 0.6683, TAS IoU = 0.6904
2025-02-13 21:18:25,812 - INFO - 最新模型已保存
2025-02-13 21:19:04,970 - INFO - Epoch 96: Train Loss = 0.0283, Val Loss = 0.0198, 
MIoU = 0.6533, FWIoU = 0.6919, Acc = 0.8181, 
TE IoU = 0.6888, NEC IoU = 0.5244, LYM IoU = 0.6996, TAS IoU = 0.7005
2025-02-13 21:19:05,285 - INFO - 最新模型已保存
2025-02-13 21:19:43,232 - INFO - Epoch 97: Train Loss = 0.0284, Val Loss = 0.0202, 
MIoU = 0.6455, FWIoU = 0.6862, Acc = 0.8144, 
TE IoU = 0.6787, NEC IoU = 0.4934, LYM IoU = 0.7119, TAS IoU = 0.6981
2025-02-13 21:19:43,541 - INFO - 最新模型已保存
2025-02-13 21:20:20,538 - INFO - Epoch 98: Train Loss = 0.0278, Val Loss = 0.0210, 
MIoU = 0.6569, FWIoU = 0.6822, Acc = 0.8114, 
TE IoU = 0.6739, NEC IoU = 0.5400, LYM IoU = 0.7224, TAS IoU = 0.6914
2025-02-13 21:20:20,835 - INFO - 最新模型已保存
2025-02-13 21:20:58,277 - INFO - Epoch 99: Train Loss = 0.0283, Val Loss = 0.0206, 
MIoU = 0.6603, FWIoU = 0.6890, Acc = 0.8161, 
TE IoU = 0.6849, NEC IoU = 0.5700, LYM IoU = 0.6887, TAS IoU = 0.6976
2025-02-13 21:20:58,583 - INFO - 最新模型已保存
2025-02-13 21:21:36,446 - INFO - Epoch 100: Train Loss = 0.0282, Val Loss = 0.0217, 
MIoU = 0.6547, FWIoU = 0.6833, Acc = 0.8122, 
TE IoU = 0.6730, NEC IoU = 0.5371, LYM IoU = 0.7127, TAS IoU = 0.6959
2025-02-13 21:21:36,743 - INFO - 最新模型已保存
2025-02-13 21:22:15,201 - INFO - Epoch 101: Train Loss = 0.0283, Val Loss = 0.0202, 
MIoU = 0.6635, FWIoU = 0.6898, Acc = 0.8168, 
TE IoU = 0.6813, NEC IoU = 0.5622, LYM IoU = 0.7096, TAS IoU = 0.7008
2025-02-13 21:22:15,511 - INFO - 最新模型已保存
2025-02-13 21:22:53,270 - INFO - Epoch 102: Train Loss = 0.0285, Val Loss = 0.0211, 
MIoU = 0.6593, FWIoU = 0.6870, Acc = 0.8148, 
TE IoU = 0.6800, NEC IoU = 0.5460, LYM IoU = 0.7147, TAS IoU = 0.6964
2025-02-13 21:22:53,572 - INFO - 最新模型已保存
2025-02-13 21:23:31,115 - INFO - Epoch 103: Train Loss = 0.0280, Val Loss = 0.0205, 
MIoU = 0.6592, FWIoU = 0.6833, Acc = 0.8123, 
TE IoU = 0.6731, NEC IoU = 0.5547, LYM IoU = 0.7139, TAS IoU = 0.6949
2025-02-13 21:23:31,424 - INFO - 最新模型已保存
2025-02-13 21:24:08,608 - INFO - Epoch 104: Train Loss = 0.0286, Val Loss = 0.0195, 
MIoU = 0.6729, FWIoU = 0.6883, Acc = 0.8159, 
TE IoU = 0.6760, NEC IoU = 0.6049, LYM IoU = 0.7094, TAS IoU = 0.7012
2025-02-13 21:24:08,909 - INFO - Epoch 104: 最优模型已保存
2025-02-13 21:24:09,207 - INFO - 最新模型已保存
2025-02-13 21:24:46,407 - INFO - Epoch 105: Train Loss = 0.0281, Val Loss = 0.0198, 
MIoU = 0.6699, FWIoU = 0.6905, Acc = 0.8172, 
TE IoU = 0.6819, NEC IoU = 0.5767, LYM IoU = 0.7210, TAS IoU = 0.7000
2025-02-13 21:24:46,716 - INFO - 最新模型已保存
2025-02-13 21:25:25,000 - INFO - Epoch 106: Train Loss = 0.0281, Val Loss = 0.0194, 
MIoU = 0.6664, FWIoU = 0.6938, Acc = 0.8193, 
TE IoU = 0.6916, NEC IoU = 0.5674, LYM IoU = 0.7072, TAS IoU = 0.6993
2025-02-13 21:25:25,345 - INFO - 最新模型已保存
2025-02-13 21:26:03,266 - INFO - Epoch 107: Train Loss = 0.0281, Val Loss = 0.0194, 
MIoU = 0.6671, FWIoU = 0.6917, Acc = 0.8181, 
TE IoU = 0.6840, NEC IoU = 0.5720, LYM IoU = 0.7107, TAS IoU = 0.7019
2025-02-13 21:26:03,575 - INFO - 最新模型已保存
2025-02-13 21:26:41,275 - INFO - Epoch 108: Train Loss = 0.0283, Val Loss = 0.0197, 
MIoU = 0.6677, FWIoU = 0.6956, Acc = 0.8206, 
TE IoU = 0.6936, NEC IoU = 0.5628, LYM IoU = 0.7136, TAS IoU = 0.7007
2025-02-13 21:26:41,580 - INFO - 最新模型已保存
2025-02-13 21:27:19,386 - INFO - Epoch 109: Train Loss = 0.0278, Val Loss = 0.0200, 
MIoU = 0.6676, FWIoU = 0.6897, Acc = 0.8167, 
TE IoU = 0.6796, NEC IoU = 0.5721, LYM IoU = 0.7178, TAS IoU = 0.7010
2025-02-13 21:27:19,685 - INFO - 最新模型已保存
2025-02-13 21:27:56,963 - INFO - Epoch 110: Train Loss = 0.0284, Val Loss = 0.0205, 
MIoU = 0.6700, FWIoU = 0.6866, Acc = 0.8146, 
TE IoU = 0.6752, NEC IoU = 0.5913, LYM IoU = 0.7153, TAS IoU = 0.6983
2025-02-13 21:27:57,273 - INFO - 最新模型已保存
2025-02-13 21:28:34,525 - INFO - Epoch 111: Train Loss = 0.0278, Val Loss = 0.0198, 
MIoU = 0.6696, FWIoU = 0.6930, Acc = 0.8188, 
TE IoU = 0.6887, NEC IoU = 0.5754, LYM IoU = 0.7148, TAS IoU = 0.6994
2025-02-13 21:28:34,830 - INFO - 最新模型已保存
2025-02-13 21:29:12,537 - INFO - Epoch 112: Train Loss = 0.0279, Val Loss = 0.0208, 
MIoU = 0.6665, FWIoU = 0.6829, Acc = 0.8122, 
TE IoU = 0.6686, NEC IoU = 0.5829, LYM IoU = 0.7175, TAS IoU = 0.6970
2025-02-13 21:29:12,839 - INFO - 最新模型已保存
2025-02-13 21:29:50,115 - INFO - Epoch 113: Train Loss = 0.0282, Val Loss = 0.0196, 
MIoU = 0.6750, FWIoU = 0.6936, Acc = 0.8195, 
TE IoU = 0.6839, NEC IoU = 0.5940, LYM IoU = 0.7177, TAS IoU = 0.7043
2025-02-13 21:29:50,421 - INFO - Epoch 113: 最优模型已保存
2025-02-13 21:29:50,722 - INFO - 最新模型已保存
2025-02-13 21:30:28,070 - INFO - Epoch 114: Train Loss = 0.0281, Val Loss = 0.0198, 
MIoU = 0.6735, FWIoU = 0.6927, Acc = 0.8188, 
TE IoU = 0.6850, NEC IoU = 0.5925, LYM IoU = 0.7149, TAS IoU = 0.7018
2025-02-13 21:30:28,397 - INFO - 最新模型已保存
2025-02-13 21:31:06,555 - INFO - Epoch 115: Train Loss = 0.0277, Val Loss = 0.0202, 
MIoU = 0.6704, FWIoU = 0.6902, Acc = 0.8170, 
TE IoU = 0.6823, NEC IoU = 0.5851, LYM IoU = 0.7148, TAS IoU = 0.6992
2025-02-13 21:31:06,853 - INFO - 最新模型已保存
2025-02-13 21:31:45,143 - INFO - Epoch 116: Train Loss = 0.0279, Val Loss = 0.0197, 
MIoU = 0.6708, FWIoU = 0.6907, Acc = 0.8173, 
TE IoU = 0.6824, NEC IoU = 0.5824, LYM IoU = 0.7182, TAS IoU = 0.7000
2025-02-13 21:31:45,469 - INFO - 最新模型已保存
2025-02-13 21:32:23,262 - INFO - Epoch 117: Train Loss = 0.0280, Val Loss = 0.0200, 
MIoU = 0.6676, FWIoU = 0.6886, Acc = 0.8159, 
TE IoU = 0.6796, NEC IoU = 0.5793, LYM IoU = 0.7126, TAS IoU = 0.6989
2025-02-13 21:32:23,571 - INFO - 最新模型已保存
2025-02-13 21:33:01,389 - INFO - Epoch 118: Train Loss = 0.0275, Val Loss = 0.0201, 
MIoU = 0.6646, FWIoU = 0.6849, Acc = 0.8135, 
TE IoU = 0.6727, NEC IoU = 0.5731, LYM IoU = 0.7145, TAS IoU = 0.6979
2025-02-13 21:33:01,691 - INFO - 最新模型已保存
2025-02-13 21:33:39,080 - INFO - Epoch 119: Train Loss = 0.0278, Val Loss = 0.0202, 
MIoU = 0.6670, FWIoU = 0.6856, Acc = 0.8140, 
TE IoU = 0.6735, NEC IoU = 0.5806, LYM IoU = 0.7156, TAS IoU = 0.6982
2025-02-13 21:33:39,402 - INFO - 最新模型已保存
2025-02-13 21:34:17,990 - INFO - Epoch 120: Train Loss = 0.0281, Val Loss = 0.0196, 
MIoU = 0.6682, FWIoU = 0.6921, Acc = 0.8183, 
TE IoU = 0.6858, NEC IoU = 0.5722, LYM IoU = 0.7143, TAS IoU = 0.7005
2025-02-13 21:34:18,293 - INFO - 最新模型已保存
2025-02-13 21:34:21,150 - INFO - 最优模型测试结果: MIoU = 0.6905, FWIoU = 0.7043, Acc = 0.8262, TE IoU = 0.7419, NEC IoU = 0.6381, LYM IoU = 0.7082, TAS IoU = 0.6736
2025-02-13 21:34:24,297 - INFO - 最新模型测试结果: MIoU = 0.6802, FWIoU = 0.6998, Acc = 0.8236, TE IoU = 0.7389, NEC IoU = 0.6006, LYM IoU = 0.7092, TAS IoU = 0.6721

onss Epoch = 120 learning_rate = 0.005
效果一般