2025-02-18 23:14:02,084 - INFO - 训练开始
2025-02-18 23:14:02,084 - INFO - 训练参数: {'onss': True, 'Grad_CAM_pp': False, 'batch_size': 16, 'num_workers': 10, 'learning_rate': 0.003, 'num_epochs': 50, 'num_classes': 5, 'weight_decay': 0.0001, 'momentum': 0.9, 'log_dir': './runs', 'checkpoint': 'checkpoints/stage2', 'lr_scheduler': 'cosine', 'eta_min': 0.0001}
2025-02-18 23:15:07,013 - INFO - Epoch 1: Train Loss = 0.7281, Val Loss = 0.2368, 
MIoU = 0.4692, FWIoU = 0.5503, Acc = 0.7520, 
TE IoU = 0.6162, NEC IoU = 0.2003, LYM IoU = 0.5626, TAS IoU = 0.4977
2025-02-18 23:15:07,445 - INFO - 最优模型已保存
2025-02-18 23:15:07,923 - INFO - 最新模型已保存
2025-02-18 23:16:14,971 - INFO - Epoch 2: Train Loss = 0.6591, Val Loss = 0.2227, 
MIoU = 0.4957, FWIoU = 0.5645, Acc = 0.7586, 
TE IoU = 0.6266, NEC IoU = 0.2933, LYM IoU = 0.5468, TAS IoU = 0.5160
2025-02-18 23:16:15,427 - INFO - 最优模型已保存
2025-02-18 23:16:15,945 - INFO - 最新模型已保存
2025-02-18 23:17:20,471 - INFO - Epoch 3: Train Loss = 0.6422, Val Loss = 0.2301, 
MIoU = 0.5509, FWIoU = 0.5842, Acc = 0.7684, 
TE IoU = 0.6376, NEC IoU = 0.3681, LYM IoU = 0.6666, TAS IoU = 0.5311
2025-02-18 23:17:20,861 - INFO - 最优模型已保存
2025-02-18 23:17:21,326 - INFO - 最新模型已保存
2025-02-18 23:18:26,620 - INFO - Epoch 4: Train Loss = 0.6283, Val Loss = 0.2590, 
MIoU = 0.5295, FWIoU = 0.6157, Acc = 0.7879, 
TE IoU = 0.6249, NEC IoU = 0.2117, LYM IoU = 0.6643, TAS IoU = 0.6169
2025-02-18 23:18:26,932 - INFO - 最新模型已保存
2025-02-18 23:19:30,867 - INFO - Epoch 5: Train Loss = 0.6147, Val Loss = 0.1837, 
MIoU = 0.5588, FWIoU = 0.6366, Acc = 0.8027, 
TE IoU = 0.6457, NEC IoU = 0.3138, LYM IoU = 0.6351, TAS IoU = 0.6404
2025-02-18 23:19:31,300 - INFO - 最优模型已保存
2025-02-18 23:19:31,816 - INFO - 最新模型已保存
2025-02-18 23:20:37,340 - INFO - Epoch 6: Train Loss = 0.6056, Val Loss = 0.1839, 
MIoU = 0.6020, FWIoU = 0.6640, Acc = 0.8186, 
TE IoU = 0.6762, NEC IoU = 0.3915, LYM IoU = 0.6795, TAS IoU = 0.6607
2025-02-18 23:20:37,965 - INFO - 最优模型已保存
2025-02-18 23:20:38,509 - INFO - 最新模型已保存
2025-02-18 23:21:43,282 - INFO - Epoch 7: Train Loss = 0.5929, Val Loss = 0.1758, 
MIoU = 0.5740, FWIoU = 0.6568, Acc = 0.8124, 
TE IoU = 0.6632, NEC IoU = 0.3192, LYM IoU = 0.6493, TAS IoU = 0.6645
2025-02-18 23:21:43,601 - INFO - 最新模型已保存
2025-02-18 23:22:50,030 - INFO - Epoch 8: Train Loss = 0.5902, Val Loss = 0.1710, 
MIoU = 0.6319, FWIoU = 0.6663, Acc = 0.8210, 
TE IoU = 0.6921, NEC IoU = 0.5218, LYM IoU = 0.6673, TAS IoU = 0.6464
2025-02-18 23:22:50,365 - INFO - 最优模型已保存
2025-02-18 23:22:50,679 - INFO - 最新模型已保存
2025-02-18 23:23:57,138 - INFO - Epoch 9: Train Loss = 0.5828, Val Loss = 0.1885, 
MIoU = 0.5937, FWIoU = 0.6531, Acc = 0.8087, 
TE IoU = 0.6720, NEC IoU = 0.4523, LYM IoU = 0.6025, TAS IoU = 0.6478
2025-02-18 23:23:57,433 - INFO - 最新模型已保存
2025-02-18 23:25:02,949 - INFO - Epoch 10: Train Loss = 0.5697, Val Loss = 0.1904, 
MIoU = 0.6505, FWIoU = 0.6647, Acc = 0.8077, 
TE IoU = 0.6377, NEC IoU = 0.5851, LYM IoU = 0.6876, TAS IoU = 0.6917
2025-02-18 23:25:03,255 - INFO - 最优模型已保存
2025-02-18 23:25:03,543 - INFO - 最新模型已保存
2025-02-18 23:26:07,741 - INFO - Epoch 11: Train Loss = 0.5694, Val Loss = 0.2400, 
MIoU = 0.6049, FWIoU = 0.6491, Acc = 0.8054, 
TE IoU = 0.6526, NEC IoU = 0.4671, LYM IoU = 0.6470, TAS IoU = 0.6530
2025-02-18 23:26:08,037 - INFO - 最新模型已保存
2025-02-18 23:27:05,253 - INFO - Epoch 12: Train Loss = 0.5658, Val Loss = 0.1500, 
MIoU = 0.6520, FWIoU = 0.6855, Acc = 0.8311, 
TE IoU = 0.6853, NEC IoU = 0.5476, LYM IoU = 0.6839, TAS IoU = 0.6911
2025-02-18 23:27:05,562 - INFO - 最优模型已保存
2025-02-18 23:27:05,855 - INFO - 最新模型已保存
2025-02-18 23:28:07,740 - INFO - Epoch 13: Train Loss = 0.5668, Val Loss = 0.1813, 
MIoU = 0.6153, FWIoU = 0.6773, Acc = 0.8214, 
TE IoU = 0.6898, NEC IoU = 0.3873, LYM IoU = 0.7115, TAS IoU = 0.6724
2025-02-18 23:28:08,049 - INFO - 最新模型已保存
2025-02-18 23:29:13,567 - INFO - Epoch 14: Train Loss = 0.5569, Val Loss = 0.1822, 
MIoU = 0.6368, FWIoU = 0.6300, Acc = 0.7903, 
TE IoU = 0.5717, NEC IoU = 0.5962, LYM IoU = 0.6984, TAS IoU = 0.6810
2025-02-18 23:29:13,867 - INFO - 最新模型已保存
2025-02-18 23:30:20,623 - INFO - Epoch 15: Train Loss = 0.5540, Val Loss = 0.2074, 
MIoU = 0.6667, FWIoU = 0.6814, Acc = 0.8254, 
TE IoU = 0.6846, NEC IoU = 0.6095, LYM IoU = 0.6931, TAS IoU = 0.6797
2025-02-18 23:30:20,957 - INFO - 最优模型已保存
2025-02-18 23:30:21,249 - INFO - 最新模型已保存
2025-02-18 23:31:27,637 - INFO - Epoch 16: Train Loss = 0.5536, Val Loss = 0.1899, 
MIoU = 0.6745, FWIoU = 0.6891, Acc = 0.8290, 
TE IoU = 0.7053, NEC IoU = 0.6283, LYM IoU = 0.6887, TAS IoU = 0.6757
2025-02-18 23:31:27,953 - INFO - 最优模型已保存
2025-02-18 23:31:28,253 - INFO - 最新模型已保存
2025-02-18 23:32:34,136 - INFO - Epoch 17: Train Loss = 0.5482, Val Loss = 0.1879, 
MIoU = 0.6712, FWIoU = 0.6921, Acc = 0.8364, 
TE IoU = 0.7128, NEC IoU = 0.5969, LYM IoU = 0.7007, TAS IoU = 0.6745
2025-02-18 23:32:34,445 - INFO - 最新模型已保存
2025-02-18 23:33:39,663 - INFO - Epoch 18: Train Loss = 0.5476, Val Loss = 0.2141, 
MIoU = 0.6128, FWIoU = 0.6637, Acc = 0.8149, 
TE IoU = 0.6535, NEC IoU = 0.4238, LYM IoU = 0.6945, TAS IoU = 0.6795
2025-02-18 23:33:39,981 - INFO - 最新模型已保存
2025-02-18 23:34:45,305 - INFO - Epoch 19: Train Loss = 0.5421, Val Loss = 0.1835, 
MIoU = 0.6432, FWIoU = 0.6355, Acc = 0.7992, 
TE IoU = 0.5844, NEC IoU = 0.6098, LYM IoU = 0.6989, TAS IoU = 0.6796
2025-02-18 23:34:45,608 - INFO - 最新模型已保存
2025-02-18 23:35:51,066 - INFO - Epoch 20: Train Loss = 0.5376, Val Loss = 0.1812, 
MIoU = 0.6701, FWIoU = 0.6912, Acc = 0.8337, 
TE IoU = 0.6988, NEC IoU = 0.6028, LYM IoU = 0.6918, TAS IoU = 0.6871
2025-02-18 23:35:51,378 - INFO - 最新模型已保存
2025-02-18 23:36:57,281 - INFO - Epoch 21: Train Loss = 0.5363, Val Loss = 0.2256, 
MIoU = 0.5939, FWIoU = 0.6469, Acc = 0.8050, 
TE IoU = 0.6384, NEC IoU = 0.3670, LYM IoU = 0.7112, TAS IoU = 0.6591
2025-02-18 23:36:57,611 - INFO - 最新模型已保存
2025-02-18 23:38:03,273 - INFO - Epoch 22: Train Loss = 0.5348, Val Loss = 0.2179, 
MIoU = 0.6335, FWIoU = 0.6533, Acc = 0.8114, 
TE IoU = 0.6389, NEC IoU = 0.5366, LYM IoU = 0.6907, TAS IoU = 0.6679
2025-02-18 23:38:03,575 - INFO - 最新模型已保存
2025-02-18 23:39:10,992 - INFO - Epoch 23: Train Loss = 0.5312, Val Loss = 0.1825, 
MIoU = 0.6912, FWIoU = 0.7002, Acc = 0.8383, 
TE IoU = 0.6982, NEC IoU = 0.6556, LYM IoU = 0.7080, TAS IoU = 0.7030
2025-02-18 23:39:11,316 - INFO - 最优模型已保存
2025-02-18 23:39:11,622 - INFO - 最新模型已保存
2025-02-18 23:40:18,781 - INFO - Epoch 24: Train Loss = 0.5294, Val Loss = 0.2048, 
MIoU = 0.6492, FWIoU = 0.6854, Acc = 0.8292, 
TE IoU = 0.6921, NEC IoU = 0.5291, LYM IoU = 0.6912, TAS IoU = 0.6842
2025-02-18 23:40:19,083 - INFO - 最新模型已保存
2025-02-18 23:41:25,942 - INFO - Epoch 25: Train Loss = 0.5257, Val Loss = 0.1879, 
MIoU = 0.6895, FWIoU = 0.6970, Acc = 0.8361, 
TE IoU = 0.6901, NEC IoU = 0.6270, LYM IoU = 0.7392, TAS IoU = 0.7019
2025-02-18 23:41:26,249 - INFO - 最新模型已保存
2025-02-18 23:42:33,810 - INFO - Epoch 26: Train Loss = 0.5257, Val Loss = 0.1827, 
MIoU = 0.6835, FWIoU = 0.6826, Acc = 0.8268, 
TE IoU = 0.6611, NEC IoU = 0.6435, LYM IoU = 0.7293, TAS IoU = 0.7000
2025-02-18 23:42:34,119 - INFO - 最新模型已保存
2025-02-18 23:43:40,803 - INFO - Epoch 27: Train Loss = 0.5236, Val Loss = 0.1882, 
MIoU = 0.6818, FWIoU = 0.6885, Acc = 0.8321, 
TE IoU = 0.6745, NEC IoU = 0.6205, LYM IoU = 0.7320, TAS IoU = 0.7001
2025-02-18 23:43:41,113 - INFO - 最新模型已保存
2025-02-18 23:44:48,076 - INFO - Epoch 28: Train Loss = 0.5223, Val Loss = 0.1831, 
MIoU = 0.6786, FWIoU = 0.6667, Acc = 0.8178, 
TE IoU = 0.6270, NEC IoU = 0.6564, LYM IoU = 0.7323, TAS IoU = 0.6988
2025-02-18 23:44:48,376 - INFO - 最新模型已保存
2025-02-18 23:45:55,554 - INFO - Epoch 29: Train Loss = 0.5196, Val Loss = 0.1730, 
MIoU = 0.6973, FWIoU = 0.6983, Acc = 0.8380, 
TE IoU = 0.6869, NEC IoU = 0.6631, LYM IoU = 0.7321, TAS IoU = 0.7071
2025-02-18 23:45:55,878 - INFO - 最优模型已保存
2025-02-18 23:45:56,260 - INFO - 最新模型已保存
2025-02-18 23:47:02,600 - INFO - Epoch 30: Train Loss = 0.5197, Val Loss = 0.1693, 
MIoU = 0.6915, FWIoU = 0.6963, Acc = 0.8363, 
TE IoU = 0.6947, NEC IoU = 0.6632, LYM IoU = 0.7106, TAS IoU = 0.6975
2025-02-18 23:47:02,906 - INFO - 最新模型已保存
2025-02-18 23:48:09,651 - INFO - Epoch 31: Train Loss = 0.5171, Val Loss = 0.2022, 
MIoU = 0.6933, FWIoU = 0.6834, Acc = 0.8269, 
TE IoU = 0.6663, NEC IoU = 0.7057, LYM IoU = 0.7042, TAS IoU = 0.6970
2025-02-18 23:48:09,963 - INFO - 最新模型已保存
2025-02-18 23:49:17,444 - INFO - Epoch 32: Train Loss = 0.5152, Val Loss = 0.1910, 
MIoU = 0.6840, FWIoU = 0.6767, Acc = 0.8231, 
TE IoU = 0.6433, NEC IoU = 0.6433, LYM IoU = 0.7465, TAS IoU = 0.7030
2025-02-18 23:49:17,760 - INFO - 最新模型已保存
2025-02-18 23:50:25,232 - INFO - Epoch 33: Train Loss = 0.5134, Val Loss = 0.1764, 
MIoU = 0.6995, FWIoU = 0.7007, Acc = 0.8401, 
TE IoU = 0.6934, NEC IoU = 0.6750, LYM IoU = 0.7232, TAS IoU = 0.7065
2025-02-18 23:50:25,532 - INFO - 最优模型已保存
2025-02-18 23:50:25,818 - INFO - 最新模型已保存
2025-02-18 23:51:33,346 - INFO - Epoch 34: Train Loss = 0.5124, Val Loss = 0.1923, 
MIoU = 0.6757, FWIoU = 0.6704, Acc = 0.8192, 
TE IoU = 0.6346, NEC IoU = 0.6349, LYM IoU = 0.7335, TAS IoU = 0.6999
2025-02-18 23:51:33,647 - INFO - 最新模型已保存
2025-02-18 23:52:40,008 - INFO - Epoch 35: Train Loss = 0.5105, Val Loss = 0.1994, 
MIoU = 0.6980, FWIoU = 0.7011, Acc = 0.8382, 
TE IoU = 0.6960, NEC IoU = 0.6610, LYM IoU = 0.7307, TAS IoU = 0.7043
2025-02-18 23:52:40,312 - INFO - 最新模型已保存
2025-02-18 23:53:46,594 - INFO - Epoch 36: Train Loss = 0.5101, Val Loss = 0.1922, 
MIoU = 0.6941, FWIoU = 0.6974, Acc = 0.8358, 
TE IoU = 0.6955, NEC IoU = 0.6693, LYM IoU = 0.7127, TAS IoU = 0.6987
2025-02-18 23:53:46,893 - INFO - 最新模型已保存
2025-02-18 23:54:53,725 - INFO - Epoch 37: Train Loss = 0.5083, Val Loss = 0.1918, 
MIoU = 0.6934, FWIoU = 0.7006, Acc = 0.8380, 
TE IoU = 0.6888, NEC IoU = 0.6344, LYM IoU = 0.7399, TAS IoU = 0.7104
2025-02-18 23:54:54,035 - INFO - 最新模型已保存
2025-02-18 23:55:58,985 - INFO - Epoch 38: Train Loss = 0.5057, Val Loss = 0.1806, 
MIoU = 0.6882, FWIoU = 0.6958, Acc = 0.8365, 
TE IoU = 0.6827, NEC IoU = 0.6391, LYM IoU = 0.7232, TAS IoU = 0.7077
2025-02-18 23:55:59,297 - INFO - 最新模型已保存
2025-02-18 23:57:05,109 - INFO - Epoch 39: Train Loss = 0.5078, Val Loss = 0.1809, 
MIoU = 0.7030, FWIoU = 0.6972, Acc = 0.8370, 
TE IoU = 0.6813, NEC IoU = 0.6843, LYM IoU = 0.7377, TAS IoU = 0.7088
2025-02-18 23:57:05,411 - INFO - 最优模型已保存
2025-02-18 23:57:05,702 - INFO - 最新模型已保存
2025-02-18 23:58:12,376 - INFO - Epoch 40: Train Loss = 0.5063, Val Loss = 0.1900, 
MIoU = 0.6917, FWIoU = 0.6882, Acc = 0.8323, 
TE IoU = 0.6693, NEC IoU = 0.6648, LYM IoU = 0.7297, TAS IoU = 0.7031
2025-02-18 23:58:12,689 - INFO - 最新模型已保存
2025-02-18 23:59:18,418 - INFO - Epoch 41: Train Loss = 0.5061, Val Loss = 0.1954, 
MIoU = 0.6962, FWIoU = 0.6930, Acc = 0.8344, 
TE IoU = 0.6784, NEC IoU = 0.6808, LYM IoU = 0.7209, TAS IoU = 0.7048
2025-02-18 23:59:18,852 - INFO - 最新模型已保存
2025-02-19 00:00:25,301 - INFO - Epoch 42: Train Loss = 0.5058, Val Loss = 0.1885, 
MIoU = 0.7065, FWIoU = 0.7020, Acc = 0.8395, 
TE IoU = 0.6940, NEC IoU = 0.6866, LYM IoU = 0.7390, TAS IoU = 0.7064
2025-02-19 00:00:25,619 - INFO - 最优模型已保存
2025-02-19 00:00:25,921 - INFO - 最新模型已保存
2025-02-19 00:01:33,686 - INFO - Epoch 43: Train Loss = 0.5017, Val Loss = 0.1900, 
MIoU = 0.7052, FWIoU = 0.6954, Acc = 0.8353, 
TE IoU = 0.6783, NEC IoU = 0.6929, LYM IoU = 0.7426, TAS IoU = 0.7070
2025-02-19 00:01:33,998 - INFO - 最新模型已保存
2025-02-19 00:06:48,286 - INFO - Epoch 44: Train Loss = 0.5010, Val Loss = 0.1983, 
MIoU = 0.6990, FWIoU = 0.6894, Acc = 0.8314, 
TE IoU = 0.6690, NEC IoU = 0.6809, LYM IoU = 0.7422, TAS IoU = 0.7039
2025-02-19 00:06:48,758 - INFO - 最新模型已保存
2025-02-19 00:07:55,928 - INFO - Epoch 45: Train Loss = 0.5025, Val Loss = 0.1849, 
MIoU = 0.7046, FWIoU = 0.6973, Acc = 0.8366, 
TE IoU = 0.6828, NEC IoU = 0.6947, LYM IoU = 0.7331, TAS IoU = 0.7077
2025-02-19 00:07:56,432 - INFO - 最新模型已保存
2025-02-19 00:09:02,607 - INFO - Epoch 46: Train Loss = 0.5007, Val Loss = 0.1917, 
MIoU = 0.7055, FWIoU = 0.6960, Acc = 0.8353, 
TE IoU = 0.6833, NEC IoU = 0.6888, LYM IoU = 0.7469, TAS IoU = 0.7031
2025-02-19 00:09:03,146 - INFO - 最新模型已保存
2025-02-19 00:10:10,256 - INFO - Epoch 47: Train Loss = 0.5022, Val Loss = 0.1923, 
MIoU = 0.7035, FWIoU = 0.6986, Acc = 0.8368, 
TE IoU = 0.6846, NEC IoU = 0.6853, LYM IoU = 0.7353, TAS IoU = 0.7088
2025-02-19 00:10:10,562 - INFO - 最新模型已保存
2025-02-19 00:11:16,564 - INFO - Epoch 48: Train Loss = 0.5023, Val Loss = 0.1878, 
MIoU = 0.7106, FWIoU = 0.7020, Acc = 0.8394, 
TE IoU = 0.6927, NEC IoU = 0.6992, LYM IoU = 0.7437, TAS IoU = 0.7066
2025-02-19 00:11:16,979 - INFO - 最优模型已保存
2025-02-19 00:11:17,401 - INFO - 最新模型已保存
2025-02-19 00:12:20,532 - INFO - Epoch 49: Train Loss = 0.5026, Val Loss = 0.1944, 
MIoU = 0.6979, FWIoU = 0.6927, Acc = 0.8334, 
TE IoU = 0.6741, NEC IoU = 0.6720, LYM IoU = 0.7388, TAS IoU = 0.7067
2025-02-19 00:12:20,841 - INFO - 最新模型已保存
2025-02-19 00:13:27,232 - INFO - Epoch 50: Train Loss = 0.5027, Val Loss = 0.1888, 
MIoU = 0.6983, FWIoU = 0.6946, Acc = 0.8346, 
TE IoU = 0.6824, NEC IoU = 0.6746, LYM IoU = 0.7334, TAS IoU = 0.7030
2025-02-19 00:13:27,539 - INFO - 最新模型已保存
2025-02-19 00:13:30,829 - INFO - 最优模型测试结果: MIoU = 0.7020, FWIoU = 0.7054, Acc = 0.8405, TE IoU = 0.7367, NEC IoU = 0.6851, LYM IoU = 0.7161, TAS IoU = 0.6700
2025-02-19 00:13:33,863 - INFO - 最新模型测试结果: MIoU = 0.6907, FWIoU = 0.6956, Acc = 0.8341, TE IoU = 0.7305, NEC IoU = 0.6765, LYM IoU = 0.6963, TAS IoU = 0.6597
